Iteration	Posterior	Likelihood	Prior	alpha_morpho	br_len_lambda	rates_morpho[1]	rates_morpho[2]	rates_morpho[3]	rates_morpho[4]	tree_length
0	-2696.869	-2596.846	-100.0229	348187.2	5.089427	0.997847	0.999449	1.00055	1.00215	16.08591
100	-1619.545	-1568.353	-51.19207	255060.5	8.017953	0.997484	0.999356	1.00064	1.00252	8.865798
200	-1577.419	-1542.736	-34.68362	403624.6	9.631355	0.998	0.999488	1.00051	1.002	7.251149
300	-1563.914	-1533.485	-30.42861	161723	11.87635	0.996841	0.999191	1.00081	1.00316	6.983965
400	-1577.626	-1539.895	-37.73111	468362.4	11.10424	0.998143	0.999525	1.00047	1.00186	7.626552
500	-1563.902	-1532.548	-31.35362	538529.9	11.61137	0.998268	0.999557	1.00044	1.00173	7.062393
600	-1559.302	-1535.462	-23.83935	721521.8	14.23846	0.998504	0.999617	1.00038	1.0015	6.41229
700	-1562.486	-1535.486	-26.99963	576681.2	13.18138	0.998327	0.999572	1.00043	1.00167	6.684869
800	-1557.502	-1529.96	-27.54208	797800.9	12.85347	0.998577	0.999636	1.00036	1.00142	6.736123
900	-1576.475	-1544.72	-31.7549	758122.3	11.59417	0.998541	0.999627	1.00037	1.00146	7.096909
1000	-1572.755	-1546.347	-26.40725	842866.2	12.94236	0.998616	0.999646	1.00035	1.00138	6.646065
1100	-1568.295	-1536.97	-31.3248	523344	10.61942	0.998243	0.999551	1.00045	1.00176	7.023274
1200	-1565.247	-1545.76	-19.48732	112563.4	13.2087	0.996214	0.99903	1.00097	1.00379	6.115213
1300	-1553.219	-1528.806	-24.4138	341564.9	13.06161	0.997826	0.999444	1.00055	1.00218	6.490629
1400	-1564.94	-1530.777	-34.16279	326977.6	10.53676	0.997778	0.999431	1.00057	1.00222	7.286244
1500	-1553.873	-1529.421	-24.45247	390512.6	13.19939	0.997967	0.99948	1.00052	1.00203	6.491293
1600	-1561.432	-1535.354	-26.07805	834813.3	12.88139	0.998609	0.999644	1.00036	1.00139	6.621753
1700	-1572.886	-1536.899	-35.98693	492386.6	9.782872	0.998189	0.999537	1.00046	1.00181	7.404592
1800	-1565.1	-1534.497	-30.60346	340381.7	11.26843	0.997822	0.999443	1.00056	1.00218	6.990699
1900	-1551.864	-1522.848	-29.01626	782525.6	13.67032	0.998563	0.999633	1.00037	1.00144	6.812606
2000	-1572.975	-1539.402	-33.57309	52123.37	10.17429	0.994438	0.998572	1.00142	1.00557	7.202533
2100	-1570.815	-1542.244	-28.57128	585018.9	12.25451	0.998339	0.999575	1.00042	1.00166	6.828129
2200	-1567.157	-1533.932	-33.22517	158616.9	10.88986	0.99681	0.999183	1.00081	1.00319	7.214687
2300	-1567.108	-1538.778	-28.32957	321889.3	13.15925	0.99776	0.999427	1.00057	1.00224	6.786659
2400	-1580.649	-1544.005	-36.64309	288359.9	11.68546	0.997634	0.999394	1.0006	1.00237	7.515267
2500	-1553.694	-1522.728	-30.96604	374424.6	12.33972	0.997923	0.999469	1.00053	1.00208	7.021398
2600	-1562.606	-1537.762	-24.844	557745.8	13.47687	0.998298	0.999565	1.00043	1.0017	6.51379
2700	-1576.441	-1543.106	-33.33463	60610.67	10.09667	0.994842	0.998677	1.00131	1.00517	7.171352
2800	-1559.192	-1526.342	-32.85041	617402.7	10.35798	0.998383	0.999586	1.00041	1.00162	7.148323
2900	-1569.255	-1539.747	-29.50783	15292.25	12.15385	0.98974	0.997356	1.00261	1.0103	6.905711
3000	-1575.247	-1541.1	-34.14679	140129.1	10.25192	0.996606	0.999131	1.00087	1.0034	7.265462
3100	-1564.959	-1532.511	-32.44803	406284	13.86774	0.998007	0.99949	1.00051	1.00199	7.048123
3200	-1567.096	-1545.142	-21.95382	815648.8	12.38398	0.998593	0.99964	1.00036	1.00141	6.292431
3300	-1590.127	-1549.85	-40.27661	914397.3	11.12558	0.998671	0.99966	1.00034	1.00133	7.855006
3400	-1576.472	-1539.355	-37.1172	236752.6	8.68108	0.997389	0.999332	1.00067	1.00261	7.330009
3500	-1569.265	-1539.448	-29.81681	486303.6	9.892101	0.998178	0.999534	1.00046	1.00182	6.792288
3600	-1558.823	-1533.982	-24.8412	96988.48	11.6579	0.995921	0.998955	1.00104	1.00408	6.503939
3700	-1577.519	-1541.431	-36.08764	906513.1	11.79311	0.998665	0.999659	1.00034	1.00134	7.463836
3800	-1572.613	-1545.928	-26.68458	780239.9	13.42172	0.998561	0.999632	1.00037	1.00144	6.652542
3900	-1579.937	-1537.85	-42.08735	850961.3	9.048931	0.998622	0.999648	1.00035	1.00138	7.962988
4000	-1563.653	-1536.328	-27.32483	447226.8	14.2065	0.9981	0.999514	1.00048	1.0019	6.659065
4100	-1572.552	-1538.853	-33.69943	592394.2	11.40463	0.998349	0.999578	1.00042	1.00165	7.265835
4200	-1578.122	-1547.101	-31.02085	174077.5	11.56054	0.996955	0.99922	1.00078	1.00305	7.033283
4300	-1572.822	-1544.033	-28.78928	842763.3	12.56219	0.998616	0.999646	1.00035	1.00138	6.841134
4400	-1566.581	-1541.623	-24.95765	396867.1	12.05889	0.997983	0.999484	1.00051	1.00202	6.529047
4500	-1576.44	-1544.146	-32.29411	852889.6	11.15596	0.998624	0.999648	1.00035	1.00138	7.13831
4600	-1568.131	-1541.531	-26.60019	332918.3	11.92973	0.997798	0.999436	1.00056	1.0022	6.662858
4700	-1559.826	-1532.253	-27.57262	26831.54	10.71951	0.992251	0.998007	1.00197	1.00777	6.680183
4800	-1584.306	-1542.681	-41.6253	908253.1	10.87663	0.998667	0.999659	1.00034	1.00133	7.986515
4900	-1583.155	-1547.569	-35.58671	765168.2	9.689252	0.998547	0.999628	1.00037	1.00145	7.352407
5000	-1577.421	-1539.91	-37.51049	830901.7	12.38484	0.998606	0.999643	1.00036	1.00139	7.548563
5100	-1569.277	-1541.931	-27.34586	532743.5	12.36945	0.998259	0.999555	1.00044	1.00174	6.727906
5200	-1554.484	-1530.957	-23.52637	959368.4	13.05833	0.998703	0.999668	1.00033	1.0013	6.422716
5300	-1555.361	-1527.274	-28.08783	436565	12.23475	0.998077	0.999508	1.00049	1.00192	6.788754
5400	-1585.139	-1550.668	-34.47173	618614.5	11.3541	0.998384	0.999587	1.00041	1.00162	7.333838
5500	-1578.111	-1547.372	-30.739	384615.5	12.10585	0.997951	0.999476	1.00052	1.00205	7.0078
5600	-1565.679	-1531.548	-34.1312	369277.3	10.30774	0.997909	0.999465	1.00053	1.00209	7.268299
5700	-1548.163	-1530.533	-17.63036	988873.1	13.72895	0.998722	0.999673	1.00033	1.00128	5.97982
5800	-1567.956	-1537.657	-30.29956	589183	12.44223	0.998344	0.999577	1.00042	1.00166	6.964853
5900	-1567.75	-1539.917	-27.83279	366901.7	12.01174	0.997902	0.999463	1.00054	1.0021	6.767099
6000	-1568.25	-1535.683	-32.56756	840653.9	12.90373	0.998614	0.999646	1.00035	1.00139	7.124275
6100	-1558.906	-1535.843	-23.06278	569896.8	12.37313	0.998317	0.999569	1.00043	1.00168	6.38173
6200	-1562.851	-1532.124	-30.72732	421690	9.746405	0.998043	0.999499	1.0005	1.00196	6.860829
6300	-1573.859	-1539.496	-34.3633	988974.1	12.64768	0.998722	0.999673	1.00033	1.00128	7.279836
6400	-1573.225	-1538.513	-34.71204	403405.7	10.58953	0.997999	0.999488	1.00051	1.002	7.340905
6500	-1563.508	-1533.487	-30.02118	266211.7	11.42668	0.997537	0.99937	1.00063	1.00246	6.943896
6600	-1555.99	-1531.028	-24.9621	118003.1	13.37543	0.996302	0.999052	1.00094	1.0037	6.525523
6700	-1562.449	-1539.019	-23.43031	71347.49	12.07363	0.995245	0.998781	1.00121	1.00476	6.40293
6800	-1574.315	-1538.837	-35.47785	162096.4	10.11431	0.996845	0.999192	1.0008	1.00316	7.385066
6900	-1544.889	-1525.49	-19.39911	848544.4	15.3006	0.99862	0.999647	1.00035	1.00138	6.062757
7000	-1562.464	-1531.373	-31.09103	49707.03	12.83126	0.994304	0.998538	1.00145	1.00571	7.013259
7100	-1570.309	-1537.461	-32.84841	790469.8	12.86156	0.998571	0.999634	1.00036	1.00143	7.148492
7200	-1566.758	-1532.182	-34.57561	101873.1	9.738444	0.99602	0.99898	1.00101	1.00399	7.254634
7300	-1569.699	-1529.047	-40.6516	285840.1	12.33516	0.997624	0.999392	1.00061	1.00238	7.80672
7400	-1556.818	-1530.157	-26.66145	472955.9	12.96937	0.998152	0.999527	1.00047	1.00185	6.66507
7500	-1578.18	-1539.55	-38.62968	596539.8	8.833582	0.998355	0.999579	1.00042	1.00165	7.538802
7600	-1590.234	-1543.816	-46.41821	168021.1	11.09759	0.996901	0.999206	1.00079	1.0031	8.409445
7700	-1548.171	-1520.76	-27.41089	242821.2	13.52145	0.997422	0.99934	1.00066	1.00258	6.702253
7800	-1572.988	-1545.538	-27.45054	219084.1	13.08119	0.997286	0.999305	1.00069	1.00272	6.722493
7900	-1560.673	-1532.092	-28.58013	807052.3	11.78954	0.998585	0.999638	1.00036	1.00142	6.82718
8000	-1575.538	-1542.737	-32.80127	640555.9	10.93481	0.998412	0.999594	1.00041	1.00159	7.177461
8100	-1568.352	-1532.806	-35.54673	574562.5	12.82544	0.998324	0.999571	1.00043	1.00168	7.360937
8200	-1562.567	-1526.821	-35.74584	571679.4	10.26548	0.998319	0.99957	1.00043	1.00168	7.422315
8300	-1563.205	-1533.549	-29.65631	977892.5	11.69394	0.998715	0.999671	1.00033	1.00129	6.917475
8400	-1585.841	-1546.361	-39.48005	775455.9	10.44594	0.998557	0.999631	1.00037	1.00144	7.789917
8500	-1564.392	-1531.304	-33.08703	750238.9	9.515871	0.998533	0.999625	1.00037	1.00147	7.066043
8600	-1569.464	-1536.565	-32.89897	59755.98	9.550604	0.994805	0.998667	1.00132	1.0052	7.052352
8700	-1565.15	-1531.17	-33.97965	950870.6	15.29573	0.998697	0.999667	1.00033	1.0013	7.016225
8800	-1584.791	-1543.034	-41.75649	307574.1	9.369081	0.997709	0.999414	1.00058	1.00229	7.96417
8900	-1568.451	-1536.077	-32.37368	73049.9	12.40815	0.995301	0.998795	1.0012	1.00471	7.1329
9000	-1573.433	-1545.702	-27.73124	310963.8	14.10802	0.997721	0.999417	1.00058	1.00228	6.69384
9100	-1577.454	-1545.783	-31.67015	563360.5	11.82921	0.998307	0.999567	1.00043	1.00169	7.088971
9200	-1563.76	-1537.792	-25.96747	679314.7	11.9849	0.998458	0.999606	1.00039	1.00154	6.611197
9300	-1584.05	-1547.089	-36.96126	856038	12.18957	0.998626	0.999649	1.00035	1.00137	7.516812
9400	-1566.877	-1534.796	-32.08089	395922.8	14.32633	0.997981	0.999483	1.00052	1.00202	6.983509
9500	-1577.021	-1544.062	-32.95863	781641.8	13.8829	0.998563	0.999632	1.00037	1.00144	7.083677
9600	-1584.28	-1546.958	-37.32223	204011.7	8.293537	0.997187	0.99928	1.00072	1.00282	7.238532
9700	-1581.766	-1543.01	-38.75569	908306.2	10.42055	0.998667	0.999659	1.00034	1.00133	7.720021
9800	-1578.23	-1535.309	-42.92081	813455.1	9.075148	0.998591	0.99964	1.00036	1.00141	8.058344
9900	-1558.478	-1529.399	-29.07852	868982.9	10.34216	0.998637	0.999651	1.00035	1.00136	6.782291
10000	-1564.957	-1537.545	-27.41161	551332.9	12.69371	0.998289	0.999562	1.00044	1.00171	6.72939
10100	-1555.611	-1525.796	-29.81455	194707.4	11.62165	0.997121	0.999263	1.00073	1.00288	6.93001
10200	-1566.853	-1547.454	-19.39877	55867.06	14.3029	0.994627	0.998621	1.00137	1.00538	6.098867
10300	-1559.627	-1532.403	-27.22391	592649.5	12.46579	0.998349	0.999578	1.00042	1.00165	6.717484
10400	-1557.718	-1527.81	-29.90724	179385.6	14.04433	0.997	0.999232	1.00076	1.003	6.852656
10500	-1552.614	-1523.955	-28.65965	605888	12.82075	0.998367	0.999582	1.00042	1.00163	6.824095
10600	-1551.104	-1524.216	-26.88787	504634	12.98243	0.998211	0.999542	1.00046	1.00179	6.682195
10700	-1554.351	-1529.234	-25.11705	265294.1	12.09468	0.997533	0.999369	1.00063	1.00247	6.543142
10800	-1557.487	-1532.126	-25.36013	266463.5	11.51215	0.997539	0.99937	1.00063	1.00246	6.540999
10900	-1573.769	-1536.632	-37.13621	124884.6	12.80071	0.996405	0.999079	1.00092	1.0036	7.486899
11000	-1553.433	-1529.669	-23.76456	25949.12	10.88918	0.99212	0.997974	1.002	1.0079	6.345854
11100	-1559.23	-1521.503	-37.72775	703298.5	8.648757	0.998485	0.999612	1.00039	1.00152	7.392083
11200	-1556.494	-1533.268	-23.22535	108737.1	13.37746	0.996148	0.999013	1.00098	1.00386	6.395639
11300	-1566.417	-1536.016	-30.40131	79725.88	10.57915	0.995502	0.998847	1.00115	1.00451	6.932949
11400	-1573.009	-1539.934	-33.07485	532584	11.92117	0.998259	0.999555	1.00044	1.00174	7.205792
11500	-1567.316	-1535.21	-32.10574	997524.3	10.9316	0.998728	0.999675	1.00032	1.00127	7.113719
11600	-1571.968	-1537.095	-34.87307	516480.7	10.50229	0.998232	0.999548	1.00045	1.00177	7.351925
11700	-1575.194	-1548.711	-26.48273	935732.6	11.34781	0.998686	0.999664	1.00034	1.00131	6.62985
11800	-1569.41	-1535.504	-33.90605	817209.6	10.82312	0.998594	0.999641	1.00036	1.00141	7.275039
11900	-1562.632	-1531.541	-31.09093	606432.7	16.01217	0.998368	0.999583	1.00042	1.00163	6.755934
12000	-1565.264	-1530.547	-34.71726	190610.4	15.84162	0.99709	0.999255	1.00074	1.00291	7.002276
12100	-1571.294	-1542.704	-28.59053	989683.6	14.68911	0.998723	0.999673	1.00033	1.00128	6.713188
12200	-1571.696	-1534.144	-37.55264	611011.5	10.85189	0.998374	0.999584	1.00041	1.00163	7.612047
12300	-1578.402	-1549.786	-28.61661	436128.4	10.54423	0.998076	0.999508	1.00049	1.00193	6.760661
12400	-1578.191	-1540.699	-37.49264	892017.5	11.47861	0.998654	0.999656	1.00034	1.00135	7.596057
12500	-1560.39	-1530.212	-30.17716	485556.4	15.50602	0.998176	0.999533	1.00047	1.00182	6.747984
12600	-1569.074	-1539.501	-29.57322	521426.1	11.63106	0.99824	0.99955	1.00045	1.00176	6.909408
12700	-1574.369	-1542.169	-32.19969	44277.89	11.94179	0.993966	0.998451	1.00154	1.00605	7.132019
12800	-1587.162	-1548.763	-38.39894	452639.9	10.28841	0.998111	0.999517	1.00048	1.00189	7.681633
12900	-1560.409	-1528.977	-31.43248	435763.4	11.88665	0.998075	0.999508	1.00049	1.00193	7.068393
13000	-1572.759	-1540.816	-31.94321	278835.2	14.20386	0.997594	0.999384	1.00061	1.00241	6.984377
13100	-1562.827	-1530.412	-32.4156	480915.9	11.80776	0.998168	0.999531	1.00047	1.00183	7.152279
13200	-1584.816	-1544.505	-40.31028	847981	10.11435	0.99862	0.999647	1.00035	1.00138	7.862849
13300	-1570.649	-1532.065	-38.58451	869685.5	10.06649	0.998637	0.999652	1.00035	1.00136	7.689696
13400	-1563.925	-1540.296	-23.62902	946906.1	11.83135	0.998694	0.999666	1.00033	1.00131	6.409306
13500	-1564.532	-1537.079	-27.45226	132866.2	11.44398	0.996515	0.999107	1.00089	1.00349	6.719856
13600	-1571.494	-1540.325	-31.1696	646783.3	12.52482	0.99842	0.999596	1.0004	1.00158	7.031972
13700	-1568.977	-1540.515	-28.46124	437576.4	13.0126	0.998079	0.999509	1.00049	1.00192	6.802312
13800	-1572.221	-1539.383	-32.83769	43217.27	11.8184	0.993892	0.998432	1.00156	1.00612	7.187852
13900	-1578.289	-1541.449	-36.83998	462212.5	12.46147	0.998131	0.999522	1.00048	1.00187	7.489182
14000	-1567.615	-1539.361	-28.25363	691007.9	13.0761	0.998471	0.999609	1.00039	1.00153	6.784075
14100	-1579.504	-1544.316	-35.18802	848215.6	11.7418	0.99862	0.999647	1.00035	1.00138	7.389144
14200	-1566.549	-1538.263	-28.28617	423723.3	13.1984	0.998048	0.999501	1.0005	1.00195	6.781779
14300	-1572.707	-1537.295	-35.41134	289970.9	9.232949	0.99764	0.999396	1.0006	1.00236	7.262569
14400	-1583.514	-1540.678	-42.83571	647415.3	9.493549	0.998421	0.999596	1.0004	1.00158	8.088973
14500	-1564.435	-1533.371	-31.06363	196245.4	13.34156	0.997132	0.999266	1.00073	1.00287	6.983776
14600	-1583.196	-1546.901	-36.29512	115384	9.738461	0.99626	0.999042	1.00095	1.00374	7.431205
14700	-1560.496	-1535.275	-25.22152	379122.6	15.40945	0.997936	0.999472	1.00053	1.00207	6.435467
14800	-1569.88	-1544.842	-25.03728	390547.1	10.97192	0.997967	0.99948	1.00052	1.00203	6.471132
14900	-1565.841	-1535.188	-30.65254	204231.6	12.16901	0.997189	0.99928	1.00072	1.00281	6.999634
15000	-1560.231	-1531.64	-28.59179	253425.3	11.8848	0.997476	0.999354	1.00064	1.00253	6.829392
15100	-1572.647	-1542.643	-30.00441	706957.1	10.66024	0.998489	0.999613	1.00039	1.00151	6.902344
15200	-1557.996	-1529.332	-28.66413	777869.1	13.46015	0.998559	0.999632	1.00037	1.00144	6.798101
15300	-1562.121	-1528.617	-33.50399	224433.8	11.91683	0.997318	0.999313	1.00068	1.00268	7.241903
15400	-1578.193	-1546.999	-31.19384	123867.6	12.65702	0.996391	0.999075	1.00092	1.00361	7.028863
15500	-1575.396	-1545.801	-29.59508	921497.2	11.43268	0.998676	0.999661	1.00034	1.00132	6.90678
15600	-1556.725	-1528.199	-28.52596	261943.2	14.32074	0.997518	0.999365	1.00063	1.00248	6.73576
15700	-1568.804	-1533.849	-34.95498	482149.5	10.96446	0.99817	0.999532	1.00047	1.00183	7.37493
15800	-1566.989	-1529.823	-37.16656	40009.99	9.824157	0.993652	0.99837	1.00162	1.00636	7.529145
15900	-1584.696	-1545.697	-38.99909	851037.4	10.16054	0.998622	0.999648	1.00035	1.00138	7.735266
16000	-1565.893	-1537.163	-28.73041	661587.9	12.68654	0.998438	0.9996	1.0004	1.00156	6.833474
16100	-1564.111	-1531.266	-32.84522	800657.3	10.96172	0.99858	0.999637	1.00036	1.00142	7.182418
16200	-1580.897	-1540.29	-40.60699	305740.8	10.64757	0.997702	0.999412	1.00059	1.0023	7.897076
16300	-1568.142	-1543.601	-24.54026	459999.6	14.19961	0.998126	0.999521	1.00048	1.00187	6.463387
16400	-1573.029	-1541.368	-31.6608	330687.9	11.31078	0.99779	0.999435	1.00056	1.00221	7.085447
16500	-1564.117	-1534.039	-30.07814	33303.55	12.98165	0.993043	0.998212	1.00177	1.00697	6.927967
16600	-1561.459	-1536.308	-25.15166	574463	14.55457	0.998323	0.999571	1.00043	1.00168	6.487081
16700	-1555.228	-1530.74	-24.48844	772929	17.1617	0.998555	0.99963	1.00037	1.00145	6.248676
16800	-1573.87	-1535.977	-37.89292	50418.67	10.61863	0.994345	0.998548	1.00144	1.00567	7.641763
16900	-1567.131	-1532.978	-34.15319	590543.2	12.07335	0.998346	0.999577	1.00042	1.00165	7.291065
17000	-1555.835	-1529.044	-26.79051	593346.4	12.68275	0.99835	0.999578	1.00042	1.00165	6.680618
17100	-1571.564	-1536.836	-34.72762	562677.2	12.61771	0.998306	0.999567	1.00043	1.0017	7.310494
17200	-1573.757	-1540.295	-33.46155	350871.3	12.86012	0.997855	0.999451	1.00055	1.00215	7.196252
17300	-1581.333	-1542.224	-39.10908	188319.8	10.21668	0.997072	0.99925	1.00075	1.00293	7.74827
17400	-1554.291	-1534.484	-19.80636	516224	16.3885	0.998231	0.999548	1.00045	1.00177	6.028127
17500	-1565.351	-1530.856	-34.49528	43849.78	10.38632	0.993936	0.998443	1.00154	1.00608	7.309002
17600	-1557.491	-1524.749	-32.74197	58779.07	9.346468	0.994762	0.998656	1.00133	1.00525	6.997462
17700	-1573.837	-1543.802	-30.03488	35487.59	12.57282	0.993261	0.998269	1.00172	1.00676	6.93997
17800	-1573.002	-1540.534	-32.46803	995263.1	11.74038	0.998726	0.999674	1.00033	1.00127	7.157508
17900	-1572.127	-1543.181	-28.94656	365131.1	11.87472	0.997897	0.999462	1.00054	1.0021	6.859162
18000	-1564.064	-1540.512	-23.55196	337167.6	11.99823	0.997812	0.99944	1.00056	1.00219	6.410182
18100	-1560.376	-1532.792	-27.58375	267305.6	13.5915	0.997543	0.999371	1.00063	1.00246	6.711712
18200	-1563.012	-1535.809	-27.20346	496931.8	12.81236	0.998197	0.999539	1.00046	1.0018	6.710698
18300	-1561.13	-1524.906	-36.22372	104029.2	11.3625	0.996062	0.998991	1.001	1.00394	7.487991
18400	-1565.214	-1529.656	-35.55723	558217.8	9.599132	0.998299	0.999565	1.00043	1.0017	7.337495
18500	-1571.746	-1542.623	-29.12344	691472.3	13.64882	0.998472	0.999609	1.00039	1.00153	6.821703
18600	-1560.605	-1526.617	-33.98841	428511.3	12.51431	0.998059	0.999503	1.0005	1.00194	7.25759
18700	-1564.306	-1536.262	-28.04415	392932.7	10.3081	0.997973	0.999481	1.00052	1.00203	6.677815
18800	-1570.636	-1531.428	-39.20838	995616.4	10.78741	0.998726	0.999674	1.00033	1.00127	7.765272
18900	-1549.114	-1520.577	-28.53716	297553.1	11.75014	0.997671	0.999404	1.00059	1.00233	6.822869
19000	-1565.896	-1542.423	-23.47262	143721.6	13.51261	0.996649	0.999142	1.00085	1.00335	6.411203
19100	-1569.005	-1535.59	-33.41517	797324.3	11.5327	0.998577	0.999636	1.00036	1.00142	7.240584
19200	-1569.886	-1540.154	-29.73266	100655.1	12.63937	0.995996	0.998974	1.00102	1.00401	6.913968
19300	-1566.573	-1534.76	-31.81316	6970.089	11.60046	0.984816	0.99607	1.00385	1.01527	7.101949
19400	-1551.327	-1523.68	-27.64667	613263.4	12.74924	0.998377	0.999585	1.00041	1.00162	6.746748
19500	-1557.822	-1534.293	-23.52861	446450.5	12.52721	0.998098	0.999513	1.00049	1.0019	6.421935
19600	-1562.859	-1530.207	-32.65239	173390.5	12.13894	0.996949	0.999219	1.00078	1.00305	7.164891
19700	-1574.401	-1539.844	-34.557	215764.7	10.44995	0.997265	0.9993	1.0007	1.00274	7.318865
19800	-1556.24	-1525.655	-30.58476	940922.2	12.36543	0.99869	0.999665	1.00033	1.00131	6.989856
19900	-1566.545	-1544.886	-21.65842	385893.7	11.82678	0.997955	0.999477	1.00052	1.00205	6.242462
20000	-1583.999	-1548	-35.99869	587046.6	12.23733	0.998341	0.999576	1.00042	1.00166	7.435198
20100	-1570.324	-1532.566	-37.75892	909927.3	9.242983	0.998668	0.999659	1.00034	1.00133	7.518441
20200	-1558.534	-1532.995	-25.53865	689927.3	11.78392	0.99847	0.999609	1.00039	1.00153	6.568988
20300	-1567.43	-1538.342	-29.08786	889994.4	11.19535	0.998653	0.999656	1.00034	1.00135	6.852861
20400	-1552.827	-1529.986	-22.8406	420824.3	12.84292	0.998041	0.999499	1.0005	1.00196	6.370311
20500	-1564.446	-1535.256	-29.19019	94246.75	11.50943	0.995863	0.998939	1.00105	1.00414	6.873623
20600	-1568.214	-1551.287	-16.92631	37301.81	11.70204	0.993426	0.998311	1.00167	1.00659	5.829733
20700	-1575.002	-1543.462	-31.53997	315793.4	11.15839	0.997739	0.999421	1.00058	1.00226	7.070787
20800	-1564.462	-1529.756	-34.70653	531979.3	11.98426	0.998258	0.999554	1.00044	1.00174	7.340394
20900	-1554.021	-1526.32	-27.70041	314646	13.36446	0.997735	0.99942	1.00058	1.00227	6.73072
21000	-1556.783	-1530.551	-26.23239	96633.48	13.71278	0.995914	0.998953	1.00104	1.00409	6.607102
21100	-1559.836	-1531.058	-28.77805	778959.8	11.11158	0.99856	0.999632	1.00037	1.00144	6.820695
21200	-1573.148	-1541.575	-31.57349	484069.9	12.21926	0.998174	0.999533	1.00047	1.00183	7.074061
21300	-1562.966	-1538.466	-24.50039	472522.3	13.21833	0.998151	0.999527	1.00047	1.00185	6.494551
21400	-1552.162	-1531.389	-20.77362	193641.6	13.46808	0.997113	0.999261	1.00074	1.00289	6.211829
21500	-1578.228	-1542.379	-35.84882	966039.3	10.68429	0.998707	0.999669	1.00033	1.00129	7.451295
21600	-1561.483	-1532.662	-28.82072	134741.4	11.342	0.996539	0.999113	1.00088	1.00346	6.835647
21700	-1565.373	-1540.168	-25.20522	355342.6	11.56676	0.997868	0.999455	1.00054	1.00213	6.530557
21800	-1577.177	-1537.826	-39.35154	964590.1	10.48226	0.998706	0.999669	1.00033	1.00129	7.778118
21900	-1555.464	-1527.705	-27.75896	244469.5	15.20551	0.99743	0.999342	1.00066	1.00257	6.616863
22000	-1575.21	-1548.999	-26.21107	966901.7	13.0875	0.998708	0.99967	1.00033	1.00129	6.627581
22100	-1555.366	-1527.634	-27.73168	85923.88	14.99699	0.995667	0.998889	1.0011	1.00434	6.631564
22200	-1556.285	-1528.688	-27.59711	781336	12.25408	0.998562	0.999632	1.00037	1.00144	6.748635
22300	-1571.629	-1535.49	-36.13835	689280.4	10.30378	0.998469	0.999609	1.00039	1.00153	7.462797
22400	-1577.013	-1547.802	-29.21069	693912.9	13.12251	0.998474	0.99961	1.00039	1.00153	6.855256
22500	-1573.204	-1541.451	-31.75362	140329.9	12.63474	0.996609	0.999131	1.00086	1.0034	7.074062
22600	-1567.662	-1534.118	-33.54437	461226.8	9.510608	0.998129	0.999521	1.00048	1.00187	7.113206
22700	-1584.717	-1545.856	-38.86111	436571.6	10.95111	0.998077	0.999508	1.00049	1.00192	7.731395
22800	-1549.444	-1524.668	-24.7766	537358.3	11.84436	0.998267	0.999557	1.00044	1.00173	6.506822
22900	-1571.792	-1537.858	-33.93419	95614.46	9.420672	0.995892	0.998947	1.00105	1.00411	7.138674
23000	-1587.456	-1543.913	-43.54275	64342.88	9.386602	0.994993	0.998716	1.00128	1.00502	8.156148
23100	-1568.376	-1540.09	-28.28621	705391	11.44086	0.998487	0.999613	1.00039	1.00151	6.792609
23200	-1555.327	-1531.422	-23.90461	870983.7	11.39719	0.998638	0.999652	1.00035	1.00136	6.406435
23300	-1565.58	-1529.693	-35.88668	825408.9	11.5306	0.998601	0.999642	1.00036	1.0014	7.454941
23400	-1562.574	-1547.151	-15.4222	752330.2	12.01672	0.998535	0.999625	1.00037	1.00147	5.734367
23500	-1576.55	-1537.899	-38.65028	538948.2	11.99943	0.998269	0.999557	1.00044	1.00173	7.668483
23600	-1573.766	-1543.956	-29.81017	182079.3	11.26969	0.997023	0.999238	1.00076	1.00298	6.920347
23700	-1578.263	-1542.419	-35.84355	666654.2	14.33536	0.998444	0.999602	1.0004	1.00156	7.245193
23800	-1559.974	-1535.539	-24.43517	568273.1	11.34157	0.998314	0.999569	1.00043	1.00169	6.44895
23900	-1557.433	-1526.099	-31.33369	723806	9.845168	0.998506	0.999618	1.00038	1.00149	6.938635
24000	-1573.566	-1539.145	-34.4213	878361.1	11.05232	0.998644	0.999653	1.00035	1.00136	7.327807
24100	-1567.326	-1537.726	-29.6	629154.3	9.912286	0.998398	0.99959	1.00041	1.0016	6.773657
24200	-1576.335	-1535.936	-40.39854	177300.1	11.50058	0.996983	0.999227	1.00077	1.00302	7.847971
24300	-1564.355	-1538.458	-25.89649	359074.9	13.35912	0.99788	0.999457	1.00054	1.00212	6.595915
24400	-1552.823	-1525.136	-27.68626	545227.7	14.46994	0.998279	0.99956	1.00044	1.00172	6.667098
24500	-1555.465	-1531.366	-24.09907	10385.61	11.59558	0.987555	0.996787	1.00316	1.0125	6.436677
24600	-1571.621	-1536.103	-35.51764	728336.4	10.52818	0.998511	0.999619	1.00038	1.00149	7.414456
24700	-1569.064	-1541.753	-27.31043	944446.4	11.31603	0.998692	0.999666	1.00033	1.00131	6.70111
24800	-1574.53	-1538.807	-35.72349	822875.2	11.87058	0.998599	0.999642	1.00036	1.0014	7.430028
24900	-1572.832	-1538.327	-34.50503	175976.1	11.48058	0.996972	0.999224	1.00077	1.00303	7.335758
25000	-1564.733	-1538.656	-26.07683	74917.46	11.7177	0.99536	0.99881	1.00118	1.00465	6.61229
25100	-1566.933	-1537.556	-29.37702	554692.8	12.03688	0.998294	0.999564	1.00044	1.00171	6.895603
25200	-1561.403	-1534.21	-27.19391	668142.2	13.01654	0.998445	0.999602	1.0004	1.00156	6.704807
25300	-1580.365	-1540.04	-40.32543	331435.6	10.01172	0.997793	0.999435	1.00056	1.00221	7.860426
25400	-1555.156	-1527.125	-28.0311	433562.6	9.599781	0.99807	0.999506	1.00049	1.00193	6.553594
25500	-1557.84	-1530.216	-27.62372	690641.9	12.91009	0.998471	0.999609	1.00039	1.00153	6.740966
25600	-1558.672	-1530.723	-27.94908	967141.6	13.48857	0.998708	0.99967	1.00033	1.00129	6.743635
25700	-1571.314	-1535.515	-35.79971	798624.9	11.38485	0.998578	0.999636	1.00036	1.00142	7.450326
25800	-1564.464	-1535.335	-29.12915	682444.2	13.08275	0.998462	0.999607	1.00039	1.00154	6.850749
25900	-1582.106	-1550.02	-32.08635	662562	10.24434	0.998439	0.999601	1.0004	1.00156	7.06372
26000	-1576.273	-1539.538	-36.73567	775818.7	10.264	0.998557	0.999631	1.00037	1.00144	7.518658
26100	-1574.716	-1542.777	-31.93862	392681.6	12.80625	0.997972	0.999481	1.00052	1.00203	7.080582
26200	-1576.964	-1543.862	-33.10103	780305.2	13.62993	0.998561	0.999632	1.00037	1.00144	7.114625
26300	-1554.529	-1527.335	-27.19362	572956.3	11.59368	0.998321	0.999571	1.00043	1.00168	6.70348
26400	-1557.3	-1534.102	-23.19781	915660.5	16.36594	0.998672	0.99966	1.00034	1.00133	6.236783
26500	-1558.422	-1535.753	-22.66872	614840.6	11.20641	0.998379	0.999585	1.00041	1.00162	6.28058
26600	-1558.987	-1526.287	-32.70008	496874	11.58836	0.998197	0.999539	1.00046	1.0018	7.178454
26700	-1574.738	-1540.889	-33.84969	215192.2	11.7509	0.997261	0.999299	1.0007	1.00274	7.274979
26800	-1563.404	-1533.016	-30.38839	402527.6	12.08242	0.997997	0.999488	1.00051	1.002	6.979131
26900	-1574.33	-1542.75	-31.58063	507003	10.73462	0.998215	0.999543	1.00046	1.00179	7.055024
27000	-1564.353	-1534.127	-30.22671	715964.2	11.18854	0.998498	0.999616	1.00038	1.0015	6.954318
27100	-1568.989	-1542.44	-26.54928	370391.5	11.94046	0.997912	0.999466	1.00053	1.00209	6.658828
27200	-1572.719	-1546.414	-26.30575	286368.2	12.05815	0.997626	0.999392	1.00061	1.00238	6.640827
27300	-1561.114	-1531.026	-30.08718	32686.07	11.05849	0.992978	0.998195	1.00179	1.00704	6.93597
27400	-1561.945	-1536.206	-25.73938	861064.1	12.62727	0.998631	0.99965	1.00035	1.00137	6.598095
27500	-1562.493	-1535.782	-26.71066	872987.4	12.3294	0.99864	0.999652	1.00035	1.00136	6.676534
27600	-1565.618	-1532.227	-33.39116	109394.6	11.70971	0.996159	0.999016	1.00098	1.00385	7.236626
27700	-1579.07	-1546.314	-32.75627	216934.3	12.20362	0.997272	0.999302	1.0007	1.00273	7.171382
27800	-1559.041	-1530.305	-28.73616	641696.2	15.24736	0.998414	0.999594	1.0004	1.00159	6.677565
27900	-1568.582	-1534.232	-34.35031	990407.1	9.608493	0.998723	0.999673	1.00033	1.00128	7.213165
28000	-1561.827	-1543.817	-18.0096	581232.9	13.10676	0.998333	0.999574	1.00043	1.00167	6.001342
28100	-1563.277	-1534.046	-29.23142	286299.1	9.996461	0.997625	0.999392	1.00061	1.00238	6.749967
28200	-1588.574	-1557.494	-31.0805	35003.91	12.19088	0.993214	0.998257	1.00173	1.0068	7.034342
28300	-1560.219	-1529.826	-30.39261	337615.7	12.91822	0.997813	0.99944	1.00056	1.00219	6.955081
28400	-1589.274	-1552.502	-36.77251	207971.7	10.80803	0.997214	0.999287	1.00071	1.00279	7.539718
28500	-1584.165	-1546.193	-37.97244	930794.3	11.61676	0.998683	0.999663	1.00034	1.00132	7.632184
28600	-1563.242	-1528.108	-35.13404	655170.8	14.99617	0.99843	0.999598	1.0004	1.00157	7.125245
28700	-1564.513	-1534.147	-30.36605	975764.5	11.48407	0.998714	0.999671	1.00033	1.00129	6.975307
28800	-1566.636	-1539.801	-26.83489	424991.1	12.73704	0.998051	0.999501	1.0005	1.00195	6.683279
28900	-1568.596	-1538.986	-29.60991	608938.5	10.96967	0.998372	0.999583	1.00042	1.00163	6.887753
29000	-1566.161	-1533.394	-32.76661	986630.1	10.51554	0.998721	0.999673	1.00033	1.00128	7.152282
29100	-1569.878	-1540.531	-29.34765	357763.2	15.07844	0.997876	0.999456	1.00054	1.00213	6.732366
29200	-1578.921	-1540.224	-38.6966	936272.5	11.8478	0.998687	0.999664	1.00034	1.00131	7.681859
29300	-1557.181	-1532.076	-25.10511	325483.1	11.83285	0.997773	0.99943	1.00057	1.00223	6.534124
29400	-1572.009	-1538.057	-33.95121	308227.6	13.55686	0.997711	0.999414	1.00058	1.00229	7.183058
29500	-1551.958	-1526.304	-25.65365	37644.42	15.42971	0.993456	0.998319	1.00167	1.00656	6.462
29600	-1580.278	-1549.388	-30.88977	852783.9	11.15493	0.998624	0.999648	1.00035	1.00138	7.01239
29700	-1568.698	-1539.402	-29.29587	670704.7	10.30357	0.998448	0.999603	1.0004	1.00155	6.798698
29800	-1570.144	-1529.751	-40.39229	425023.1	12.04852	0.998051	0.999501	1.0005	1.00195	7.809809
29900	-1562.576	-1534.271	-28.30506	819212.5	14.43371	0.998596	0.999641	1.00036	1.0014	6.712444
30000	-1586.242	-1540.783	-45.45908	313020.7	8.602111	0.997729	0.999419	1.00058	1.00227	8.278586
30100	-1559.415	-1532.849	-26.56607	880668.3	11.88018	0.998646	0.999654	1.00035	1.00135	6.658831
30200	-1558.816	-1534.559	-24.25645	461105.9	12.61756	0.998129	0.999521	1.00048	1.00187	6.480615
30300	-1564.851	-1528.378	-36.47284	123414.4	9.431135	0.996384	0.999074	1.00092	1.00362	7.409715
30400	-1571.767	-1544.104	-27.66349	141384.2	10.12385	0.996622	0.999135	1.00086	1.00338	6.613958
30500	-1585.987	-1549.548	-36.43831	52826	9.777718	0.994475	0.998582	1.00141	1.00554	7.450183
30600	-1570.525	-1537.53	-32.99467	349905.4	12.383	0.997852	0.99945	1.00055	1.00215	7.184015
30700	-1563.237	-1534.522	-28.71428	564720.6	11.29695	0.998309	0.999567	1.00043	1.00169	6.824335
30800	-1563.69	-1528.963	-34.72628	850684.9	10.40848	0.998622	0.999648	1.00035	1.00138	7.332614
30900	-1565.844	-1533.182	-32.6621	213673.1	11.94108	0.997252	0.999296	1.0007	1.00275	7.170756
31000	-1578.061	-1544.924	-33.1372	475793.7	11.14099	0.998158	0.999529	1.00047	1.00184	7.213601
31100	-1566.462	-1539.317	-27.1446	283502.1	13.00175	0.997614	0.999389	1.00061	1.00239	6.701436
31200	-1570.706	-1535.817	-34.88913	897670.6	12.61702	0.998659	0.999657	1.00034	1.00134	7.323338
31300	-1573.689	-1534.132	-39.55704	20909.25	12.73181	0.991223	0.997741	1.00223	1.0088	7.682607
31400	-1566.496	-1541.294	-25.20227	212867.4	11.02254	0.997246	0.999295	1.0007	1.00276	6.49096
31500	-1569.544	-1542.286	-27.25784	98786.39	13.19951	0.995959	0.998964	1.00103	1.00405	6.703826
31600	-1566.682	-1533.048	-33.63332	786574.2	12.17945	0.998567	0.999634	1.00037	1.00143	7.244185
31700	-1552.931	-1538.566	-14.36534	310761.9	14.15074	0.997721	0.999417	1.00058	1.00228	5.746652
31800	-1562.806	-1530.995	-31.81083	31731.99	13.86308	0.992873	0.998168	1.00181	1.00714	7.002535
31900	-1577.687	-1533.368	-44.3198	690051.1	12.58122	0.99847	0.999609	1.00039	1.00153	8.075132
32000	-1566.378	-1541.842	-24.53578	886314.8	11.80371	0.99865	0.999655	1.00034	1.00135	6.48476
32100	-1566.58	-1535.83	-30.75021	422928.8	13.59142	0.998046	0.9995	1.0005	1.00196	6.944691
32200	-1557.446	-1529.929	-27.51681	912873.2	13.2283	0.99867	0.99966	1.00034	1.00133	6.722378
32300	-1581.029	-1553.367	-27.66167	241939.3	13.39248	0.997417	0.999339	1.00066	1.00259	6.726619
32400	-1581.969	-1545.283	-36.68596	228972	10.65731	0.997345	0.99932	1.00068	1.00266	7.52905
32500	-1573.368	-1539.253	-34.11505	65445.62	11.52422	0.995036	0.998727	1.00126	1.00497	7.301365
32600	-1571.521	-1531.542	-39.97958	473001.9	10.27607	0.998152	0.999527	1.00047	1.00185	7.834988
32700	-1570.955	-1535.441	-35.51455	591164.2	12.80024	0.998347	0.999577	1.00042	1.00165	7.360248
32800	-1558.932	-1527.174	-31.7576	691801.8	11.05739	0.998472	0.999609	1.00039	1.00153	7.086983
32900	-1559.464	-1527.227	-32.23627	79762.8	9.700643	0.995503	0.998847	1.00115	1.0045	7.008451
33000	-1560.523	-1528.279	-32.24455	391115.5	12.84936	0.997968	0.99948	1.00052	1.00203	7.102196
33100	-1572.955	-1543.02	-29.93447	450971.8	10.6119	0.998108	0.999516	1.00048	1.00189	6.891703
33200	-1558.966	-1530.51	-28.45604	348421.4	12.44124	0.997847	0.999449	1.00055	1.00215	6.816702
33300	-1566.055	-1528.943	-37.1119	655310.8	9.694265	0.99843	0.999599	1.0004	1.00157	7.510366
33400	-1578.278	-1549.103	-29.17464	492622.4	12.24338	0.99819	0.999537	1.00046	1.00181	6.877491
33500	-1557.716	-1525.818	-31.89803	759429.3	11.28434	0.998542	0.999627	1.00037	1.00146	7.105912
33600	-1575.41	-1539.415	-35.9951	475671.1	8.963406	0.998158	0.999529	1.00047	1.00184	7.271142
33700	-1573.277	-1541.506	-31.77115	44203.62	14.21121	0.993961	0.998449	1.00154	1.00605	6.971648
33800	-1567.961	-1539.156	-28.8047	274815.3	14.29341	0.997576	0.99938	1.00062	1.00243	6.757163
33900	-1578.031	-1538.63	-39.40025	791577.5	10.8762	0.998572	0.999635	1.00036	1.00143	7.781951
34000	-1578.336	-1538.859	-39.47687	385412.8	10.74191	0.997953	0.999476	1.00052	1.00205	7.790559
34100	-1563.115	-1537.683	-25.4325	700521.1	12.16756	0.998482	0.999612	1.00039	1.00152	6.570646
34200	-1572.533	-1537.361	-35.17123	977522.4	10.98906	0.998715	0.999671	1.00033	1.00129	7.394986
34300	-1570.967	-1535.512	-35.45515	743325.1	10.07539	0.998526	0.999623	1.00038	1.00147	7.379588
34400	-1565.417	-1531.493	-33.92445	804300.6	11.43304	0.998583	0.999638	1.00036	1.00142	7.285462
34500	-1573.5	-1543.673	-29.82763	302050.3	11.05817	0.997688	0.999408	1.00059	1.00231	6.912483
34600	-1577.141	-1549.786	-27.35451	411199.6	13.60936	0.998018	0.999493	1.00051	1.00198	6.693999
34700	-1576.79	-1549.286	-27.50375	153771.7	13.76301	0.99676	0.99917	1.00083	1.00324	6.697215
34800	-1575.945	-1547.062	-28.88239	769849.2	12.46843	0.998552	0.99963	1.00037	1.00145	6.850477
34900	-1572.499	-1536.682	-35.8176	229109.5	13.92359	0.997346	0.99932	1.00068	1.00266	7.28559
35000	-1577.226	-1545.2	-32.02581	770799.8	11.89679	0.998553	0.99963	1.00037	1.00145	7.118163
35100	-1549.089	-1527.794	-21.29537	736312.3	13.63467	0.998519	0.999621	1.00038	1.00148	6.248393
35200	-1565.432	-1544.066	-21.36566	714481.4	14.32333	0.998497	0.999616	1.00038	1.0015	6.235674
35300	-1581.973	-1551.148	-30.82482	946892.2	13.75725	0.998694	0.999666	1.00033	1.00131	6.938921
35400	-1569.504	-1533.579	-35.92534	311955.4	14.11037	0.997725	0.999418	1.00058	1.00228	7.27441
35500	-1565.937	-1532.733	-33.20402	607461	10.68774	0.99837	0.999583	1.00042	1.00163	7.203932
35600	-1572.569	-1536.442	-36.1271	516398.1	12.45735	0.998232	0.999548	1.00045	1.00177	7.432243
35700	-1561.204	-1538.162	-23.04225	402740.2	12.12952	0.997998	0.999488	1.00051	1.002	6.372877
35800	-1555.188	-1525.238	-29.94974	669274	11.52154	0.998447	0.999603	1.0004	1.00155	6.939871
35900	-1563.443	-1531.822	-31.62126	915569.2	11.43398	0.998672	0.99966	1.00034	1.00133	7.084024
36000	-1571.244	-1542.282	-28.96207	885085.1	10.41051	0.998649	0.999655	1.00034	1.00135	6.779046
36100	-1579.981	-1541.204	-38.77661	639841.9	10.02469	0.998411	0.999594	1.00041	1.00159	7.706475
36200	-1563.886	-1535.221	-28.66554	410300.8	14.45064	0.998016	0.999492	1.00051	1.00199	6.736187
36300	-1567.631	-1537.913	-29.71774	561944	11.86683	0.998305	0.999566	1.00043	1.0017	6.92408
36400	-1561.863	-1535.446	-26.41708	451590.9	11.90327	0.998109	0.999516	1.00048	1.00189	6.646875
36500	-1566.899	-1537.431	-29.46767	311609.7	12.32879	0.997724	0.999417	1.00058	1.00228	6.900156
36600	-1561.669	-1536.764	-24.90415	508752.5	10.8262	0.998218	0.999544	1.00045	1.00178	6.443654
36700	-1568.151	-1536.414	-31.7372	996251	11.94594	0.998727	0.999674	1.00032	1.00127	7.09323
36800	-1580.915	-1544.181	-36.73409	338211.9	11.39633	0.997815	0.999441	1.00056	1.00219	7.532126
36900	-1574.669	-1543.62	-31.0483	92276.03	9.738548	0.995819	0.998928	1.00107	1.00419	6.892447
37000	-1564.998	-1539.783	-25.21531	924641.1	12.93028	0.998678	0.999662	1.00034	1.00132	6.55414
37100	-1590.945	-1550.52	-40.42499	679665.5	10.21966	0.998459	0.999606	1.00039	1.00154	7.877141
37200	-1570.229	-1534.171	-36.05792	146085.4	12.04905	0.996676	0.999149	1.00085	1.00333	7.450041
37300	-1566.751	-1532.965	-33.78523	532684.5	10.76152	0.998259	0.999555	1.00044	1.00174	7.261517
37400	-1573.379	-1536.886	-36.49345	909037.3	9.641919	0.998667	0.999659	1.00034	1.00133	7.440353
37500	-1558.934	-1529.641	-29.29275	942057.9	13.27534	0.998691	0.999665	1.00033	1.00131	6.854354
37600	-1563.63	-1537.962	-25.6684	632845.9	13.52152	0.998403	0.999591	1.00041	1.0016	6.573382
37700	-1558.649	-1533.011	-25.63804	607738.2	12.7681	0.99837	0.999583	1.00042	1.00163	6.589012
37800	-1567.063	-1535.475	-31.58765	314600.6	11.76183	0.997735	0.99942	1.00058	1.00227	7.082431
37900	-1580.37	-1551.704	-28.6661	164680.6	11.39376	0.996869	0.999198	1.0008	1.00313	6.824082
38000	-1591.633	-1550.759	-40.87446	302440.3	10.76993	0.99769	0.999409	1.00059	1.00231	7.920098
38100	-1580.771	-1553.345	-27.42545	9338.576	11.49568	0.986877	0.99661	1.00333	1.01318	6.719732
38200	-1588.875	-1542.839	-46.03681	116099.2	9.357011	0.996272	0.999045	1.00095	1.00373	8.420436
38300	-1584.545	-1547.777	-36.76814	151451.8	9.528768	0.996736	0.999164	1.00083	1.00327	7.454606
38400	-1580.178	-1542.264	-37.91393	538577	10.97254	0.998268	0.999557	1.00044	1.00173	7.644726
38500	-1563.711	-1531.995	-31.71595	297474.1	12.59064	0.99767	0.999404	1.00059	1.00233	7.072944
38600	-1568.644	-1541.79	-26.85406	984950.7	14.50192	0.99872	0.999673	1.00033	1.00128	6.607509
38700	-1568.052	-1543.437	-24.61544	128246.3	12.45364	0.996453	0.999091	1.0009	1.00355	6.508123
38800	-1559.058	-1528.936	-30.12176	992506.8	11.08475	0.998724	0.999674	1.00033	1.00128	6.940372
38900	-1566.869	-1530.057	-36.8122	928009.5	14.47637	0.998681	0.999663	1.00034	1.00132	7.29706
39000	-1557.544	-1529.707	-27.83662	55051.48	12.36584	0.994588	0.998611	1.00138	1.00542	6.76761
39100	-1582.122	-1545.347	-36.77471	76099.13	11.12362	0.995396	0.998819	1.00117	1.00461	7.540262
39200	-1565.071	-1538.171	-26.89996	590593.3	11.65583	0.998346	0.999577	1.00042	1.00165	6.680464
39300	-1562.32	-1532.009	-30.31095	433515	10.92033	0.99807	0.999506	1.00049	1.00193	6.948885
39400	-1568.005	-1544.778	-23.22686	111025.1	11.95306	0.996188	0.999023	1.00097	1.00382	6.381142
39500	-1562.614	-1530.5	-32.11388	989490.2	10.65905	0.998722	0.999673	1.00033	1.00128	7.100151
39600	-1573.06	-1545.967	-27.09256	582597.6	13.8862	0.998335	0.999574	1.00042	1.00167	6.660961
39700	-1568.912	-1537.921	-30.9919	956877.3	10.21237	0.998701	0.999668	1.00033	1.0013	6.953274
39800	-1566.415	-1531.501	-34.91426	496699.2	11.48825	0.998197	0.999539	1.00046	1.0018	7.37129
39900	-1573.925	-1544.858	-29.06785	408673.1	12.75779	0.998012	0.999491	1.00051	1.00199	6.857957
40000	-1582.622	-1552.116	-30.50523	128258.9	11.38137	0.996453	0.999091	1.0009	1.00355	6.985194
40100	-1571.95	-1545.908	-26.04183	393083.1	12.51741	0.997973	0.999481	1.00052	1.00203	6.622583
40200	-1571.382	-1535.947	-35.43479	245875.7	10.88668	0.997438	0.999344	1.00065	1.00256	7.417537
40300	-1565.444	-1534.935	-30.50876	410558	13.26996	0.998017	0.999493	1.00051	1.00198	6.946254
40400	-1554.642	-1528.134	-26.50812	196766.8	12.65557	0.997136	0.999267	1.00073	1.00287	6.658672
40500	-1567.002	-1538.439	-28.56337	295182.3	13.1517	0.997661	0.999401	1.0006	1.00234	6.804738
40600	-1572.305	-1547.592	-24.71293	922981.6	15.04526	0.998677	0.999662	1.00034	1.00132	6.427156
40700	-1567.703	-1544.424	-23.27891	421889.4	12.3455	0.998044	0.999499	1.0005	1.00196	6.398574
40800	-1567.968	-1534.275	-33.69242	973697.8	11.35144	0.998712	0.999671	1.00033	1.00129	7.265196
40900	-1563.135	-1537.424	-25.71139	206324.6	11.99979	0.997203	0.999284	1.00071	1.0028	6.5902
41000	-1569.303	-1538.593	-30.70944	260202.2	9.771252	0.997509	0.999362	1.00064	1.00249	6.863193
41100	-1564.539	-1534.307	-30.23164	31117.9	15.11684	0.992804	0.99815	1.00183	1.00721	6.787534
41200	-1569.592	-1538.401	-31.19132	153616	13.61373	0.996759	0.99917	1.00083	1.00324	6.975625
41300	-1578.421	-1540.824	-37.59738	160898.6	10.50461	0.996833	0.999189	1.00081	1.00317	7.611389
41400	-1559.228	-1533.587	-25.64117	289623.3	14.09951	0.997639	0.999396	1.0006	1.00236	6.546126
41500	-1563.936	-1529.009	-34.92687	216649.7	11.57808	0.99727	0.999301	1.0007	1.00273	7.370818
41600	-1556.164	-1537.398	-18.76659	324504.1	13.52442	0.99777	0.999429	1.00057	1.00223	6.062955
41700	-1576.217	-1539.782	-36.43494	116315.2	12.72586	0.996275	0.999046	1.00095	1.00373	7.437835
41800	-1561.176	-1526.449	-34.72684	768494.3	13.37914	0.99855	0.999629	1.00037	1.00145	7.255267
41900	-1570.83	-1532.285	-38.54472	702265.7	9.436046	0.998484	0.999612	1.00039	1.00152	7.630014
42000	-1564.148	-1538.256	-25.89192	174849.6	11.73425	0.996962	0.999222	1.00077	1.00304	6.597148
42100	-1568.379	-1536.888	-31.49077	518951.6	12.70782	0.998236	0.999549	1.00045	1.00177	7.050124
42200	-1566.33	-1534.454	-31.87578	447374.6	10.84439	0.9981	0.999514	1.00048	1.0019	7.088548
42300	-1550.681	-1522.622	-28.0595	854265.7	11.34999	0.998625	0.999648	1.00035	1.00138	6.7689
42400	-1585.986	-1557.249	-28.73715	914483.5	12.06446	0.998671	0.99966	1.00034	1.00133	6.84247
42500	-1569.706	-1539.146	-30.56031	738170.4	12.10782	0.998521	0.999622	1.00038	1.00148	6.993012
42600	-1573.609	-1541.448	-32.16128	354868.2	11.99553	0.997867	0.999454	1.00054	1.00213	7.127786
42700	-1586.981	-1554.757	-32.22403	536641.7	10.43504	0.998265	0.999556	1.00044	1.00174	7.094408
42800	-1570.67	-1537.526	-33.14413	450501.2	12.22098	0.998107	0.999516	1.00048	1.00189	7.202535
42900	-1565.866	-1541.134	-24.73216	434080.3	14.12941	0.998071	0.999507	1.00049	1.00193	6.48026
43000	-1560.096	-1532.344	-27.75205	184993.8	10.48433	0.997046	0.999244	1.00075	1.00296	6.67178
43100	-1562.333	-1531.264	-31.06914	421743.8	10.22097	0.998043	0.999499	1.0005	1.00196	6.961813
43200	-1564.302	-1532.94	-31.36231	346456.1	10.73461	0.997841	0.999448	1.00055	1.00216	7.034686
43300	-1579.261	-1544.289	-34.97154	211487.2	9.907235	0.997237	0.999293	1.0007	1.00277	7.315022
43400	-1582.047	-1548.449	-33.59801	417119.8	14.14059	0.998033	0.999497	1.0005	1.00197	7.106711
43500	-1581.162	-1544.855	-36.30782	214778.3	10.73574	0.997259	0.999298	1.0007	1.00274	7.495417
43600	-1573.958	-1546.517	-27.44113	304475.6	10.29076	0.997697	0.999411	1.00059	1.0023	6.616899
43700	-1556.924	-1531.904	-25.02052	188918.8	11.93839	0.997077	0.999252	1.00075	1.00293	6.530729
43800	-1557.776	-1526.922	-30.85444	114988.8	11.34363	0.996254	0.99904	1.00095	1.00375	7.014995
43900	-1584.602	-1546.444	-38.15832	471157.8	11.97225	0.998149	0.999526	1.00047	1.00185	7.629155
44000	-1565.12	-1537.108	-28.01228	864731.5	13.49417	0.998633	0.999651	1.00035	1.00137	6.748052
44100	-1578.006	-1542.349	-35.65747	514427.4	9.877005	0.998228	0.999547	1.00045	1.00177	7.381171
44200	-1568.812	-1540.351	-28.46047	712836.7	11.37152	0.998495	0.999615	1.00038	1.00151	6.805132
44300	-1573.93	-1533.485	-40.44557	216634.5	9.785761	0.99727	0.999301	1.0007	1.00273	7.860537
44400	-1574.729	-1535.097	-39.63135	945608.4	12.64548	0.998693	0.999666	1.00033	1.00131	7.696564
44500	-1571.183	-1536.435	-34.74837	842132.9	11.35632	0.998615	0.999646	1.00035	1.00139	7.358188
44600	-1602.264	-1557.564	-44.69978	570881.9	10.62918	0.998318	0.99957	1.00043	1.00168	8.282314
44700	-1573.145	-1538.877	-34.26776	265117.1	11.23529	0.997532	0.999368	1.00063	1.00247	7.315768
44800	-1560.189	-1531.468	-28.72117	54946.45	12.56585	0.994583	0.99861	1.00138	1.00543	6.835633
44900	-1565.686	-1532.456	-33.23079	709750.7	10.50066	0.998492	0.999614	1.00038	1.00151	7.195443
45000	-1564.603	-1526.843	-37.75989	197562.9	11.67116	0.997142	0.999268	1.00073	1.00286	7.611491
45100	-1563.71	-1531.072	-32.63854	882263.2	13.30185	0.998647	0.999654	1.00035	1.00135	7.104571
45200	-1564.458	-1534.557	-29.9016	463074.1	9.870823	0.998133	0.999522	1.00048	1.00187	6.797408
45300	-1557.818	-1528.912	-28.90637	287861.3	12.23051	0.997632	0.999394	1.0006	1.00237	6.855694
45400	-1557.846	-1532.921	-24.9247	766626.8	13.75501	0.998549	0.999629	1.00037	1.00145	6.510134
45500	-1569.817	-1531.968	-37.84857	652341.1	12.48607	0.998427	0.999598	1.0004	1.00157	7.568235
45600	-1569.152	-1533.996	-35.15628	446254.8	9.114715	0.998098	0.999513	1.00049	1.0019	7.211197
45700	-1558.229	-1529.379	-28.85035	24748.25	13.06074	0.991932	0.997925	1.00205	1.00809	6.830327
45800	-1559.506	-1532.011	-27.49568	217917.6	10.76198	0.997278	0.999303	1.00069	1.00272	6.677113
45900	-1573.641	-1541.144	-32.49648	762211.8	9.905511	0.998544	0.999628	1.00037	1.00146	7.064971
46000	-1567.791	-1534.635	-33.1559	16074.55	11.82793	0.989992	0.997422	1.00254	1.01004	7.214596
46100	-1574.639	-1549.369	-25.27022	169850.2	10.29649	0.996917	0.999211	1.00079	1.00309	6.406862
46200	-1565.566	-1529.292	-36.27413	398675.9	11.01205	0.997988	0.999485	1.00051	1.00201	7.495415
46300	-1576.518	-1542.435	-34.08315	787510.6	11.21756	0.998568	0.999634	1.00037	1.00143	7.299224
46400	-1565.16	-1531.919	-33.24156	95565.22	10.78328	0.995891	0.998947	1.00105	1.00411	7.211965
46500	-1588.033	-1555.299	-32.73396	727426.5	12.9672	0.99851	0.999619	1.00038	1.00149	7.13342
46600	-1562.666	-1532.877	-29.78951	770832.6	11.91863	0.998553	0.99963	1.00037	1.00145	6.930203
46700	-1584.228	-1556.852	-27.37566	255297.5	11.21612	0.997485	0.999356	1.00064	1.00252	6.701191
46800	-1544.339	-1524.841	-19.49793	983635.6	13.39597	0.998719	0.999672	1.00033	1.00128	6.11705
46900	-1565.712	-1531.811	-33.90137	614553.3	11.46377	0.998379	0.999585	1.00041	1.00162	7.283286
47000	-1572.916	-1541.292	-31.62342	982275.3	10.35755	0.998718	0.999672	1.00033	1.00128	7.029823
47100	-1574.844	-1541.957	-32.88764	650241.3	12.62351	0.998424	0.999597	1.0004	1.00158	7.16438
47200	-1579.402	-1542.682	-36.71924	635930.2	9.358609	0.998406	0.999592	1.00041	1.00159	7.4249
47300	-1565.797	-1528.648	-37.1491	309225.9	11.72922	0.997715	0.999415	1.00058	1.00229	7.556711
47400	-1566.636	-1536.018	-30.61794	249850.4	9.959147	0.997458	0.999349	1.00065	1.00254	6.883309
47500	-1565.293	-1538.403	-26.8896	599795.2	13.63906	0.998359	0.99958	1.00042	1.00164	6.658487
47600	-1570.46	-1541.3	-29.15992	453542.2	10.70291	0.998113	0.999517	1.00048	1.00189	6.826851
47700	-1570.924	-1542.527	-28.39693	47147.09	11.14604	0.994152	0.998499	1.00149	1.00586	6.788411
47800	-1573.662	-1549.533	-24.12887	6624.987	11.81964	0.984427	0.995968	1.00395	1.01566	6.451022
47900	-1587.236	-1547.978	-39.25746	219419.7	9.297607	0.997288	0.999306	1.00069	1.00271	7.688138
48000	-1559.211	-1531.007	-28.20463	960995.1	13.85805	0.998704	0.999669	1.00033	1.0013	6.742699
48100	-1566.838	-1533.251	-33.58698	96979.99	10.96956	0.995921	0.998955	1.00104	1.00408	7.250303
48200	-1575.452	-1539.496	-35.95566	907046.7	10.74262	0.998666	0.999659	1.00034	1.00133	7.462775
48300	-1548.447	-1524.745	-23.70233	405665.3	13.57388	0.998005	0.99949	1.00051	1.002	6.426613
48400	-1577.747	-1543.519	-34.22822	819372.9	9.477311	0.998596	0.999641	1.00036	1.0014	7.179601
48500	-1564.812	-1550.118	-14.69344	447367.6	15.0104	0.9981	0.999514	1.00048	1.0019	5.761908
48600	-1557.059	-1529.9	-27.15898	432159.9	15.87003	0.998067	0.999505	1.00049	1.00193	6.522719
48700	-1568.807	-1542.246	-26.56096	699212.1	12.78916	0.99848	0.999611	1.00039	1.00152	6.66095
48800	-1579.569	-1538.81	-40.75902	155229.9	9.991822	0.996776	0.999174	1.00082	1.00323	7.902948
48900	-1573.704	-1542.59	-31.11387	158895.7	10.35804	0.996813	0.999184	1.00081	1.00319	6.980677
49000	-1555.081	-1534.46	-20.62074	116031.6	13.86694	0.996271	0.999044	1.00095	1.00373	6.195274
49100	-1575.187	-1540.961	-34.22632	300086.3	11.03463	0.997681	0.999406	1.00059	1.00232	7.309867
49200	-1580.35	-1546.25	-34.09944	655445.2	9.493313	0.99843	0.999599	1.0004	1.00157	7.168702
49300	-1573.852	-1540.859	-32.99289	582800.3	12.03935	0.998335	0.999574	1.00042	1.00167	7.195933
49400	-1581.703	-1550.291	-31.41164	960864.4	11.73359	0.998704	0.999668	1.00033	1.0013	7.067543
49500	-1560.11	-1532.435	-27.67478	12145.27	16.50122	0.98849	0.997031	1.00292	1.01156	6.49773
49600	-1554.912	-1526.056	-28.85574	13072.96	11.76419	0.988905	0.997139	1.00282	1.01114	6.850198
49700	-1574	-1538.898	-35.10277	53616.88	9.961217	0.994516	0.998593	1.0014	1.00549	7.33384
49800	-1561.82	-1529.318	-32.50131	917929.8	12.03711	0.998674	0.999661	1.00034	1.00133	7.155157
49900	-1575.499	-1543.059	-32.43923	332051.2	10.47054	0.997795	0.999436	1.00056	1.00221	7.1178
50000	-1556.503	-1531.645	-24.8579	600976.4	14.17112	0.998361	0.999581	1.00042	1.00164	6.487151
50100	-1582.725	-1546.748	-35.9767	59919.36	11.519	0.994812	0.998669	1.00132	1.0052	7.463037
50200	-1561.312	-1530.719	-30.59298	702502.6	13.47106	0.998484	0.999612	1.00039	1.00152	6.940729
50300	-1573.644	-1535.893	-37.75093	154413.6	8.136297	0.996767	0.999172	1.00082	1.00324	7.235007
50400	-1583.26	-1543.907	-39.35305	991571.7	11.5964	0.998724	0.999674	1.00033	1.00128	7.752133
50500	-1563.482	-1532.997	-30.48452	656457.7	12.70474	0.998432	0.999599	1.0004	1.00157	6.971057
50600	-1578.795	-1547.965	-30.82955	397826.1	10.27611	0.997985	0.999485	1.00051	1.00202	6.944572
50700	-1559.775	-1527.549	-32.22663	910062.1	11.21109	0.998668	0.999659	1.00034	1.00133	7.13358
50800	-1554.414	-1527.158	-27.2557	499694.5	12.67956	0.998202	0.99954	1.00046	1.0018	6.717351
50900	-1566.61	-1534.524	-32.08605	326739.2	9.931252	0.997777	0.999431	1.00057	1.00222	7.027025
51000	-1575.737	-1541.85	-33.88793	296090.8	9.816096	0.997665	0.999402	1.0006	1.00234	7.194379
51100	-1571.423	-1540.175	-31.24788	121004.1	13.60099	0.996348	0.999064	1.00093	1.00366	6.980654
51200	-1575.041	-1540.59	-34.45015	241075.6	10.55666	0.997412	0.999338	1.00066	1.00259	7.314545
51300	-1574.132	-1534.882	-39.25026	475793.5	10.33999	0.998158	0.999529	1.00047	1.00184	7.765759
51400	-1565.002	-1527.564	-37.43822	376038	10.85704	0.997928	0.99947	1.00053	1.00207	7.601518
51500	-1564.271	-1539.392	-24.8785	369395.3	12.35541	0.997909	0.999465	1.00053	1.00209	6.528267
51600	-1562.582	-1536.062	-26.52074	693469.5	12.55745	0.998474	0.99961	1.00039	1.00153	6.660584
51700	-1560.959	-1529.083	-31.8756	435525.2	10.98749	0.998075	0.999507	1.00049	1.00193	7.095022
51800	-1561.763	-1525.919	-35.84428	950823.3	8.879592	0.998697	0.999667	1.00033	1.0013	7.234746
51900	-1558.993	-1526.817	-32.17663	439661.8	14.90233	0.998084	0.99951	1.00049	1.00192	6.937114
52000	-1583.198	-1548.393	-34.80462	288909.7	10.99533	0.997636	0.999395	1.0006	1.00237	7.361722
52100	-1593.734	-1554.825	-38.90893	443258.1	10.15724	0.998091	0.999512	1.00049	1.00191	7.726248
52200	-1574.767	-1548.804	-25.96236	739533.4	14.97465	0.998522	0.999622	1.00038	1.00148	6.515139
52300	-1582.087	-1555.479	-26.6075	932308	11.22566	0.998684	0.999663	1.00034	1.00132	6.633335
52400	-1566.39	-1541.081	-25.3098	592912.1	12.07731	0.99835	0.999578	1.00042	1.00165	6.558684
52500	-1588.881	-1556.115	-32.76569	699932.4	11.27332	0.998481	0.999612	1.00039	1.00152	7.182652
52600	-1552.894	-1521.712	-31.18178	570031.3	10.9067	0.998317	0.999569	1.00043	1.00168	7.027929
52700	-1564.717	-1535.871	-28.84593	898622.5	12.51142	0.998659	0.999657	1.00034	1.00134	6.846722
52800	-1565.216	-1534.725	-30.49051	73008.5	11.12094	0.9953	0.998795	1.0012	1.00471	6.975208
52900	-1569.409	-1535.272	-34.13713	250609.1	11.02654	0.997462	0.99935	1.00065	1.00254	7.301635
53000	-1582.361	-1541.578	-40.78253	440780.9	10.04397	0.998086	0.99951	1.00049	1.00192	7.907272
53100	-1572.714	-1542.902	-29.81208	447076.2	11.8784	0.9981	0.999514	1.00048	1.0019	6.932057
53200	-1579.525	-1550.311	-29.21422	330945.8	12.77316	0.997791	0.999435	1.00056	1.00221	6.868936
53300	-1569.859	-1542.26	-27.59891	69055.2	12.42901	0.995167	0.99876	1.00123	1.00484	6.747918
53400	-1563.29	-1535.131	-28.15962	807352.5	13.04046	0.998586	0.999638	1.00036	1.00142	6.778163
53500	-1544.744	-1523.198	-21.54568	363326.6	13.94731	0.997892	0.999461	1.00054	1.00211	6.259959
53600	-1549.171	-1528.929	-20.24253	332569.2	12.56379	0.997797	0.999436	1.00056	1.00221	6.160831
53700	-1556.82	-1533.46	-23.36029	380212.5	15.12378	0.997939	0.999473	1.00053	1.00206	6.332567
53800	-1583.43	-1548.867	-34.56228	366438.8	10.96052	0.997901	0.999463	1.00054	1.0021	7.339037
53900	-1547.467	-1525.501	-21.9667	348898.2	13.84405	0.997849	0.99945	1.00055	1.00215	6.292928
54000	-1576.826	-1543.822	-33.00425	689890.7	10.97071	0.99847	0.999609	1.00039	1.00153	7.197217
54100	-1561.265	-1527.132	-34.13302	246112.3	12.87929	0.997439	0.999344	1.00065	1.00256	7.24721
54200	-1571.946	-1543.903	-28.04287	293775.1	12.55169	0.997656	0.9994	1.0006	1.00235	6.781895
54300	-1559.867	-1527.651	-32.21597	677599	9.765682	0.998456	0.999605	1.00039	1.00154	7.016526
54400	-1574.761	-1545.548	-29.21252	519337.6	11.23518	0.998237	0.999549	1.00045	1.00176	6.865821
54500	-1583.092	-1545.935	-37.15708	341425.1	10.49841	0.997825	0.999444	1.00055	1.00218	7.569282
54600	-1561.91	-1534.914	-26.99646	178762.1	11.14151	0.996995	0.999231	1.00077	1.00301	6.662452
54700	-1566.867	-1534.581	-32.28559	349848.9	9.85387	0.997852	0.99945	1.00055	1.00215	7.036554
54800	-1557.722	-1526.828	-30.8937	219012.4	11.73785	0.997285	0.999305	1.00069	1.00272	7.023409
54900	-1573.249	-1544.411	-28.83861	698451.1	10.98553	0.998479	0.999611	1.00039	1.00152	6.818489
55000	-1576.587	-1544.019	-32.56777	781014	11.74028	0.998562	0.999632	1.00037	1.00144	7.166005
55100	-1569.969	-1548.527	-21.44134	83926.02	12.84507	0.995616	0.998876	1.00112	1.00439	6.261386
55200	-1581.661	-1541.358	-40.30298	857968.2	11.2848	0.998628	0.999649	1.00035	1.00137	7.850723
55300	-1554.927	-1527.838	-27.08902	596913.2	13.50468	0.998355	0.999579	1.00042	1.00165	6.679179
55400	-1564.991	-1536.872	-28.11912	57925.45	10.52753	0.994724	0.998646	1.00134	1.00529	6.711649
55500	-1569.612	-1536.766	-32.84599	627241.7	13.14408	0.998395	0.99959	1.00041	1.00161	7.130873
55600	-1593.074	-1561.381	-31.69347	381746.9	11.59604	0.997943	0.999474	1.00052	1.00206	7.091617
55700	-1572.695	-1540.061	-32.63397	668083.3	11.76641	0.998445	0.999602	1.0004	1.00156	7.171333
55800	-1576.295	-1550.139	-26.15596	850921	11.45616	0.998622	0.999648	1.00035	1.00138	6.607238
55900	-1567.109	-1538.237	-28.87208	338868.2	11.5875	0.997817	0.999441	1.00056	1.00218	6.848101
56000	-1560.483	-1528.036	-32.44699	691193.2	11.74216	0.998472	0.999609	1.00039	1.00153	7.155698
56100	-1564.468	-1535.29	-29.17813	161383.3	11.19017	0.996838	0.99919	1.00081	1.00317	6.860676
56200	-1591.16	-1545.504	-45.65629	801384.5	10.37601	0.99858	0.999637	1.00036	1.00142	8.383983
56300	-1572.202	-1537.859	-34.34346	922827.7	11.5351	0.998677	0.999662	1.00034	1.00132	7.321045
56400	-1593.941	-1550.886	-43.05512	156789.7	10.50241	0.996792	0.999178	1.00082	1.00321	8.130995
56500	-1567.403	-1543.069	-24.3337	384260.2	13.06686	0.99795	0.999476	1.00052	1.00205	6.484425
56600	-1563.583	-1537.206	-26.37747	436932.1	13.76748	0.998078	0.999508	1.00049	1.00192	6.615174
56700	-1557.458	-1538.248	-19.21067	536354.5	13.732	0.998265	0.999556	1.00044	1.00174	6.094904
56800	-1575.334	-1539.739	-35.59433	17960.92	11.11508	0.990531	0.997562	1.00241	1.0095	7.434139
56900	-1573.674	-1542.069	-31.60516	347232.6	13.02281	0.997844	0.999448	1.00055	1.00216	7.043358
57000	-1567.314	-1535.527	-31.78687	151225.1	13.05544	0.996733	0.999163	1.00083	1.00327	7.055465
57100	-1575.634	-1542.709	-32.92487	649862.5	10.31081	0.998424	0.999597	1.0004	1.00158	7.151534
57200	-1579.193	-1545.023	-34.16922	192366.9	11.59748	0.997103	0.999258	1.00074	1.0029	7.305095
57300	-1557.57	-1530.866	-26.70473	665314.3	15.22668	0.998442	0.999602	1.0004	1.00156	6.545916
57400	-1558.188	-1528.019	-30.16897	793546.9	12.22997	0.998573	0.999635	1.00036	1.00143	6.958937
57500	-1570.875	-1534.035	-36.83944	171639.3	10.60575	0.996934	0.999215	1.00078	1.00307	7.542228
57600	-1581.581	-1544.539	-37.04241	784974.7	12.6328	0.998566	0.999633	1.00037	1.00144	7.492801
57700	-1586.696	-1544.05	-42.64643	876244.5	10.67424	0.998642	0.999653	1.00035	1.00136	8.087828
57800	-1580.838	-1547.983	-32.85435	110166.1	12.65236	0.996173	0.999019	1.00098	1.00383	7.160293
57900	-1558.947	-1526.975	-31.97291	916336.5	9.674486	0.998672	0.999661	1.00034	1.00133	6.976996
58000	-1563.387	-1533.063	-30.32353	435532	10.35933	0.998075	0.999507	1.00049	1.00193	6.904512
58100	-1570.939	-1537.475	-33.46384	740180.4	13.67718	0.998523	0.999622	1.00038	1.00148	7.137388
58200	-1564.673	-1540.734	-23.93975	84086.26	15.63471	0.99562	0.998877	1.00112	1.00439	6.336782
58300	-1563.155	-1530.627	-32.5286	548528.8	11.13338	0.998284	0.999561	1.00044	1.00172	7.158787
58400	-1545	-1522.602	-22.39752	599623.7	13.21045	0.998359	0.99958	1.00042	1.00164	6.335524
58500	-1556.625	-1528.263	-28.36211	482200.3	13.83009	0.99817	0.999532	1.00047	1.00183	6.755709
58600	-1563.128	-1529.523	-33.60492	979351.2	10.48721	0.998716	0.999672	1.00033	1.00128	7.230214
58700	-1554.708	-1526.6	-28.10751	671025.8	11.83282	0.998449	0.999603	1.0004	1.00155	6.787858
58800	-1574.723	-1545.942	-28.78017	379433	15.31804	0.997937	0.999472	1.00053	1.00206	6.674367
58900	-1563.354	-1535.843	-27.51143	154317.4	15.47052	0.996766	0.999172	1.00082	1.00324	6.579024
59000	-1585.92	-1546.898	-39.02218	859623.1	13.84798	0.998629	0.999649	1.00035	1.00137	7.524451
59100	-1566.936	-1528.319	-38.61704	349050.1	10.6128	0.997849	0.99945	1.00055	1.00215	7.709902
59200	-1563.859	-1533.704	-30.15521	971115	13.28905	0.99871	0.99967	1.00033	1.00129	6.918579
59300	-1565.031	-1538.016	-27.01554	546918.9	12.7266	0.998282	0.99956	1.00044	1.00172	6.697644
59400	-1580.299	-1553.213	-27.086	288949.7	11.26717	0.997636	0.999395	1.0006	1.00237	6.678473
59500	-1564.455	-1533.758	-30.69678	716046	10.62901	0.998498	0.999616	1.00038	1.0015	6.96489
59600	-1572.146	-1541.39	-30.75622	817372.5	10.41215	0.998594	0.999641	1.00036	1.00141	6.951546
59700	-1573.55	-1541.401	-32.14913	32820.21	11.21825	0.992992	0.998199	1.00178	1.00703	7.126829
59800	-1572.498	-1540.257	-32.24067	594321.4	9.329937	0.998352	0.999578	1.00042	1.00165	6.940356
59900	-1573.082	-1544.46	-28.62203	861134.1	12.63096	0.998631	0.99965	1.00035	1.00137	6.826296
60000	-1570.427	-1538.149	-32.27754	927779	13.17445	0.998681	0.999663	1.00034	1.00132	7.085715
60100	-1573.992	-1536.49	-37.50173	17049.18	10.95787	0.990282	0.997497	1.00247	1.00975	7.607234
60200	-1567.914	-1541.091	-26.82282	933161.8	12.2019	0.998684	0.999664	1.00034	1.00132	6.685167
60300	-1583.442	-1543.986	-39.45636	687098.1	15.29433	0.998467	0.999608	1.00039	1.00153	7.374464
60400	-1576.018	-1540.133	-35.88496	530102.1	14.085	0.998255	0.999554	1.00045	1.00175	7.274147
60500	-1583.835	-1548.704	-35.13119	18323.09	10.07257	0.990625	0.997586	1.00238	1.00941	7.347184
60600	-1578.843	-1543.319	-35.5238	617930.6	12.61948	0.998383	0.999587	1.00041	1.00162	7.373478
60700	-1582.906	-1552.803	-30.10258	384393.8	11.39351	0.997951	0.999476	1.00052	1.00205	6.950151
60800	-1579.347	-1542.439	-36.90836	373135.4	9.494635	0.99792	0.999468	1.00053	1.00208	7.464765
60900	-1561.794	-1533.057	-28.73684	866576.2	11.50462	0.998635	0.999651	1.00035	1.00137	6.834086
61000	-1570.014	-1529.771	-40.24309	390761.1	9.752935	0.997967	0.99948	1.00052	1.00203	7.837622
61100	-1571.914	-1546.762	-25.15187	603745.8	13.79662	0.998365	0.999582	1.00042	1.00164	6.524972
61200	-1564.511	-1530.167	-34.34399	951207.2	10.54359	0.998697	0.999667	1.00033	1.0013	7.303804
61300	-1572.187	-1535.136	-37.05046	34307.76	8.803277	0.993146	0.998239	1.00174	1.00687	7.35287
61400	-1567.828	-1538.167	-29.66041	97202.59	12.03446	0.995926	0.998956	1.00104	1.00408	6.919158
61500	-1570.749	-1538.412	-32.33734	88505.58	10.95309	0.995731	0.998905	1.00109	1.00428	7.135755
61600	-1557.61	-1530.479	-27.13116	930005.1	11.81907	0.998682	0.999663	1.00034	1.00132	6.705017
61700	-1570.658	-1541.438	-29.22014	558199.5	11.11684	0.998299	0.999565	1.00043	1.0017	6.86076
61800	-1574.727	-1542.809	-31.91795	561604.9	10.37878	0.998304	0.999566	1.00043	1.0017	7.060182
61900	-1565.241	-1534.596	-30.6447	195029.7	11.90638	0.997123	0.999263	1.00073	1.00288	7.002024
62000	-1573.711	-1547.18	-26.53149	60882.31	11.50422	0.994853	0.99868	1.00131	1.00516	6.642374
62100	-1554.087	-1524.935	-29.15218	433886.6	12.80221	0.998071	0.999506	1.00049	1.00193	6.863132
62200	-1575.324	-1543.288	-32.03638	471597.3	13.48096	0.99815	0.999527	1.00047	1.00185	7.047187
62300	-1564.561	-1535.178	-29.38289	669997.4	10.84194	0.998448	0.999603	1.0004	1.00155	6.858493
62400	-1569.021	-1538.577	-30.44438	68564.22	11.04944	0.99515	0.998756	1.00124	1.00486	6.967844
62500	-1560.591	-1528.807	-31.7834	424066.7	11.30238	0.998049	0.999501	1.0005	1.00195	7.096121
62600	-1571.04	-1538.737	-32.30308	940826.7	12.66557	0.99869	0.999665	1.00033	1.00131	7.116094
62700	-1556.243	-1524.697	-31.54526	951550.3	10.83782	0.998697	0.999667	1.00033	1.0013	7.057716
62800	-1554.125	-1525.753	-28.37129	408313.9	13.11454	0.998011	0.999491	1.00051	1.00199	6.791601
62900	-1566.163	-1535.826	-30.3372	793046.1	13.72431	0.998573	0.999635	1.00036	1.00143	6.90568
63000	-1571.244	-1538.082	-33.1616	333379	12.15175	0.997799	0.999437	1.00056	1.0022	7.206408
63100	-1557.518	-1527.716	-29.80213	118951.2	12.02468	0.996317	0.999056	1.00094	1.00369	6.930987
63200	-1583.83	-1545.008	-38.82211	388052.4	10.47114	0.99796	0.999478	1.00052	1.00204	7.727414
63300	-1576.52	-1538.757	-37.7626	222291	14.41438	0.997305	0.99931	1.00069	1.0027	7.369929
63400	-1554.05	-1528.929	-25.12132	853236.2	12.88104	0.998624	0.999648	1.00035	1.00138	6.547485
63500	-1563.416	-1537.323	-26.09296	894496.1	15.6248	0.998656	0.999656	1.00034	1.00134	6.475286
63600	-1575.39	-1535.465	-39.92441	703928.3	12.72254	0.998485	0.999613	1.00039	1.00152	7.712359
63700	-1591.902	-1551.996	-39.90538	211027.4	11.85456	0.997234	0.999292	1.00071	1.00277	7.783422
63800	-1573.093	-1539.478	-33.61528	350118.7	10.12726	0.997853	0.99945	1.00055	1.00215	7.20219
63900	-1579.932	-1541.457	-38.47495	183390.5	10.20827	0.997033	0.99924	1.00076	1.00297	7.685841
64000	-1571.307	-1534.887	-36.41929	219223.7	12.46188	0.997287	0.999305	1.00069	1.00272	7.455395
64100	-1583.362	-1546.826	-36.53634	970270.7	9.259397	0.99871	0.99967	1.00033	1.00129	7.38901
64200	-1565.658	-1535.196	-30.46195	504600	10.84497	0.998211	0.999542	1.00046	1.00179	6.95821
64300	-1574.026	-1536.521	-37.50526	497567.3	10.90023	0.998199	0.999539	1.00046	1.0018	7.607715
64400	-1556.211	-1528.26	-27.95089	763829.8	11.96884	0.998546	0.999628	1.00037	1.00145	6.776528
64500	-1575.652	-1544.17	-31.48123	82868.17	11.11787	0.995588	0.998869	1.00112	1.00442	7.064188
64600	-1554.317	-1525.063	-29.25348	316706.9	11.3643	0.997742	0.999422	1.00058	1.00226	6.874612
64700	-1551.904	-1526.428	-25.47622	214879	14.36367	0.997259	0.999298	1.0007	1.00274	6.52042
64800	-1567.644	-1528.997	-38.64697	156715.7	14.53067	0.996791	0.999178	1.00082	1.00321	7.417213
64900	-1583.286	-1543.42	-39.86553	281479.1	8.928908	0.997605	0.999387	1.00061	1.0024	7.69677
65000	-1569.212	-1536.184	-33.02751	188539.6	11.19044	0.997074	0.999251	1.00075	1.00293	7.204677
65100	-1559.904	-1528.154	-31.74959	219664.5	10.55154	0.997289	0.999306	1.00069	1.00271	7.058344
65200	-1579.988	-1543.332	-36.65651	538456.4	11.6525	0.998268	0.999557	1.00044	1.00173	7.517638
65300	-1558.375	-1525.457	-32.9177	109639.6	9.866197	0.996164	0.999017	1.00098	1.00384	7.102351
65400	-1562.33	-1532.092	-30.23731	982086.2	13.27187	0.998718	0.999672	1.00033	1.00128	6.925695
65500	-1561.534	-1531.912	-29.62168	76636.1	10.45993	0.995412	0.998823	1.00117	1.0046	6.847617
65600	-1580.367	-1547.106	-33.26134	488247.5	14.64874	0.998181	0.999535	1.00046	1.00182	7.035125
65700	-1555.958	-1533.682	-22.2762	304246.3	13.31491	0.997696	0.99941	1.00059	1.00231	6.325421
65800	-1557.747	-1536.825	-20.92176	549247.5	12.9638	0.998285	0.999561	1.00044	1.00172	6.222456
65900	-1570.323	-1540.383	-29.94009	93602.14	13.58862	0.995848	0.998936	1.00106	1.00416	6.885257
66000	-1558.651	-1529.546	-29.10548	461748.8	13.15643	0.99813	0.999522	1.00048	1.00187	6.845748
66100	-1554.886	-1526.795	-28.09044	951868.1	12.10977	0.998697	0.999667	1.00033	1.0013	6.789027
66200	-1563.564	-1530.379	-33.1852	491574.3	11.33006	0.998188	0.999536	1.00046	1.00181	7.220372
66300	-1577.504	-1536.409	-41.09477	357093.3	10.30107	0.997874	0.999456	1.00054	1.00213	7.943799
66400	-1557.091	-1536.817	-20.27382	25006.08	13.12227	0.991973	0.997935	1.00204	1.00805	6.174221
66500	-1591.056	-1565.91	-25.14657	472060.3	12.32251	0.998151	0.999527	1.00047	1.00185	6.549593
66600	-1567.692	-1532.014	-35.67823	903154.5	10.69906	0.998663	0.999658	1.00034	1.00134	7.435763
66700	-1554.532	-1533.301	-21.23048	123241.8	13.26046	0.996382	0.999073	1.00092	1.00362	6.247088
66800	-1566.428	-1534.042	-32.38593	824832.1	10.39304	0.998601	0.999642	1.00036	1.0014	7.106478
66900	-1586.867	-1548.386	-38.4813	594700.5	10.98878	0.998352	0.999579	1.00042	1.00165	7.696205
67000	-1572.345	-1543.182	-29.16317	689334.6	10.96164	0.998469	0.999609	1.00039	1.00153	6.846513
67100	-1583.271	-1541.904	-41.36705	648000	10.49586	0.998421	0.999596	1.0004	1.00158	7.97031
67200	-1574.018	-1536.901	-37.1176	452725.9	9.382069	0.998111	0.999517	1.00048	1.00189	7.470977
67300	-1564.371	-1529.972	-34.39896	815633.8	13.34396	0.998593	0.99964	1.00036	1.00141	7.23358
67400	-1560.493	-1530.094	-30.39893	563398.7	12.08681	0.998307	0.999567	1.00043	1.00169	6.97995
67500	-1559.069	-1530.114	-28.95469	732624.6	10.28098	0.998515	0.99962	1.00038	1.00149	6.762742
67600	-1557.052	-1529.291	-27.76181	879615.6	11.26815	0.998645	0.999654	1.00035	1.00136	6.738506
67700	-1559.047	-1529.411	-29.63607	486228.2	12.38132	0.998178	0.999534	1.00047	1.00182	6.912823
67800	-1567.025	-1537.805	-29.22	23473.33	9.527863	0.991716	0.997869	1.00211	1.00831	6.662267
67900	-1561.552	-1537.497	-24.05522	10291.78	11.4419	0.987498	0.996772	1.00317	1.01256	6.422868
68000	-1565.629	-1531.686	-33.94358	713132.6	11.29245	0.998495	0.999615	1.00038	1.00151	7.287216
68100	-1582.946	-1548.585	-34.36099	291213.7	12.36829	0.997646	0.999397	1.0006	1.00236	7.295099
68200	-1575.515	-1542.828	-32.68718	164558.5	11.00968	0.996868	0.999198	1.0008	1.00314	7.16961
68300	-1576.297	-1537.19	-39.10704	627735.6	10.9711	0.998396	0.99959	1.00041	1.0016	7.75349
68400	-1587.92	-1546.075	-41.84526	448617.4	9.933239	0.998103	0.999515	1.00048	1.0019	8.009772
68500	-1589.316	-1547.961	-41.35547	618209.1	10.11949	0.998384	0.999587	1.00041	1.00162	7.966306
68600	-1571.096	-1539.585	-31.51125	156889.5	12.39155	0.996793	0.999179	1.00082	1.00321	7.063943
68700	-1567.345	-1533.918	-33.42642	726908.5	13.24017	0.99851	0.999619	1.00038	1.00149	7.168269
68800	-1559.664	-1531.364	-28.30047	780977.6	11.18692	0.998562	0.999632	1.00037	1.00144	6.782067
68900	-1576.216	-1541.662	-34.55468	510060.4	10.71559	0.998221	0.999545	1.00045	1.00178	7.331378
69000	-1567.271	-1542.168	-25.10316	355577.4	11.15816	0.997869	0.999455	1.00054	1.00213	6.493909
69100	-1555.72	-1525.665	-30.05531	649023.7	10.97996	0.998423	0.999597	1.0004	1.00158	6.928935
69200	-1588.672	-1553.062	-35.61009	786319.8	9.128715	0.998567	0.999634	1.00037	1.00143	7.263834
69300	-1561.281	-1530.73	-30.55124	778665.4	14.1031	0.99856	0.999632	1.00037	1.00144	6.894099
69400	-1567.04	-1534.403	-32.63696	890302.8	12.7964	0.998653	0.999656	1.00034	1.00135	7.135649
69500	-1556.498	-1523.418	-33.07938	607139.4	12.65183	0.998369	0.999583	1.00042	1.00163	7.178107
69600	-1555.174	-1528.756	-26.41779	611559.9	12.38525	0.998375	0.999584	1.00041	1.00163	6.652896
69700	-1571.113	-1545.044	-26.06897	636515.9	12.41181	0.998407	0.999593	1.00041	1.00159	6.624798
69800	-1556.805	-1529.185	-27.62063	182065.2	11.93026	0.997023	0.999238	1.00076	1.00298	6.748404
69900	-1578.014	-1542.352	-35.66209	57773.38	10.65254	0.994717	0.998644	1.00135	1.00529	7.432824
70000	-1569.029	-1539.989	-29.04019	759386.5	12.67482	0.998542	0.999627	1.00037	1.00146	6.85822
70100	-1571.639	-1539.993	-31.64652	861131.1	10.94011	0.998631	0.99965	1.00035	1.00137	7.0721
70200	-1571.723	-1542.434	-29.28839	361295.2	12.6811	0.997886	0.999459	1.00054	1.00212	6.877618
70300	-1564.989	-1534.435	-30.55347	834477	10.10503	0.998609	0.999644	1.00036	1.00139	6.896991
70400	-1564.788	-1536.719	-28.06864	718614.8	13.56223	0.998501	0.999617	1.00038	1.0015	6.748871
70500	-1572.461	-1536.875	-35.58583	981477	12.19577	0.998717	0.999672	1.00033	1.00128	7.403654
70600	-1579.584	-1546.346	-33.23762	504638.5	14.1647	0.998211	0.999542	1.00046	1.00179	7.079055
70700	-1568.603	-1531.914	-36.68854	584236.9	10.98249	0.998338	0.999575	1.00042	1.00166	7.533058
70800	-1576.65	-1537.581	-39.06876	733354.7	10.25797	0.998516	0.99962	1.00038	1.00148	7.745767
70900	-1570.207	-1534.777	-35.42954	335894.1	9.852094	0.997808	0.999439	1.00056	1.00219	7.355417
71000	-1569.822	-1537.461	-32.36079	495263.3	11.22681	0.998194	0.999538	1.00046	1.00181	7.14587
71100	-1562.784	-1532.243	-30.54146	254032.7	11.92556	0.997479	0.999355	1.00064	1.00252	6.993256
71200	-1575.992	-1544.862	-31.12956	889921.5	12.47269	0.998653	0.999656	1.00034	1.00135	7.030565
71300	-1565.537	-1539.004	-26.53372	256521.7	12.85122	0.997491	0.999358	1.00064	1.00251	6.657716
71400	-1575.318	-1538.237	-37.08154	178967.9	11.58729	0.996997	0.999231	1.00077	1.00301	7.556585
71500	-1571.888	-1539.065	-32.82309	172616.1	11.69487	0.996942	0.999217	1.00078	1.00306	7.188271
71600	-1569.1	-1536.79	-32.3101	183017.6	10.11144	0.99703	0.99924	1.00076	1.00297	7.07155
71700	-1561.571	-1539.373	-22.19766	438085.5	14.35031	0.99808	0.999509	1.00049	1.00192	6.292699
71800	-1576.042	-1539.512	-36.52954	390370.5	12.62889	0.997966	0.99948	1.00052	1.00204	7.452489
71900	-1569.278	-1530.436	-38.8426	574194	11.03541	0.998323	0.999571	1.00043	1.00168	7.728196
72000	-1563.353	-1537.488	-25.86534	127437.8	10.81768	0.996442	0.999088	1.00091	1.00356	6.531554
72100	-1572.848	-1539.685	-33.16305	69701.83	11.94264	0.99519	0.998766	1.00123	1.00482	7.21267
72200	-1564.34	-1532.503	-31.83679	827802.9	14.05099	0.998603	0.999643	1.00036	1.0014	6.989507
72300	-1565.853	-1540.091	-25.76236	132097.8	12.1339	0.996505	0.999105	1.00089	1.0035	6.597208
72400	-1566.671	-1531.208	-35.46235	308587.4	11.30381	0.997713	0.999415	1.00058	1.00229	7.42161
72500	-1568.228	-1538.797	-29.43087	592993.5	12.59612	0.99835	0.999578	1.00042	1.00165	6.891305
72600	-1560.372	-1530.618	-29.75402	692363.4	14.08715	0.998473	0.999609	1.00039	1.00153	6.838711
72700	-1567.412	-1534.012	-33.39997	591316.1	12.60792	0.998347	0.999577	1.00042	1.00165	7.20579
72800	-1562.643	-1538.124	-24.51979	536490.1	11.95578	0.998265	0.999556	1.00044	1.00174	6.489406
72900	-1567.036	-1537.258	-29.77759	288914.3	11.48249	0.997636	0.999395	1.0006	1.00237	6.924028
73000	-1564.5	-1543.32	-21.18065	835871	15.06122	0.99861	0.999645	1.00035	1.00139	6.191589
73100	-1577.874	-1541.924	-35.95055	534792.7	11.82871	0.998262	0.999556	1.00044	1.00174	7.45084
73200	-1574.009	-1543.348	-30.66096	562974.8	11.0521	0.998306	0.999567	1.00043	1.00169	6.987567
73300	-1584.16	-1549.216	-34.94451	892699.2	11.89831	0.998655	0.999656	1.00034	1.00135	7.363445
73400	-1566.096	-1539.605	-26.49046	493568.4	11.34444	0.998191	0.999537	1.00046	1.00181	6.630335
73500	-1561.494	-1530.295	-31.19981	866623.1	11.83684	0.998635	0.999651	1.00035	1.00137	7.049167
73600	-1581.624	-1545.565	-36.0586	714551.4	10.64485	0.998497	0.999616	1.00038	1.0015	7.46982
73700	-1582.655	-1543.911	-38.74333	699739.9	11.66745	0.998481	0.999611	1.00039	1.00152	7.695948
73800	-1572.126	-1536.474	-35.65196	77500.37	8.406223	0.995438	0.99883	1.00116	1.00457	7.076587
73900	-1570.357	-1535.502	-34.85453	286535	10.94871	0.997626	0.999392	1.00061	1.00238	7.365492
74000	-1565.378	-1541.439	-23.93869	433719.7	12.60724	0.998071	0.999506	1.00049	1.00193	6.455363
74100	-1574.21	-1547.236	-26.97387	543287.8	10.95286	0.998276	0.999559	1.00044	1.00173	6.646059
74200	-1573.075	-1547.484	-25.59092	156941.5	12.55804	0.996793	0.999179	1.00082	1.00321	6.586538
74300	-1561.99	-1544.035	-17.9555	695254.3	13.52858	0.998476	0.99961	1.00039	1.00152	6.003007
74400	-1562.806	-1532.807	-29.99932	552580.7	13.37107	0.998291	0.999563	1.00044	1.00171	6.902369
74500	-1565.879	-1530.088	-35.79065	114821.4	13.56012	0.996251	0.999039	1.00096	1.00375	7.318441
74600	-1555.789	-1531.627	-24.16168	660336.9	14.70835	0.998436	0.9996	1.0004	1.00156	6.410598
74700	-1561.005	-1530.943	-30.06185	547030.4	12.59903	0.998282	0.999561	1.00044	1.00172	6.941307
74800	-1559.596	-1525.44	-34.15583	675246.7	10.44788	0.998454	0.999604	1.00039	1.00155	7.280346
74900	-1560.993	-1532.977	-28.01661	861906.1	12.12112	0.998631	0.99965	1.00035	1.00137	6.782962
75000	-1548.422	-1519.877	-28.54509	792532	10.97294	0.998573	0.999635	1.00036	1.00143	6.79091
75100	-1572.659	-1534.631	-38.02798	282797.4	10.68365	0.997611	0.999388	1.00061	1.00239	7.655248
75200	-1570.35	-1536.373	-33.97674	402784.9	10.32651	0.997998	0.999488	1.00051	1.002	7.254742
75300	-1563.855	-1531.237	-32.61873	785868.7	11.68477	0.998567	0.999633	1.00037	1.00143	7.170882
75400	-1571.906	-1538.244	-33.66139	392664.1	12.53718	0.997972	0.999481	1.00052	1.00203	7.230281
75500	-1570.749	-1540.126	-30.62272	439281.2	11.79003	0.998083	0.99951	1.00049	1.00192	7.000435
75600	-1566.467	-1532.226	-34.24143	97098.54	11.29357	0.995924	0.998955	1.00104	1.00408	7.313593
75700	-1558.974	-1530.364	-28.60995	875611.3	13.10556	0.998642	0.999653	1.00035	1.00136	6.810159
75800	-1576.99	-1540.246	-36.74477	766327.9	10.27539	0.998548	0.999629	1.00037	1.00145	7.520161
75900	-1569.583	-1528.022	-41.56146	282123.7	12.46833	0.997608	0.999388	1.00061	1.00239	7.867381
76000	-1566.792	-1529.046	-37.74589	123124.9	11.82134	0.99638	0.999072	1.00092	1.00362	7.603002
76100	-1572.984	-1537.658	-35.32508	815588.9	11.09556	0.998593	0.99964	1.00036	1.00141	7.409838
76200	-1572.78	-1544.32	-28.45979	995173.3	17.14505	0.998726	0.999674	1.00033	1.00127	6.48176
76300	-1594.8	-1555.421	-39.37867	88157.48	9.549519	0.995722	0.998903	1.00109	1.00428	7.730702
76400	-1571.158	-1540.979	-30.17915	862088.2	11.79006	0.998631	0.99965	1.00035	1.00137	6.962812
76500	-1576.578	-1546.337	-30.24145	885286.3	12.35832	0.998649	0.999655	1.00034	1.00135	6.962257
76600	-1568.82	-1538.993	-29.82739	924026.7	15.07106	0.998678	0.999662	1.00034	1.00132	6.764831
76700	-1559.384	-1531.38	-28.00442	218106.3	10.95241	0.99728	0.999304	1.00069	1.00272	6.740115
76800	-1580.579	-1541.782	-38.79756	883292.3	11.48666	0.998648	0.999654	1.00035	1.00135	7.709384
76900	-1565.218	-1533.872	-31.34616	555542.9	13.43387	0.998295	0.999564	1.00044	1.00171	6.999071
77000	-1562.234	-1529.644	-32.58994	172013.7	13.31882	0.996937	0.999216	1.00078	1.00307	7.099751
77100	-1570.914	-1534.673	-36.24047	404483.3	11.60167	0.998002	0.999489	1.00051	1.002	7.483561
77200	-1580.988	-1536.504	-44.48416	348158.6	11.70123	0.997847	0.999449	1.00055	1.00216	8.184773
77300	-1574.663	-1540.443	-34.21994	691102.3	10.66448	0.998471	0.999609	1.00039	1.00153	7.297977
77400	-1585.709	-1548.095	-37.61374	582429.9	10.68889	0.998335	0.999574	1.00042	1.00167	7.616542
77500	-1560.44	-1528.449	-31.9914	133981.8	10.62483	0.99653	0.999111	1.00088	1.00347	7.086411
77600	-1564.413	-1536.495	-27.91849	944450.1	12.31212	0.998692	0.999666	1.00033	1.00131	6.774603
77700	-1562.199	-1537.409	-24.79064	226724.4	12.08587	0.997332	0.999317	1.00068	1.00267	6.515924
77800	-1573.136	-1540.532	-32.60451	468385.8	9.322479	0.998143	0.999525	1.00047	1.00186	6.977806
77900	-1571.592	-1527.398	-44.19366	105842.8	11.30766	0.996096	0.998999	1.001	1.00391	8.193734
78000	-1573.943	-1560.169	-13.77334	217089.4	13.92203	0.997273	0.999302	1.0007	1.00273	5.702336
78100	-1555.749	-1525.119	-30.63054	22758.6	11.83448	0.991587	0.997835	1.00214	1.00844	7.001078
78200	-1557.243	-1532.104	-25.13915	151742.8	12.41639	0.996739	0.999165	1.00083	1.00326	6.54992
78300	-1560.393	-1530.726	-29.6663	321000.9	11.09773	0.997757	0.999426	1.00057	1.00224	6.899943
78400	-1576.661	-1538.939	-37.72184	314185	12.01934	0.997733	0.99942	1.00058	1.00227	7.589928
78500	-1560.107	-1526.528	-33.57882	700680.3	12.72305	0.998482	0.999612	1.00039	1.00152	7.213563
78600	-1577.221	-1541.884	-35.3374	329524.4	9.423684	0.997787	0.999434	1.00056	1.00222	7.288114
78700	-1566.6	-1542.851	-23.7488	954602.7	13.4787	0.998699	0.999667	1.00033	1.0013	6.432481
78800	-1575.725	-1537.305	-38.4197	996833.4	11.30506	0.998727	0.999675	1.00032	1.00127	7.683195
78900	-1565.348	-1533.876	-31.472	239362.6	10.04164	0.997403	0.999335	1.00066	1.0026	6.979997
79000	-1558.784	-1532.692	-26.09286	211146.9	12.11665	0.997235	0.999292	1.00071	1.00277	6.624181
79100	-1560.322	-1530.278	-30.04451	226151.3	13.01802	0.997328	0.999316	1.00068	1.00267	6.923737
79200	-1570.686	-1548.228	-22.45749	553823.9	14.27852	0.998292	0.999563	1.00044	1.00171	6.313685
79300	-1557.041	-1535.262	-21.77912	835818.3	11.90364	0.99861	0.999645	1.00035	1.00139	6.257259
79400	-1563.499	-1539.448	-24.05078	817044.6	12.01673	0.998594	0.99964	1.00036	1.00141	6.452414
79500	-1563.856	-1528.63	-35.22588	201954.4	12.29664	0.997173	0.999276	1.00072	1.00283	7.368946
79600	-1562.712	-1528.294	-34.41822	761405	9.449171	0.998544	0.999628	1.00037	1.00146	7.194937
79700	-1570.636	-1540.301	-30.33536	159950.4	11.61092	0.996824	0.999186	1.00081	1.00318	6.974692
79800	-1581.883	-1541.934	-39.94919	500910.7	10.12807	0.998205	0.999541	1.00046	1.0018	7.827651
79900	-1590.984	-1549.508	-41.47566	861757.8	10.27471	0.998631	0.99965	1.00035	1.00137	7.980565
80000	-1574.307	-1544.789	-29.51821	517926.3	12.86611	0.998234	0.999548	1.00045	1.00177	6.889395
80100	-1573.555	-1537.572	-35.98355	682332.4	10.46676	0.998462	0.999607	1.00039	1.00154	7.456136
80200	-1568.977	-1542.279	-26.69799	849192.7	11.03655	0.998621	0.999647	1.00035	1.00138	6.627773
80300	-1570.031	-1539.418	-30.61229	193672.7	12.28254	0.997113	0.999261	1.00074	1.00289	6.994073
80400	-1553.771	-1524.923	-28.84745	316799	12.24035	0.997743	0.999422	1.00058	1.00226	6.850793
80500	-1560.183	-1525.789	-34.39416	546324.7	12.01827	0.998281	0.99956	1.00044	1.00172	7.313107
80600	-1567.139	-1529.569	-37.57011	165528.4	10.03021	0.996877	0.9992	1.0008	1.00313	7.586501
80700	-1557.146	-1532.983	-24.16301	640656	11.8202	0.998412	0.999594	1.00041	1.00159	6.453937
80800	-1575.36	-1548.626	-26.73425	326436.3	14.7536	0.997776	0.999431	1.00057	1.00223	6.58239
80900	-1568.794	-1535.482	-33.31181	646467.7	11.13859	0.99842	0.999596	1.0004	1.00158	7.22923
81000	-1576.074	-1547.098	-28.97609	475927.9	12.87106	0.998158	0.999529	1.00047	1.00184	6.847089
81100	-1561.351	-1529.027	-32.32373	563788.1	14.54606	0.998308	0.999567	1.00043	1.00169	6.980635
81200	-1578.547	-1545.306	-33.24101	773243.9	13.73387	0.998555	0.99963	1.00037	1.00145	7.116477
81300	-1554.788	-1523.161	-31.62748	485570.7	12.16619	0.998176	0.999533	1.00047	1.00182	7.079818
81400	-1569.611	-1537.411	-32.20019	89964.04	12.66535	0.995765	0.998914	1.00108	1.00424	7.107981
81500	-1558.13	-1528.302	-29.82807	828020.8	10.51029	0.998603	0.999643	1.00036	1.0014	6.872329
81600	-1568.964	-1536.061	-32.9039	654780.4	11.50371	0.99843	0.999598	1.0004	1.00157	7.196294
81700	-1577.322	-1542.367	-34.95489	850277.5	13.0159	0.998622	0.999648	1.00035	1.00138	7.301094
81800	-1578.311	-1543.04	-35.27072	933174.2	13.52151	0.998684	0.999664	1.00034	1.00132	7.283534
81900	-1570.516	-1533.169	-37.34722	804028.7	16.90752	0.998583	0.999638	1.00036	1.00142	7.031143
82000	-1563.025	-1530.888	-32.137	219134.1	12.25331	0.997286	0.999305	1.00069	1.00272	7.119139
82100	-1553.956	-1530.319	-23.63747	791748.7	13.11157	0.998572	0.999635	1.00036	1.00143	6.430675
82200	-1568.555	-1530.916	-37.63898	163721	9.551253	0.99686	0.999196	1.0008	1.00314	7.548736
82300	-1583.631	-1546.945	-36.68612	577250	10.00752	0.998327	0.999572	1.00043	1.00167	7.496588
82400	-1578.665	-1553.598	-25.06695	144117	12.15717	0.996654	0.999143	1.00085	1.00335	6.540391
82500	-1573.148	-1536.499	-36.64903	57242.4	11.03475	0.994692	0.998638	1.00135	1.00532	7.529422
82600	-1572.997	-1540.791	-32.20635	479384.9	14.24631	0.998165	0.99953	1.00047	1.00184	6.999245
82700	-1561.908	-1533.247	-28.66101	120446.6	10.92647	0.99634	0.999062	1.00093	1.00366	6.798237
82800	-1563.108	-1531.86	-31.24788	308990.6	14.55641	0.997714	0.999415	1.00058	1.00229	6.905774
82900	-1578.423	-1542.3	-36.12298	712086.3	13.55157	0.998494	0.999615	1.00038	1.00151	7.343752
83000	-1558.84	-1534.4	-24.44002	661944.6	13.29333	0.998438	0.999601	1.0004	1.00156	6.488417
83100	-1580.629	-1546.85	-33.77924	365930.5	11.74548	0.9979	0.999463	1.00054	1.0021	7.269092
83200	-1556.499	-1527.934	-28.56495	220595.6	11.83238	0.997295	0.999307	1.00069	1.00271	6.826511
83300	-1568.644	-1536.12	-32.52392	115888.6	13.93203	0.996269	0.999044	1.00095	1.00374	7.048342
83400	-1559.623	-1527.636	-31.98713	828959	12.38986	0.998604	0.999643	1.00036	1.0014	7.102406
83500	-1552.258	-1525.356	-26.90195	289228.7	11.03821	0.997637	0.999395	1.0006	1.00236	6.646382
83600	-1568.184	-1536.084	-32.09994	891101.3	11.86127	0.998654	0.999656	1.00034	1.00135	7.1249
83700	-1573.163	-1537.956	-35.2072	989432.6	11.05342	0.998722	0.999673	1.00033	1.00128	7.398924
83800	-1570.032	-1534.543	-35.48939	908832.9	10.87602	0.998667	0.999659	1.00034	1.00133	7.422368
83900	-1576.957	-1541.679	-35.2785	380982.4	13.74642	0.997941	0.999473	1.00053	1.00206	7.263665
84000	-1580.038	-1543.885	-36.15296	441231.6	14.1474	0.998087	0.999511	1.00049	1.00191	7.286683
84100	-1565.294	-1540.849	-24.44538	941014	13.66241	0.99869	0.999665	1.00033	1.00131	6.478506
84200	-1570.326	-1540.594	-29.73121	425647.7	11.61345	0.998052	0.999502	1.0005	1.00195	6.922703
84300	-1579.592	-1549.137	-30.45547	409361.8	11.84936	0.998014	0.999492	1.00051	1.00199	6.986274
84400	-1553.351	-1533.594	-19.75664	676776.2	13.80977	0.998455	0.999605	1.00039	1.00155	6.13375
84500	-1567.603	-1531.913	-35.69056	2098.316	12.78236	0.972389	0.992777	1.00695	1.02788	7.375298
84600	-1570.626	-1535.29	-35.33546	372746.2	10.58067	0.997919	0.999467	1.00053	1.00208	7.399416
84700	-1563.044	-1531.266	-31.77769	154045.4	11.8355	0.996763	0.999171	1.00083	1.00324	7.098001
84800	-1560.02	-1528.021	-31.99873	299759.2	12.13032	0.997679	0.999406	1.00059	1.00232	7.11126
84900	-1574.615	-1544.19	-30.42498	107386.5	11.601	0.996124	0.999007	1.00099	1.00388	6.98229
85000	-1557.662	-1535.031	-22.6308	600931.4	14.18947	0.998361	0.999581	1.00042	1.00164	6.329301
85100	-1577.803	-1539.395	-38.40816	933094.3	9.902394	0.998684	0.999664	1.00034	1.00132	7.661551
85200	-1566.614	-1538.719	-27.8946	407463	11.23912	0.998009	0.999491	1.00051	1.00199	6.748734
85300	-1571.43	-1532.979	-38.45159	630534	11.28551	0.9984	0.999591	1.00041	1.0016	7.68664
85400	-1565.995	-1536.527	-29.46741	59847.73	10.50097	0.994809	0.998668	1.00132	1.0052	6.837079
85500	-1556.672	-1527.608	-29.06359	768249.4	13.3631	0.99855	0.999629	1.00037	1.00145	6.832788
85600	-1560.551	-1526.916	-33.63436	350442.7	13.07449	0.997854	0.999451	1.00055	1.00215	7.195678
85700	-1570.151	-1539.625	-30.52615	347816.4	12.83272	0.997846	0.999449	1.00055	1.00216	6.969174
85800	-1589.62	-1562.632	-26.98831	611164.1	11.2996	0.998375	0.999584	1.00041	1.00163	6.671707
85900	-1577.236	-1549.441	-27.79495	256331.4	12.04689	0.99749	0.999358	1.00064	1.00251	6.764246
86000	-1554.705	-1530.981	-23.72473	543343.1	13.7089	0.998276	0.999559	1.00044	1.00172	6.424353
86100	-1572.813	-1537.096	-35.71708	779165.6	10.75366	0.99856	0.999632	1.00037	1.00144	7.440841
86200	-1587.738	-1553.82	-33.91801	916940.2	11.35217	0.998673	0.999661	1.00034	1.00133	7.285069
86300	-1575.128	-1540.326	-34.80243	447952.1	10.82471	0.998101	0.999514	1.00048	1.0019	7.357903
86400	-1577.359	-1544.834	-32.52498	344145.3	10.38623	0.997834	0.999446	1.00055	1.00217	7.119293
86500	-1569.605	-1539.587	-30.01763	958731.6	12.54455	0.998702	0.999668	1.00033	1.0013	6.939433
86600	-1576.869	-1548.561	-28.30877	55041.93	12.41311	0.994587	0.998611	1.00138	1.00542	6.805238
86700	-1558.983	-1531.027	-27.956	455758.5	13.89475	0.998118	0.999518	1.00048	1.00188	6.722646
86800	-1563.257	-1533.809	-29.44803	855098.1	11.50204	0.998626	0.999649	1.00035	1.00137	6.895838
86900	-1566.597	-1539.162	-27.43557	298087.2	13.49348	0.997673	0.999404	1.00059	1.00233	6.705345
87000	-1572.198	-1539.621	-32.5767	104914.3	12.46947	0.996078	0.998995	1.001	1.00393	7.146726
87100	-1556.24	-1533.841	-22.39939	916748	11.67333	0.998673	0.999661	1.00034	1.00133	6.29553
87200	-1582.037	-1543.874	-38.16267	954509	12.45389	0.998699	0.999667	1.00033	1.0013	7.595916
87300	-1569.248	-1536.776	-32.47214	72073.22	12.58263	0.995269	0.998787	1.00121	1.00474	7.133372
87400	-1562.833	-1528.597	-34.23625	690907.4	8.467684	0.998471	0.999609	1.00039	1.00153	6.929707
87500	-1578.815	-1545.359	-33.45595	772029.5	11.77333	0.998554	0.99963	1.00037	1.00145	7.241063
87600	-1555.411	-1528.387	-27.0242	315667.7	16.2549	0.997739	0.999421	1.00058	1.00226	6.480554
87700	-1554.276	-1518.047	-36.22899	838865.4	13.18533	0.998613	0.999645	1.00035	1.00139	7.38471
87800	-1572.503	-1540.951	-31.55176	252409.5	11.86551	0.997471	0.999353	1.00065	1.00253	7.078644
87900	-1547.248	-1522.487	-24.76097	92083.91	14.27525	0.995814	0.998927	1.00107	1.00419	6.475175
88000	-1554.611	-1537.016	-17.59533	380113.5	15.86915	0.997939	0.999473	1.00053	1.00206	5.920138
88100	-1573.184	-1543.26	-29.92339	959927.1	10.66557	0.998703	0.999668	1.00033	1.0013	6.895182
88200	-1572.445	-1546.564	-25.88102	678026.7	10.80418	0.998457	0.999605	1.00039	1.00154	6.531593
88300	-1565.609	-1538.206	-27.40308	340563.3	13.79157	0.997823	0.999443	1.00056	1.00218	6.688409
88400	-1586.883	-1554.348	-32.53545	690383.1	10.71403	0.998471	0.999609	1.00039	1.00153	7.142854
88500	-1574.287	-1537.92	-36.36685	443107.6	10.46261	0.998091	0.999512	1.00049	1.00191	7.492587
88600	-1603.186	-1566.058	-37.12756	19400.6	10.60825	0.990889	0.997654	1.00232	1.00914	7.569451
88700	-1566.19	-1540.047	-26.14337	119076.1	13.31695	0.996319	0.999057	1.00094	1.00369	6.615793
88800	-1568.338	-1533.016	-35.32184	27858.15	12.50642	0.992395	0.998045	1.00193	1.00763	7.364629
88900	-1573.194	-1546.071	-27.12243	4668.206	12.76642	0.981458	0.995187	1.00469	1.01866	6.705302
89000	-1583.42	-1548.417	-35.00299	924369.4	12.45806	0.998678	0.999662	1.00034	1.00132	7.341965
89100	-1561.55	-1529.729	-31.82095	312547.4	10.32573	0.997727	0.999418	1.00058	1.00227	7.045905
89200	-1578.546	-1543.951	-34.59481	531571.3	14.00711	0.998257	0.999554	1.00044	1.00174	7.18995
89300	-1557.23	-1528.008	-29.22209	82007.85	9.880594	0.995565	0.998863	1.00113	1.00444	6.730228
89400	-1563.05	-1535.423	-27.62702	52086.92	11.68532	0.994436	0.998572	1.00142	1.00557	6.7437
89500	-1566.646	-1537.658	-28.98866	399033.7	12.29726	0.997988	0.999485	1.00051	1.00201	6.861708
89600	-1568.724	-1538.074	-30.6501	939831.1	12.12165	0.998689	0.999665	1.00033	1.00131	7.000218
89700	-1568.87	-1544.172	-24.69878	521750.2	14.46821	0.998241	0.99955	1.00045	1.00176	6.460731
89800	-1553.282	-1530.118	-23.16465	84008.66	12.28032	0.995618	0.998876	1.00112	1.00439	6.387653
89900	-1559.062	-1533.331	-25.73092	627634	11.99488	0.998396	0.99959	1.00041	1.0016	6.591707
90000	-1557.244	-1529.09	-28.15343	679704.6	11.15536	0.998459	0.999606	1.00039	1.00154	6.767112
90100	-1570.194	-1534.354	-35.8403	308234.9	9.959225	0.997711	0.999414	1.00058	1.00229	7.407694
90200	-1588.553	-1550.568	-37.98517	891513.7	11.46741	0.998654	0.999656	1.00034	1.00135	7.639386
90300	-1565.571	-1529.849	-35.72122	567340	10.32868	0.998313	0.999568	1.00043	1.00169	7.423802
90400	-1554.873	-1523.684	-31.18835	685926.2	10.32825	0.998466	0.999608	1.00039	1.00154	6.984896
90500	-1586.108	-1552.02	-34.0872	309068.2	12.57122	0.997715	0.999415	1.00058	1.00229	7.262367
90600	-1582.808	-1546.189	-36.61986	165937.7	11.60398	0.996881	0.999201	1.0008	1.00312	7.516185
90700	-1577.236	-1549.713	-27.52235	828831.2	11.25736	0.998604	0.999643	1.00036	1.0014	6.716652
90800	-1555.349	-1526.339	-29.00971	267576.9	11.74368	0.997544	0.999371	1.00063	1.00246	6.862991
90900	-1560.753	-1538.102	-22.65088	456536.5	14.7729	0.998119	0.999519	1.00048	1.00188	6.304641
91000	-1566.632	-1537.728	-28.90376	393282.3	13.75038	0.997974	0.999482	1.00052	1.00203	6.799691
91100	-1573.558	-1542.293	-31.26527	874483	13.2898	0.998641	0.999652	1.00035	1.00136	7.002065
91200	-1569.561	-1535.734	-33.82622	96385.18	9.94758	0.995909	0.998951	1.00104	1.0041	7.204134
91300	-1564.318	-1534.937	-29.38043	98132.41	10.3056	0.995945	0.998961	1.00103	1.00406	6.807148
91400	-1573.58	-1543.258	-30.32236	606393.7	10.77888	0.998368	0.999583	1.00042	1.00163	6.940946
91500	-1580.916	-1544.142	-36.77402	513330.1	12.71594	0.998226	0.999546	1.00045	1.00177	7.465247
91600	-1564.732	-1520.986	-43.74578	695243.4	8.856607	0.998476	0.99961	1.00039	1.00152	8.121325
91700	-1572.827	-1543.842	-28.98548	21815.96	13.4547	0.991407	0.997789	1.00218	1.00862	6.82226
91800	-1562.474	-1531.783	-30.69064	787593.4	10.84628	0.998568	0.999634	1.00037	1.00143	6.979377
91900	-1562.562	-1537.12	-25.4419	833060.3	11.92281	0.998608	0.999644	1.00036	1.00139	6.565557
92000	-1580.025	-1545.712	-34.31363	124017.2	10.69607	0.996393	0.999076	1.00092	1.00361	7.308097
92100	-1582.154	-1545.299	-36.85549	771019.7	10.89344	0.998553	0.99963	1.00037	1.00145	7.548072
92200	-1550.701	-1527.158	-23.54278	538482.2	10.59709	0.998268	0.999557	1.00044	1.00173	6.287255
92300	-1568.088	-1538.812	-29.27678	304564.7	13.37114	0.997698	0.999411	1.00059	1.0023	6.848327
92400	-1567.881	-1535.177	-32.7035	104518.5	12.13762	0.996071	0.998993	1.001	1.00393	7.169141
92500	-1563.637	-1535.119	-28.51766	671569	10.50966	0.998449	0.999603	1.0004	1.00155	6.747582
92600	-1567.327	-1533.587	-33.73935	327979.6	10.51758	0.997781	0.999432	1.00057	1.00222	7.244911
92700	-1560.137	-1539.897	-20.24004	327508	12.62241	0.99778	0.999432	1.00057	1.00222	6.162439
92800	-1568.158	-1536.574	-31.58419	91042.41	10.54607	0.99579	0.998921	1.00107	1.00422	7.042245
92900	-1546.128	-1518.752	-27.37599	444455.1	12.41828	0.998094	0.999512	1.00049	1.00191	6.730059
93000	-1574.605	-1548.105	-26.50062	423292.4	11.76005	0.998047	0.9995	1.0005	1.00195	6.649871
93100	-1575.838	-1552.317	-23.52128	672975.4	14.40976	0.998451	0.999604	1.0004	1.00155	6.382155
93200	-1559.766	-1532.588	-27.17752	982300.1	11.08505	0.998718	0.999672	1.00033	1.00128	6.674782
93300	-1556.24	-1529.091	-27.14852	965259.6	12.3775	0.998707	0.999669	1.00033	1.00129	6.711925
93400	-1587.168	-1552.571	-34.59725	45221.52	12.40816	0.994029	0.998467	1.00152	1.00598	7.312103
93500	-1580.628	-1544.154	-36.47386	39935.92	11.91538	0.993647	0.998368	1.00162	1.00637	7.491187
93600	-1573.344	-1546.493	-26.85113	312608.7	12.24298	0.997727	0.999418	1.00058	1.00227	6.687712
93700	-1579.326	-1549.982	-29.34389	310656.2	11.84604	0.99772	0.999417	1.00058	1.00228	6.892442
93800	-1558.569	-1531.662	-26.90696	337821.6	10.02813	0.997814	0.999441	1.00056	1.00219	6.523036
93900	-1558.719	-1529.062	-29.65717	328392.5	11.49816	0.997783	0.999433	1.00057	1.00222	6.913927
94000	-1569.206	-1533.428	-35.77786	948989	9.427814	0.998695	0.999666	1.00033	1.00131	7.335504
94100	-1568.542	-1538.548	-29.99373	435008.3	11.42981	0.998073	0.999507	1.00049	1.00193	6.941575
94200	-1570.821	-1537.229	-33.59153	273442.4	10.64538	0.99757	0.999378	1.00062	1.00243	7.238086
94300	-1571.144	-1540.883	-30.26034	995612.6	10.96363	0.998726	0.999674	1.00033	1.00127	6.946715
94400	-1561.944	-1538.767	-23.1772	384055.3	11.96935	0.99795	0.999475	1.00052	1.00205	6.377708
94500	-1580.211	-1536.293	-43.91735	575912.7	12.30135	0.998326	0.999572	1.00043	1.00168	8.075241
94600	-1595.604	-1558.546	-37.05861	937938.1	13.07711	0.998688	0.999664	1.00033	1.00131	7.457349
94700	-1563.166	-1535.386	-27.78035	281786.5	11.84077	0.997606	0.999387	1.00061	1.0024	6.760357
94800	-1569.214	-1534.714	-34.50036	595802.2	10.6783	0.998354	0.999579	1.00042	1.00165	7.324842
94900	-1555.461	-1529.785	-25.67573	362453.2	12.06008	0.997889	0.99946	1.00054	1.00211	6.588621
95000	-1581.935	-1542.013	-39.92187	711289.1	10.79971	0.998493	0.999615	1.00038	1.00151	7.831235
95100	-1562.78	-1534.413	-28.36761	151687.5	13.29833	0.996738	0.999165	1.00083	1.00327	6.78365
95200	-1577.382	-1543.467	-33.91431	901356.8	8.427901	0.998661	0.999658	1.00034	1.00134	6.877666
95300	-1559.041	-1524.964	-34.07651	716274.7	11.38551	0.998498	0.999616	1.00038	1.0015	7.298965
95400	-1568.324	-1531.154	-37.16954	119442.3	11.75073	0.996324	0.999058	1.00094	1.00368	7.557506
95500	-1555.735	-1531.545	-24.18985	854388	12.60626	0.998625	0.999648	1.00035	1.00138	6.475279
95600	-1572.437	-1537.251	-35.18621	44386.06	10.98791	0.993973	0.998453	1.00153	1.00604	7.396334
95700	-1569.916	-1537.375	-32.5409	68322.52	11.76677	0.995141	0.998754	1.00124	1.00487	7.163419
95800	-1566.759	-1532.863	-33.89545	728074.3	12.26068	0.998511	0.999619	1.00038	1.00149	7.26233
95900	-1576.747	-1537.426	-39.32188	601540.4	10.08267	0.998362	0.999581	1.00042	1.00164	7.763706
96000	-1561.593	-1532.871	-28.72186	310603.4	12.18216	0.99772	0.999417	1.00058	1.00228	6.840914
96100	-1564.76	-1529.92	-34.83945	242693.1	9.71152	0.997421	0.99934	1.00066	1.00258	7.278237
96200	-1549.591	-1519.49	-30.10145	164417.1	11.69967	0.996867	0.999198	1.0008	1.00314	6.955596
96300	-1548.428	-1524.178	-24.24993	402931	13.58943	0.997998	0.999488	1.00051	1.002	6.466489
96400	-1576.179	-1538.929	-37.24994	879549.4	8.986193	0.998645	0.999653	1.00035	1.00136	7.415854
96500	-1562.952	-1535.071	-27.88058	999868.1	11.74055	0.998729	0.999675	1.00032	1.00127	6.766771
96600	-1569.029	-1539.605	-29.42407	278667.7	10.61807	0.997593	0.999384	1.00061	1.00241	6.844165
96700	-1573.134	-1534.669	-38.46528	514639.4	12.30354	0.998229	0.999547	1.00045	1.00177	7.631866
96800	-1574.425	-1541.1	-33.32444	940783.3	12.55758	0.99869	0.999665	1.00033	1.00131	7.202384
96900	-1591.426	-1552.33	-39.0958	193312.3	12.82252	0.99711	0.99926	1.00074	1.00289	7.637934
97000	-1589.051	-1555.273	-33.77852	8433.867	12.00587	0.986193	0.996431	1.0035	1.01387	7.262279
97100	-1563.652	-1528.698	-34.9536	102926	9.631653	0.996041	0.998985	1.00101	1.00396	7.279222
97200	-1556.485	-1528.451	-28.03423	387953.9	10.43778	0.99796	0.999478	1.00052	1.00204	6.693223
97300	-1558.094	-1531.32	-26.77422	468018.5	10.38653	0.998143	0.999525	1.00047	1.00186	6.565644
97400	-1574.836	-1540.861	-33.97474	338869.9	10.91894	0.997817	0.999441	1.00056	1.00218	7.284349
97500	-1560.545	-1533.145	-27.40082	706787.7	12.31827	0.998488	0.999613	1.00039	1.00151	6.732542
97600	-1569.536	-1541.506	-28.03012	262389	11.15883	0.99752	0.999365	1.00063	1.00248	6.756264
97700	-1569.329	-1528.432	-40.89626	185423.7	11.57205	0.99705	0.999244	1.00075	1.00295	7.886782
97800	-1561.733	-1533.4	-28.33348	682760.8	11.579	0.998462	0.999607	1.00039	1.00154	6.801374
97900	-1567.073	-1543.038	-24.03505	122236.7	12.64029	0.996367	0.999069	1.00093	1.00364	6.46319
98000	-1561.755	-1531.774	-29.9808	744001	13.51939	0.998527	0.999623	1.00038	1.00147	6.892437
98100	-1581.488	-1546.873	-34.61473	962362.1	13.86815	0.998705	0.999669	1.00033	1.0013	7.204326
98200	-1563.171	-1535.424	-27.74711	950818.7	13.72839	0.998697	0.999667	1.00033	1.0013	6.716741
98300	-1575.556	-1543.945	-31.61142	642282.5	11.8339	0.998414	0.999594	1.0004	1.00159	7.083966
98400	-1578.509	-1548.076	-30.43264	895701.1	9.981396	0.998657	0.999657	1.00034	1.00134	6.867959
98500	-1569.986	-1532.295	-37.6913	288678.3	10.45563	0.997635	0.999395	1.0006	1.00237	7.618969
98600	-1565.642	-1533.547	-32.09524	631961.1	11.76991	0.998401	0.999591	1.00041	1.0016	7.125517
98700	-1565.564	-1536.993	-28.57097	923206.3	13.00274	0.998677	0.999662	1.00034	1.00132	6.811105
98800	-1578.16	-1545.246	-32.91375	63154.68	9.85817	0.994947	0.998704	1.00129	1.00506	7.100879
98900	-1577.041	-1540.027	-37.01365	593850.4	12.45687	0.998351	0.999578	1.00042	1.00165	7.503444
99000	-1586.885	-1559.668	-27.2173	996567.8	12.35145	0.998727	0.999674	1.00032	1.00127	6.717572
99100	-1563.999	-1527.714	-36.28554	610230.4	9.603394	0.998373	0.999584	1.00042	1.00163	7.413918
99200	-1553.889	-1532.401	-21.48801	744504.7	12.38056	0.998527	0.999623	1.00038	1.00147	6.254704
99300	-1549.656	-1528.123	-21.53384	421691.6	14.11488	0.998043	0.999499	1.0005	1.00196	6.254349
99400	-1563.373	-1530.814	-32.55914	320651.5	12.80348	0.997756	0.999426	1.00057	1.00225	7.129186
99500	-1564.046	-1541.282	-22.76407	210282.7	11.28617	0.997229	0.999291	1.00071	1.00277	6.296642
99600	-1574.817	-1545.387	-29.42934	86309.21	12.09862	0.995677	0.998892	1.0011	1.00433	6.899662
99700	-1564.221	-1533.539	-30.68229	100336.5	14.50303	0.99599	0.998972	1.00102	1.00402	6.871397
99800	-1583.802	-1544.608	-39.19434	298894.1	12.09657	0.997676	0.999405	1.00059	1.00233	7.706929
99900	-1578.898	-1542.46	-36.438	520613.6	14.23819	0.998239	0.999549	1.00045	1.00176	7.297151
100000	-1582.539	-1544.824	-37.71427	156415.4	11.71413	0.996788	0.999177	1.00082	1.00322	7.605609
