Iteration	Posterior	Likelihood	Prior	alpha_morpho	br_len_lambda	rates_morpho[1]	rates_morpho[2]	rates_morpho[3]	rates_morpho[4]	tree_length
0	-2713.786	-2590.053	-123.7332	876133.7	3.825838	0.998642	0.999653	1.00035	1.00136	21.32165
100	-1583.513	-1548.672	-34.84121	572717	10.58941	0.998321	0.99957	1.00043	1.00168	7.353098
200	-1576.103	-1541.02	-35.08328	686182.1	9.078984	0.998466	0.999608	1.00039	1.00153	7.19555
300	-1569.362	-1535.015	-34.34703	40239.47	12.34359	0.993671	0.998374	1.00161	1.00634	7.295199
400	-1583.126	-1546.171	-36.95537	691100.7	11.81552	0.998471	0.999609	1.00039	1.00153	7.536397
500	-1594.652	-1549.731	-44.92148	928658.5	9.688648	0.998681	0.999663	1.00034	1.00132	8.315806
600	-1578.639	-1540.063	-38.57585	246968.1	12.10195	0.997443	0.999346	1.00065	1.00256	7.65543
700	-1566.259	-1534.682	-31.57777	732152	11.65724	0.998515	0.99962	1.00038	1.00149	7.081793
800	-1570.324	-1540.676	-29.64806	384744.1	12.67994	0.997951	0.999476	1.00052	1.00205	6.906017
900	-1566.077	-1536.25	-29.82708	496278.8	13.30523	0.998196	0.999539	1.00046	1.0018	6.893034
1000	-1564.773	-1533.915	-30.8589	150595.6	11.83935	0.996726	0.999161	1.00083	1.00328	7.020358
1100	-1569.511	-1542.157	-27.35459	368030.8	11.92697	0.997906	0.999464	1.00053	1.0021	6.726049
1200	-1573.082	-1539.411	-33.67079	146709.5	12.15215	0.996683	0.99915	1.00085	1.00332	7.248296
1300	-1575.565	-1543.308	-32.25733	141225.4	10.79017	0.99662	0.999134	1.00086	1.00338	7.121048
1400	-1572.176	-1542.532	-29.64448	432190.5	10.92069	0.998067	0.999505	1.00049	1.00193	6.887877
1500	-1564.491	-1535.877	-28.61418	884919.6	11.10996	0.998649	0.999655	1.00034	1.00135	6.805854
1600	-1560.005	-1532.663	-27.34118	304286.9	11.39651	0.997697	0.999411	1.00059	1.00231	6.70793
1700	-1582.64	-1548.795	-33.84533	829627.2	9.772929	0.998605	0.999643	1.00036	1.0014	7.184349
1800	-1565.217	-1535.457	-29.75956	178974.3	12.59022	0.996997	0.999231	1.00077	1.00301	6.917571
1900	-1559.074	-1534.083	-24.99081	954939.8	13.45731	0.9987	0.999667	1.00033	1.0013	6.525284
2000	-1559.501	-1528.257	-31.24388	735320.9	12.31087	0.998518	0.999621	1.00038	1.00148	7.044728
2100	-1577.584	-1544.139	-33.44538	589787.9	12.31	0.998345	0.999577	1.00042	1.00166	7.223591
2200	-1575.269	-1546.253	-29.01614	773437.2	13.72732	0.998555	0.99963	1.00037	1.00145	6.809243
2300	-1586.436	-1545.08	-41.35551	948076.2	9.014983	0.998695	0.999666	1.00033	1.00131	7.877108
2400	-1555.077	-1526.967	-28.1099	267431.8	12.22549	0.997543	0.999371	1.00063	1.00246	6.790588
2500	-1558.075	-1535.943	-22.13177	638888.7	11.79547	0.99841	0.999593	1.00041	1.00159	6.28059
2600	-1573.83	-1542.004	-31.82535	161470	11.03637	0.996839	0.99919	1.00081	1.00317	7.092346
2700	-1563.419	-1539.317	-24.10164	730691.1	13.50529	0.998513	0.99962	1.00038	1.00149	6.457952
2800	-1554.376	-1530.895	-23.48037	49425.01	12.50842	0.994288	0.998534	1.00145	1.00572	6.417826
2900	-1566.117	-1542.911	-23.20663	678092.5	12.11104	0.998457	0.999605	1.00039	1.00154	6.385778
3000	-1564.254	-1534.193	-30.06063	598565.8	10.42236	0.998358	0.99958	1.00042	1.00164	6.885793
3100	-1579.21	-1547.725	-31.48516	492347.3	14.47334	0.998189	0.999537	1.00046	1.00181	6.92934
3200	-1574.943	-1536.412	-38.53135	537042	10.2401	0.998266	0.999556	1.00044	1.00174	7.692679
3300	-1571.476	-1544.138	-27.33742	485555.1	9.96947	0.998176	0.999533	1.00047	1.00182	6.555751
3400	-1559.282	-1528.852	-30.43014	400011.3	10.39107	0.997991	0.999486	1.00051	1.00201	6.918096
3500	-1571.169	-1536.398	-34.77115	488069.3	10.61124	0.998181	0.999535	1.00046	1.00182	7.347452
3600	-1564.835	-1534.279	-30.55598	294498.9	14.0769	0.997659	0.999401	1.0006	1.00234	6.896411
3700	-1556.988	-1535.471	-21.51658	900689.5	14.03936	0.998661	0.999658	1.00034	1.00134	6.255358
3800	-1576.057	-1548.561	-27.49592	421974.8	13.70118	0.998044	0.9995	1.0005	1.00196	6.699836
3900	-1571.902	-1536.488	-35.41459	269616.8	12.55979	0.997553	0.999374	1.00062	1.00245	7.368688
4000	-1552.465	-1526.174	-26.29122	553808	11.604	0.998292	0.999563	1.00044	1.00171	6.626091
4100	-1576.64	-1536.421	-40.2188	152708.1	9.988987	0.996749	0.999167	1.00083	1.00325	7.848752
4200	-1555.076	-1529.848	-25.22862	610373.2	12.16676	0.998373	0.999584	1.00042	1.00163	6.553875
4300	-1569.996	-1544.185	-25.81144	245178.2	11.91997	0.997434	0.999343	1.00065	1.00257	6.596471
4400	-1561.18	-1527.21	-33.96939	531363.9	9.845939	0.998257	0.999554	1.00044	1.00174	7.206446
4500	-1562.326	-1532.087	-30.2391	990131.6	12.25642	0.998723	0.999673	1.00033	1.00128	6.964192
4600	-1572.11	-1540.284	-31.82674	403944.8	12.59967	0.998001	0.999488	1.00051	1.002	7.081361
4700	-1567.34	-1531.785	-35.55499	773071	12.76179	0.998555	0.99963	1.00037	1.00145	7.366158
4800	-1575.952	-1540.756	-35.19628	633104.6	12.77507	0.998403	0.999592	1.00041	1.0016	7.337134
4900	-1569.837	-1532.67	-37.16666	20972.87	11.31072	0.991237	0.997745	1.00223	1.00879	7.572228
5000	-1564.174	-1535.779	-28.39532	87829.74	10.88958	0.995714	0.998901	1.00109	1.00429	6.771147
5100	-1572.394	-1536.248	-36.14623	974298.7	11.20294	0.998713	0.999671	1.00033	1.00129	7.48327
5200	-1585.564	-1546.344	-39.21949	569428.4	9.95686	0.998316	0.999569	1.00043	1.00168	7.746857
5300	-1567.976	-1535.201	-32.77467	939756.1	10.44253	0.998689	0.999665	1.00033	1.00131	7.147746
5400	-1571.485	-1536.18	-35.30497	571310.7	13.90158	0.998319	0.99957	1.00043	1.00168	7.250893
5500	-1561.648	-1535.228	-26.4202	595016.7	13.50726	0.998353	0.999579	1.00042	1.00165	6.629552
5600	-1564.481	-1539.775	-24.70662	701293.7	16.22502	0.998483	0.999612	1.00039	1.00152	6.340377
5700	-1574.052	-1540.839	-33.21373	252106.7	13.69042	0.99747	0.999352	1.00065	1.00253	7.118032
5800	-1576.038	-1543.806	-32.23158	845531.3	11.58719	0.998618	0.999647	1.00035	1.00138	7.138026
5900	-1581.693	-1544.701	-36.99144	528442.2	10.3499	0.998252	0.999553	1.00045	1.00175	7.547754
6000	-1574.957	-1537.742	-37.2145	903865.8	8.297332	0.998663	0.999658	1.00034	1.00134	7.226833
6100	-1586.8	-1546.199	-40.60051	691427.9	11.70928	0.998472	0.999609	1.00039	1.00153	7.852327
6200	-1575.404	-1544.844	-30.55932	328168.2	11.13645	0.997782	0.999432	1.00057	1.00222	6.98203
6300	-1579.07	-1540.605	-38.46498	591336	12.49018	0.998348	0.999577	1.00042	1.00165	7.617271
6400	-1582.05	-1549.285	-32.76517	988968.3	13.02654	0.998722	0.999673	1.00033	1.00128	7.132202
6500	-1561.431	-1539.095	-22.33599	381300.3	13.71025	0.997942	0.999473	1.00053	1.00206	6.323018
6600	-1557.56	-1529.922	-27.63836	87028.82	12.11858	0.995695	0.998896	1.0011	1.00431	6.751743
6700	-1573.555	-1543.332	-30.22348	910994.4	12.63906	0.998669	0.99966	1.00034	1.00133	6.952811
6800	-1560.97	-1531.63	-29.34025	308016	14.29374	0.997711	0.999414	1.00058	1.00229	6.794607
6900	-1554.938	-1528.322	-26.61556	786481.2	15.60864	0.998567	0.999634	1.00037	1.00143	6.510043
7000	-1553.605	-1526.349	-27.25609	744948	12.77481	0.998528	0.999623	1.00038	1.00147	6.715602
7100	-1588.547	-1547.325	-41.22243	556897.8	9.762289	0.998297	0.999564	1.00043	1.0017	7.938585
7200	-1568.052	-1532.641	-35.4118	641103.5	10.71767	0.998413	0.999594	1.00041	1.00159	7.411428
7300	-1575.708	-1545.936	-29.77212	975198	14.61363	0.998713	0.999671	1.00033	1.00129	6.799785
7400	-1573.725	-1537.174	-36.55102	566402.4	11.90549	0.998312	0.999568	1.00043	1.00169	7.498129
7500	-1565.312	-1533.33	-31.98255	881474.6	11.01622	0.998646	0.999654	1.00035	1.00135	7.105854
7600	-1578.366	-1542.642	-35.72338	809258.2	12.6179	0.998587	0.999639	1.00036	1.00141	7.3894
7700	-1568.412	-1534.438	-33.97413	108987.5	10.04622	0.996152	0.999014	1.00098	1.00385	7.229644
7800	-1559.452	-1524.941	-34.51139	793422.4	13.75142	0.998573	0.999635	1.00036	1.00143	7.207415
7900	-1572.611	-1542.336	-30.27457	964635.9	16.40865	0.998706	0.999669	1.00033	1.00129	6.664812
8000	-1566.336	-1537.94	-28.39622	401983.9	11.89538	0.997996	0.999487	1.00051	1.00201	6.813057
8100	-1563.404	-1531.834	-31.56973	361791.4	11.90014	0.997888	0.999459	1.00054	1.00211	7.079789
8200	-1577.684	-1547.806	-29.87771	256505.3	11.66556	0.997491	0.999358	1.00064	1.00251	6.936065
8300	-1565.371	-1534.679	-30.69244	819901.4	10.9486	0.998597	0.999641	1.00036	1.0014	6.985342
8400	-1548.44	-1522.762	-25.67771	267500.7	10.66953	0.997543	0.999371	1.00063	1.00246	6.497581
8500	-1574.67	-1531.378	-43.29177	274854.5	11.8894	0.997576	0.99938	1.00062	1.00243	8.065833
8600	-1576.538	-1544.745	-31.79264	765345.7	13.49022	0.998547	0.999629	1.00037	1.00145	7.028472
8700	-1569.73	-1543.554	-26.17547	951474.4	13.27605	0.998697	0.999667	1.00033	1.0013	6.619514
8800	-1574.827	-1538.607	-36.22039	322010.3	12.8233	0.997761	0.999427	1.00057	1.00224	7.413627
8900	-1568.043	-1536.193	-31.85016	488237.2	11.41396	0.998181	0.999535	1.00046	1.00182	7.103804
9000	-1560.525	-1532.777	-27.74741	640041.9	11.95018	0.998412	0.999594	1.00041	1.00159	6.759297
9100	-1565.247	-1535.814	-29.43281	301381.4	12.38648	0.997686	0.999408	1.00059	1.00232	6.896308
9200	-1575.061	-1540.118	-34.94337	3968.023	11.37314	0.979894	0.994774	1.00508	1.02025	7.375217
9300	-1568.448	-1537.133	-31.31539	823458.4	13.15477	0.9986	0.999642	1.00036	1.0014	7.013815
9400	-1557.453	-1529.339	-28.11332	857796.1	12.15988	0.998628	0.999649	1.00035	1.00137	6.790973
9500	-1563.355	-1533.394	-29.96046	131056.5	11.18852	0.996491	0.999101	1.00089	1.00351	6.93052
9600	-1556.844	-1535.687	-21.15647	307948.4	11.45068	0.99771	0.999414	1.00058	1.00229	6.170333
9700	-1584.587	-1545.529	-39.058	470575.3	11.23509	0.998148	0.999526	1.00047	1.00185	7.742132
9800	-1563.21	-1538.665	-24.54433	816263	11.6769	0.998593	0.99964	1.00036	1.00141	6.479461
9900	-1571.033	-1546.401	-24.6325	419153	13.21732	0.998037	0.999498	1.0005	1.00196	6.504566
10000	-1569.71	-1531.242	-38.46732	664730.1	10.12286	0.998441	0.999601	1.0004	1.00156	7.681074
10100	-1553.146	-1536.809	-16.33646	177860.3	13.35109	0.996988	0.999229	1.00077	1.00302	5.880125
10200	-1580.322	-1544.555	-35.76707	968938.1	10.75827	0.998709	0.99967	1.00033	1.00129	7.4456
10300	-1571.375	-1542.22	-29.15553	552241.6	10.66569	0.99829	0.999563	1.00044	1.00171	6.823198
10400	-1555.587	-1526.865	-28.72167	625574.1	12.25995	0.998393	0.999589	1.00041	1.00161	6.840355
10500	-1578.859	-1546.463	-32.39639	269394.6	11.38236	0.997552	0.999373	1.00062	1.00245	7.151366
10600	-1583.473	-1543.843	-39.62977	972520.2	10.87806	0.998711	0.99967	1.00033	1.00129	7.803022
10700	-1567.753	-1529.653	-38.10061	510444	10.94236	0.998221	0.999545	1.00045	1.00178	7.662028
10800	-1565.511	-1537.786	-27.72433	115692.1	11.10234	0.996265	0.999043	1.00095	1.00374	6.72526
10900	-1564.468	-1534.152	-30.31636	347096.6	11.26004	0.997843	0.999448	1.00055	1.00216	6.964937
11000	-1557.37	-1524.746	-32.6242	63834.87	12.99908	0.994974	0.998711	1.00128	1.00504	7.123047
11100	-1599.582	-1559.151	-40.43109	417558.8	13.67949	0.998034	0.999497	1.0005	1.00197	7.646519
11200	-1569.271	-1531.722	-37.54959	9132.909	11.56843	0.986731	0.996572	1.00337	1.01333	7.59772
11300	-1567.468	-1533.336	-34.13273	814419.3	11.37165	0.998592	0.99964	1.00036	1.00141	7.303944
11400	-1576.861	-1543.76	-33.10165	687327.5	12.75389	0.998467	0.999608	1.00039	1.00153	7.174357
11500	-1570.079	-1538.738	-31.34103	349860.6	12.6635	0.997852	0.99945	1.00055	1.00215	7.040223
11600	-1556.799	-1539.854	-16.94441	76173.34	12.79097	0.995398	0.99882	1.00117	1.00461	5.909096
11700	-1571.863	-1537.327	-34.53572	733621.1	12.68682	0.998516	0.999621	1.00038	1.00148	7.291052
11800	-1574.282	-1545.195	-29.08749	520725.7	14.79664	0.998239	0.99955	1.00045	1.00176	6.738434
11900	-1560.479	-1528.679	-31.80011	84205	11.1834	0.995623	0.998878	1.00112	1.00438	7.094804
12000	-1577.359	-1548.699	-28.65928	527869.4	14.14965	0.998251	0.999553	1.00045	1.00175	6.756846
12100	-1552.13	-1526.086	-26.0445	514697.2	12.18509	0.998229	0.999547	1.00045	1.00177	6.621174
12200	-1567.802	-1544.998	-22.80445	662164	13.0344	0.998438	0.999601	1.0004	1.00156	6.367527
12300	-1562.284	-1533.139	-29.14507	460152.9	14.8955	0.998127	0.999521	1.00048	1.00187	6.734249
12400	-1568.532	-1539.413	-29.11857	51810.25	13.44001	0.994421	0.998568	1.00142	1.00559	6.83293
12500	-1570.633	-1536.58	-34.0525	511788.4	13.38969	0.998224	0.999546	1.00045	1.00178	7.204035
12600	-1544.815	-1519.268	-25.54764	505340.1	12.31958	0.998212	0.999543	1.00046	1.00179	6.582113
12700	-1558.824	-1537.045	-21.77854	808732.4	16.99078	0.998587	0.999639	1.00036	1.00141	6.103981
12800	-1567.976	-1543.351	-24.62553	728370.3	13.63953	0.998511	0.999619	1.00038	1.00149	6.492472
12900	-1565.465	-1534.869	-30.5962	409106.2	11.81312	0.998013	0.999492	1.00051	1.00199	6.998193
13000	-1561.627	-1542.088	-19.53859	673168.1	13.47326	0.998451	0.999604	1.0004	1.00155	6.120125
13100	-1564.566	-1534.326	-30.24012	348542.1	10.92007	0.997848	0.999449	1.00055	1.00215	6.942384
13200	-1549.775	-1526.744	-23.0309	230271	14.61198	0.997352	0.999322	1.00068	1.00265	6.33857
13300	-1559.342	-1531.951	-27.39144	920566.8	11.52152	0.998675	0.999661	1.00034	1.00133	6.717825
13400	-1572	-1547.654	-24.34598	926206.5	11.59584	0.99868	0.999662	1.00034	1.00132	6.457986
13500	-1562.829	-1535.08	-27.74915	871065.7	12.61969	0.998638	0.999652	1.00035	1.00136	6.75739
13600	-1572.129	-1537.368	-34.76131	561298.8	12.27132	0.998304	0.999566	1.00043	1.0017	7.332427
13700	-1571.668	-1537.507	-34.1612	685803.9	12.43483	0.998466	0.999608	1.00039	1.00154	7.275601
13800	-1578.181	-1545.08	-33.10057	884815.9	11.97314	0.998649	0.999655	1.00034	1.00135	7.206676
13900	-1575.862	-1536.61	-39.25194	371940.4	10.30547	0.997917	0.999467	1.00053	1.00208	7.765023
14000	-1551.311	-1521.91	-29.4011	547424.4	10.85228	0.998283	0.999561	1.00044	1.00172	6.860912
14100	-1574.126	-1536.966	-37.16009	762099.6	11.78539	0.998544	0.999628	1.00037	1.00146	7.555131
14200	-1561.294	-1524.984	-36.30923	450625.6	13.11818	0.998107	0.999516	1.00048	1.00189	7.396569
14300	-1549.342	-1529.6	-19.74158	565085.9	12.13575	0.99831	0.999568	1.00043	1.00169	6.10112
14400	-1575.351	-1541.798	-33.55251	862408.8	12.6428	0.998632	0.99965	1.00035	1.00137	7.215999
14500	-1583.917	-1546.441	-37.47525	599859.2	11.48758	0.998359	0.99958	1.00042	1.00164	7.594235
14600	-1562.465	-1531.963	-30.50218	449891.8	10.06793	0.998106	0.999515	1.00048	1.0019	6.886995
14700	-1583.646	-1539.925	-43.72161	624568.6	9.289639	0.998392	0.999589	1.00041	1.00161	8.167611
14800	-1559.349	-1527.852	-31.49737	339358.7	12.10058	0.997819	0.999442	1.00056	1.00218	7.070554
14900	-1566.511	-1526.011	-40.50066	960191.4	10.81458	0.998703	0.999668	1.00033	1.0013	7.884527
15000	-1586.391	-1547.062	-39.3289	453167.1	10.43811	0.998112	0.999517	1.00048	1.00189	7.775323
15100	-1586.273	-1548.684	-37.58887	328298.6	9.266607	0.997782	0.999433	1.00057	1.00222	7.503828
15200	-1563.898	-1531.819	-32.07906	365164.8	11.08401	0.997897	0.999462	1.00054	1.0021	7.116924
15300	-1563.888	-1543.131	-20.75764	823496.6	14.21479	0.9986	0.999642	1.00036	1.0014	6.196556
15400	-1563.848	-1528.992	-34.85619	122494.5	10.28045	0.996371	0.99907	1.00093	1.00363	7.336726
15500	-1568.453	-1536.575	-31.8772	247167.8	10.84412	0.997444	0.999346	1.00065	1.00256	7.088665
15600	-1583.589	-1546.797	-36.79195	223407.8	13.29652	0.997312	0.999312	1.00069	1.00269	7.417305
15700	-1565.376	-1535.056	-30.31957	425846.7	11.19959	0.998053	0.999502	1.0005	1.00195	6.963042
15800	-1568.168	-1538.022	-30.1461	96939.47	12.48925	0.99592	0.998954	1.00104	1.00409	6.951262
15900	-1566.952	-1539.645	-27.30706	476763	12.75854	0.99816	0.999529	1.00047	1.00184	6.719924
16000	-1564.507	-1537.689	-26.81816	233632.2	12.17536	0.997371	0.999327	1.00067	1.00263	6.684591
16100	-1551.489	-1518.903	-32.5858	619838.9	10.45908	0.998386	0.999587	1.00041	1.00161	7.130931
16200	-1555.625	-1529.457	-26.1679	714939.2	12.36903	0.998497	0.999616	1.00038	1.0015	6.632673
16300	-1560.706	-1529.089	-31.617	601259.4	11.32576	0.998361	0.999581	1.00042	1.00164	7.081877
16400	-1571.124	-1545.408	-25.71578	982217.9	12.30977	0.998718	0.999672	1.00033	1.00128	6.595676
16500	-1577.26	-1540.212	-37.04708	242597.1	10.55778	0.99742	0.99934	1.00066	1.00258	7.560575
16600	-1571.736	-1538.267	-33.46841	263467.8	12.35445	0.997525	0.999366	1.00063	1.00248	7.223544
16700	-1571.02	-1533.279	-37.74061	565240.7	11.89108	0.99831	0.999568	1.00043	1.00169	7.598841
16800	-1574.464	-1544.172	-30.29195	784514.4	13.17235	0.998565	0.999633	1.00037	1.00144	6.935109
16900	-1569.189	-1530.861	-38.32811	930947.9	10.28191	0.998683	0.999663	1.00034	1.00132	7.674503
17000	-1567.952	-1533.613	-34.33932	648939.3	9.62047	0.998423	0.999597	1.0004	1.00158	7.213799
17100	-1565.569	-1543.338	-22.23117	600893.1	13.12998	0.998361	0.999581	1.00042	1.00164	6.323355
17200	-1574.378	-1551.68	-22.69776	785041.4	13.34589	0.998566	0.999633	1.00037	1.00143	6.356661
17300	-1560.113	-1535.681	-24.43187	9291.136	11.4968	0.986844	0.996601	1.00334	1.01322	6.459393
17400	-1563.942	-1537.493	-26.44886	185575.8	11.2515	0.997051	0.999245	1.00075	1.00295	6.620912
17500	-1564.146	-1532.599	-31.54737	296566.5	11.82604	0.997667	0.999403	1.0006	1.00234	7.078616
17600	-1553.375	-1529.329	-24.04561	783010.5	13.12311	0.998564	0.999633	1.00037	1.00144	6.461643
17700	-1569.518	-1540.65	-28.86792	906577.9	15.39171	0.998665	0.999659	1.00034	1.00134	6.673661
17800	-1581.365	-1547.097	-34.26753	874020.3	10.67199	0.998641	0.999652	1.00035	1.00136	7.302766
17900	-1586.133	-1547.068	-39.06581	515515.9	10.54307	0.99823	0.999547	1.00045	1.00177	7.751636
18000	-1561.802	-1533.388	-28.41463	349713.4	14.31633	0.997851	0.99945	1.00055	1.00215	6.728291
18100	-1570.925	-1533.412	-37.51271	976467.2	11.36235	0.998714	0.999671	1.00033	1.00129	7.601437
18200	-1579.084	-1543.094	-35.98935	3332.952	11.52543	0.978069	0.994291	1.00554	1.0221	7.463975
18300	-1569.595	-1539.963	-29.63177	41116.21	11.32979	0.993738	0.998392	1.00159	1.00628	6.906733
18400	-1578.532	-1546.038	-32.49398	586872.9	11.33478	0.998341	0.999576	1.00042	1.00166	7.159422
18500	-1588.814	-1544.133	-44.68102	278612.2	13.91121	0.997593	0.999384	1.00061	1.00241	7.923959
18600	-1555.711	-1525.593	-30.11808	744410.2	10.84048	0.998527	0.999623	1.00038	1.00147	6.926206
18700	-1586.135	-1543.545	-42.59005	24509.53	13.92187	0.991892	0.997915	1.00206	1.00813	7.772222
18800	-1575.243	-1544.648	-30.59457	221953.1	10.78052	0.997303	0.99931	1.00069	1.0027	6.966309
18900	-1589.981	-1546.677	-43.30446	34252.68	10.38745	0.99314	0.998237	1.00175	1.00688	8.157135
19000	-1559.829	-1526.884	-32.94538	433551	10.88381	0.99807	0.999506	1.00049	1.00193	7.188761
19100	-1559.528	-1534.356	-25.17247	834614.6	12.42037	0.998609	0.999644	1.00036	1.00139	6.552633
19200	-1573.352	-1542.888	-30.46331	367187.7	12.21026	0.997903	0.999463	1.00054	1.0021	6.983371
19300	-1578.126	-1553.154	-24.97209	674417.6	11.64006	0.998453	0.999604	1.00039	1.00155	6.514275
19400	-1550.099	-1531.585	-18.51329	507709.7	14.28921	0.998217	0.999544	1.00046	1.00178	6.037238
19500	-1565.545	-1542.201	-23.34411	781995.6	12.8132	0.998563	0.999632	1.00037	1.00144	6.409478
19600	-1574.676	-1540.405	-34.27175	201719.6	11.46781	0.997171	0.999276	1.00072	1.00283	7.315558
19700	-1577.93	-1548.103	-29.82686	354254.6	10.9628	0.997865	0.999454	1.00054	1.00214	6.907127
19800	-1584.454	-1557.333	-27.12116	979621	11.47872	0.998716	0.999672	1.00033	1.00128	6.692513
19900	-1576.446	-1544.004	-32.44197	227998.9	11.36783	0.997339	0.999319	1.00068	1.00266	7.155222
20000	-1565.727	-1535.97	-29.75616	950557.3	11.73497	0.998697	0.999667	1.00033	1.0013	6.926468
20100	-1585.418	-1550.167	-35.25042	80588.79	11.87272	0.995526	0.998853	1.00114	1.00448	7.390098
20200	-1561.643	-1535.368	-26.27446	202595.9	13.94103	0.997177	0.999277	1.00072	1.00283	6.599322
20300	-1562.23	-1532.802	-29.42745	312272.2	10.49871	0.997726	0.999418	1.00058	1.00228	6.833046
20400	-1558.564	-1533.247	-25.31721	81936.75	13.84464	0.995563	0.998862	1.00113	1.00444	6.534921
20500	-1569.426	-1542.136	-27.29031	591824.2	13.11917	0.998348	0.999577	1.00042	1.00165	6.709023
20600	-1569.244	-1540.295	-28.94814	350032.1	13.08617	0.997852	0.99945	1.00055	1.00215	6.836773
20700	-1570.763	-1535.947	-34.8161	688067.6	9.365376	0.998468	0.999608	1.00039	1.00153	7.222741
20800	-1573.744	-1540.444	-33.30025	694128.8	13.95181	0.998475	0.99961	1.00039	1.00153	7.102353
20900	-1574.816	-1542.089	-32.72728	166912.7	14.15676	0.99689	0.999204	1.00079	1.00311	7.043722
21000	-1564.557	-1529.362	-35.19488	767889	12.57854	0.99855	0.999629	1.00037	1.00145	7.350019
21100	-1575.64	-1539.24	-36.40043	465450.9	11.83667	0.998137	0.999524	1.00048	1.00186	7.488533
21200	-1563.861	-1537.99	-25.87185	209524.7	11.56503	0.997224	0.999289	1.00071	1.00278	6.588106
21300	-1577.639	-1546.744	-30.8954	651112.3	13.40381	0.998425	0.999597	1.0004	1.00158	6.967381
21400	-1552.9	-1530.532	-22.36782	963216	15.0712	0.998705	0.999669	1.00033	1.0013	6.269863
21500	-1571.422	-1542.53	-28.89234	641826.7	10.04973	0.998414	0.999594	1.0004	1.00159	6.724339
21600	-1575.715	-1542.422	-33.29222	418480.1	14.22725	0.998036	0.999497	1.0005	1.00197	7.077214
21700	-1578.201	-1550.296	-27.90454	55594.67	13.97527	0.994614	0.998618	1.00137	1.0054	6.714224
21800	-1567.351	-1531.175	-36.1762	297572.3	10.84254	0.997671	0.999404	1.00059	1.00233	7.485079
21900	-1575.893	-1546.87	-29.02314	651374.1	11.48798	0.998425	0.999597	1.0004	1.00158	6.858486
22000	-1561.931	-1534.614	-27.31738	559668.1	11.85556	0.998301	0.999566	1.00043	1.0017	6.721573
22100	-1570.534	-1544.216	-26.31849	48872.01	11.80331	0.994256	0.998526	1.00146	1.00576	6.635777
22200	-1574.484	-1542.778	-31.70596	345287.1	14.66579	0.997838	0.999447	1.00055	1.00216	6.927401
22300	-1589.965	-1551.668	-38.29635	332670.7	9.827498	0.997797	0.999436	1.00056	1.0022	7.644421
22400	-1559.445	-1537.877	-21.56787	467153.3	13.42712	0.998141	0.999524	1.00047	1.00186	6.27126
22500	-1576.92	-1538.102	-38.81892	153970.8	9.202101	0.996762	0.999171	1.00083	1.00324	7.626977
22600	-1557.49	-1530.812	-26.67825	181316.9	12.14888	0.997016	0.999236	1.00076	1.00299	6.672848
22700	-1559.355	-1525.41	-33.94456	7515.111	11.71322	0.985376	0.996217	1.00371	1.0147	7.283818
22800	-1556.17	-1531.137	-25.03285	294838	14.80899	0.99766	0.999401	1.0006	1.00234	6.463641
22900	-1572.358	-1544.059	-28.29942	346924.8	12.39874	0.997843	0.999448	1.00055	1.00216	6.804662
23000	-1570.071	-1538.104	-31.96604	389821.2	9.351917	0.997965	0.999479	1.00052	1.00204	6.915596
23100	-1566.706	-1540.035	-26.67126	562248.1	13.25817	0.998305	0.999567	1.00043	1.0017	6.657466
23200	-1567.179	-1537.508	-29.6708	64152.93	10.52863	0.994986	0.998714	1.00128	1.00502	6.859148
23300	-1565.967	-1527.21	-38.75693	526536.1	9.722592	0.998249	0.999552	1.00045	1.00175	7.682607
23400	-1566.787	-1536.07	-30.71671	312732.7	12.40055	0.997728	0.999419	1.00058	1.00227	6.999575
23500	-1579.906	-1545.116	-34.79003	704612.8	10.55539	0.998486	0.999613	1.00039	1.00151	7.34668
23600	-1571.278	-1543.13	-28.14732	390545.4	9.918296	0.997967	0.99948	1.00052	1.00203	6.628161
23700	-1567.45	-1532.996	-34.4533	849526.4	9.406809	0.998621	0.999647	1.00035	1.00138	7.191367
23800	-1593.004	-1558.198	-34.8064	103016.1	12.22447	0.996042	0.998986	1.00101	1.00396	7.338386
23900	-1555.86	-1532.514	-23.3459	367472.2	12.69286	0.997904	0.999464	1.00053	1.0021	6.409092
24000	-1566.247	-1529.91	-36.33708	685930	9.285719	0.998466	0.999608	1.00039	1.00154	7.372024
24100	-1577.508	-1540.529	-36.97876	705595.3	9.912858	0.998487	0.999613	1.00039	1.00151	7.518112
24200	-1566.833	-1537.996	-28.8371	447158	11.93175	0.9981	0.999514	1.00048	1.0019	6.850379
24300	-1556.32	-1538.478	-17.84184	251741.8	12.78949	0.997468	0.999352	1.00065	1.00253	5.979204
24400	-1565.557	-1531.655	-33.90238	826023.4	10.73589	0.998602	0.999642	1.00036	1.0014	7.271363
24500	-1572.328	-1538.741	-33.58747	199379.7	12.0023	0.997155	0.999271	1.00073	1.00285	7.246475
24600	-1565.782	-1532.467	-33.31509	473804.5	13.15277	0.998154	0.999528	1.00047	1.00185	7.165965
24700	-1568.38	-1542.718	-25.6621	707391.9	12.47408	0.998489	0.999614	1.00039	1.00151	6.592212
24800	-1544.7	-1529.723	-14.97715	135434.9	14.20096	0.996548	0.999116	1.00088	1.00346	5.78991
24900	-1571.621	-1533.124	-38.49757	196834.4	12.67206	0.997136	0.999267	1.00073	1.00287	7.604614
25000	-1578.31	-1547.825	-30.48537	419215.3	12.28479	0.998037	0.999498	1.0005	1.00196	6.983691
25100	-1564.067	-1534.003	-30.06454	714779	12.47592	0.998497	0.999616	1.00038	1.0015	6.94509
25200	-1563.123	-1532.546	-30.5763	640644.2	12.3498	0.998412	0.999594	1.00041	1.00159	6.989566
25300	-1586.502	-1553.277	-33.22476	288613.6	10.60927	0.997635	0.999395	1.0006	1.00237	7.201608
25400	-1568.526	-1542.898	-25.62816	268459.8	14.71858	0.997548	0.999372	1.00063	1.00245	6.509653
25500	-1554.177	-1527.637	-26.53961	39080.47	11.67811	0.993577	0.99835	1.00163	1.00644	6.65038
25600	-1562.332	-1526.914	-35.41741	884557	11.6396	0.998649	0.999654	1.00034	1.00135	7.411647
25700	-1575.84	-1543.157	-32.68314	672792.8	12.56172	0.998451	0.999604	1.0004	1.00155	7.151123
25800	-1571.131	-1536.683	-34.44856	421812	10.5305	0.998044	0.999499	1.0005	1.00196	7.313035
25900	-1585.604	-1547.09	-38.51388	279419.4	14.35317	0.997596	0.999385	1.00061	1.00241	7.429353
26000	-1581.092	-1538.292	-42.80021	319309.3	10.81899	0.997751	0.999425	1.00057	1.00225	8.096982
26100	-1561.891	-1532.669	-29.22225	292082.8	11.50316	0.997649	0.999398	1.0006	1.00235	6.876239
26200	-1557.795	-1532.435	-25.3602	788761.4	12.40578	0.998569	0.999634	1.00037	1.00143	6.567653
26300	-1568.853	-1540.605	-28.24852	364180.3	12.58038	0.997894	0.999461	1.00054	1.00211	6.797745
26400	-1581.743	-1543.63	-38.11335	582565.6	10.56872	0.998335	0.999574	1.00042	1.00167	7.66176
26500	-1561.807	-1530.258	-31.54976	909040.5	11.00359	0.998667	0.999659	1.00034	1.00133	7.066047
26600	-1560.062	-1533.92	-26.14186	347120.2	11.11816	0.997843	0.999448	1.00055	1.00216	6.58396
26700	-1585.269	-1555.403	-29.86585	382906.6	12.62859	0.997947	0.999475	1.00052	1.00205	6.924845
26800	-1556.918	-1537.252	-19.66622	246958.3	13.33688	0.997443	0.999346	1.00065	1.00256	6.129482
26900	-1559.901	-1540.733	-19.16875	806972.5	12.86519	0.998585	0.999638	1.00036	1.00142	6.084975
27000	-1563.579	-1530.921	-32.65868	317450.3	11.36392	0.997745	0.999423	1.00058	1.00226	7.174249
27100	-1570.545	-1534.724	-35.82136	972717	9.303552	0.998711	0.999671	1.00033	1.00129	7.319606
27200	-1573.014	-1538.496	-34.51821	660758.7	11.6819	0.998437	0.9996	1.0004	1.00156	7.333506
27300	-1568.946	-1534.305	-34.64108	703935.2	12.89487	0.998485	0.999613	1.00039	1.00152	7.285581
27400	-1566.343	-1533.964	-32.37847	479511.9	13.71506	0.998165	0.999531	1.00047	1.00184	7.055127
27500	-1572.218	-1539.414	-32.80358	799053.2	12.61587	0.998578	0.999636	1.00036	1.00142	7.158097
27600	-1574.964	-1544.356	-30.60871	499127.2	10.19106	0.998201	0.99954	1.00046	1.0018	6.913209
27700	-1568.672	-1534.618	-34.05431	145239.9	11.4097	0.996667	0.999146	1.00085	1.00334	7.296932
27800	-1555.51	-1530.497	-25.01382	53306.27	11.20268	0.9945	0.998588	1.0014	1.00551	6.489545
27900	-1568.759	-1544.362	-24.39692	469873.6	12.9924	0.998146	0.999526	1.00047	1.00185	6.490212
28000	-1566.333	-1535.964	-30.36922	908868	11.46395	0.998667	0.999659	1.00034	1.00133	6.975175
28100	-1567.146	-1534.324	-32.82241	233548.2	10.16128	0.997371	0.999327	1.00067	1.00263	7.127432
28200	-1553.707	-1532.395	-21.31173	205837.6	12.94847	0.9972	0.999283	1.00071	1.0028	6.25241
28300	-1577.135	-1543.462	-33.67266	256875.9	10.02361	0.997493	0.999358	1.00064	1.00251	7.19722
28400	-1569.046	-1538.595	-30.45136	35023.12	11.56307	0.993216	0.998257	1.00173	1.0068	6.984057
28500	-1576.548	-1537.553	-38.99413	34284.96	10.38421	0.993144	0.998238	1.00175	1.00687	7.742104
28600	-1585.118	-1550.815	-34.30289	426568.2	13.25255	0.998054	0.999502	1.0005	1.00195	7.233516
28700	-1590.111	-1545.877	-44.23436	448585.5	9.542326	0.998103	0.999515	1.00048	1.0019	8.238827
28800	-1561.33	-1531.95	-29.37975	6358.008	10.93178	0.984104	0.995884	1.00403	1.01599	6.864363
28900	-1578.862	-1550.826	-28.03593	677970.9	12.40583	0.998457	0.999605	1.00039	1.00154	6.783337
29000	-1576.684	-1546.404	-30.2797	289971.9	11.69618	0.99764	0.999396	1.0006	1.00236	6.970803
29100	-1565.066	-1533.468	-31.59721	736195.3	13.66611	0.998519	0.999621	1.00038	1.00148	7.001708
29200	-1562.332	-1533.09	-29.2421	591791.8	14.12922	0.998348	0.999577	1.00042	1.00165	6.799461
29300	-1579.5	-1546.453	-33.04664	738341.1	12.62662	0.998521	0.999622	1.00038	1.00148	7.176817
29400	-1582.285	-1545.061	-37.22368	262202.3	11.7695	0.997519	0.999365	1.00063	1.00248	7.56126
29500	-1559.825	-1535.855	-23.97007	560489.3	13.43075	0.998303	0.999566	1.00043	1.0017	6.450079
29600	-1569.158	-1535.757	-33.40107	579766.6	11.28649	0.998331	0.999573	1.00043	1.00167	7.239126
29700	-1579.562	-1549.301	-30.26051	813553.4	10.6783	0.998591	0.99964	1.00036	1.00141	6.92779
29800	-1575.675	-1545.484	-30.1912	214259.7	13.22946	0.997255	0.999297	1.0007	1.00275	6.924488
29900	-1569.29	-1536.509	-32.78091	429232.8	12.08233	0.998061	0.999504	1.00049	1.00194	7.17715
30000	-1568.516	-1534.833	-33.6821	194363.5	11.64188	0.997118	0.999262	1.00073	1.00288	7.262529
30100	-1570.325	-1533.122	-37.2028	257689.9	10.01033	0.997497	0.999359	1.00064	1.00251	7.548426
30200	-1557.755	-1528.969	-28.78566	664713.4	11.88116	0.998441	0.999601	1.0004	1.00156	6.845672
30300	-1557.519	-1531.295	-26.22432	736880.9	12.87562	0.99852	0.999621	1.00038	1.00148	6.633212
30400	-1559.661	-1535.365	-24.29602	295873.2	12.55739	0.997664	0.999402	1.0006	1.00234	6.483421
30500	-1562.679	-1535.065	-27.61412	780791.6	11.70485	0.998562	0.999632	1.00037	1.00144	6.743139
30600	-1565.546	-1537.5	-28.04546	222311.1	10.67089	0.997305	0.99931	1.00069	1.0027	6.719631
30700	-1567.539	-1533.675	-33.86495	174862.7	11.7577	0.996962	0.999222	1.00077	1.00304	7.276136
30800	-1581.222	-1545.374	-35.84777	615635.3	12.82599	0.99838	0.999586	1.00041	1.00162	7.384368
30900	-1568.314	-1536.631	-31.68294	174661.8	12.36652	0.99696	0.999222	1.00078	1.00304	7.078631
31000	-1560.762	-1538.179	-22.58297	585701.8	12.69435	0.99834	0.999575	1.00042	1.00166	6.349002
31100	-1564.895	-1532.372	-32.52309	612849.3	11.39694	0.998377	0.999585	1.00041	1.00162	7.162626
31200	-1588.1	-1545.354	-42.74642	881573.2	8.81652	0.998647	0.999654	1.00035	1.00135	8.002073
31300	-1561.616	-1534.062	-27.55335	157138.1	11.22705	0.996795	0.999179	1.00082	1.00321	6.717674
31400	-1584.209	-1556.285	-27.9247	163062.9	12.60271	0.996854	0.999194	1.0008	1.00315	6.771613
31500	-1576.373	-1547.105	-29.26764	412940.6	12.60747	0.998023	0.999494	1.0005	1.00198	6.878046
31600	-1567.142	-1542.794	-24.3486	788475.4	12.50977	0.998569	0.999634	1.00037	1.00143	6.487249
31700	-1562.274	-1530.103	-32.17041	743736.8	12.98483	0.998526	0.999623	1.00038	1.00147	7.088957
31800	-1580.514	-1540.303	-40.21101	424850.9	9.260269	0.998051	0.999501	1.0005	1.00195	7.785981
31900	-1564.855	-1536.137	-28.71863	947275	11.18834	0.998694	0.999666	1.00033	1.00131	6.819519
32000	-1575.966	-1540.389	-35.57676	177996.7	10.14141	0.996989	0.999229	1.00077	1.00301	7.396977
32100	-1559.816	-1529.232	-30.58386	160420.2	10.8593	0.996828	0.999188	1.00081	1.00318	6.970326
32200	-1557.915	-1527.359	-30.55568	604206.2	14.28934	0.998365	0.999582	1.00042	1.00164	6.879988
32300	-1577.91	-1543.189	-34.72124	454545.1	10.09887	0.998115	0.999518	1.00048	1.00189	7.308884
32400	-1568.481	-1533.73	-34.75067	996240	11.31464	0.998727	0.999674	1.00032	1.00127	7.358611
32500	-1565.317	-1530.834	-34.48358	630738.2	13.43933	0.9984	0.999591	1.00041	1.0016	7.232167
32600	-1565.475	-1532.309	-33.16578	887064.6	11.93066	0.998651	0.999655	1.00034	1.00135	7.213191
32700	-1559.369	-1527.621	-31.74886	668579.7	12.86844	0.998446	0.999603	1.0004	1.00155	7.06265
32800	-1567.034	-1541.105	-25.92834	204811	11.57037	0.997193	0.999281	1.00072	1.00281	6.593247
32900	-1562.166	-1527.255	-34.91066	674250.5	10.09552	0.998452	0.999604	1.00039	1.00155	7.327345
33000	-1559.547	-1532.688	-26.85954	80924.11	13.49348	0.995535	0.998855	1.00114	1.00447	6.662656
33100	-1589.301	-1550.179	-39.12193	40498.75	11.75261	0.993691	0.99838	1.00161	1.00632	7.723546
33200	-1569.256	-1532.394	-36.86202	458289.1	9.074942	0.998123	0.99952	1.00048	1.00188	7.390678
33300	-1564.083	-1528.689	-35.39385	381765.5	14.64088	0.997944	0.999474	1.00052	1.00206	7.181548
33400	-1563.565	-1533.47	-30.0946	806101.1	11.48566	0.998585	0.999638	1.00036	1.00142	6.951705
33500	-1561.739	-1539.667	-22.07182	584121.4	12.66533	0.998337	0.999575	1.00042	1.00166	6.308289
33600	-1550.904	-1523.624	-27.2799	102114.2	11.3746	0.996025	0.998981	1.00101	1.00398	6.701469
33700	-1567.287	-1538.973	-28.31331	103359.7	15.52814	0.996049	0.998987	1.00101	1.00396	6.625859
33800	-1563.984	-1540.444	-23.54015	393216.6	14.37017	0.997974	0.999482	1.00052	1.00203	6.385328
33900	-1577.942	-1544.475	-33.46654	91085.64	11.75218	0.995791	0.998921	1.00107	1.00421	7.24235
34000	-1586.539	-1544.305	-42.23443	146760.7	12.9941	0.996684	0.999151	1.00085	1.00332	7.862932
34100	-1563.645	-1523.755	-39.89011	249921.7	9.35647	0.997459	0.999349	1.00065	1.00254	7.763463
34200	-1568.708	-1539.819	-28.88908	873435.7	14.96774	0.99864	0.999652	1.00035	1.00136	6.711153
34300	-1583.283	-1536.631	-46.65183	237711.1	11.69427	0.997394	0.999333	1.00066	1.00261	8.3708
34400	-1592.576	-1549.078	-43.49812	282605.8	10.22739	0.99761	0.999388	1.00061	1.00239	8.177799
34500	-1572.27	-1542.077	-30.19248	625886.8	13.84685	0.998394	0.999589	1.00041	1.00161	6.886911
34600	-1570.93	-1539.099	-31.83125	196981.9	11.95036	0.997137	0.999267	1.00073	1.00287	7.101033
34700	-1581.093	-1544.783	-36.3104	803882.3	10.76334	0.998583	0.999638	1.00036	1.00142	7.496199
34800	-1559.324	-1529.594	-29.72987	431481.8	12.19653	0.998066	0.999505	1.00049	1.00194	6.923481
34900	-1571.599	-1547.463	-24.13622	393458.8	14.2148	0.997974	0.999482	1.00052	1.00203	6.434236
35000	-1561.315	-1536.6	-24.71498	574411.5	13.73777	0.998323	0.999571	1.00043	1.00168	6.49553
35100	-1577.871	-1544.771	-33.10059	709082.6	11.45328	0.998491	0.999614	1.00039	1.00151	7.213428
35200	-1569.329	-1540.791	-28.53838	576357.2	12.52723	0.998326	0.999572	1.00043	1.00167	6.821846
35300	-1564.465	-1535.416	-29.04904	113329.2	10.63928	0.996227	0.999033	1.00096	1.00378	6.810816
35400	-1581.263	-1552.223	-29.04006	74921.59	16.05081	0.99536	0.99881	1.00118	1.00465	6.62418
35500	-1562.816	-1535.593	-27.22301	500673.6	12.51249	0.998204	0.999541	1.00046	1.0018	6.716996
35600	-1570.951	-1544.19	-26.76032	909106.8	13.7822	0.998667	0.999659	1.00034	1.00133	6.642263
35700	-1563.259	-1531.774	-31.4858	463930.3	13.16475	0.998134	0.999523	1.00048	1.00187	7.026187
35800	-1568.721	-1535.847	-32.87439	16845.96	11.39493	0.990224	0.997482	1.00248	1.00981	7.193439
35900	-1568.383	-1537.467	-30.91625	867380.2	12.46591	0.998636	0.999651	1.00035	1.00137	7.013678
36000	-1574.722	-1537.292	-37.43002	25991.23	12.01995	0.992127	0.997975	1.002	1.0079	7.565613
36100	-1555.242	-1529.913	-25.32951	108457.1	10.99185	0.996143	0.999012	1.00098	1.00386	6.499656
36200	-1561.485	-1526.145	-35.34004	605346.1	9.186213	0.998367	0.999582	1.00042	1.00163	7.245818
36300	-1583.824	-1542.2	-41.62452	414972.4	10.09012	0.998027	0.999495	1.0005	1.00197	7.992256
36400	-1578.149	-1538.273	-39.87603	547039.4	9.470957	0.998282	0.999561	1.00044	1.00172	7.774863
36500	-1573.941	-1543.308	-30.63366	710349.8	13.51935	0.998492	0.999614	1.00038	1.00151	6.940731
36600	-1561.938	-1534.88	-27.0579	742999	12.90276	0.998526	0.999623	1.00038	1.00148	6.697316
36700	-1562.84	-1536.498	-26.34193	440908.2	11.11569	0.998086	0.99951	1.00049	1.00191	6.601767
36800	-1573.277	-1537.857	-35.42081	963958.4	11.80634	0.998706	0.999669	1.00033	1.00129	7.406839
36900	-1573.1	-1534.69	-38.41038	437795.8	9.806464	0.99808	0.999509	1.00049	1.00192	7.654302
37000	-1566.265	-1538.567	-27.69745	295229	15.59678	0.997662	0.999402	1.0006	1.00234	6.58037
37100	-1583.67	-1539.751	-43.91935	588467	9.208153	0.998343	0.999576	1.00042	1.00166	8.181805
37200	-1573.183	-1538.218	-34.96493	255449.5	14.11895	0.997486	0.999357	1.00064	1.00252	7.205504
37300	-1544.705	-1526.059	-18.64531	399830.6	13.5909	0.99799	0.999486	1.00051	1.00201	6.054063
37400	-1565.58	-1533.165	-32.41521	914577.1	14.35467	0.998671	0.99966	1.00034	1.00133	7.004319
37500	-1582.553	-1550.651	-31.90257	577446.9	12.09916	0.998328	0.999572	1.00043	1.00167	7.104072
37600	-1572.567	-1540.943	-31.62429	654920.2	12.94178	0.99843	0.999598	1.0004	1.00157	7.049194
37700	-1581.066	-1548.44	-32.62604	885957.5	11.11706	0.99865	0.999655	1.00034	1.00135	7.167138
37800	-1578.79	-1538.101	-40.68881	606449.6	8.958731	0.998368	0.999583	1.00042	1.00163	7.794016
37900	-1575.59	-1543.547	-32.04248	436664.1	12.32911	0.998077	0.999508	1.00049	1.00192	7.108991
38000	-1577.204	-1546.259	-30.94449	829689.6	12.94569	0.998605	0.999643	1.00036	1.0014	6.996476
38100	-1571.994	-1533.978	-38.01574	154214.9	12.40122	0.996765	0.999171	1.00082	1.00324	7.588129
38200	-1572.398	-1543.335	-29.06227	319410.9	11.63461	0.997752	0.999425	1.00057	1.00225	6.865551
38300	-1557.394	-1520.911	-36.48264	113720.7	10.74939	0.996233	0.999035	1.00096	1.00377	7.511955
38400	-1575.973	-1530.585	-45.38745	302884.4	12.72819	0.997691	0.999409	1.00059	1.00231	8.14102
38500	-1577.81	-1545.656	-32.15473	485780.8	13.97673	0.998177	0.999534	1.00047	1.00182	7.018227
38600	-1555.123	-1529.102	-26.02145	319783.9	13.07769	0.997753	0.999425	1.00057	1.00225	6.61333
38700	-1571.139	-1533.592	-37.54718	728751.9	11.50895	0.998511	0.999619	1.00038	1.00149	7.599739
38800	-1582.069	-1545.238	-36.83071	199779.5	11.99208	0.997158	0.999272	1.00072	1.00285	7.517231
38900	-1559.592	-1527.33	-32.26205	19701.29	11.48986	0.990959	0.997672	1.0023	1.00907	7.140435
39000	-1549.998	-1530.719	-19.27886	508198.5	14.55984	0.998218	0.999544	1.00045	1.00178	6.083418
39100	-1577.529	-1535.873	-41.65539	419037.6	12.18112	0.998037	0.999498	1.0005	1.00196	7.902687
39200	-1571.173	-1538.273	-32.90023	774374.5	12.35399	0.998556	0.999631	1.00037	1.00144	7.177572
39300	-1575.572	-1545.942	-29.63056	259853	11.55287	0.997508	0.999362	1.00064	1.00249	6.91286
39400	-1553.069	-1528.998	-24.07012	700050.5	12.94462	0.998481	0.999612	1.00039	1.00152	6.465467
39500	-1577.743	-1554.506	-23.23648	48493.36	11.25643	0.994234	0.99852	1.00147	1.00578	6.335851
39600	-1564.264	-1537.258	-27.00621	82015.16	12.00716	0.995565	0.998863	1.00113	1.00444	6.698216
39700	-1573.076	-1544.711	-28.36545	526046.5	11.34813	0.998248	0.999552	1.00045	1.00175	6.795774
39800	-1583.081	-1546.831	-36.25075	10456.83	11.42212	0.987597	0.996798	1.00315	1.01246	7.489173
39900	-1565.184	-1539.845	-25.33929	693054.7	11.5063	0.998474	0.99961	1.00039	1.00153	6.53886
40000	-1569.213	-1544.09	-25.12293	366067.5	12.59417	0.9979	0.999463	1.00054	1.0021	6.5493
40100	-1583.165	-1556.401	-26.76473	953891.6	11.26224	0.998699	0.999667	1.00033	1.0013	6.649655
40200	-1563.874	-1531.743	-32.1304	413504	14.00931	0.998024	0.999494	1.0005	1.00198	7.01383
40300	-1563.788	-1538.189	-25.59929	276850	12.30804	0.997585	0.999382	1.00062	1.00242	6.586196
40400	-1563.296	-1532.278	-31.0182	615929.1	11.71826	0.998381	0.999586	1.00041	1.00162	7.033993
40500	-1576.99	-1541.085	-35.90531	70969.42	10.69197	0.995233	0.998777	1.00121	1.00478	7.456795
40600	-1569.551	-1543.516	-26.03581	97061.22	11.46243	0.995923	0.998955	1.00104	1.00408	6.59709
40700	-1568.391	-1537.257	-31.134	200990.9	9.919737	0.997166	0.999274	1.00072	1.00284	6.929499
40800	-1564.894	-1534.006	-30.88728	228925	11.06219	0.997345	0.99932	1.00068	1.00266	7.008481
40900	-1571.106	-1539.039	-32.06639	323096.3	10.38932	0.997765	0.999428	1.00057	1.00224	7.075409
41000	-1564.168	-1531.487	-32.68074	771369.1	10.74596	0.998553	0.99963	1.00037	1.00145	7.158094
41100	-1562.712	-1537.948	-24.76499	625783.3	13.00697	0.998394	0.999589	1.00041	1.00161	6.518341
41200	-1563.075	-1537.658	-25.41616	273087.5	12.55993	0.997569	0.999378	1.00062	1.00243	6.572621
41300	-1559.911	-1528.064	-31.84631	492525.6	9.900531	0.998189	0.999537	1.00046	1.00181	6.998637
41400	-1587.474	-1550.109	-37.36544	899409.7	11.20455	0.99866	0.999657	1.00034	1.00134	7.592071
41500	-1577.938	-1538.599	-39.33893	490197.5	10.20199	0.998185	0.999536	1.00046	1.00182	7.770256
41600	-1587.12	-1547.758	-39.36145	137763.8	9.207106	0.996577	0.999123	1.00087	1.00343	7.686667
41700	-1569.968	-1540.985	-28.98288	810780.4	11.04672	0.998589	0.999639	1.00036	1.00141	6.835413
41800	-1581.017	-1543.596	-37.42083	662964.5	10.35893	0.998439	0.999601	1.0004	1.00156	7.589607
41900	-1568.392	-1539.029	-29.3634	312410.5	12.59289	0.997727	0.999418	1.00058	1.00228	6.886035
42000	-1584.249	-1556.712	-27.53684	150099.1	13.19358	0.996721	0.99916	1.00084	1.00328	6.72518
42100	-1561.869	-1533.31	-28.55887	668040.6	12.49847	0.998445	0.999602	1.0004	1.00156	6.824012
42200	-1568.518	-1533.577	-34.94124	146633.5	11.26613	0.996683	0.99915	1.00085	1.00332	7.375656
42300	-1545.383	-1525.084	-20.29904	412133.2	12.67493	0.998021	0.999494	1.00051	1.00198	6.168576
42400	-1575.151	-1539.714	-35.43682	332207.3	12.43711	0.997796	0.999436	1.00056	1.00221	7.378049
42500	-1562.548	-1532.807	-29.74162	692377	11.58718	0.998473	0.999609	1.00039	1.00153	6.923137
42600	-1559.933	-1527.782	-32.15015	269506.6	14.58812	0.997553	0.999374	1.00062	1.00245	6.964857
42700	-1564.524	-1535.675	-28.84967	522983.4	13.04386	0.998243	0.999551	1.00045	1.00176	6.830945
42800	-1572.71	-1539.17	-33.54046	775336.1	10.60264	0.998557	0.999631	1.00037	1.00144	7.231
42900	-1558.072	-1530.188	-27.88464	486039.1	12.1568	0.998177	0.999534	1.00047	1.00182	6.772163
43000	-1565.338	-1532.701	-32.63744	308025.9	13.40471	0.997711	0.999414	1.00058	1.00229	7.097283
43100	-1559.842	-1529.857	-29.98551	136773.2	13.05315	0.996565	0.99912	1.00088	1.00344	6.917594
43200	-1558.753	-1532.569	-26.18417	194297	13.06075	0.997118	0.999262	1.00074	1.00289	6.62619
43300	-1567.06	-1537.471	-29.5886	403397.3	11.36055	0.997999	0.999488	1.00051	1.002	6.903977
43400	-1590.319	-1553.816	-36.50344	758906.8	8.51365	0.998541	0.999627	1.00037	1.00146	7.211564
43500	-1585.69	-1549.894	-35.79553	733886.5	10.12025	0.998517	0.999621	1.00038	1.00148	7.416936
43600	-1558.846	-1528.92	-29.92576	823672.7	13.57813	0.9986	0.999642	1.00036	1.0014	6.884842
43700	-1578.506	-1542.294	-36.21233	282591	8.475135	0.99761	0.999388	1.00061	1.00239	7.165421
43800	-1552.509	-1527.984	-24.52576	810621.3	12.89734	0.998589	0.999639	1.00036	1.00141	6.501115
43900	-1576.444	-1542.343	-34.1012	193637.6	9.471032	0.997113	0.999261	1.00074	1.00289	7.165134
44000	-1582.867	-1546.406	-36.46065	98943.46	9.868849	0.995962	0.998965	1.00103	1.00404	7.461707
44100	-1576.347	-1539.381	-36.96536	651738.4	10.27173	0.998426	0.999597	1.0004	1.00157	7.54144
44200	-1571.163	-1541.37	-29.79349	581154.7	9.976486	0.998333	0.999574	1.00043	1.00167	6.803179
44300	-1557.035	-1522.663	-34.3722	196790.4	11.32272	0.997136	0.999267	1.00073	1.00287	7.32515
44400	-1570.274	-1536.713	-33.56069	462354.1	11.33271	0.998131	0.999522	1.00048	1.00187	7.253524
44500	-1558.484	-1530.125	-28.35886	649630.1	12.79604	0.998423	0.999597	1.0004	1.00158	6.801338
44600	-1570.384	-1540.063	-30.32078	78904.65	11.26323	0.995479	0.998841	1.00115	1.00453	6.965439
44700	-1561.202	-1534.88	-26.32263	54359.23	12.19835	0.994553	0.998602	1.00139	1.00546	6.644138
44800	-1556.575	-1533.672	-22.90355	410502.9	14.33555	0.998017	0.999493	1.00051	1.00198	6.342523
44900	-1569.981	-1538.893	-31.08748	695375.6	13.13884	0.998476	0.99961	1.00039	1.00152	6.997376
45000	-1565.279	-1529.22	-36.05931	802670.2	10.19791	0.998582	0.999637	1.00036	1.00142	7.448513
45100	-1576.395	-1543.441	-32.95484	498110.3	11.68352	0.9982	0.999539	1.00046	1.0018	7.199661
45200	-1575.39	-1543.743	-31.647	830528.6	12.12307	0.998606	0.999643	1.00036	1.0014	7.082427
45300	-1557.013	-1522.836	-34.17793	178880.9	10.10742	0.996996	0.999231	1.00077	1.00301	7.255895
45400	-1564.836	-1531.958	-32.87755	636538.9	11.34927	0.998407	0.999593	1.00041	1.00159	7.193391
45500	-1571.928	-1540.636	-31.2926	116742.7	11.52856	0.996282	0.999047	1.00095	1.00372	7.056495
45600	-1568.496	-1541.862	-26.63324	947384.7	13.73723	0.998694	0.999666	1.00033	1.00131	6.63519
45700	-1571.96	-1530.211	-41.74951	402785.7	11.78328	0.997998	0.999488	1.00051	1.002	7.944714
45800	-1562.486	-1531.29	-31.19663	404102.2	12.30511	0.998001	0.999489	1.00051	1.002	7.041047
45900	-1562.048	-1532.448	-29.60091	899751.2	11.21305	0.99866	0.999657	1.00034	1.00134	6.899458
46000	-1579.464	-1549.596	-29.86827	996988.1	13.76137	0.998727	0.999675	1.00032	1.00127	6.869124
46100	-1583.356	-1544.251	-39.1048	22498.95	13.29054	0.991539	0.997823	1.00215	1.00849	7.591878
46200	-1574.259	-1538.506	-35.75361	651089.7	14.97562	0.998425	0.999597	1.0004	1.00158	7.168884
46300	-1582.885	-1544.884	-38.00149	711799.6	9.278307	0.998494	0.999615	1.00038	1.00151	7.550144
46400	-1571.794	-1542.103	-29.69064	368534.3	13.33068	0.997907	0.999464	1.00053	1.00209	6.881442
46500	-1566.069	-1541.872	-24.19648	829936.7	13.48297	0.998605	0.999643	1.00036	1.0014	6.46558
46600	-1565.957	-1534.304	-31.65326	938086.6	14.10477	0.998688	0.999664	1.00033	1.00131	6.972104
46700	-1579.046	-1541.516	-37.53007	250880	10.90205	0.997463	0.999351	1.00065	1.00254	7.60999
46800	-1555.128	-1530.932	-24.19611	140172.8	13.05314	0.996607	0.999131	1.00087	1.0034	6.474069
46900	-1564.613	-1539.045	-25.56815	427634	15.38483	0.998057	0.999503	1.0005	1.00194	6.459782
47000	-1571.765	-1538.176	-33.58819	677555.6	11.23409	0.998456	0.999605	1.00039	1.00154	7.255271
47100	-1565.584	-1533.859	-31.7258	718367.3	14.81304	0.998501	0.999617	1.00038	1.0015	6.915215
47200	-1551.948	-1525.667	-26.28038	693387.8	11.8622	0.998474	0.99961	1.00039	1.00153	6.634291
47300	-1553.182	-1530.448	-22.73364	138822.4	10.74622	0.996591	0.999127	1.00087	1.00341	6.232471
47400	-1577.635	-1545.975	-31.66054	640091.8	9.858514	0.998412	0.999594	1.00041	1.00159	6.973805
47500	-1553.013	-1534.187	-18.82601	593655.3	14.40296	0.998351	0.999578	1.00042	1.00165	6.056484
47600	-1568.33	-1536.57	-31.75995	6223.381	13.54669	0.983934	0.995839	1.00407	1.01616	7.022136
47700	-1563.223	-1531.655	-31.5675	466941.2	10.62258	0.99814	0.999524	1.00047	1.00186	7.046354
47800	-1573.4	-1540.96	-32.44083	432164.6	11.40162	0.998067	0.999505	1.00049	1.00193	7.15545
47900	-1595.024	-1553.552	-41.47158	723016.7	9.260686	0.998506	0.999618	1.00038	1.0015	7.922155
48000	-1587.067	-1548.506	-38.56093	361314.2	10.84894	0.997886	0.999459	1.00054	1.00212	7.704981
48100	-1569.295	-1536.383	-32.91181	402940.6	9.407034	0.997998	0.999488	1.00051	1.002	7.027541
48200	-1558.769	-1527.784	-30.98472	155954.3	13.48964	0.996783	0.999176	1.00082	1.00322	6.968619
48300	-1570.766	-1534.374	-36.39198	405438.3	11.38689	0.998004	0.999489	1.00051	1.002	7.502307
48400	-1568.363	-1540.833	-27.53051	649142.5	11.25775	0.998423	0.999597	1.0004	1.00158	6.717398
48500	-1549.79	-1523.823	-25.96729	201958	12.45825	0.997173	0.999276	1.00072	1.00283	6.616676
48600	-1585.283	-1555.786	-29.49759	268337.3	11.5092	0.997547	0.999372	1.00063	1.00245	6.900325
48700	-1569.955	-1546.517	-23.43869	106211	12.78075	0.996102	0.999001	1.00099	1.0039	6.416795
48800	-1567.225	-1534.239	-32.98509	144986.7	9.965961	0.996664	0.999145	1.00085	1.00334	7.121823
48900	-1560.827	-1537.944	-22.8831	348572.9	14.33935	0.997848	0.999449	1.00055	1.00215	6.340934
49000	-1564.71	-1534.623	-30.08785	144944.8	11.64138	0.996663	0.999145	1.00085	1.00334	6.953788
49100	-1568.63	-1540.799	-27.83038	723119.1	12.59419	0.998506	0.999618	1.00038	1.0015	6.764276
49200	-1567.854	-1535.836	-32.01735	346414.3	10.86524	0.997841	0.999448	1.00055	1.00216	7.102617
49300	-1554.172	-1531.079	-23.09294	226369.3	11.29784	0.99733	0.999316	1.00068	1.00267	6.326816
49400	-1572.374	-1539.887	-32.48698	681001	12.06116	0.99846	0.999606	1.00039	1.00154	7.15337
49500	-1562.953	-1539.781	-23.1719	978672	12.30882	0.998715	0.999672	1.00033	1.00129	6.388997
49600	-1571.807	-1540.996	-30.81044	32888.75	10.78742	0.993	0.998201	1.00178	1.00702	6.986779
49700	-1593.339	-1552.054	-41.285	865400	10.17973	0.998634	0.999651	1.00035	1.00137	7.960617
49800	-1570.151	-1532.864	-37.28702	207534.4	15.42939	0.997211	0.999286	1.00071	1.00279	7.215999
49900	-1567.118	-1541.186	-25.93255	867312.5	12.31114	0.998635	0.999651	1.00035	1.00137	6.613296
50000	-1569.893	-1539.802	-30.09154	324702.6	12.07348	0.99777	0.999429	1.00057	1.00223	6.954649
50100	-1590.58	-1551.879	-38.70036	745096.9	10.70778	0.998528	0.999623	1.00038	1.00147	7.718248
50200	-1560.275	-1529.603	-30.67118	339263.7	10.77142	0.997819	0.999442	1.00056	1.00218	6.972813
50300	-1579.135	-1541.502	-37.63297	531375.2	10.2434	0.998257	0.999554	1.00044	1.00174	7.605107
50400	-1584.936	-1547.213	-37.72305	87730.43	12.77818	0.995712	0.998901	1.00109	1.00429	7.53466
50500	-1585.816	-1547.732	-38.08421	41399.93	12.12344	0.99376	0.998397	1.00159	1.00625	7.613391
50600	-1568.218	-1531.878	-36.33949	75027.61	10.71471	0.995363	0.998811	1.00118	1.00464	7.497921
50700	-1583.873	-1546.236	-37.63686	184900.3	12.67358	0.997045	0.999243	1.00075	1.00296	7.536569
50800	-1582.493	-1548.532	-33.96166	653382.4	10.62029	0.998428	0.999598	1.0004	1.00157	7.271623
50900	-1568.578	-1540.806	-27.77248	881578.7	11.10663	0.998647	0.999654	1.00035	1.00135	6.729876
51000	-1568.072	-1536.693	-31.37824	634793.7	10.07157	0.998405	0.999592	1.00041	1.0016	6.974468
51100	-1591.603	-1546.665	-44.93756	147574.2	10.36579	0.996693	0.999153	1.00084	1.00331	8.315029
51200	-1576.112	-1541.842	-34.27058	540064.1	10.56831	0.998271	0.999558	1.00044	1.00173	7.298141
51300	-1562.816	-1533.151	-29.66509	478786.6	12.97441	0.998164	0.99953	1.00047	1.00184	6.896454
51400	-1577.276	-1537.652	-39.62405	710844	10.89785	0.998493	0.999615	1.00038	1.00151	7.80214
51500	-1575.417	-1540.21	-35.20698	278798.7	11.9183	0.997594	0.999384	1.00061	1.00241	7.384753
51600	-1548.93	-1518.937	-29.99295	39530.39	11.45791	0.993614	0.99836	1.00163	1.0064	6.942209
51700	-1567.74	-1542.951	-24.7896	136140.1	11.30851	0.996557	0.999118	1.00088	1.00345	6.477788
51800	-1577.523	-1551.73	-25.79268	437552.4	15.22647	0.998079	0.999509	1.00049	1.00192	6.486034
51900	-1577.579	-1539.117	-38.46254	899510	10.21668	0.99866	0.999657	1.00034	1.00134	7.684986
52000	-1570.936	-1540.027	-30.90862	650800.4	12.48901	0.998425	0.999597	1.0004	1.00158	7.012324
52100	-1567.935	-1538.681	-29.25385	977034.4	13.33779	0.998714	0.999671	1.00033	1.00129	6.848317
52200	-1560.521	-1528.097	-32.42422	184065.7	11.33113	0.997039	0.999242	1.00076	1.00296	7.15322
52300	-1571.086	-1533.744	-37.34191	390200.8	12.31948	0.997966	0.99948	1.00052	1.00204	7.53948
52400	-1562.911	-1539.263	-23.64759	400401.1	14.36232	0.997992	0.999486	1.00051	1.00201	6.393175
52500	-1563.298	-1528.962	-34.33661	916736.8	12.17018	0.998673	0.999661	1.00034	1.00133	7.302326
52600	-1573.341	-1538.908	-34.43255	158047.7	13.51638	0.996804	0.999182	1.00081	1.0032	7.221976
52700	-1559.475	-1527.828	-31.6475	130373	12.52002	0.996482	0.999099	1.0009	1.00352	7.070313
52800	-1575.911	-1543.068	-32.84258	591311.2	10.5419	0.998347	0.999577	1.00042	1.00165	7.161291
52900	-1562.978	-1531.383	-31.59486	72144.7	13.43711	0.995272	0.998787	1.0012	1.00474	7.01737
53000	-1555.475	-1530.757	-24.71787	663732.5	14.51385	0.99844	0.999601	1.0004	1.00156	6.459547
53100	-1580.298	-1542.079	-38.21926	76155.24	10.1162	0.995398	0.99882	1.00117	1.00461	7.656211
53200	-1583.92	-1550.134	-33.78611	653867.6	9.853246	0.998428	0.999598	1.0004	1.00157	7.188753
53300	-1575.794	-1546.964	-28.8307	321326.6	11.76708	0.997759	0.999426	1.00057	1.00224	6.848112
53400	-1554.485	-1526.846	-27.63893	399574.8	12.94592	0.99799	0.999486	1.00051	1.00201	6.741129
53500	-1560.688	-1532.614	-28.07427	531171.3	12.54546	0.998256	0.999554	1.00044	1.00174	6.784501
53600	-1566.736	-1534.932	-31.80326	52355.6	10.4525	0.99445	0.998576	1.00141	1.00556	7.055562
53700	-1569.493	-1538.767	-30.72543	701927.5	12.75951	0.998483	0.999612	1.00039	1.00152	6.987813
53800	-1571.352	-1533.718	-37.63356	128485.7	11.12557	0.996456	0.999092	1.0009	1.00355	7.61744
53900	-1562.238	-1526.008	-36.22967	549089.7	12.98435	0.998285	0.999561	1.00044	1.00172	7.401611
54000	-1579.668	-1551.175	-28.49315	117204.3	12.09962	0.99629	0.999049	1.00095	1.00372	6.822283
54100	-1559.828	-1528.76	-31.06724	206215.7	12.86767	0.997202	0.999284	1.00071	1.0028	7.009718
54200	-1559.742	-1533.999	-25.74282	774341.9	13.67865	0.998556	0.999631	1.00037	1.00144	6.572811
54300	-1574.933	-1538.953	-35.98003	649646.6	13.44946	0.998423	0.999597	1.0004	1.00158	7.342596
54400	-1567.483	-1535.356	-32.12747	308334.3	13.26261	0.997712	0.999414	1.00058	1.00229	7.068714
54500	-1567.515	-1529.383	-38.13262	987660.4	11.09223	0.998721	0.999673	1.00033	1.00128	7.662931
54600	-1549.377	-1529.481	-19.89603	467806.5	12.9285	0.998142	0.999525	1.00047	1.00186	6.142726
54700	-1583.637	-1546.694	-36.94269	614357.4	11.39708	0.998379	0.999585	1.00041	1.00162	7.550411
54800	-1581.645	-1546.919	-34.72652	18725.98	14.00977	0.990727	0.997612	1.00236	1.0093	7.199101
54900	-1571.877	-1546.23	-25.64793	775939.5	11.99811	0.998557	0.999631	1.00037	1.00144	6.58487
55000	-1574.006	-1545.384	-28.62186	687610.4	12.3973	0.998468	0.999608	1.00039	1.00153	6.830689
55100	-1564.896	-1546.461	-18.43457	976904	13.25383	0.998714	0.999671	1.00033	1.00129	6.036155
55200	-1567.534	-1539.595	-27.93852	21928.26	11.51743	0.991429	0.997795	1.00218	1.0086	6.765161
55300	-1563.638	-1535.867	-27.7707	136322.9	11.00083	0.996559	0.999119	1.00088	1.00344	6.722406
55400	-1574.904	-1537.162	-37.74234	543574.8	10.454	0.998276	0.999559	1.00044	1.00172	7.623804
55500	-1565.4	-1535.919	-29.48038	813852.1	12.57096	0.998591	0.99964	1.00036	1.00141	6.895917
55600	-1564.516	-1532.106	-32.41001	789670.6	14.1069	0.99857	0.999634	1.00036	1.00143	7.025574
55700	-1548.087	-1522.602	-25.4845	312914.2	13.86071	0.997729	0.999419	1.00058	1.00227	6.546296
55800	-1565.692	-1538.45	-27.24176	154882.7	13.03934	0.996772	0.999173	1.00082	1.00323	6.707811
55900	-1559.329	-1532.002	-27.32653	483922.9	13.18673	0.998173	0.999533	1.00047	1.00183	6.709482
56000	-1563.871	-1538.543	-25.32773	886148	12.82897	0.99865	0.999655	1.00034	1.00135	6.564124
56100	-1571.011	-1542.592	-28.4196	910949.6	13.33213	0.998669	0.99966	1.00034	1.00133	6.786029
56200	-1570.692	-1539.673	-31.01912	985071.2	12.13924	0.99872	0.999673	1.00033	1.00128	7.030336
56300	-1580.152	-1540.836	-39.31563	465000.2	13.07825	0.998137	0.999523	1.00048	1.00186	7.629827
56400	-1574.12	-1542.992	-31.12727	582197.8	11.25833	0.998335	0.999574	1.00043	1.00167	7.036906
56500	-1564.071	-1531.37	-32.70149	417346.1	14.88962	0.998033	0.999497	1.0005	1.00197	6.973586
56600	-1548.93	-1523.181	-25.74913	152872.7	12.76034	0.996751	0.999168	1.00083	1.00325	6.597797
56700	-1570.476	-1536.865	-33.61032	552289.4	10.29206	0.99829	0.999563	1.00044	1.00171	7.216494
56800	-1555.809	-1532.722	-23.08646	419829.3	13.14628	0.998039	0.999498	1.0005	1.00196	6.388348
56900	-1573.175	-1538.796	-34.37905	230391.7	11.81823	0.997353	0.999322	1.00068	1.00265	7.318278
57000	-1551.431	-1519.791	-31.64053	69145.49	12.60294	0.99517	0.998761	1.00123	1.00484	7.066447
57100	-1554.62	-1524.011	-30.60899	922054.4	10.74336	0.998677	0.999662	1.00034	1.00132	6.96512
57200	-1561.679	-1530.032	-31.64645	382300.4	12.25874	0.997945	0.999474	1.00052	1.00206	7.078952
57300	-1565.553	-1542.27	-23.28228	92475.36	13.78861	0.995823	0.998929	1.00106	1.00418	6.389709
57400	-1563.361	-1533.982	-29.3786	370462.5	13.371	0.997912	0.999466	1.00053	1.00209	6.855949
57500	-1569.529	-1538.06	-31.46884	678870.9	10.4266	0.998458	0.999606	1.00039	1.00154	7.021286
57600	-1559.809	-1531.801	-28.00841	700814.3	12.19173	0.998482	0.999612	1.00039	1.00152	6.782342
57700	-1563.475	-1530.46	-33.01553	376021.8	13.46304	0.997928	0.99947	1.00053	1.00207	7.121164
57800	-1567.002	-1537.802	-29.19986	821114.3	12.1522	0.998598	0.999641	1.00036	1.0014	6.880383
57900	-1569.005	-1536.316	-32.68951	243339.9	11.49986	0.997424	0.999341	1.00066	1.00258	7.177653
58000	-1572.834	-1545.207	-27.62783	810036.6	11.63696	0.998588	0.999639	1.00036	1.00141	6.742334
58100	-1556.649	-1528.303	-28.34588	713384	11.86696	0.998495	0.999615	1.00038	1.00151	6.808477
58200	-1576.734	-1538.599	-38.13499	363349.1	12.36204	0.997892	0.999461	1.00054	1.00211	7.600701
58300	-1559.103	-1531.162	-27.94133	599702.1	11.30544	0.998359	0.99958	1.00042	1.00164	6.756339
58400	-1553.332	-1526.308	-27.02432	626292	12.6125	0.998394	0.999589	1.00041	1.00161	6.700047
58500	-1561.458	-1529.554	-31.90486	5639.751	12.74119	0.983125	0.995626	1.00427	1.01698	7.081131
58600	-1579.608	-1541.956	-37.6525	288600	12.40744	0.997635	0.999395	1.0006	1.00237	7.558384
58700	-1556.388	-1526.785	-29.60267	274015.5	10.69808	0.997573	0.999379	1.00062	1.00243	6.867823
58800	-1579.943	-1540.191	-39.75245	628573.9	7.674628	0.998397	0.99959	1.00041	1.0016	7.296082
58900	-1557.228	-1526.695	-30.53245	658419.7	11.68339	0.998434	0.999599	1.0004	1.00157	6.992326
59000	-1568.982	-1537.875	-31.10771	936555	10.5973	0.998687	0.999664	1.00034	1.00131	7.001141
59100	-1555.361	-1533.432	-21.92926	387502.1	11.88072	0.997959	0.999478	1.00052	1.00204	6.268565
59200	-1555.494	-1532.058	-23.43562	255649	13.16549	0.997487	0.999357	1.00064	1.00252	6.414683
59300	-1576.26	-1546.236	-30.02426	972325.8	12.55141	0.998711	0.99967	1.00033	1.00129	6.939761
59400	-1551.39	-1525.321	-26.06961	233655.1	12.12634	0.997372	0.999327	1.00067	1.00263	6.622414
59500	-1571.431	-1538.716	-32.71471	35727.68	12.85587	0.993283	0.998274	1.00171	1.00673	7.138419
59600	-1569.822	-1535.202	-34.62048	606383.2	10.92551	0.998368	0.999583	1.00042	1.00163	7.343632
59700	-1570.032	-1540.301	-29.73033	640773.5	9.388061	0.998413	0.999594	1.00041	1.00159	6.684982
59800	-1576.891	-1544.433	-32.45783	1531.792	11.07949	0.967712	0.991519	1.00811	1.03266	7.150967
59900	-1570.255	-1537.602	-32.65258	23.15633	11.95535	0.749595	0.920775	1.05461	1.27502	7.169654
60000	-1581.999	-1543.121	-38.878	330699.9	11.13956	0.99779	0.999435	1.00056	1.00221	7.728925
60100	-1584.461	-1551.128	-33.33308	50181.94	12.93944	0.994331	0.998545	1.00144	1.00568	7.181377
60200	-1568.825	-1537.708	-31.11726	486649.8	12.18009	0.998178	0.999534	1.00046	1.00182	7.037589
60300	-1553.631	-1527.531	-26.10003	898646.3	11.02285	0.998659	0.999657	1.00034	1.00134	6.572433
60400	-1559.506	-1530.928	-28.57764	989607.4	11.08539	0.998723	0.999673	1.00033	1.00128	6.801109
60500	-1576.699	-1540.425	-36.27368	229322.5	10.23588	0.997347	0.999321	1.00068	1.00266	7.471946
60600	-1586.389	-1546.282	-40.10732	548008.8	11.04922	0.998283	0.999561	1.00044	1.00172	7.842369
60700	-1579.154	-1537.333	-41.82091	216019.4	10.97546	0.997266	0.9993	1.0007	1.00274	8.000675
60800	-1566.698	-1535.564	-31.13435	510079.1	13.03151	0.998221	0.999545	1.00045	1.00178	7.00675
60900	-1562.98	-1532.479	-30.50094	244841.6	10.95824	0.997432	0.999343	1.00065	1.00257	6.968371
61000	-1566.47	-1544.968	-21.50272	692800.3	13.96911	0.998473	0.99961	1.00039	1.00153	6.256306
61100	-1563.814	-1547.742	-16.07209	343856.4	13.11932	0.997833	0.999446	1.00055	1.00217	5.853927
61200	-1558.499	-1535.97	-22.5291	558963.6	11.17272	0.9983	0.999565	1.00043	1.0017	6.264719
61300	-1569.294	-1535.733	-33.56063	97956.3	13.4409	0.995942	0.99896	1.00103	1.00406	7.16337
61400	-1558.897	-1527.815	-31.08218	301939.8	12.35128	0.997688	0.999408	1.00059	1.00231	7.030486
61500	-1576.085	-1551.593	-24.49249	564521.4	15.30372	0.998309	0.999567	1.00043	1.00169	6.395432
61600	-1579.535	-1547.055	-32.48008	904775.6	9.937712	0.998664	0.999658	1.00034	1.00134	7.067539
61700	-1562.049	-1534.381	-27.66814	508801.7	10.24584	0.998219	0.999544	1.00045	1.00178	6.632652
61800	-1557.218	-1527.333	-29.88469	997326.7	11.60916	0.998727	0.999675	1.00032	1.00127	6.93585
61900	-1569.817	-1536.772	-33.04558	877096.3	12.9129	0.998643	0.999653	1.00035	1.00136	7.160768
62000	-1581.918	-1543.467	-38.45132	997622.4	11.22297	0.998728	0.999675	1.00032	1.00127	7.688477
62100	-1572.791	-1544.417	-28.37405	174659.7	13.29306	0.99696	0.999222	1.00078	1.00304	6.784369
62200	-1574.5	-1535.533	-38.96738	476932.9	11.62506	0.99816	0.999529	1.00047	1.00184	7.7174
62300	-1574.112	-1543.942	-30.16929	415079.4	12.82635	0.998028	0.999495	1.0005	1.00197	6.941621
62400	-1569.647	-1537.17	-32.47679	891679.2	10.38075	0.998654	0.999656	1.00034	1.00135	7.114193
62500	-1563.709	-1528.083	-35.6268	390182.7	11.34988	0.997966	0.99948	1.00052	1.00204	7.435623
62600	-1554.037	-1528.503	-25.53364	343229.9	11.3385	0.997831	0.999445	1.00055	1.00217	6.5456
62700	-1579.232	-1549.167	-30.06468	724106.8	12.20254	0.998507	0.999618	1.00038	1.00149	6.950842
62800	-1576.078	-1542.01	-34.06727	162876.8	10.0091	0.996852	0.999194	1.0008	1.00315	7.235066
62900	-1561.884	-1534.492	-27.392	739583.9	13.17233	0.998522	0.999622	1.00038	1.00148	6.714955
63000	-1570.456	-1541.329	-29.12727	486778.7	10.23656	0.998179	0.999534	1.00046	1.00182	6.773861
63100	-1569.414	-1532.898	-36.51527	342731.7	11.4696	0.99783	0.999445	1.00055	1.00217	7.511148
63200	-1572.363	-1542.028	-30.33544	515022.3	13.86837	0.998229	0.999547	1.00045	1.00177	6.895741
63300	-1578.593	-1547.142	-31.45068	600850.3	11.98865	0.998361	0.999581	1.00042	1.00164	7.068651
63400	-1573.83	-1537.956	-35.87434	998118.3	9.670023	0.998728	0.999675	1.00032	1.00127	7.379708
63500	-1568.493	-1535.534	-32.95849	411727.2	12.07327	0.99802	0.999493	1.00051	1.00198	7.192113
63600	-1566.42	-1540.943	-25.47734	915488.3	12.25801	0.998672	0.99966	1.00034	1.00133	6.575701
63700	-1558.718	-1529.818	-28.89943	110546.2	11.74998	0.99618	0.999021	1.00097	1.00383	6.853698
63800	-1580.423	-1547.815	-32.60796	963196.9	12.27412	0.998705	0.999669	1.00033	1.0013	7.156851
63900	-1568.313	-1532.676	-35.63664	391445.2	12.13596	0.997969	0.99948	1.00052	1.00203	7.410881
64000	-1571.258	-1539.609	-31.64864	408070	15.59139	0.998011	0.999491	1.00051	1.00199	6.834251
64100	-1568.571	-1534.652	-33.91881	638079.8	12.88139	0.998409	0.999593	1.00041	1.00159	7.230442
64200	-1564.997	-1536.706	-28.29031	285030.6	13.42656	0.99762	0.999391	1.00061	1.00238	6.771948
64300	-1578.033	-1540.384	-37.64884	118783	15.59609	0.996314	0.999056	1.00094	1.00369	7.218498
64400	-1568.537	-1530.206	-38.33121	875331.4	14.91739	0.998642	0.999653	1.00035	1.00136	7.348242
64500	-1580.779	-1544.206	-36.57322	205568.8	9.725069	0.997198	0.999283	1.00071	1.0028	7.458282
64600	-1582.564	-1550.923	-31.64157	795858.2	11.2902	0.998576	0.999636	1.00036	1.00143	7.083313
64700	-1564.516	-1536.66	-27.85597	287553.6	14.00147	0.997631	0.999394	1.0006	1.00237	6.709187
64800	-1562.215	-1530.707	-31.50824	678788.5	14.56784	0.998458	0.999606	1.00039	1.00154	6.922651
64900	-1572.784	-1542.573	-30.21068	957459.9	10.95619	0.998701	0.999668	1.00033	1.0013	6.941769
65000	-1578.436	-1547.178	-31.25787	2778.651	14.04329	0.97599	0.993738	1.00606	1.02422	6.948907
65100	-1573.575	-1537.701	-35.87335	1259.494	12.73715	0.964414	0.990626	1.00892	1.03604	7.392892
65200	-1558.277	-1539.269	-19.00854	732024.7	13.92792	0.998515	0.99962	1.00038	1.00149	6.0783
65300	-1549.679	-1525.187	-24.49254	262954.3	12.23945	0.997522	0.999366	1.00063	1.00248	6.494992
65400	-1567.15	-1532.682	-34.46861	604296.9	12.85701	0.998365	0.999582	1.00042	1.00164	7.27477
65500	-1540.833	-1523.954	-16.87871	203882.1	14.77119	0.997186	0.99928	1.00072	1.00282	5.913956
65600	-1577.701	-1545.764	-31.93672	86909.68	11.59186	0.995692	0.998895	1.0011	1.00431	7.112588
65700	-1566.971	-1538.605	-28.3664	69237.68	11.40218	0.995173	0.998762	1.00123	1.00483	6.798117
65800	-1558.847	-1536.571	-22.27579	347827	15.11285	0.997846	0.999449	1.00055	1.00216	6.261465
65900	-1569.443	-1537.349	-32.0938	574117.5	11.99161	0.998323	0.999571	1.00043	1.00168	7.122238
66000	-1562.004	-1530.818	-31.18579	452050.2	9.619603	0.99811	0.999516	1.00048	1.00189	6.885848
66100	-1563.049	-1530.018	-33.03143	647754.1	12.66326	0.998421	0.999596	1.0004	1.00158	7.173722
66200	-1562.76	-1531.094	-31.66573	496971.1	13.44289	0.998197	0.999539	1.00046	1.0018	7.022257
66300	-1566.518	-1537.904	-28.61425	310502.1	12.51107	0.99772	0.999416	1.00058	1.00228	6.828211
66400	-1574.131	-1541.492	-32.63933	472472.2	12.30132	0.998151	0.999527	1.00047	1.00185	7.15843
66500	-1565.338	-1540.897	-24.44174	505755.2	12.29944	0.998213	0.999543	1.00046	1.00179	6.491997
66600	-1564.264	-1536.799	-27.46472	22369.38	10.99261	0.991514	0.997817	1.00216	1.00851	6.693968
66700	-1578.21	-1547.572	-30.63797	939584.9	11.50522	0.998689	0.999665	1.00033	1.00131	6.999345
66800	-1577.537	-1541.105	-36.43136	980105.8	8.609054	0.998716	0.999672	1.00033	1.00128	7.231082
66900	-1575.071	-1542.396	-32.67465	399213.8	10.69963	0.997989	0.999485	1.00051	1.00201	7.155061
67000	-1563.924	-1535.892	-28.03218	154664.9	12.27708	0.99677	0.999173	1.00082	1.00323	6.784037
67100	-1559.535	-1542.633	-16.9018	625422.3	14.53723	0.998393	0.999589	1.00041	1.00161	5.920589
67200	-1576.717	-1538.72	-37.99651	684015.8	8.969219	0.998464	0.999607	1.00039	1.00154	7.495586
67300	-1571.051	-1542.303	-28.74788	105561.4	12.46509	0.99609	0.998998	1.001	1.00391	6.839748
67400	-1576.349	-1542.524	-33.82516	954527.5	11.56313	0.998699	0.999667	1.00033	1.0013	7.275831
67500	-1573.534	-1546.022	-27.51168	520470.9	11.37975	0.998239	0.999549	1.00045	1.00176	6.722094
67600	-1582.633	-1544.665	-37.96845	11752.45	10.9698	0.988299	0.996981	1.00297	1.01175	7.64972
67700	-1554.662	-1524.581	-30.08155	308445	12.62797	0.997712	0.999414	1.00058	1.00229	6.941945
67800	-1568.464	-1535.362	-33.10256	684866.7	11.4787	0.998464	0.999607	1.00039	1.00154	7.213599
67900	-1555.338	-1530.297	-25.04139	881022.6	14.61972	0.998646	0.999654	1.00035	1.00135	6.475706
68000	-1563.142	-1532.778	-30.36446	945201.8	14.15144	0.998693	0.999666	1.00033	1.00131	6.87722
68100	-1582.461	-1548.316	-34.14552	606074.2	11.34531	0.998368	0.999582	1.00042	1.00163	7.30512
68200	-1561.275	-1541.298	-19.97706	761369	14.35764	0.998544	0.999628	1.00037	1.00146	6.137744
68300	-1573.678	-1539.69	-33.98745	752564.7	12.37353	0.998535	0.999625	1.00037	1.00147	7.264645
68400	-1574.408	-1542.097	-32.31019	720279.2	11.17393	0.998503	0.999617	1.00038	1.0015	7.140191
68500	-1573.724	-1545.987	-27.7367	247896.6	12.02979	0.997448	0.999347	1.00065	1.00255	6.759267
68600	-1582.983	-1548.217	-34.76568	187477.3	10.29069	0.997066	0.999249	1.00075	1.00294	7.328654
68700	-1580.063	-1546.539	-33.52363	881719.5	9.953888	0.998647	0.999654	1.00035	1.00135	7.174456
68800	-1567.689	-1540.648	-27.04083	434016.4	12.92402	0.998071	0.999507	1.00049	1.00193	6.695477
68900	-1579.594	-1545.959	-33.63507	31960.13	10.69364	0.992899	0.998175	1.00181	1.00712	7.244542
69000	-1583.112	-1547.42	-35.69198	450666.7	14.11156	0.998107	0.999516	1.00048	1.00189	7.257751
69100	-1586.752	-1551.817	-34.93497	111574.3	9.485736	0.996197	0.999025	1.00097	1.00381	7.255516
69200	-1561.48	-1539.041	-22.43918	286083.8	13.90614	0.997625	0.999392	1.00061	1.00238	6.325267
69300	-1559.814	-1530.338	-29.47538	550797.8	11.32339	0.998288	0.999562	1.00044	1.00171	6.892697
69400	-1566.614	-1541.143	-25.47065	179452.3	12.33562	0.997001	0.999232	1.00076	1.003	6.576019
69500	-1564.221	-1527.407	-36.81407	628517.2	12.74714	0.998397	0.99959	1.00041	1.0016	7.465967
69600	-1577.768	-1541.971	-35.79737	905623.7	9.64377	0.998665	0.999659	1.00034	1.00134	7.368399
69700	-1568.248	-1544.448	-23.80061	784635.8	13.11658	0.998565	0.999633	1.00037	1.00144	6.443056
69800	-1563.817	-1534.118	-29.69927	894957.3	11.46358	0.998657	0.999656	1.00034	1.00134	6.916726
69900	-1572.556	-1534.515	-38.0411	215057.9	10.69805	0.99726	0.999299	1.0007	1.00274	7.656603
70000	-1573.492	-1539.852	-33.64022	233045.2	12.75369	0.997368	0.999326	1.00067	1.00263	7.216597
70100	-1564.259	-1535.293	-28.96638	610751.7	12.52132	0.998374	0.999584	1.00041	1.00163	6.856139
70200	-1559.393	-1525.671	-33.72186	43236.51	13.36634	0.993894	0.998432	1.00155	1.00612	7.181132
70300	-1559.664	-1528.508	-31.15579	642738.3	10.00981	0.998415	0.999595	1.0004	1.00159	6.944279
70400	-1559.103	-1522.645	-36.45834	627465.9	12.67533	0.998396	0.99959	1.00041	1.00161	7.443449
70500	-1568.61	-1535.042	-33.56764	952504	11.37064	0.998698	0.999667	1.00033	1.0013	7.254249
70600	-1569.532	-1545.437	-24.09473	93722.83	12.26247	0.995851	0.998936	1.00106	1.00416	6.463007
70700	-1576.618	-1543.013	-33.60483	635593.8	11.21764	0.998406	0.999592	1.00041	1.00159	7.256584
70800	-1574.092	-1543.484	-30.60837	448348.8	12.28169	0.998102	0.999514	1.00048	1.0019	6.993772
70900	-1575.679	-1545.07	-30.60928	990330.6	12.15421	0.998723	0.999673	1.00033	1.00128	6.99633
71000	-1577.86	-1542	-35.86028	506396.9	10.24609	0.998214	0.999543	1.00046	1.00179	7.432225
71100	-1568.67	-1541.061	-27.60881	958041.9	13.4405	0.998702	0.999668	1.00033	1.0013	6.720575
71200	-1572.995	-1541.452	-31.54381	811550.2	11.85391	0.998589	0.999639	1.00036	1.00141	7.078082
71300	-1570.755	-1535.818	-34.93644	42453.97	11.09186	0.993838	0.998418	1.00157	1.00618	7.374782
71400	-1574.083	-1540.054	-34.02889	76389.78	10.34718	0.995405	0.998822	1.00117	1.0046	7.261317
71500	-1588.615	-1551.417	-37.19821	389118.7	13.17876	0.997963	0.999479	1.00052	1.00204	7.458821
71600	-1585.548	-1545.916	-39.6318	344577.6	9.573088	0.997835	0.999446	1.00055	1.00217	7.759506
71700	-1583.738	-1546.123	-37.61487	386184.2	9.568611	0.997955	0.999477	1.00052	1.00205	7.548288
71800	-1599.335	-1560.345	-38.99024	810254	10.64912	0.998588	0.999639	1.00036	1.00141	7.74524
71900	-1570.657	-1535.607	-35.0505	569041.5	10.92918	0.998315	0.999569	1.00043	1.00169	7.383057
72000	-1565.013	-1532.481	-32.53258	755080.3	11.52939	0.998538	0.999626	1.00037	1.00146	7.164053
72100	-1565.118	-1535.205	-29.91352	216744.4	12.97892	0.997271	0.999301	1.0007	1.00273	6.915406
72200	-1579.376	-1546.535	-32.84121	697921	13.82957	0.998479	0.999611	1.00039	1.00152	7.079618
72300	-1567.671	-1538.387	-29.28344	438495.8	10.90991	0.998081	0.999509	1.00049	1.00192	6.854094
72400	-1573.615	-1539.965	-33.65021	922704.2	11.01952	0.998677	0.999662	1.00034	1.00132	7.257313
72500	-1583.472	-1550.454	-33.01815	872507.6	10.18292	0.99864	0.999652	1.00035	1.00136	7.148841
72600	-1578.865	-1544.58	-34.28472	741612.1	11.42893	0.998524	0.999623	1.00038	1.00148	7.317002
72700	-1565.208	-1537.434	-27.77397	533976.4	11.77473	0.998261	0.999555	1.00044	1.00174	6.758479
72800	-1568.105	-1535.154	-32.95089	478665.5	12.26793	0.998163	0.99953	1.00047	1.00184	7.185021
72900	-1567.199	-1532.454	-34.7449	700714.6	11.50235	0.998482	0.999612	1.00039	1.00152	7.356349
73000	-1585.802	-1552.903	-32.89935	381289.5	9.745906	0.997942	0.999473	1.00053	1.00206	7.08361
73100	-1567.731	-1528.159	-39.57228	895197.2	10.55085	0.998657	0.999657	1.00034	1.00134	7.799719
73200	-1561.897	-1534.692	-27.20496	810327.4	14.60331	0.998588	0.999639	1.00036	1.00141	6.624827
73300	-1560.749	-1530.362	-30.38683	131620.2	11.13946	0.996499	0.999103	1.00089	1.00351	6.966667
73400	-1566.427	-1529.519	-36.90746	512442	12.47038	0.998225	0.999546	1.00045	1.00178	7.493971
73500	-1565.819	-1544.298	-21.5206	589702.2	16.8111	0.998345	0.999577	1.00042	1.00166	6.102261
73600	-1565.445	-1534.716	-30.72855	663671.7	12.26585	0.99844	0.999601	1.0004	1.00156	7.003917
73700	-1580.111	-1547.295	-32.81622	571278.9	11.41271	0.998319	0.99957	1.00043	1.00168	7.188436
73800	-1556.481	-1532.115	-24.36678	999803.1	13.95897	0.998729	0.999675	1.00032	1.00127	6.461751
73900	-1571.477	-1540.513	-30.96441	578161	11.72453	0.998329	0.999573	1.00043	1.00167	7.029415
74000	-1552.071	-1534.555	-17.51669	603763.3	14.53524	0.998365	0.999582	1.00042	1.00164	5.96293
74100	-1589.449	-1555.396	-34.05314	895739.7	12.22556	0.998657	0.999657	1.00034	1.00134	7.27672
74200	-1566.311	-1529.585	-36.7259	35156.14	10.00148	0.993229	0.99826	1.00172	1.00679	7.500082
74300	-1567.947	-1543.529	-24.41883	444489.2	11.94208	0.998094	0.999512	1.00049	1.00191	6.480465
74400	-1562.769	-1530.264	-32.50499	587810.4	11.41853	0.998343	0.999576	1.00042	1.00166	7.161209
74500	-1563.284	-1536.757	-26.52777	867229.8	10.76729	0.998635	0.999651	1.00035	1.00137	6.587721
74600	-1565.371	-1536.718	-28.65359	91643.37	12.75767	0.995804	0.998924	1.00107	1.0042	6.825489
74700	-1562.706	-1530.257	-32.44874	799746.2	11.29591	0.998579	0.999637	1.00036	1.00142	7.154893
74800	-1563.382	-1530.156	-33.22592	49956.51	10.87602	0.994319	0.998542	1.00145	1.00569	7.214252
74900	-1567.955	-1533.77	-34.18475	799963.7	12.58557	0.998579	0.999637	1.00036	1.00142	7.269314
75000	-1575.764	-1541.95	-33.81463	668017.9	11.88683	0.998445	0.999602	1.0004	1.00156	7.268793
75100	-1577.662	-1544.191	-33.47107	410953.4	10.43796	0.998018	0.999493	1.00051	1.00198	7.214117
75200	-1569.781	-1540.695	-29.08584	901333.5	12.89127	0.998661	0.999658	1.00034	1.00134	6.8549
75300	-1570.053	-1541.743	-28.31028	96758.02	12.1822	0.995917	0.998953	1.00104	1.00409	6.807128
75400	-1561.933	-1529.988	-31.94474	734919	11.34223	0.998518	0.999621	1.00038	1.00148	7.111088
75500	-1581.554	-1543.549	-38.00503	533235.9	12.05315	0.99826	0.999555	1.00044	1.00174	7.611381
75600	-1564.993	-1527.438	-37.55512	467340.9	12.59065	0.998141	0.999524	1.00047	1.00186	7.536713
75700	-1566.487	-1535.561	-30.92553	637962.6	12.82433	0.998409	0.999593	1.00041	1.00159	7.000671
75800	-1558.597	-1533.76	-24.83691	985394	11.09845	0.99872	0.999673	1.00033	1.00128	6.464839
75900	-1562.664	-1539.856	-22.80844	293790.4	14.39668	0.997656	0.9994	1.0006	1.00235	6.333259
76000	-1574.571	-1546.112	-28.45896	15795.29	14.33253	0.989904	0.997399	1.00257	1.01013	6.730261
76100	-1546.808	-1520.971	-25.83771	59673.3	13.3139	0.994801	0.998666	1.00132	1.00521	6.592934
76200	-1557.518	-1528.373	-29.14545	936795.4	13.51508	0.998687	0.999664	1.00034	1.00131	6.830885
76300	-1551.702	-1531.557	-20.14494	785918.3	12.13472	0.998567	0.999633	1.00037	1.00143	6.1343
76400	-1564.627	-1530.976	-33.65134	599816.7	11.91778	0.998359	0.99958	1.00042	1.00164	7.254242
76500	-1576.535	-1545.495	-31.04059	131956.7	11.31513	0.996503	0.999104	1.00089	1.0035	7.030722
76600	-1584.61	-1555.053	-29.55705	471031.1	12.1453	0.998149	0.999526	1.00047	1.00185	6.909841
76700	-1563.851	-1534.916	-28.93525	979955.4	10.90888	0.998716	0.999672	1.00033	1.00128	6.822106
76800	-1576.671	-1541.658	-35.01348	589947.1	10.84177	0.998346	0.999577	1.00042	1.00166	7.377823
76900	-1551.596	-1530.872	-20.72427	893178.5	12.38039	0.998655	0.999656	1.00034	1.00135	6.193009
77000	-1561.093	-1537.769	-23.3242	857122	13.6932	0.998627	0.999649	1.00035	1.00137	6.395584
77100	-1546.197	-1524.106	-22.09145	929651.3	12.77623	0.998682	0.999663	1.00034	1.00132	6.311334
77200	-1576.054	-1543.583	-32.47104	172117.7	11.54518	0.996938	0.999216	1.00078	1.00307	7.158727
77300	-1577.212	-1550.369	-26.8434	752800.2	11.71688	0.998535	0.999625	1.00037	1.00147	6.677684
77400	-1577.342	-1547.488	-29.85391	992979.7	12.13567	0.998725	0.999674	1.00033	1.00128	6.934388
77500	-1585.458	-1546.437	-39.02108	325452.9	12.52624	0.997773	0.99943	1.00057	1.00223	7.658725
77600	-1572.986	-1545.852	-27.13365	677534	11.97228	0.998456	0.999605	1.00039	1.00154	6.708304
77700	-1566.87	-1534.542	-32.32849	650023.1	11.26735	0.998424	0.999597	1.0004	1.00158	7.143765
77800	-1554.942	-1523.812	-31.12979	733228.8	10.97891	0.998516	0.99962	1.00038	1.00148	7.026743
77900	-1557.35	-1530.201	-27.1493	83358.21	11.25045	0.995601	0.998872	1.00112	1.00441	6.683102
78000	-1559.758	-1536.891	-22.8671	449232.3	14.38591	0.998104	0.999515	1.00048	1.0019	6.337806
78100	-1572.601	-1543.626	-28.97589	312388.2	15.52253	0.997727	0.999418	1.00058	1.00228	6.669032
78200	-1581.937	-1547.868	-34.0685	481762.7	10.13271	0.998169	0.999532	1.00047	1.00183	7.247451
78300	-1568.255	-1535.201	-33.05384	103126.5	10.68776	0.996045	0.998986	1.00101	1.00396	7.189881
78400	-1560.338	-1534.698	-25.64016	912660.2	12.59955	0.99867	0.99966	1.00034	1.00133	6.59035
78500	-1575.413	-1536.379	-39.0341	647888.6	10.80882	0.998421	0.999596	1.0004	1.00158	7.748964
78600	-1581.495	-1540.214	-41.28144	253225.5	9.857458	0.997475	0.999354	1.00064	1.00253	7.949652
78700	-1556.772	-1530.436	-26.33575	214949.4	13.38164	0.99726	0.999298	1.0007	1.00274	6.628002
78800	-1570.045	-1538.209	-31.83658	309551.3	10.95033	0.997716	0.999416	1.00058	1.00229	7.089917
78900	-1556.691	-1524.519	-32.17166	913742.4	12.96161	0.998671	0.99966	1.00034	1.00133	7.090373
79000	-1571.027	-1543.042	-27.9852	55506.83	13.48523	0.99461	0.998617	1.00137	1.0054	6.746473
79100	-1554.887	-1527.742	-27.14542	22340.78	11.7687	0.991509	0.997815	1.00216	1.00852	6.704936
79200	-1576.377	-1544.913	-31.46435	916140.6	13.01006	0.998672	0.99966	1.00034	1.00133	7.033233
79300	-1585.692	-1547.244	-38.4487	846493.8	10.98259	0.998619	0.999647	1.00035	1.00138	7.693326
79400	-1565.388	-1542.158	-23.2294	397462.3	12.05264	0.997985	0.999484	1.00051	1.00202	6.385489
79500	-1577.511	-1539.87	-37.64096	105975.5	11.12722	0.996098	0.999	1.00099	1.00391	7.618079
79600	-1561.169	-1534.64	-26.52892	328656.2	10.95691	0.997784	0.999433	1.00057	1.00222	6.605787
79700	-1560.509	-1527.866	-32.64257	562860.7	10.70055	0.998306	0.999567	1.00043	1.00169	7.152113
79800	-1568.839	-1540.458	-28.38153	474636	10.30957	0.998156	0.999528	1.00047	1.00185	6.710734
79900	-1569.893	-1540.394	-29.49877	746792.4	14.3675	0.998529	0.999624	1.00038	1.00147	6.800182
80000	-1571.271	-1536.459	-34.81246	767895.5	11.72503	0.99855	0.999629	1.00037	1.00145	7.357607
80100	-1560.937	-1537.618	-23.31963	308838.2	11.54926	0.997714	0.999415	1.00058	1.00229	6.366347
80200	-1566.665	-1529.563	-37.10203	28920.45	11.41469	0.992535	0.998081	1.0019	1.00748	7.56391
80300	-1550.588	-1529.715	-20.87336	634335.4	15.21747	0.998404	0.999592	1.00041	1.0016	6.163417
80400	-1569.437	-1539.951	-29.48592	701476.8	12.14018	0.998483	0.999612	1.00039	1.00152	6.904028
80500	-1594.372	-1556.387	-37.9848	863349.3	9.501134	0.998632	0.99965	1.00035	1.00137	7.57894
80600	-1577.177	-1543.234	-33.94377	276683.6	11.31083	0.997585	0.999382	1.00062	1.00242	7.287287
80700	-1566.6	-1533.125	-33.47572	39897.91	11.1493	0.993644	0.998367	1.00162	1.00637	7.244122
80800	-1566.881	-1530.908	-35.97266	82187.23	13.38969	0.99557	0.998864	1.00113	1.00444	7.347441
80900	-1560.54	-1531.19	-29.35009	118866	11.43906	0.996316	0.999056	1.00094	1.00369	6.885544
81000	-1577.361	-1535.795	-41.56587	842819.2	10.53087	0.998616	0.999646	1.00035	1.00138	7.988906
81100	-1600.532	-1560.847	-39.68513	52445.54	10.90523	0.994455	0.998577	1.00141	1.00556	7.807603
81200	-1563.3	-1531.374	-31.92601	561793.7	9.453505	0.998305	0.999566	1.00043	1.0017	6.932041
81300	-1548.544	-1526.887	-21.65724	776249	14.61447	0.998558	0.999631	1.00037	1.00144	6.244454
81400	-1569.369	-1534.548	-34.82095	390265.3	10.15896	0.997966	0.99948	1.00052	1.00204	7.323921
81500	-1547.535	-1523.039	-24.49552	13575.1	11.5331	0.989112	0.997192	1.00277	1.01093	6.467186
81600	-1560.81	-1533.988	-26.82237	497628.1	14.12484	0.998199	0.999539	1.00046	1.0018	6.628456
81700	-1571.292	-1535.696	-35.59666	112253.3	10.62271	0.996209	0.999028	1.00097	1.0038	7.42566
81800	-1559.482	-1528.726	-30.75653	375753.3	12.32892	0.997927	0.99947	1.00053	1.00207	7.004694
81900	-1578.611	-1542.563	-36.04764	615583	12.79294	0.99838	0.999586	1.00041	1.00162	7.402442
82000	-1561.174	-1528.041	-33.1321	706010	10.59728	0.998488	0.999613	1.00039	1.00151	7.192168
82100	-1560.835	-1535.492	-25.3427	87242.73	10.7937	0.9957	0.998898	1.0011	1.00431	6.480612
82200	-1573.349	-1535.43	-37.91878	844457.7	11.2598	0.998617	0.999646	1.00035	1.00138	7.640112
82300	-1563.65	-1530.31	-33.33991	749000.9	11.1935	0.998532	0.999624	1.00037	1.00147	7.232638
82400	-1569.363	-1542.734	-26.62971	549443.1	13.24041	0.998286	0.999561	1.00044	1.00172	6.654921
82500	-1562.101	-1532.722	-29.37839	459789.2	12.4828	0.998126	0.999521	1.00048	1.00188	6.889939
82600	-1558.698	-1526.793	-31.90501	770442.8	11.06413	0.998552	0.99963	1.00037	1.00145	7.100549
82700	-1585.722	-1554.283	-31.43912	750538.6	10.41544	0.998533	0.999625	1.00037	1.00147	7.017431
82800	-1568.222	-1532.947	-35.27534	981988.2	8.787211	0.998718	0.999672	1.00033	1.00128	7.146998
82900	-1568.949	-1539.849	-29.09939	985550.2	12.99657	0.99872	0.999673	1.00033	1.00128	6.851989
83000	-1576.578	-1542.755	-33.82264	487199	10.51769	0.99818	0.999534	1.00046	1.00182	7.252837
83100	-1564.432	-1534.895	-29.53703	92253.96	12.44183	0.995818	0.998928	1.00107	1.00419	6.903576
83200	-1573.746	-1550.413	-23.33378	200133.8	12.00426	0.99716	0.999273	1.00072	1.00284	6.392244
83300	-1571.998	-1539.031	-32.96704	818655.4	10.9686	0.998595	0.999641	1.00036	1.00141	7.193756
83400	-1566.943	-1539.272	-27.67147	919199	13.95743	0.998675	0.999661	1.00034	1.00133	6.698583
83500	-1571.686	-1533.33	-38.35507	212003.3	12.94732	0.997241	0.999294	1.0007	1.00276	7.56876
83600	-1559.846	-1532.488	-27.35824	74205.73	11.32759	0.995338	0.998804	1.00119	1.00467	6.705949
83700	-1568.845	-1538.392	-30.45272	903091.4	11.22099	0.998663	0.999658	1.00034	1.00134	6.975708
83800	-1570.862	-1536.229	-34.63271	140619.6	10.2998	0.996612	0.999132	1.00086	1.00339	7.316389
83900	-1574.472	-1540.868	-33.60371	373013	13.252	0.99792	0.999468	1.00053	1.00208	7.180798
84000	-1559.746	-1541.561	-18.18541	963763.1	13.36735	0.998706	0.999669	1.00033	1.0013	6.018787
84100	-1559.862	-1531.777	-28.0851	449334.4	12.38985	0.998104	0.999515	1.00048	1.0019	6.787469
84200	-1583.459	-1556.748	-26.71117	846348	14.4434	0.998619	0.999647	1.00035	1.00138	6.601402
84300	-1553.221	-1523.669	-29.55179	936745.9	12.82965	0.998687	0.999664	1.00034	1.00131	6.893358
84400	-1571.595	-1540.584	-31.01073	749813.1	10.62323	0.998532	0.999625	1.00037	1.00147	6.993989
84500	-1574.14	-1536.565	-37.5758	265544.1	11.15833	0.997534	0.999369	1.00063	1.00247	7.61171
84600	-1585.19	-1546.148	-39.04142	511948.9	10.25144	0.998224	0.999546	1.00045	1.00178	7.742882
84700	-1553.185	-1526.684	-26.50017	749417.7	11.37072	0.998532	0.999625	1.00037	1.00147	6.6327
84800	-1568.77	-1536.493	-32.2772	19018.2	15.79181	0.990798	0.997631	1.00234	1.00923	6.853528
84900	-1582.894	-1547.926	-34.96799	497928.5	11.21319	0.998199	0.999539	1.00046	1.0018	7.378103
85000	-1571.118	-1541.081	-30.03767	336532.8	10.41294	0.99781	0.999439	1.00056	1.00219	6.882617
85100	-1563.417	-1539.287	-24.1301	162522.4	15.20112	0.996849	0.999193	1.0008	1.00315	6.378494
85200	-1570.566	-1545.089	-25.47692	641178.3	11.51989	0.998413	0.999594	1.00041	1.00159	6.551567
85300	-1583.272	-1546.566	-36.70595	66974.68	10.1257	0.995093	0.998741	1.00125	1.00492	7.507267
85400	-1565.437	-1538.209	-27.22806	703206.2	13.08396	0.998485	0.999612	1.00039	1.00152	6.705399
85500	-1555.416	-1529.198	-26.2179	713865.9	11.45426	0.998496	0.999615	1.00038	1.0015	6.612545
85600	-1569.566	-1541.405	-28.16095	732683.4	12.277	0.998515	0.99962	1.00038	1.00149	6.794526
85700	-1561.172	-1532.259	-28.91312	798996.1	11.05658	0.998578	0.999636	1.00036	1.00142	6.829688
85800	-1590.702	-1555.267	-35.43519	869853.3	10.32004	0.998637	0.999652	1.00035	1.00136	7.395575
85900	-1570.316	-1533.453	-36.86224	238690.7	11.77302	0.997399	0.999334	1.00066	1.0026	7.530398
86000	-1570.727	-1538.519	-32.20808	307342	9.862863	0.997708	0.999413	1.00058	1.00229	7.029959
86100	-1551.24	-1525.213	-26.02718	855685.2	13.46054	0.998626	0.999649	1.00035	1.00137	6.602178
86200	-1557.766	-1527.698	-30.06787	121861.2	12.5221	0.996361	0.999068	1.00093	1.00364	6.944086
86300	-1572.879	-1536.873	-36.00619	987322.5	12.08104	0.998721	0.999673	1.00033	1.00128	7.444157
86400	-1561.255	-1531.737	-29.51784	173046	10.70341	0.996946	0.999218	1.00078	1.00306	6.860334
86500	-1574.313	-1540.781	-33.53134	183749.6	11.8731	0.997036	0.999241	1.00076	1.00297	7.245297
86600	-1563.788	-1540.994	-22.79402	371643.4	16.51938	0.997916	0.999467	1.00053	1.00209	6.200569
86700	-1562.538	-1530.036	-32.50175	446577.4	14.72761	0.998099	0.999514	1.00049	1.0019	6.975794
86800	-1580.193	-1543.227	-36.96587	333986.8	9.424872	0.997801	0.999437	1.00056	1.0022	7.461092
86900	-1568.593	-1537.108	-31.48431	924232.3	12.80984	0.998678	0.999662	1.00034	1.00132	7.044936
87000	-1567.309	-1532.743	-34.56539	618444.9	11.73368	0.998384	0.999587	1.00041	1.00162	7.336321
87100	-1569.178	-1539.504	-29.67411	192213.7	11.99069	0.997102	0.999258	1.00074	1.0029	6.920459
87200	-1568.044	-1539.604	-28.43977	416980.1	12.85591	0.998032	0.999497	1.0005	1.00197	6.805889
87300	-1582.419	-1550.374	-32.0447	27796.3	13.00011	0.992386	0.998042	1.00194	1.00763	7.078409
87400	-1569.969	-1529.451	-40.51755	452041.6	14.71831	0.99811	0.999516	1.00048	1.00189	7.521294
87500	-1566.862	-1532.477	-34.3851	34102.23	11.35406	0.993125	0.998234	1.00175	1.00689	7.326208
87600	-1564.375	-1544.962	-19.41339	476547.4	13.88009	0.998159	0.999529	1.00047	1.00184	6.108036
87700	-1562.387	-1532.125	-30.26193	294659.2	12.52819	0.997659	0.999401	1.0006	1.00234	6.959402
87800	-1552.358	-1530.364	-21.99413	12717.8	14.53297	0.988751	0.997099	1.00286	1.01129	6.271067
87900	-1578.896	-1548.492	-30.40441	616871.1	12.03193	0.998382	0.999586	1.00041	1.00162	6.981005
88000	-1581.17	-1548.41	-32.75989	801700.8	12.54836	0.998581	0.999637	1.00036	1.00142	7.157857
88100	-1563.524	-1536.753	-26.77122	399083.1	12.73169	0.997989	0.999485	1.00051	1.00201	6.678366
88200	-1566.762	-1538.876	-27.8863	387681.5	11.84993	0.997959	0.999478	1.00052	1.00204	6.769465
88300	-1570.177	-1538.028	-32.14868	469883	12.75601	0.998146	0.999526	1.00047	1.00185	7.099532
88400	-1569.108	-1533.566	-35.54217	93178.35	9.002092	0.995839	0.998933	1.00106	1.00417	7.229386
88500	-1563.695	-1531.879	-31.81595	583494.4	10.90318	0.998336	0.999574	1.00042	1.00166	7.08591
88600	-1560.058	-1530.234	-29.82419	216875.2	13.19128	0.997272	0.999302	1.0007	1.00273	6.898663
88700	-1556.344	-1524.71	-31.63452	887905.9	12.26444	0.998651	0.999655	1.00034	1.00135	7.077818
88800	-1565.771	-1533.562	-32.2086	755686.2	9.839568	0.998538	0.999626	1.00037	1.00146	7.0267
88900	-1571.888	-1544.168	-27.72009	277424.4	10.41113	0.997588	0.999383	1.00062	1.00241	6.659823
89000	-1581.951	-1549.431	-32.51965	871751.9	11.13274	0.998639	0.999652	1.00035	1.00136	7.157967
89100	-1576.286	-1545.889	-30.39693	413021.8	12.07037	0.998023	0.999494	1.0005	1.00198	6.979979
89200	-1579.616	-1540.186	-39.43007	859698.8	8.798485	0.998629	0.99965	1.00035	1.00137	7.622181
89300	-1557.781	-1528.8	-28.9812	254670.3	11.5761	0.997482	0.999356	1.00064	1.00252	6.857241
89400	-1570.634	-1532.87	-37.76391	250347.2	11.87595	0.997461	0.99935	1.00065	1.00254	7.601626
89500	-1562.646	-1535.374	-27.27219	806378	10.1981	0.998585	0.999638	1.00036	1.00142	6.586883
89600	-1556.431	-1529.901	-26.52912	545631.7	11.23181	0.99828	0.99956	1.00044	1.00172	6.62676
89700	-1574.259	-1537.734	-36.52532	886876	9.709313	0.998651	0.999655	1.00034	1.00135	7.451581
89800	-1585.667	-1543.05	-42.61752	28251.92	8.88154	0.992448	0.998058	1.00192	1.00757	7.997835
89900	-1571.843	-1539.37	-32.47226	879272.6	13.05327	0.998645	0.999653	1.00035	1.00136	7.108096
90000	-1573.914	-1545.869	-28.04449	160697.6	11.3367	0.996831	0.999188	1.00081	1.00317	6.76696
90100	-1580.419	-1551.391	-29.02775	263291	13.83116	0.997524	0.999366	1.00063	1.00248	6.803772
90200	-1563.573	-1524.812	-38.76067	478752.4	12.48341	0.998164	0.99953	1.00047	1.00184	7.641505
90300	-1561.077	-1526.822	-34.25548	511723.4	12.4255	0.998224	0.999546	1.00045	1.00178	7.283667
90400	-1569.14	-1539.059	-30.08075	372590.8	14.33501	0.997918	0.999467	1.00053	1.00208	6.843222
90500	-1556.116	-1529.127	-26.98881	90913.8	10.44955	0.995787	0.99892	1.00107	1.00422	6.594582
90600	-1574.191	-1542.447	-31.74449	218881.4	11.61858	0.997284	0.999305	1.00069	1.00272	7.096069
90700	-1570.807	-1545.389	-25.41735	914951.5	13.26978	0.998671	0.99966	1.00034	1.00133	6.56258
90800	-1575.065	-1548.15	-26.91504	927733.4	11.19106	0.998681	0.999663	1.00034	1.00132	6.658496
90900	-1564.758	-1540.088	-24.6703	606756.8	13.99526	0.998369	0.999583	1.00042	1.00163	6.481933
91000	-1577.99	-1546.306	-31.68445	530773.8	12.17402	0.998256	0.999554	1.00045	1.00175	7.084308
91100	-1560.189	-1522.415	-37.77397	603135.4	14.23919	0.998364	0.999581	1.00042	1.00164	7.390867
91200	-1572.224	-1542.993	-29.23115	410216.4	11.01671	0.998016	0.999492	1.00051	1.00199	6.856125
91300	-1559.542	-1531.537	-28.0055	508638	15.21964	0.998218	0.999544	1.00045	1.00178	6.63192
91400	-1569.079	-1543.61	-25.46902	446772.4	12.22214	0.998099	0.999514	1.00049	1.0019	6.574525
91500	-1592.748	-1554.628	-38.12011	593755.3	10.51883	0.998351	0.999578	1.00042	1.00165	7.661455
91600	-1562.686	-1532.532	-30.15404	380829.4	10.98788	0.997941	0.999473	1.00053	1.00206	6.93836
91700	-1583.042	-1548.519	-34.52328	96049.08	10.59929	0.995902	0.998949	1.00104	1.0041	7.32354
91800	-1567.392	-1546.89	-20.50254	797167.9	13.10562	0.998577	0.999636	1.00036	1.00142	6.191536
91900	-1552.571	-1530.642	-21.92847	156367.6	13.38343	0.996787	0.999177	1.00082	1.00322	6.29863
92000	-1577.128	-1543.186	-33.94148	869340.4	12.13148	0.998637	0.999651	1.00035	1.00136	7.271372
92100	-1568.24	-1529.924	-38.31607	221085.9	13.48885	0.997298	0.999308	1.00069	1.0027	7.512182
92200	-1581.738	-1557.272	-24.46598	433636	13.06985	0.99807	0.999506	1.00049	1.00193	6.494504
92300	-1574.409	-1552.824	-21.58479	658492	12.07777	0.998434	0.999599	1.0004	1.00157	6.250276
92400	-1554.834	-1530.761	-24.07292	666347.5	11.63505	0.998443	0.999602	1.0004	1.00156	6.43674
92500	-1561.777	-1528.131	-33.64578	633312.1	13.54855	0.998403	0.999592	1.00041	1.0016	7.161197
92600	-1580.444	-1547.373	-33.07129	587449.4	10.16128	0.998342	0.999576	1.00042	1.00166	7.151925
92700	-1575.16	-1545.229	-29.93139	411003	10.52956	0.998018	0.999493	1.00051	1.00198	6.883985
92800	-1572.605	-1538.882	-33.72248	370114.1	9.982278	0.997911	0.999466	1.00053	1.00209	7.197655
92900	-1569.488	-1537.982	-31.50681	429631.9	10.57225	0.998061	0.999504	1.00049	1.00194	7.036926
93000	-1554.057	-1526.211	-27.84631	901394.2	12.89405	0.998661	0.999658	1.00034	1.00134	6.758668
93100	-1559.673	-1532.995	-26.67818	236946.5	11.71231	0.99739	0.999332	1.00067	1.00261	6.66343
93200	-1590.544	-1549.05	-41.49387	453666.9	9.957344	0.998113	0.999517	1.00048	1.00189	7.975298
93300	-1562.838	-1538.805	-24.03311	941605.6	11.61317	0.99869	0.999665	1.00033	1.00131	6.432039
93400	-1566.847	-1536.379	-30.46803	211311.4	14.44853	0.997236	0.999292	1.0007	1.00277	6.861093
93500	-1571.546	-1538.21	-33.33595	554885	11.92646	0.998294	0.999564	1.00044	1.00171	7.22756
93600	-1555.872	-1526.301	-29.57104	564052.8	14.02219	0.998308	0.999567	1.00043	1.00169	6.830253
93700	-1582.667	-1549.337	-33.32947	115894.1	12.1962	0.996269	0.999044	1.00095	1.00374	7.218626
93800	-1570.69	-1536.906	-33.78424	894468.2	12.21207	0.998656	0.999656	1.00034	1.00134	7.255276
93900	-1579.077	-1542.903	-36.17385	153432.7	11.14363	0.996757	0.999169	1.00083	1.00325	7.486152
94000	-1558.821	-1528.762	-30.05818	638714.1	11.50374	0.99841	0.999593	1.00041	1.00159	6.948921
94100	-1579.101	-1544.734	-34.36678	981443.9	12.0294	0.998717	0.999672	1.00033	1.00128	7.31042
94200	-1570.079	-1541.806	-28.27313	571943.6	13.44761	0.99832	0.99957	1.00043	1.00168	6.769659
94300	-1575.864	-1552.671	-23.19248	907676.8	11.78441	0.998666	0.999659	1.00034	1.00133	6.369915
94400	-1577.072	-1539.918	-37.15414	823352.6	10.26909	0.9986	0.999642	1.00036	1.0014	7.559686
94500	-1553.555	-1525.857	-27.69808	640503.9	12.98829	0.998412	0.999594	1.00041	1.00159	6.744423
94600	-1566.107	-1532.857	-33.25012	755186	12.06513	0.998538	0.999626	1.00037	1.00146	7.21652
94700	-1571.733	-1538.872	-32.86042	180410.4	11.22244	0.997009	0.999234	1.00076	1.00299	7.190303
94800	-1579.588	-1548.894	-30.69481	171937	14.38297	0.996936	0.999215	1.00078	1.00307	6.882169
94900	-1565.973	-1533.934	-32.0391	865407.3	10.77541	0.998634	0.999651	1.00035	1.00137	7.100026
95000	-1561.938	-1533.452	-28.48553	285457	13.09893	0.997622	0.999391	1.00061	1.00238	6.800925
95100	-1578.387	-1545.479	-32.9082	92548.62	10.15466	0.995825	0.99893	1.00106	1.00418	7.135202
95200	-1575.558	-1549.96	-25.59804	662266.2	11.66708	0.998438	0.999601	1.0004	1.00156	6.569269
95300	-1578.29	-1541.073	-37.21689	12751.41	12.75034	0.988766	0.997103	1.00285	1.01128	7.49731
95400	-1561.034	-1537.862	-23.17196	278012.6	12.77534	0.99759	0.999383	1.00061	1.00241	6.395902
95500	-1567.531	-1543.098	-24.43294	461979.7	11.81886	0.99813	0.999522	1.00048	1.00187	6.476714
95600	-1564.522	-1529.925	-34.59724	564447.2	11.86462	0.998309	0.999567	1.00043	1.00169	7.335338
95700	-1596.31	-1558.707	-37.60316	150710.1	10.88813	0.996728	0.999162	1.00083	1.00328	7.616713
95800	-1579.951	-1542.726	-37.22495	461393	11.58348	0.998129	0.999521	1.00048	1.00187	7.569103
95900	-1592.322	-1560.584	-31.73789	67665.41	13.31771	0.995118	0.998748	1.00124	1.00489	7.03585
96000	-1563.026	-1529.22	-33.80619	179279	11.51463	0.997	0.999232	1.00077	1.003	7.274644
96100	-1566.68	-1536.652	-30.02811	236551.9	11.88878	0.997388	0.999331	1.00067	1.00261	6.950246
96200	-1566.095	-1530.614	-35.48056	50508.27	9.153644	0.99435	0.99855	1.00144	1.00566	7.25468
96300	-1569.029	-1533.788	-35.24064	605088.5	11.11359	0.998366	0.999582	1.00042	1.00163	7.402313
96400	-1569.022	-1542.603	-26.41943	540259.6	14.73331	0.998271	0.999558	1.00044	1.00173	6.562422
96500	-1558.777	-1537.171	-21.60632	275420.1	12.22558	0.997579	0.99938	1.00062	1.00242	6.258624
96600	-1580.761	-1546.835	-33.92595	197790.4	13.15742	0.997143	0.999269	1.00073	1.00286	7.212072
96700	-1553.14	-1530.494	-22.64631	682995.2	12.1966	0.998462	0.999607	1.00039	1.00154	6.342699
96800	-1552.79	-1526.252	-26.53826	70323.78	12.51446	0.995211	0.998772	1.00122	1.0048	6.662259
96900	-1573.691	-1539.601	-34.08989	366309.9	14.9605	0.997901	0.999463	1.00054	1.0021	7.059386
97000	-1580.584	-1545.888	-34.69544	995575.8	10.6195	0.998726	0.999674	1.00033	1.00127	7.340681
97100	-1586.707	-1543.489	-43.21742	566249.1	9.601907	0.998311	0.999568	1.00043	1.00169	8.135654
97200	-1558.459	-1527.562	-30.89686	341384	12.11859	0.997825	0.999443	1.00055	1.00218	7.020627
97300	-1563.761	-1534.084	-29.67698	730000.8	10.63039	0.998513	0.99962	1.00038	1.00149	6.869065
97400	-1582.288	-1546.167	-36.12114	86551.3	10.70941	0.995683	0.998893	1.0011	1.00432	7.477414
97500	-1568.802	-1538.083	-30.71875	215830.7	13.51105	0.997265	0.9993	1.0007	1.00274	6.947551
97600	-1584.529	-1544.297	-40.23143	41869.91	10.72191	0.993795	0.998407	1.00158	1.00622	7.861066
97700	-1544.161	-1518.024	-26.1372	383354.4	11.52051	0.997948	0.999475	1.00052	1.00205	6.608914
97800	-1552.488	-1529.976	-22.51205	682753.4	11.70835	0.998462	0.999607	1.00039	1.00154	6.30747
97900	-1568.865	-1538.914	-29.95063	298503.2	12.96777	0.997674	0.999405	1.00059	1.00233	6.918752
98000	-1565.129	-1534.142	-30.98708	294767.3	13.85264	0.99766	0.999401	1.0006	1.00234	6.943876
98100	-1587.471	-1545.602	-41.86833	572607.3	10.59946	0.998321	0.99957	1.00043	1.00168	8.016513
98200	-1570.599	-1546.96	-23.63868	634930	13.9716	0.998405	0.999592	1.00041	1.0016	6.409118
98300	-1562.407	-1529.319	-33.08843	224828.3	10.00414	0.997321	0.999314	1.00068	1.00268	7.136698
98400	-1562.204	-1531.437	-30.76628	359977	14.12458	0.997882	0.999458	1.00054	1.00212	6.907694
98500	-1566.576	-1534.398	-32.17829	231054.5	10.56744	0.997357	0.999323	1.00067	1.00265	7.100102
98600	-1575.191	-1541.93	-33.26063	747593.5	11.19241	0.99853	0.999624	1.00038	1.00147	7.22554
98700	-1566.976	-1535.052	-31.92451	653895.7	11.34047	0.998429	0.999598	1.0004	1.00157	7.109275
98800	-1552.057	-1529.415	-22.64194	202443.3	13.29148	0.997176	0.999277	1.00072	1.00283	6.353177
98900	-1561.378	-1529.469	-31.90856	44217.13	12.7143	0.993962	0.99845	1.00154	1.00605	7.082697
99000	-1565.052	-1528.282	-36.77012	869097.5	14.78462	0.998637	0.999651	1.00035	1.00136	7.259039
99100	-1559.477	-1530.046	-29.43108	793902.5	12.57025	0.998574	0.999635	1.00036	1.00143	6.892013
99200	-1549.996	-1524.366	-25.62944	605842.7	11.69388	0.998367	0.999582	1.00042	1.00163	6.573117
99300	-1574.437	-1543.659	-30.77829	895070.9	12.70511	0.998657	0.999657	1.00034	1.00134	6.994165
99400	-1557.409	-1534.416	-22.99307	635323.7	12.74196	0.998406	0.999592	1.00041	1.0016	6.381689
99500	-1555.26	-1523.062	-32.19822	596239.7	9.592055	0.998354	0.999579	1.00042	1.00165	6.986334
99600	-1571.871	-1534.918	-36.95272	949980.3	13.8946	0.998696	0.999667	1.00033	1.0013	7.370152
99700	-1563.722	-1530.541	-33.18172	482051	10.46855	0.99817	0.999532	1.00047	1.00183	7.188573
99800	-1557.867	-1523.975	-33.89256	730592.4	11.74233	0.998513	0.99962	1.00038	1.00149	7.278804
99900	-1577.841	-1545.802	-32.03903	900115.8	12.26951	0.998661	0.999657	1.00034	1.00134	7.110643
100000	-1569.463	-1538.266	-31.19701	43095.07	12.8392	0.993884	0.998429	1.00156	1.00613	7.021148
