Iteration	Posterior	Likelihood	Prior	alpha_morpho	br_len_lambda	rates_morpho[1]	rates_morpho[2]	rates_morpho[3]	rates_morpho[4]	tree_length
0	-2747.836	-2660.409	-87.42707	673596.1	7.105928	0.998452	0.999604	1.0004	1.00155	13.68419
100	-1588.701	-1554.742	-33.9584	89999.5	11.00639	0.995766	0.998915	1.00108	1.00424	7.285004
200	-1567.511	-1535.78	-31.73135	893029.1	11.7573	0.998655	0.999656	1.00034	1.00135	7.094674
300	-1586.977	-1550.473	-36.50414	984140.3	8.627308	0.998719	0.999672	1.00033	1.00128	7.244664
400	-1574.45	-1543.787	-30.66301	819711.5	11.64696	0.998596	0.999641	1.00036	1.0014	7.003241
500	-1564.31	-1534.906	-29.40332	831029	10.80178	0.998606	0.999644	1.00036	1.00139	6.857426
600	-1553.026	-1526.639	-26.38694	488889.3	12.22824	0.998183	0.999535	1.00046	1.00182	6.64968
700	-1572.623	-1536.372	-36.25088	36287.99	11.07521	0.993335	0.998288	1.0017	1.00668	7.493323
800	-1563.2	-1534.92	-28.27997	599727	12.20245	0.998359	0.99958	1.00042	1.00164	6.804585
900	-1557.463	-1534.249	-23.21343	495883.4	13.19267	0.998196	0.999538	1.00046	1.00181	6.397501
1000	-1579.356	-1541.216	-38.14058	853570.3	10.45312	0.998625	0.999648	1.00035	1.00138	7.661876
1100	-1582.686	-1553.371	-29.31463	701545.3	15.61234	0.998483	0.999612	1.00039	1.00152	6.682624
1200	-1572.133	-1545.467	-26.66657	61601.14	13.43533	0.994883	0.998687	1.0013	1.00513	6.650672
1300	-1554.701	-1535.247	-19.4548	699783.9	14.22025	0.998481	0.999611	1.00039	1.00152	6.104777
1400	-1577.498	-1540.013	-37.48457	164715.6	9.930659	0.99687	0.999198	1.0008	1.00313	7.570567
1500	-1559.277	-1526.975	-32.30188	39428.74	13.06394	0.993606	0.998358	1.00163	1.00641	7.094401
1600	-1578.764	-1539.494	-39.26949	822768.2	12.91875	0.998599	0.999642	1.00036	1.0014	7.642189
1700	-1578.973	-1542.181	-36.79186	77059.25	10.18826	0.995425	0.998827	1.00117	1.00458	7.51976
1800	-1590.482	-1550.53	-39.95156	313221.1	11.24654	0.99773	0.999419	1.00058	1.00227	7.821197
1900	-1569.712	-1539.364	-30.34763	900862.2	12.09864	0.998661	0.999658	1.00034	1.00134	6.975562
2000	-1559.635	-1530.748	-28.88738	124705.6	12.39388	0.996403	0.999078	1.00092	1.0036	6.85216
2100	-1567.622	-1534.347	-33.27528	53426.7	12.14565	0.994506	0.99859	1.0014	1.0055	7.215974
2200	-1574.225	-1536.025	-38.19941	192421.9	10.32581	0.997104	0.999258	1.00074	1.0029	7.663632
2300	-1587.895	-1549.689	-38.20675	982813.6	10.02569	0.998718	0.999672	1.00033	1.00128	7.649691
2400	-1559.336	-1531.245	-28.0912	780753.5	11.2587	0.998562	0.999632	1.00037	1.00144	6.767252
2500	-1573.644	-1540.447	-33.19632	92468.57	11.93382	0.995823	0.998929	1.00106	1.00418	7.215674
2600	-1561.347	-1535.552	-25.79433	40687.89	14.28896	0.993705	0.998383	1.0016	1.00631	6.546799
2700	-1569.564	-1543.697	-25.86681	913221.9	12.4044	0.99867	0.99966	1.00034	1.00133	6.608485
2800	-1571.551	-1537.307	-34.24355	160688	10.34995	0.996831	0.999188	1.00081	1.00317	7.282259
2900	-1581.215	-1550.695	-30.5199	339753.7	11.63622	0.99782	0.999442	1.00056	1.00218	6.990852
3000	-1585.585	-1537.149	-48.43629	164375.4	10.41834	0.996867	0.999197	1.0008	1.00314	8.649159
3100	-1579.132	-1546.541	-32.59138	21063.95	11.93238	0.991255	0.997749	1.00222	1.00877	7.165012
3200	-1567.926	-1539.648	-28.27742	41517.96	12.33827	0.993769	0.9984	1.00159	1.00625	6.803528
3300	-1567.911	-1527.168	-40.74312	453813.9	8.499919	0.998114	0.999517	1.00048	1.00189	7.706186
3400	-1571.949	-1544.122	-27.82706	540844.2	13.81783	0.998272	0.999558	1.00044	1.00173	6.717703
3500	-1571.293	-1532.374	-38.91887	708088.2	11.1642	0.99849	0.999614	1.00039	1.00151	7.731909
3600	-1573.42	-1541.662	-31.75832	638977.5	12.37808	0.99841	0.999593	1.00041	1.00159	7.084339
3700	-1571.458	-1536.666	-34.79219	151660.5	10.17661	0.996738	0.999164	1.00083	1.00327	7.322545
3800	-1553.324	-1526.872	-26.45204	929314.3	10.35755	0.998682	0.999663	1.00034	1.00132	6.530537
3900	-1565.425	-1547.759	-17.66521	81413.77	15.90658	0.995549	0.998859	1.00113	1.00446	5.922718
4000	-1572.26	-1536.866	-35.39359	87047.62	12.67894	0.995695	0.998896	1.0011	1.00431	7.359204
4100	-1552.579	-1532.614	-19.96463	381422	12.27519	0.997943	0.999474	1.00052	1.00206	6.126823
4200	-1595.195	-1558.456	-36.73982	806569.2	12.97407	0.998585	0.999638	1.00036	1.00142	7.441766
4300	-1570.647	-1538.867	-31.7801	323782.3	12.96352	0.997767	0.999429	1.00057	1.00223	7.060061
4400	-1556.975	-1527.485	-29.48954	339281.3	10.33489	0.997819	0.999442	1.00056	1.00218	6.82119
4500	-1568.802	-1539.389	-29.41269	234951.8	12.70715	0.997379	0.999329	1.00067	1.00262	6.886617
4600	-1563.921	-1533.378	-30.54363	535046.6	12.60383	0.998263	0.999556	1.00044	1.00174	6.979381
4700	-1567.582	-1535.116	-32.46601	948230.9	12.2293	0.998695	0.999666	1.00033	1.00131	7.146779
4800	-1560.045	-1530.535	-29.51078	376353.5	12.6134	0.997929	0.99947	1.00053	1.00207	6.897163
4900	-1578.179	-1550.191	-27.98811	776649.8	12.63549	0.998558	0.999631	1.00037	1.00144	6.77602
5000	-1565.305	-1539.365	-25.93934	481848.3	12.46074	0.998169	0.999532	1.00047	1.00183	6.614434
5100	-1566.906	-1543.839	-23.06654	646592.4	12.49873	0.99842	0.999596	1.0004	1.00158	6.384577
5200	-1574.482	-1543.551	-30.93111	491671.8	12.23349	0.998188	0.999536	1.00046	1.00181	7.021176
5300	-1579.445	-1546.551	-32.89417	602477.7	10.24965	0.998363	0.999581	1.00042	1.00164	7.143069
5400	-1561.527	-1536.121	-25.40696	766159.3	12.21149	0.998548	0.999629	1.00037	1.00145	6.569283
5500	-1572.679	-1533.903	-38.77568	132082.2	10.40462	0.996505	0.999105	1.00089	1.0035	7.72157
5600	-1567.328	-1531.878	-35.45003	46333.07	12.90816	0.994101	0.998486	1.0015	1.00591	7.347327
5700	-1575.57	-1543.593	-31.97651	538735.1	10.46741	0.998269	0.999557	1.00044	1.00173	7.073354
5800	-1561.645	-1535.496	-26.14887	62014.23	11.61231	0.9949	0.998692	1.0013	1.00511	6.614188
5900	-1563.539	-1534.844	-28.69488	249453.9	11.58734	0.997456	0.999349	1.00065	1.00255	6.832805
6000	-1565.038	-1533.935	-31.10236	663987.4	13.26184	0.998441	0.999601	1.0004	1.00156	6.991467
6100	-1589.22	-1549.147	-40.07367	560455.6	10.20972	0.998303	0.999566	1.00043	1.0017	7.842492
6200	-1567.091	-1533.142	-33.94893	282915.8	11.32909	0.997611	0.999389	1.00061	1.00239	7.287778
6300	-1555.916	-1536.155	-19.76059	627286.3	14.15293	0.998396	0.99959	1.00041	1.00161	6.127872
6400	-1568.933	-1532.195	-36.73763	903479.9	13.23625	0.998663	0.999658	1.00034	1.00134	7.418712
6500	-1567.626	-1533.824	-33.80203	788978.4	11.55193	0.998569	0.999634	1.00037	1.00143	7.273946
6600	-1560.949	-1535.063	-25.88642	99934.36	11.16853	0.995982	0.99897	1.00102	1.00402	6.564895
6700	-1565.428	-1532.437	-32.99118	319760	12.10743	0.997753	0.999425	1.00057	1.00225	7.193793
6800	-1557.127	-1529.394	-27.73328	849740.8	12.20706	0.998621	0.999647	1.00035	1.00138	6.759785
6900	-1568.347	-1533.735	-34.6124	946173.6	12.19644	0.998694	0.999666	1.00033	1.00131	7.323806
7000	-1568.117	-1537.102	-31.01529	61333.59	12.69521	0.994872	0.998684	1.00131	1.00514	7.013225
7100	-1573.944	-1539.378	-34.5658	82505.48	10.70902	0.995578	0.998866	1.00113	1.00443	7.332168
7200	-1558.305	-1532.121	-26.1837	528822.5	12.83027	0.998253	0.999553	1.00045	1.00175	6.630824
7300	-1555.264	-1528.96	-26.30439	333110	12.56819	0.997798	0.999437	1.00056	1.0022	6.643289
7400	-1575.609	-1541.295	-34.31331	759205.8	10.70975	0.998542	0.999627	1.00037	1.00146	7.308621
7500	-1565.869	-1538.808	-27.06104	888132.4	11.24251	0.998652	0.999655	1.00034	1.00135	6.674775
7600	-1559.093	-1532.213	-26.87935	121232.7	11.96909	0.996352	0.999065	1.00093	1.00365	6.687006
7700	-1589.674	-1548.423	-41.25117	681861	10.47166	0.998461	0.999606	1.00039	1.00154	7.959389
7800	-1569.976	-1541.767	-28.20864	795102.4	10.79275	0.998575	0.999636	1.00036	1.00143	6.74605
7900	-1567.262	-1541.935	-25.32697	296187.4	15.16437	0.997665	0.999402	1.0006	1.00234	6.459796
8000	-1558.606	-1523.925	-34.68199	256129.9	9.850279	0.99749	0.999357	1.00064	1.00251	7.279329
8100	-1551.661	-1523.259	-28.40288	343433.5	10.8373	0.997832	0.999445	1.00055	1.00217	6.767728
8200	-1564.706	-1536.69	-28.01656	661785.6	11.57381	0.998438	0.9996	1.0004	1.00156	6.773837
8300	-1562.966	-1535.063	-27.90318	656798.6	12.95907	0.998432	0.999599	1.0004	1.00157	6.761136
8400	-1586.227	-1553.05	-33.1766	342613.9	10.68518	0.997829	0.999445	1.00055	1.00217	7.201234
8500	-1567.701	-1535.187	-32.51364	236932.2	11.78069	0.99739	0.999332	1.00067	1.00261	7.160935
8600	-1562.944	-1530.88	-32.06351	914240.5	10.52116	0.998671	0.99966	1.00034	1.00133	7.085844
8700	-1573.863	-1542.185	-31.67728	894006	10.9842	0.998656	0.999656	1.00034	1.00134	7.076834
8800	-1598.399	-1554.841	-43.55769	261248.8	10.40732	0.997514	0.999364	1.00063	1.00249	8.18112
8900	-1581.545	-1547.008	-34.53738	14066.07	12.22742	0.989303	0.997242	1.00272	1.01074	7.316243
9000	-1565.464	-1542.396	-23.06762	552299.5	13.34885	0.99829	0.999563	1.00044	1.00171	6.384327
9100	-1582.752	-1543.49	-39.2617	457144.5	8.325792	0.998121	0.999519	1.00048	1.00188	7.482291
9200	-1567.358	-1540.458	-26.89998	899556.4	13.28624	0.99866	0.999657	1.00034	1.00134	6.673724
9300	-1577.374	-1538.309	-39.06567	871635.3	13.35403	0.998639	0.999652	1.00035	1.00136	7.582237
9400	-1574.844	-1543.731	-31.11364	963157.4	9.360015	0.998705	0.999669	1.00033	1.0013	6.826231
9500	-1561.666	-1529.993	-31.67295	870806.5	10.91042	0.998638	0.999652	1.00035	1.00136	7.07314
9600	-1565.01	-1534.926	-30.08383	114546.8	11.89759	0.996247	0.999038	1.00096	1.00376	6.954926
9700	-1565.353	-1536.342	-29.01089	530507.7	11.13176	0.998255	0.999554	1.00045	1.00175	6.84274
9800	-1567.895	-1543.002	-24.89323	527771.5	12.69243	0.998251	0.999553	1.00045	1.00175	6.530999
9900	-1565.517	-1537.254	-28.26345	439060.3	13.48595	0.998082	0.999509	1.00049	1.00192	6.767071
10000	-1587.221	-1554.251	-32.96986	942724.5	11.15572	0.998691	0.999665	1.00033	1.00131	7.198878
10100	-1563.255	-1529.789	-33.46544	988276.9	10.50263	0.998722	0.999673	1.00033	1.00128	7.217917
10200	-1571.849	-1534.968	-36.88118	930717.9	8.674197	0.998683	0.999663	1.00034	1.00132	7.301002
10300	-1559.556	-1534.337	-25.21959	873108.4	12.21941	0.99864	0.999652	1.00035	1.00136	6.554072
10400	-1569.535	-1531.747	-37.78791	688055.9	14.28035	0.998468	0.999608	1.00039	1.00153	7.387146
10500	-1574.391	-1542.334	-32.05724	902502.9	12.18171	0.998662	0.999658	1.00034	1.00134	7.114718
10600	-1565.307	-1532.46	-32.84722	458629.3	10.74376	0.998124	0.99952	1.00048	1.00188	7.173477
10700	-1582.31	-1552.49	-29.81931	148638.5	14.05883	0.996705	0.999156	1.00084	1.0033	6.845367
10800	-1564.755	-1535.62	-29.13541	338839.2	14.28802	0.997817	0.999441	1.00056	1.00218	6.78069
10900	-1551.921	-1531.515	-20.4058	272076.4	12.62015	0.997564	0.999377	1.00062	1.00244	6.175507
11000	-1568.714	-1544.747	-23.96699	375423.6	13.35799	0.997926	0.999469	1.00053	1.00208	6.451505
11100	-1563.046	-1537.584	-25.46177	286671.1	10.40089	0.997627	0.999393	1.00061	1.00238	6.441408
11200	-1574.543	-1540.219	-34.32395	629757.5	13.20257	0.998399	0.99959	1.00041	1.0016	7.238925
11300	-1570.968	-1535.675	-35.29265	204603.2	11.41622	0.997191	0.999281	1.00072	1.00281	7.405376
11400	-1581.698	-1541.189	-40.50875	49601.56	9.804946	0.994298	0.998536	1.00145	1.00571	7.868188
11500	-1548.479	-1530.772	-17.70658	270519.9	12.04811	0.997557	0.999375	1.00062	1.00244	5.926915
11600	-1572.643	-1541.322	-31.32049	575571.6	13.61288	0.998325	0.999572	1.00043	1.00168	6.985172
11700	-1567.906	-1540.569	-27.33733	198622	12.02391	0.997149	0.99927	1.00073	1.00285	6.725999
11800	-1571.031	-1536.803	-34.22802	749493.9	10.5062	0.998532	0.999625	1.00037	1.00147	7.290729
11900	-1582.917	-1545.069	-37.8489	666576.9	11.08949	0.998444	0.999602	1.0004	1.00156	7.637396
12000	-1576.786	-1553.98	-22.80566	750122.9	13.01821	0.998533	0.999625	1.00037	1.00147	6.367672
12100	-1565.634	-1537.136	-28.49871	657821.4	15.30518	0.998433	0.999599	1.0004	1.00157	6.657089
12200	-1594.854	-1560.377	-34.47742	144050.1	10.72452	0.996653	0.999143	1.00085	1.00335	7.324505
12300	-1552.518	-1532.584	-19.93373	838419.8	12.79139	0.998612	0.999645	1.00035	1.00139	6.142812
12400	-1553.175	-1528.327	-24.84827	346441.2	12.16333	0.997841	0.999448	1.00055	1.00216	6.522539
12500	-1559.378	-1540.485	-18.8924	339132.5	13.96019	0.997818	0.999442	1.00056	1.00218	6.069559
12600	-1564.005	-1534.501	-29.50385	464765.9	11.44742	0.998136	0.999523	1.00048	1.00187	6.899226
12700	-1557.273	-1529.721	-27.55239	304608.5	13.93372	0.997698	0.999411	1.00059	1.0023	6.691404
12800	-1561.642	-1531.71	-29.93176	560236.7	13.90589	0.998302	0.999566	1.00043	1.0017	6.864081
12900	-1562.873	-1535.673	-27.19982	257531.2	13.66076	0.997496	0.999359	1.00064	1.00251	6.680193
13000	-1564.556	-1531.999	-32.55702	54971.82	10.26222	0.994584	0.99861	1.00138	1.00543	7.111373
13100	-1547.71	-1526.314	-21.39654	680126.9	11.65652	0.998459	0.999606	1.00039	1.00154	6.208356
13200	-1562.097	-1545.455	-16.64212	51048.07	14.09318	0.99438	0.998557	1.00143	1.00563	5.907909
13300	-1566.495	-1540.096	-26.39885	105821.1	12.05505	0.996095	0.998999	1.001	1.00391	6.648497
13400	-1561.4	-1530.964	-30.4362	854323.1	13.28836	0.998625	0.999648	1.00035	1.00138	6.939761
13500	-1579.456	-1545.39	-34.06638	427246.3	10.45474	0.998056	0.999503	1.0005	1.00195	7.272218
13600	-1576.298	-1545.892	-30.40559	153411.2	14.19084	0.996757	0.999169	1.00083	1.00325	6.877122
13700	-1556.281	-1529.243	-27.03874	769818.1	12.00245	0.998552	0.99963	1.00037	1.00145	6.700855
13800	-1585.328	-1544.806	-40.52185	17313.73	10.3129	0.990356	0.997516	1.00245	1.00968	7.888363
13900	-1573.02	-1538.904	-34.11566	457296	10.69155	0.998121	0.999519	1.00048	1.00188	7.289394
14000	-1558.8	-1528.901	-29.89882	678984.2	11.13329	0.998458	0.999606	1.00039	1.00154	6.922576
14100	-1561.114	-1533.288	-27.82608	741239	11.45074	0.998524	0.999623	1.00038	1.00148	6.7528
14200	-1550.696	-1523.518	-27.17812	151036.8	10.98752	0.996731	0.999163	1.00083	1.00327	6.667494
14300	-1562.002	-1540.26	-21.74211	682573.2	12.49127	0.998462	0.999607	1.00039	1.00154	6.278417
14400	-1574.771	-1541.626	-33.14551	93516.53	10.62623	0.995846	0.998935	1.00106	1.00416	7.195114
14500	-1566.084	-1544.646	-21.43875	841818.4	13.71408	0.998615	0.999646	1.00035	1.00139	6.257503
14600	-1574.189	-1539.493	-34.69689	599200.8	11.38027	0.998358	0.99958	1.00042	1.00164	7.353493
14700	-1558.664	-1537.592	-21.07287	197985.3	12.25952	0.997145	0.999269	1.00073	1.00286	6.216451
14800	-1590.163	-1558.633	-31.53069	472294.1	10.70538	0.998151	0.999527	1.00047	1.00185	7.048518
14900	-1561.169	-1528.703	-32.46651	627573.6	12.81824	0.998396	0.99959	1.00041	1.0016	7.12116
15000	-1572.729	-1536.154	-36.57476	218676.6	13.07436	0.997283	0.999304	1.00069	1.00272	7.420585
15100	-1573.534	-1547.289	-26.24498	610630	13.66337	0.998374	0.999584	1.00042	1.00163	6.610184
15200	-1560.43	-1525.136	-35.29477	857770.9	12.14186	0.998628	0.999649	1.00035	1.00137	7.382429
15300	-1568.055	-1530.037	-38.01799	424660.6	9.549886	0.99805	0.999501	1.0005	1.00195	7.588258
15400	-1574.761	-1541.991	-32.76966	903977.6	11.58354	0.998663	0.999658	1.00034	1.00134	7.184479
15500	-1568.72	-1540.251	-28.46929	758229.9	11.09371	0.998541	0.999627	1.00037	1.00146	6.79184
15600	-1574.302	-1541.162	-33.14027	885828.3	10.08118	0.99865	0.999655	1.00034	1.00135	7.150454
15700	-1548.11	-1527.561	-20.54928	30987.83	13.69469	0.992788	0.998146	1.00184	1.00723	6.192914
15800	-1582.177	-1548.419	-33.7577	263726	10.20675	0.997526	0.999367	1.00063	1.00248	7.223607
15900	-1571.119	-1531.403	-39.71596	455177.5	10.07901	0.998117	0.999518	1.00048	1.00188	7.802635
16000	-1579.371	-1537.702	-41.66903	479000.1	12.70112	0.998164	0.99953	1.00047	1.00184	7.851786
16100	-1573.761	-1536.781	-36.9795	452587.4	12.78691	0.998111	0.999517	1.00048	1.00189	7.475769
16200	-1550.877	-1529.171	-21.70603	131523	12.11574	0.996497	0.999103	1.00089	1.00351	6.262089
16300	-1573.547	-1546.526	-27.02027	122315.8	14.04961	0.996368	0.999069	1.00093	1.00364	6.646796
16400	-1570.057	-1536.601	-33.45609	566770.5	13.0639	0.998312	0.999568	1.00043	1.00169	7.182755
16500	-1558.814	-1538.011	-20.80234	747722.7	12.70984	0.99853	0.999624	1.00038	1.00147	6.209078
16600	-1572.306	-1541.409	-30.89726	298166.6	12.51245	0.997673	0.999404	1.00059	1.00233	7.010644
16700	-1580.512	-1543.393	-37.11899	990224.5	9.889821	0.998723	0.999673	1.00033	1.00128	7.530272
16800	-1573.201	-1543.059	-30.1422	811212.4	12.68776	0.998589	0.999639	1.00036	1.00141	6.944714
16900	-1576.051	-1539.882	-36.16927	886060.1	12.11851	0.99865	0.999655	1.00034	1.00135	7.4557
17000	-1568.91	-1545.018	-23.89196	413843	12.75142	0.998025	0.999495	1.0005	1.00198	6.452247
17100	-1587.086	-1563.376	-23.71042	692871.1	11.94693	0.998473	0.99961	1.00039	1.00153	6.421345
17200	-1563.42	-1535.991	-27.42856	413325.6	13.69905	0.998024	0.999494	1.0005	1.00198	6.695027
17300	-1566.358	-1528.42	-37.93853	829335.5	9.97336	0.998605	0.999643	1.00036	1.0014	7.619383
17400	-1562.607	-1531.625	-30.98211	558813	12.13338	0.9983	0.999565	1.00043	1.0017	7.027396
17500	-1572.135	-1538.212	-33.92285	195181.8	11.15257	0.997124	0.999264	1.00073	1.00288	7.284267
17600	-1565.171	-1531.328	-33.84296	543990.1	11.49226	0.998277	0.999559	1.00044	1.00172	7.27801
17700	-1563.014	-1534.99	-28.0242	233975.2	11.343	0.997373	0.999328	1.00067	1.00263	6.765465
17800	-1555.244	-1530.342	-24.90227	115829.9	11.79714	0.996268	0.999044	1.00095	1.00374	6.515537
17900	-1565.339	-1534.684	-30.65525	485785.6	11.11315	0.998177	0.999534	1.00047	1.00182	6.989701
18000	-1573.304	-1537.735	-35.56844	130174.7	14.57162	0.996479	0.999098	1.0009	1.00353	7.200954
18100	-1563.852	-1532.476	-31.37671	537443.2	11.51821	0.998267	0.999557	1.00044	1.00173	7.06369
18200	-1582.277	-1542.043	-40.23417	564315.1	13.29646	0.998308	0.999567	1.00043	1.00169	7.676194
18300	-1582.714	-1548.238	-34.47591	3945.698	10.51605	0.979837	0.994759	1.0051	1.02031	7.31486
18400	-1561.03	-1525.93	-35.10023	14335.63	11.70338	0.989404	0.997269	1.00269	1.01064	7.382753
18500	-1562.558	-1533.179	-29.37856	102811	11.07169	0.996039	0.998985	1.00101	1.00397	6.872618
18600	-1572.2	-1538.15	-34.05027	544584.7	12.20044	0.998278	0.99956	1.00044	1.00172	7.27755
18700	-1567.684	-1537.918	-29.76583	919579.6	11.74867	0.998675	0.999661	1.00034	1.00133	6.927423
18800	-1573.683	-1531.456	-42.22728	647527.6	10.46857	0.998421	0.999596	1.0004	1.00158	8.052643
18900	-1558.571	-1528.897	-29.67411	331898.7	13.87674	0.997794	0.999436	1.00056	1.00221	6.847499
19000	-1552.194	-1523.046	-29.14837	42399.67	11.58244	0.993834	0.998417	1.00157	1.00618	6.87183
19100	-1568.714	-1536.795	-31.91828	899123	11.75843	0.99866	0.999657	1.00034	1.00134	7.110565
19200	-1560.464	-1529.298	-31.16636	787587.9	12.30584	0.998568	0.999634	1.00037	1.00143	7.038567
19300	-1564.504	-1532.374	-32.12992	800127.3	11.26305	0.998579	0.999637	1.00036	1.00142	7.126058
19400	-1558.115	-1529.751	-28.36339	149574.4	12.40922	0.996715	0.999159	1.00084	1.00329	6.809689
19500	-1570.984	-1541.893	-29.09099	74729.13	10.15043	0.995354	0.998809	1.00118	1.00465	6.758706
19600	-1569.317	-1539.907	-29.41015	753996.5	14.22937	0.998537	0.999626	1.00037	1.00146	6.8042
19700	-1564.657	-1530.47	-34.18656	291045.4	9.17133	0.997645	0.999397	1.0006	1.00236	7.117102
19800	-1572.515	-1539.652	-32.86315	433565.8	11.79251	0.99807	0.999506	1.00049	1.00193	7.190423
19900	-1578.082	-1544.793	-33.28892	479514.4	11.71346	0.998165	0.999531	1.00047	1.00184	7.22784
20000	-1570.057	-1541.627	-28.43032	774920	12.12169	0.998556	0.999631	1.00037	1.00144	6.817092
20100	-1562.774	-1531.135	-31.63875	400234.3	10.9213	0.997992	0.999486	1.00051	1.00201	7.07052
20200	-1564.349	-1531.11	-33.23854	506119.6	11.92393	0.998214	0.999543	1.00046	1.00179	7.219455
20300	-1560.096	-1529.998	-30.09848	892403.3	11.44998	0.998655	0.999656	1.00034	1.00135	6.951232
20400	-1557.259	-1527.99	-29.26936	692275.7	10.75696	0.998473	0.999609	1.00039	1.00153	6.841522
20500	-1566.332	-1538.752	-27.58016	74344.07	12.23438	0.995342	0.998805	1.00119	1.00467	6.74726
20600	-1564.478	-1535.888	-28.58946	834062.7	13.11648	0.998609	0.999644	1.00036	1.00139	6.808159
20700	-1596.412	-1560.48	-35.93252	732829.9	11.60545	0.998516	0.99962	1.00038	1.00149	7.45691
20800	-1563.894	-1535.603	-28.29085	453371.9	12.88266	0.998113	0.999517	1.00048	1.00189	6.793497
20900	-1560.315	-1528.516	-31.799	16294.84	14.27233	0.99006	0.997439	1.00253	1.00998	6.968447
21000	-1590.898	-1558.694	-32.20396	940936.8	10.31684	0.99869	0.999665	1.00033	1.00131	7.082176
21100	-1572.521	-1538.824	-33.69735	686802.6	10.37158	0.998467	0.999608	1.00039	1.00153	7.2311
21200	-1575.215	-1538.903	-36.31232	719081.6	12.28107	0.998501	0.999617	1.00038	1.0015	7.458237
21300	-1563.907	-1539.561	-24.34585	544103.9	11.4629	0.998277	0.999559	1.00044	1.00172	6.449687
21400	-1550.422	-1526.843	-23.57864	616146.9	14.58753	0.998381	0.999586	1.00041	1.00162	6.377319
21500	-1557.967	-1539.185	-18.78275	411951.8	12.4468	0.99802	0.999493	1.00051	1.00198	6.039448
21600	-1586.53	-1548.937	-37.59353	602646.6	10.53458	0.998363	0.999581	1.00042	1.00164	7.611788
21700	-1563.864	-1532.168	-31.69628	492669.5	11.71018	0.99819	0.999537	1.00046	1.00181	7.091883
21800	-1567.183	-1539.568	-27.61489	997213.8	12.85723	0.998727	0.999675	1.00032	1.00127	6.741692
21900	-1570.586	-1534.501	-36.0845	969537.4	12.61923	0.998709	0.99967	1.00033	1.00129	7.417926
22000	-1554.21	-1534.923	-19.28675	357915.8	14.05146	0.997876	0.999457	1.00054	1.00213	6.09632
22100	-1578.144	-1546.778	-31.36608	376725.7	10.83376	0.99793	0.99947	1.00053	1.00207	7.040957
22200	-1577.743	-1539.152	-38.5912	662481	10.16699	0.998439	0.999601	1.0004	1.00156	7.695417
22300	-1579.934	-1543.358	-36.57655	313382.5	10.01775	0.99773	0.999419	1.00058	1.00227	7.48646
22400	-1573.314	-1540.926	-32.38792	46677.16	11.5913	0.994123	0.998491	1.0015	1.00589	7.151513
22500	-1568.253	-1540.296	-27.95695	103182.5	12.72118	0.996046	0.998987	1.00101	1.00396	6.77174
22600	-1573.711	-1539.942	-33.76968	18130.36	12.70975	0.990576	0.997573	1.0024	1.00946	7.229342
22700	-1571.479	-1548.055	-23.42437	485186.3	11.7044	0.998176	0.999533	1.00047	1.00183	6.385163
22800	-1577.617	-1549.017	-28.5991	643671.2	10.55928	0.998416	0.999595	1.0004	1.00158	6.760563
22900	-1579.596	-1543.07	-36.52629	716103.9	10.87788	0.998498	0.999616	1.00038	1.0015	7.517722
23000	-1592.596	-1552.585	-40.0111	592272.6	11.03351	0.998349	0.999578	1.00042	1.00165	7.834139
23100	-1576.98	-1540.862	-36.11845	822340.8	9.98769	0.998599	0.999642	1.00036	1.0014	7.438152
23200	-1576.172	-1537.864	-38.30858	416422.2	10.07079	0.998031	0.999496	1.0005	1.00197	7.662533
23300	-1561.074	-1525.697	-35.37735	516794.5	11.44171	0.998232	0.999548	1.00045	1.00177	7.412404
23400	-1577.28	-1537.134	-40.14579	354447.5	9.365197	0.997866	0.999454	1.00054	1.00214	7.791805
23500	-1584.775	-1549.377	-35.39751	128848.9	12.30807	0.996461	0.999093	1.0009	1.00354	7.382277
23600	-1560.978	-1538.583	-22.39464	741703.5	14.07155	0.998524	0.999623	1.00038	1.00148	6.316825
23700	-1566.948	-1540.795	-26.15277	234094.8	13.36644	0.997374	0.999328	1.00067	1.00263	6.614849
23800	-1560.093	-1529	-31.09282	478794.8	11.38588	0.998164	0.99953	1.00047	1.00184	7.036912
23900	-1569.592	-1533.386	-36.20584	773565.2	14.36677	0.998555	0.99963	1.00037	1.00145	7.267083
24000	-1561.695	-1529.238	-32.45703	472328.9	10.81459	0.998151	0.999527	1.00047	1.00185	7.140751
24100	-1577.34	-1541.47	-35.8704	270604.8	9.773431	0.997558	0.999375	1.00062	1.00244	7.391618
24200	-1594.401	-1556.28	-38.12057	730541.6	11.61657	0.998513	0.99962	1.00038	1.00149	7.644944
24300	-1564.167	-1530.799	-33.36846	817255.2	9.595229	0.998594	0.999641	1.00036	1.00141	7.108849
24400	-1564.759	-1534.761	-29.99887	795128.1	13.04672	0.998575	0.999636	1.00036	1.00143	6.918916
24500	-1564.886	-1533.572	-31.31354	540351.3	13.32613	0.998271	0.999558	1.00044	1.00173	7.003466
24600	-1566.099	-1532.06	-34.0387	718779.6	10.99447	0.998501	0.999617	1.00038	1.0015	7.292045
24700	-1580.418	-1551.772	-28.64604	932618.7	12.0641	0.998684	0.999664	1.00034	1.00132	6.834917
24800	-1574.176	-1541.181	-32.99467	529069.8	10.36708	0.998253	0.999553	1.00045	1.00175	7.162987
24900	-1555.236	-1530.485	-24.75104	30705.78	12.65916	0.992755	0.998138	1.00184	1.00726	6.519832
25000	-1563.469	-1539.783	-23.68534	753795.1	14.51718	0.998536	0.999626	1.00037	1.00146	6.388238
25100	-1575.693	-1545.113	-30.5797	564956.3	11.07686	0.998309	0.999568	1.00043	1.00169	6.981336
25200	-1569.936	-1540.096	-29.83987	766945.4	11.58408	0.998549	0.999629	1.00037	1.00145	6.931561
25300	-1559.133	-1526.107	-33.02575	321639.7	11.33795	0.99776	0.999427	1.00057	1.00224	7.206363
25400	-1560.829	-1535.518	-25.3103	750538.8	12.73059	0.998533	0.999625	1.00037	1.00147	6.563627
25500	-1577.671	-1537.597	-40.07448	775643.7	11.03	0.998557	0.999631	1.00037	1.00144	7.83999
25600	-1573.268	-1539.973	-33.29458	596118.4	15.05816	0.998354	0.999579	1.00042	1.00165	6.996217
25700	-1572.108	-1531.891	-40.21721	74493.59	10.5565	0.995347	0.998807	1.00119	1.00466	7.860841
25800	-1566.848	-1535.226	-31.62244	936694	12.74936	0.998687	0.999664	1.00034	1.00131	7.058587
25900	-1566.42	-1537.221	-29.19875	538309.6	13.18392	0.998268	0.999557	1.00044	1.00173	6.851588
26000	-1582.273	-1551.305	-30.96723	370293.5	13.50305	0.997912	0.999466	1.00053	1.00209	6.96646
26100	-1545.277	-1523.072	-22.20511	67856.57	13.05406	0.995125	0.998749	1.00124	1.00488	6.321538
26200	-1568.827	-1534.767	-34.06003	68811.65	11.97241	0.995159	0.998758	1.00123	1.00485	7.286834
26300	-1567.336	-1533.65	-33.68635	742673.7	10.47016	0.998525	0.999623	1.00038	1.00148	7.236883
26400	-1562.823	-1530.869	-31.95395	100592.1	12.90479	0.995995	0.998974	1.00102	1.00401	7.076665
26500	-1561.67	-1530.658	-31.0115	747884	14.90051	0.998531	0.999624	1.00038	1.00147	6.859095
26600	-1575.648	-1540.414	-35.23433	27787.73	10.72067	0.992385	0.998042	1.00194	1.00764	7.394964
26700	-1549.149	-1528.325	-20.82427	526994.7	12.66792	0.99825	0.999552	1.00045	1.00175	6.20985
26800	-1550.741	-1519.629	-31.11204	511213.4	12.85989	0.998223	0.999545	1.00045	1.00178	7.013566
26900	-1569.187	-1548.651	-20.53586	359292.1	14.78119	0.99788	0.999458	1.00054	1.00212	6.16113
27000	-1567.729	-1538.326	-29.40266	603278.8	15.59881	0.998364	0.999582	1.00042	1.00164	6.689513
27100	-1565.603	-1534.226	-31.37717	289471.2	10.45617	0.997638	0.999396	1.0006	1.00236	7.01512
27200	-1569.406	-1540.174	-29.23201	620053.4	13.9323	0.998386	0.999587	1.00041	1.00161	6.812041
27300	-1560.688	-1527.795	-32.89316	952749.9	12.00655	0.998698	0.999667	1.00033	1.0013	7.188518
27400	-1584.995	-1540.895	-44.10076	203428.2	9.921262	0.997183	0.999279	1.00072	1.00282	8.236687
27500	-1576.796	-1541.23	-35.56526	756971.4	10.21584	0.998539	0.999626	1.00037	1.00146	7.401344
27600	-1555.438	-1527.541	-27.89629	90133.24	12.31665	0.995769	0.998915	1.00108	1.00424	6.772774
27700	-1563.532	-1537.722	-25.81074	375420.2	11.35705	0.997926	0.999469	1.00053	1.00208	6.571216
27800	-1582.906	-1542.32	-40.58637	91635.23	10.15381	0.995804	0.998924	1.00107	1.0042	7.891301
27900	-1553.325	-1522.169	-31.15568	120309.7	12.00124	0.996338	0.999062	1.00093	1.00367	7.043879
28000	-1561.892	-1529.407	-32.48507	371274.3	11.44985	0.997915	0.999466	1.00053	1.00209	7.159668
28100	-1569.925	-1536.313	-33.612	480060.5	11.02923	0.998166	0.999531	1.00047	1.00184	7.254071
28200	-1564.38	-1533.084	-31.29612	662552.3	10.90681	0.998439	0.999601	1.0004	1.00156	7.038418
28300	-1568.886	-1538.394	-30.49202	234349.1	10.77033	0.997375	0.999328	1.00067	1.00263	6.956104
28400	-1562.307	-1536.046	-26.26139	356686.7	10.77073	0.997872	0.999456	1.00054	1.00213	6.563342
28500	-1587.898	-1547.52	-40.37834	760366	14.23058	0.998543	0.999627	1.00037	1.00146	7.57486
28600	-1574.45	-1542.237	-32.21339	21718.02	10.73044	0.991388	0.997784	1.00219	1.00864	7.113734
28700	-1563.069	-1535.623	-27.446	560846.5	11.41959	0.998303	0.999566	1.00043	1.0017	6.718207
28800	-1574.001	-1543.141	-30.86044	420458.9	11.90745	0.99804	0.999499	1.0005	1.00196	7.020136
28900	-1596.059	-1555.03	-41.02905	387076.1	9.501168	0.997958	0.999477	1.00052	1.00204	7.899352
29000	-1577.899	-1551.923	-25.97599	28954.8	13.75986	0.99254	0.998082	1.0019	1.00748	6.58635
29100	-1565.531	-1530.84	-34.69018	610678.3	12.66784	0.998374	0.999584	1.00041	1.00163	7.304424
29200	-1561.452	-1527.228	-34.22446	842174.4	12.7027	0.998615	0.999646	1.00035	1.00139	7.265555
29300	-1583.548	-1549.016	-34.53194	754081.8	11.64316	0.998537	0.999626	1.00037	1.00146	7.335502
29400	-1592.699	-1559.183	-33.5168	627286.1	10.97387	0.998396	0.99959	1.00041	1.00161	7.244024
29500	-1588.74	-1553.027	-35.71345	528515.1	11.55601	0.998252	0.999553	1.00045	1.00175	7.43931
29600	-1572.469	-1542.545	-29.92385	920717.3	13.28111	0.998676	0.999661	1.00034	1.00133	6.901589
29700	-1575.261	-1547.316	-27.94486	547241.1	11.33641	0.998282	0.999561	1.00044	1.00172	6.758159
29800	-1565.65	-1537.262	-28.38827	394984.8	13.89317	0.997978	0.999483	1.00052	1.00202	6.753852
29900	-1571.856	-1544.414	-27.44176	881747.7	11.68688	0.998647	0.999654	1.00035	1.00135	6.727892
30000	-1573.236	-1547.086	-26.14996	31916.2	13.00456	0.992894	0.998174	1.00181	1.00712	6.624873
30100	-1571.169	-1538.573	-32.59652	203099.6	13.8446	0.997181	0.999278	1.00072	1.00282	7.06071
30200	-1568.51	-1543.259	-25.25127	454830	13.11863	0.998116	0.999518	1.00048	1.00189	6.55361
30300	-1560.914	-1531.472	-29.44154	766077.2	11.66346	0.998548	0.999629	1.00037	1.00145	6.898642
30400	-1572.924	-1536.488	-36.43618	795766.5	10.36021	0.998575	0.999636	1.00036	1.00143	7.494617
30500	-1562.778	-1535.362	-27.41616	561238.9	12.78557	0.998304	0.999566	1.00043	1.0017	6.727898
30600	-1582.193	-1542.059	-40.13447	751155.6	12.66645	0.998534	0.999625	1.00037	1.00147	7.73433
30700	-1576.403	-1540.179	-36.22409	22910.06	13.3415	0.991615	0.997843	1.00213	1.00841	7.370577
30800	-1566.941	-1536.557	-30.38376	519646.8	13.10105	0.998237	0.999549	1.00045	1.00176	6.945734
30900	-1579.865	-1533.696	-46.16845	826551.4	10.67188	0.998602	0.999643	1.00036	1.0014	8.417928
31000	-1576.46	-1540.967	-35.49283	28254.53	12.32505	0.992448	0.998058	1.00192	1.00757	7.389073
31100	-1564.809	-1531.321	-33.48843	372727.7	10.73594	0.997919	0.999467	1.00053	1.00208	7.232808
31200	-1578.717	-1540.178	-38.53914	666156.8	9.387156	0.998443	0.999602	1.0004	1.00156	7.623163
31300	-1557.94	-1528.326	-29.61404	667647	12.69822	0.998445	0.999602	1.0004	1.00156	6.902751
31400	-1565.538	-1535.329	-30.20932	555634.1	12.28929	0.998295	0.999564	1.00044	1.00171	6.961131
31500	-1562.733	-1538.982	-23.75098	537820.7	11.59547	0.998267	0.999557	1.00044	1.00173	6.40665
31600	-1560.508	-1534.791	-25.7172	51808.34	12.96805	0.994421	0.998568	1.00142	1.00559	6.592289
31700	-1555.684	-1529.669	-26.01549	160075.3	10.89261	0.996825	0.999187	1.00081	1.00318	6.552897
31800	-1570.911	-1532.474	-38.43685	709968.7	9.4644	0.998492	0.999614	1.00038	1.00151	7.622105
31900	-1568.032	-1534.798	-33.23309	804896.2	12.31824	0.998584	0.999638	1.00036	1.00142	7.206008
32000	-1567.111	-1536.661	-30.45008	817058.2	13.92284	0.998594	0.99964	1.00036	1.00141	6.900145
32100	-1554.103	-1526.538	-27.5654	718723.6	11.73118	0.998501	0.999617	1.00038	1.0015	6.739684
32200	-1572.55	-1537.884	-34.66582	161117.2	12.54938	0.996835	0.999189	1.00081	1.00317	7.309685
32300	-1571.576	-1544.332	-27.24345	570048.6	13.84509	0.998317	0.999569	1.00043	1.00168	6.67403
32400	-1559.591	-1522.053	-37.53803	986681.4	11.08175	0.998721	0.999673	1.00033	1.00128	7.609462
32500	-1577.071	-1546.448	-30.62264	844951.7	14.70268	0.998618	0.999646	1.00035	1.00138	6.850359
32600	-1560.806	-1532.771	-28.03531	932750.7	15.9253	0.998684	0.999664	1.00034	1.00132	6.572971
32700	-1567.717	-1538.571	-29.14579	648585	10.99178	0.998422	0.999596	1.0004	1.00158	6.846843
32800	-1566.817	-1539.165	-27.65273	948174.2	14.74746	0.998695	0.999666	1.00033	1.00131	6.645095
32900	-1573.558	-1545.224	-28.33348	359264.5	10.85703	0.99788	0.999458	1.00054	1.00212	6.762914
33000	-1566.89	-1531.615	-35.2747	155249	10.02463	0.996776	0.999174	1.00082	1.00323	7.357141
33100	-1561.567	-1535.387	-26.17953	960621.6	15.59957	0.998703	0.999668	1.00033	1.0013	6.482826
33200	-1566.785	-1531.831	-34.95491	49707.46	13.53454	0.994305	0.998538	1.00145	1.00571	7.259044
33300	-1579.22	-1543.798	-35.42217	839311.4	11.83389	0.998613	0.999645	1.00035	1.00139	7.405986
33400	-1570.18	-1536.175	-34.0058	866426.8	12.19451	0.998635	0.999651	1.00035	1.00137	7.27415
33500	-1575.376	-1538.706	-36.6699	745398.5	13.07956	0.998528	0.999624	1.00038	1.00147	7.427414
33600	-1562.537	-1535.065	-27.47214	680270.7	10.45197	0.998459	0.999606	1.00039	1.00154	6.641135
33700	-1580.405	-1538.623	-41.7818	160003.7	11.19884	0.996824	0.999187	1.00081	1.00318	7.986533
33800	-1557.854	-1532.928	-24.92658	961550.5	12.25905	0.998704	0.999669	1.00033	1.0013	6.530788
33900	-1579.065	-1542.8	-36.26548	262909.1	9.380412	0.997522	0.999366	1.00063	1.00248	7.37989
34000	-1565.894	-1537.2	-28.69439	643885.6	11.56743	0.998416	0.999595	1.0004	1.00158	6.83223
34100	-1560.903	-1525.806	-35.0963	802670.9	13.81044	0.998582	0.999637	1.00036	1.00142	7.244471
34200	-1570.236	-1537.742	-32.49377	408985.5	10.67923	0.998013	0.999492	1.00051	1.00199	7.136983
34300	-1559.122	-1530.871	-28.25017	954246.2	12.32507	0.998699	0.999667	1.00033	1.0013	6.801436
34400	-1560.958	-1534.786	-26.17176	179739.6	13.69363	0.997003	0.999233	1.00076	1.003	6.60352
34500	-1552.213	-1527.469	-24.74467	278947.6	13.34791	0.997594	0.999384	1.00061	1.00241	6.509983
34600	-1576.681	-1547.345	-29.33621	48836.76	12.81826	0.994254	0.998525	1.00146	1.00576	6.876953
34700	-1568.029	-1540.997	-27.0314	825077.9	10.55953	0.998601	0.999642	1.00036	1.0014	6.612125
34800	-1549.042	-1524.701	-24.34131	928751.7	13.84059	0.998681	0.999663	1.00034	1.00132	6.464585
34900	-1561.565	-1530.126	-31.43947	135619.3	10.86957	0.996551	0.999116	1.00088	1.00345	7.04966
35000	-1565.531	-1533.574	-31.95702	736971.4	11.52275	0.99852	0.999621	1.00038	1.00148	7.114097
35100	-1560.234	-1533.441	-26.7931	20466.28	13.03071	0.991129	0.997717	1.00226	1.0089	6.673636
35200	-1582.851	-1546.689	-36.16294	383419.5	11.76961	0.997948	0.999475	1.00052	1.00205	7.47113
35300	-1575.417	-1537.177	-38.24053	276291.9	10.51876	0.997583	0.999381	1.00062	1.00242	7.672902
35400	-1593.124	-1546.264	-46.85994	998181.3	12.30984	0.998728	0.999675	1.00032	1.00127	8.313341
35500	-1564.605	-1529.608	-34.99726	241200.8	11.77252	0.997413	0.999338	1.00066	1.00259	7.372002
35600	-1561.679	-1530.66	-31.01971	39109.19	11.77641	0.99358	0.998351	1.00163	1.00643	7.03413
35700	-1565.493	-1539.248	-26.24475	20323.01	15.18111	0.991098	0.997709	1.00226	1.00893	6.519085
35800	-1571.436	-1537.067	-34.36959	57208.84	9.964359	0.994691	0.998638	1.00135	1.00532	7.260574
35900	-1560.927	-1528.331	-32.59632	524330.1	10.95773	0.998245	0.999551	1.00045	1.00176	7.159569
36000	-1568.192	-1532.528	-35.66459	748395.5	9.499168	0.998531	0.999624	1.00037	1.00147	7.334444
36100	-1553.23	-1528.511	-24.71942	856472.8	13.17923	0.998627	0.999649	1.00035	1.00137	6.511925
36200	-1557.468	-1530.866	-26.60266	958272.1	10.73919	0.998702	0.999668	1.00033	1.0013	6.591773
36300	-1555.779	-1531.148	-24.63129	380924.3	11.9028	0.997941	0.999473	1.00053	1.00206	6.496833
36400	-1545.728	-1529.26	-16.4684	680067.5	13.86164	0.998459	0.999606	1.00039	1.00154	5.89582
36500	-1559.566	-1527.656	-31.9104	132287.2	11.07836	0.996507	0.999105	1.00089	1.0035	7.10152
36600	-1574.669	-1546.155	-28.51402	396813.3	10.82228	0.997983	0.999484	1.00051	1.00202	6.776775
36700	-1564.455	-1537.698	-26.75687	62802.42	14.60973	0.994932	0.9987	1.00129	1.00508	6.593715
36800	-1563.186	-1534.825	-28.36079	399307.1	11.53266	0.997989	0.999486	1.00051	1.00201	6.802318
36900	-1563.876	-1535.172	-28.70475	365762	12.03928	0.997899	0.999462	1.00054	1.0021	6.839756
37000	-1565.943	-1538.743	-27.19956	643932.1	12.96732	0.998416	0.999595	1.0004	1.00158	6.706617
37100	-1567.949	-1539.203	-28.74613	217123.7	12.03627	0.997273	0.999302	1.0007	1.00273	6.843189
37200	-1576.398	-1539.553	-36.84499	355127.6	10.3212	0.997868	0.999454	1.00054	1.00213	7.53224
37300	-1557.839	-1533.52	-24.31845	725866.9	12.90288	0.998508	0.999619	1.00038	1.00149	6.485
37400	-1570.511	-1543.287	-27.22411	669671.6	11.18825	0.998447	0.999603	1.0004	1.00155	6.685935
37500	-1554.222	-1528.106	-26.11544	983503.3	12.27075	0.998719	0.999672	1.00033	1.00128	6.627863
37600	-1577.85	-1540.078	-37.77168	220630.8	10.67394	0.997295	0.999308	1.00069	1.00271	7.631141
37700	-1574.263	-1544.679	-29.58443	379363.7	11.63568	0.997937	0.999472	1.00053	1.00206	6.910449
37800	-1566.848	-1537.737	-29.11165	289396.7	12.78511	0.997638	0.999396	1.0006	1.00236	6.860523
37900	-1560.511	-1536.141	-24.37054	376526.6	12.02587	0.997929	0.99947	1.00053	1.00207	6.479322
38000	-1557.754	-1534.641	-23.11292	641990.1	12.35993	0.998414	0.999594	1.0004	1.00159	6.385475
38100	-1564.81	-1538.156	-26.6542	55163.7	12.1458	0.994593	0.998613	1.00138	1.00542	6.670836
38200	-1568.89	-1538.012	-30.87834	202083.1	13.30238	0.997174	0.999276	1.00072	1.00283	6.972213
38300	-1559.772	-1529.426	-30.34648	494254.4	10.57712	0.998193	0.999538	1.00046	1.00181	6.927593
38400	-1574.021	-1542.036	-31.9844	194526.5	12.16311	0.997119	0.999262	1.00073	1.00288	7.109237
38500	-1576.864	-1546.743	-30.12079	50159.51	12.16363	0.99433	0.998545	1.00144	1.00568	6.956011
38600	-1559.29	-1532.415	-26.87526	719909.8	13.85899	0.998502	0.999617	1.00038	1.0015	6.646723
38700	-1571.618	-1542.906	-28.71143	213775.1	12.30054	0.997252	0.999296	1.0007	1.00275	6.839131
38800	-1556.22	-1535.555	-20.66479	86535.89	14.44488	0.995682	0.998893	1.0011	1.00432	6.182725
38900	-1552.796	-1527.943	-24.85316	483147.2	13.33626	0.998172	0.999532	1.00047	1.00183	6.518415
39000	-1586.823	-1549.351	-37.47215	400710.5	8.118117	0.997993	0.999486	1.00051	1.00201	7.193895
39100	-1560.235	-1534.324	-25.91024	310581.1	12.6083	0.99772	0.999417	1.00058	1.00228	6.611739
39200	-1567.898	-1535.28	-32.61814	181581.6	12.57567	0.997019	0.999237	1.00076	1.00298	7.145301
39300	-1579.279	-1537.153	-42.12544	530605.1	10.06779	0.998256	0.999554	1.00045	1.00175	8.041475
39400	-1560.322	-1532.412	-27.91005	761614.9	13.35144	0.998544	0.999628	1.00037	1.00146	6.746974
39500	-1567.483	-1533.388	-34.09465	621404.4	11.87514	0.998388	0.999588	1.00041	1.00161	7.292683
39600	-1571.124	-1536.833	-34.29167	114125.9	10.7946	0.99624	0.999036	1.00096	1.00377	7.309735
39700	-1590.378	-1555.245	-35.1334	980675.3	11.1609	0.998717	0.999672	1.00033	1.00128	7.39283
39800	-1568.374	-1535.584	-32.79025	864035.5	11.11308	0.998633	0.99965	1.00035	1.00137	7.181815
39900	-1572.888	-1547.921	-24.96675	933365.1	12.69575	0.998685	0.999664	1.00034	1.00132	6.53678
40000	-1574.225	-1541.04	-33.18433	395290	12.08793	0.997979	0.999483	1.00052	1.00202	7.210364
40100	-1570.429	-1546.068	-24.36169	835297.7	13.92317	0.99861	0.999644	1.00035	1.00139	6.462837
40200	-1572.824	-1543.718	-29.10638	412261.5	12.75985	0.998021	0.999494	1.0005	1.00198	6.860913
40300	-1578.276	-1540.511	-37.76469	877549	15.68487	0.998643	0.999653	1.00035	1.00136	7.214655
40400	-1567.291	-1529.922	-37.36963	865740	12.32247	0.998634	0.999651	1.00035	1.00137	7.541524
40500	-1574.813	-1546.304	-28.50892	531138.5	13.48076	0.998256	0.999554	1.00044	1.00174	6.785535
40600	-1563.914	-1539.606	-24.30795	658956	11.55657	0.998435	0.9996	1.0004	1.00157	6.452368
40700	-1559.752	-1531.68	-28.072	736055.5	12.48994	0.998519	0.999621	1.00038	1.00148	6.785182
40800	-1578.961	-1539.424	-39.53707	842671.5	11.80539	0.998616	0.999646	1.00035	1.00139	7.755549
40900	-1558.381	-1529.35	-29.03081	590002.3	11.0958	0.998346	0.999577	1.00042	1.00166	6.842573
41000	-1564.477	-1534.928	-29.54895	80142.66	12.10463	0.995514	0.99885	1.00114	1.00449	6.909506
41100	-1573.516	-1540.783	-32.73289	352198	12.56465	0.997859	0.999452	1.00055	1.00214	7.154946
41200	-1573.211	-1539.549	-33.66258	671550	11.17526	0.998449	0.999603	1.0004	1.00155	7.261239
41300	-1566.746	-1537.022	-29.72332	262656.9	11.38938	0.997521	0.999365	1.00063	1.00248	6.916738
41400	-1557.428	-1531.173	-26.25482	365656.4	10.77769	0.997899	0.999462	1.00054	1.0021	6.563461
41500	-1572.505	-1535.64	-36.86435	904299.9	9.645861	0.998664	0.999658	1.00034	1.00134	7.479285
41600	-1563.216	-1529.086	-34.13066	357994.1	11.09367	0.997876	0.999457	1.00054	1.00213	7.302163
41700	-1567.694	-1547.054	-20.63998	783554	12.33095	0.998564	0.999633	1.00037	1.00144	6.184223
41800	-1563.643	-1531.832	-31.81155	385893.7	12.66925	0.997955	0.999477	1.00052	1.00205	7.077121
41900	-1561.436	-1536.38	-25.05563	149889.5	12.9752	0.996719	0.99916	1.00084	1.00329	6.541169
42000	-1569.749	-1533.546	-36.20223	244054.5	14.09169	0.997428	0.999342	1.00066	1.00257	7.295977
42100	-1556.226	-1533.661	-22.56453	35254.12	12.58582	0.993238	0.998263	1.00172	1.00678	6.346021
42200	-1563.745	-1533.088	-30.65694	133845.2	13.55513	0.996528	0.99911	1.00089	1.00348	6.940173
42300	-1562.088	-1537.608	-24.48025	110669.2	12.4006	0.996182	0.999021	1.00097	1.00382	6.496657
42400	-1565.816	-1531.487	-34.32929	606792.4	12.25194	0.998369	0.999583	1.00042	1.00163	7.298116
42500	-1574.712	-1541.992	-32.71985	943017.5	10.506	0.998691	0.999665	1.00033	1.00131	7.147164
42600	-1581.456	-1545.493	-35.96323	677763.6	13.03322	0.998456	0.999605	1.00039	1.00154	7.377165
42700	-1562.167	-1538.272	-23.89484	219039.1	14.55442	0.997285	0.999305	1.00069	1.00272	6.400737
42800	-1570.883	-1535.042	-35.84124	458682.8	10.18787	0.998124	0.99952	1.00048	1.00188	7.426428
42900	-1565.063	-1542.654	-22.40842	417736.8	14.74739	0.998034	0.999497	1.0005	1.00197	6.289491
43000	-1564.823	-1531.593	-33.22988	341335.5	15.06885	0.997825	0.999443	1.00055	1.00218	6.990822
43100	-1563.081	-1534.754	-28.32687	309774	12.88595	0.997717	0.999416	1.00058	1.00228	6.796191
43200	-1567.148	-1530.397	-36.75108	576256.6	11.07637	0.998326	0.999572	1.00043	1.00167	7.538481
43300	-1561.754	-1531.266	-30.48826	91342.76	12.4035	0.995797	0.998923	1.00107	1.00421	6.981074
43400	-1566.669	-1536.016	-30.65314	587776.4	11.99153	0.998343	0.999576	1.00042	1.00166	7.002099
43500	-1567.578	-1538.467	-29.11194	364019.9	13.83085	0.997894	0.999461	1.00054	1.00211	6.809879
43600	-1569.673	-1532.381	-37.29227	994674.9	10.86838	0.998726	0.999674	1.00033	1.00127	7.588113
43700	-1562.654	-1537.794	-24.85993	765406	12.37431	0.998547	0.999629	1.00037	1.00145	6.526989
43800	-1574.147	-1534.679	-39.4675	848473.7	16.20319	0.99862	0.999647	1.00035	1.00138	7.253112
43900	-1565.466	-1536.338	-29.12829	622724.1	11.46488	0.99839	0.999588	1.00041	1.00161	6.866957
44000	-1573.888	-1542.385	-31.50287	548663	12.60557	0.998284	0.999561	1.00044	1.00172	7.055417
44100	-1574.847	-1544.198	-30.649	837345.9	11.88699	0.998611	0.999645	1.00035	1.00139	7.002479
44200	-1581.309	-1549.25	-32.05921	845399.3	11.42299	0.998618	0.999647	1.00035	1.00138	7.122215
44300	-1553.211	-1527.083	-26.12829	410003.8	11.81712	0.998016	0.999492	1.00051	1.00199	6.620104
44400	-1563.382	-1535.337	-28.04491	850528.3	11.29206	0.998622	0.999648	1.00035	1.00138	6.764841
44500	-1573.894	-1539.118	-34.77594	764293.3	11.56769	0.998546	0.999628	1.00037	1.00145	7.357973
44600	-1568.196	-1534.441	-33.7545	627801.8	9.604765	0.998396	0.99959	1.00041	1.0016	7.150575
44700	-1558.688	-1535.433	-23.25446	875653.7	12.19409	0.998642	0.999653	1.00035	1.00136	6.392483
44800	-1566.688	-1541.838	-24.84962	856474.8	15.93454	0.998627	0.999649	1.00035	1.00137	6.372213
44900	-1567.992	-1534.919	-33.07333	541863.9	11.24471	0.998274	0.999558	1.00044	1.00173	7.209586
45000	-1566.497	-1533.438	-33.05899	982576.4	12.47569	0.998718	0.999672	1.00033	1.00128	7.185119
45100	-1549.077	-1523.098	-25.97914	735056.2	11.53032	0.998518	0.999621	1.00038	1.00148	6.595688
45200	-1579.936	-1542.565	-37.37038	769034.9	11.33171	0.998551	0.999629	1.00037	1.00145	7.589717
45300	-1583.563	-1542.6	-40.96381	308367.3	11.77246	0.997712	0.999414	1.00058	1.00229	7.878827
45400	-1583.195	-1546.263	-36.93182	747559.2	11.89799	0.99853	0.999624	1.00038	1.00147	7.530484
45500	-1570.95	-1534.435	-36.51484	679683.6	10.59555	0.998459	0.999606	1.00039	1.00154	7.511326
45600	-1569.822	-1536.034	-33.78784	174704.2	9.40576	0.996961	0.999222	1.00078	1.00304	7.120433
45700	-1561.282	-1532.276	-29.00605	391526.5	12.62401	0.997969	0.99948	1.00052	1.00203	6.856878
45800	-1562.113	-1532.742	-29.37077	110159.5	12.3973	0.996173	0.999019	1.00098	1.00383	6.891098
45900	-1563.726	-1525.607	-38.11944	524800.4	11.93306	0.998246	0.999551	1.00045	1.00176	7.628253
46000	-1568.207	-1535.217	-32.98991	213885.8	11.89064	0.997253	0.999297	1.0007	1.00275	7.199332
46100	-1571.34	-1535.958	-35.38216	556926.5	9.077862	0.998297	0.999564	1.00043	1.0017	7.228231
46200	-1569.512	-1537.602	-31.91013	186338.3	11.66976	0.997057	0.999246	1.00075	1.00295	7.11028
46300	-1560.29	-1531.874	-28.41612	419333.6	13.17394	0.998038	0.999498	1.0005	1.00196	6.792637
46400	-1560.055	-1528.167	-31.88778	663143	13.92195	0.99844	0.999601	1.0004	1.00156	7.003478
46500	-1595.541	-1558.326	-37.21526	474759.8	12.35848	0.998156	0.999528	1.00047	1.00185	7.526546
46600	-1577.092	-1544.783	-32.30969	633437.6	12.43334	0.998403	0.999592	1.00041	1.0016	7.126762
46700	-1564.183	-1531.77	-32.41239	240590.8	13.65876	0.99741	0.999337	1.00066	1.00259	7.061918
46800	-1584.122	-1548.053	-36.06958	248923	12.03639	0.997453	0.999348	1.00065	1.00255	7.451632
46900	-1569.191	-1542.89	-26.30167	911466.7	12.2021	0.998669	0.99966	1.00034	1.00133	6.642458
47000	-1561.121	-1534.994	-26.12701	935589.7	14.88272	0.998686	0.999664	1.00034	1.00131	6.532511
47100	-1561.656	-1530.956	-30.70044	248722.9	13.23517	0.997452	0.999348	1.00065	1.00255	6.962662
47200	-1561.845	-1533.758	-28.08655	811438.9	14.2782	0.998589	0.999639	1.00036	1.00141	6.707939
47300	-1559.152	-1534.823	-24.32952	706374.2	11.132	0.998488	0.999613	1.00039	1.00151	6.42222
47400	-1565.496	-1534.286	-31.20943	629662.5	12.08901	0.998399	0.99959	1.00041	1.0016	7.046968
47500	-1569.53	-1540.481	-29.04936	172702.3	12.40686	0.996943	0.999217	1.00078	1.00306	6.865009
47600	-1579.793	-1541.554	-38.23914	497183.8	10.15471	0.998198	0.999539	1.00046	1.0018	7.660179
47700	-1566.994	-1537.285	-29.70899	181015.9	14.38316	0.997014	0.999235	1.00076	1.00299	6.813614
47800	-1567.252	-1535.702	-31.55034	981711.4	12.24159	0.998717	0.999672	1.00033	1.00128	7.071578
47900	-1580.061	-1540.933	-39.12715	395768.8	9.423827	0.99798	0.999483	1.00052	1.00202	7.690283
48000	-1579.118	-1547.286	-31.83127	222691.7	12.31504	0.997308	0.999311	1.00069	1.00269	7.092309
48100	-1570.197	-1541.818	-28.37845	279961.5	14.95852	0.997599	0.999385	1.00061	1.0024	6.677775
48200	-1578.938	-1541.943	-36.99435	449384.4	10.66025	0.998104	0.999515	1.00048	1.0019	7.558046
48300	-1572.036	-1533.675	-38.36111	100050.9	11.01557	0.995984	0.998971	1.00102	1.00402	7.68488
48400	-1573.975	-1537.452	-36.52321	877339	9.213922	0.998643	0.999653	1.00035	1.00136	7.379621
48500	-1576.54	-1543.637	-32.90291	434993.8	11.40793	0.998073	0.999507	1.00049	1.00193	7.196009
48600	-1561.175	-1530.898	-30.27639	101434	11.32477	0.996012	0.998978	1.00102	1.00399	6.963478
48700	-1580.035	-1544.814	-35.22111	674227.2	12.34488	0.998452	0.999604	1.00039	1.00155	7.365941
48800	-1564.597	-1538.804	-25.79307	729853.3	12.65588	0.998513	0.99962	1.00038	1.00149	6.602169
48900	-1574.1	-1539.383	-34.71691	940108.9	9.350836	0.998689	0.999665	1.00033	1.00131	7.209552
49000	-1568.056	-1545.309	-22.74749	446890	11.55447	0.998099	0.999514	1.00049	1.0019	6.317187
49100	-1575.666	-1540.306	-35.36025	488296.3	10.6629	0.998182	0.999535	1.00046	1.00182	7.404849
49200	-1575.189	-1538.469	-36.71944	252971	13.27438	0.997474	0.999353	1.00064	1.00253	7.413877
49300	-1553.395	-1531.896	-21.4989	840514	14.09278	0.998614	0.999646	1.00035	1.00139	6.25254
49400	-1563.461	-1532.907	-30.5543	188690.2	11.11644	0.997075	0.999251	1.00075	1.00293	6.980755
49500	-1575.031	-1537.053	-37.97726	15149.65	11.78314	0.989692	0.997343	1.00262	1.01035	7.624586
49600	-1573.136	-1542.39	-30.74549	458658.6	11.64388	0.998124	0.99952	1.00048	1.00188	7.010299
49700	-1567.326	-1530.316	-37.00936	200739.6	8.471598	0.997164	0.999274	1.00072	1.00284	7.258391
49800	-1565.476	-1537.382	-28.09472	763697.7	12.88789	0.998546	0.999628	1.00037	1.00145	6.778118
49900	-1569.606	-1536.264	-33.34182	923211.8	10.67541	0.998677	0.999662	1.00034	1.00132	7.216201
50000	-1566.62	-1529.825	-36.7945	16188.84	9.474222	0.990028	0.997431	1.00253	1.01001	7.449953
50100	-1578.018	-1539.439	-38.57839	882065.4	11.38115	0.998647	0.999654	1.00035	1.00135	7.694533
50200	-1578.003	-1541.657	-36.34655	647505.7	10.83759	0.998421	0.999596	1.0004	1.00158	7.500726
50300	-1579.731	-1542.656	-37.07448	704111.9	10.99851	0.998486	0.999613	1.00039	1.00152	7.568149
50400	-1586.126	-1543.369	-42.75677	527494.3	10.35302	0.99825	0.999552	1.00045	1.00175	8.104767
50500	-1579.619	-1546.186	-33.43218	316724.8	13.43662	0.997742	0.999422	1.00058	1.00226	7.154141
50600	-1570.993	-1538.653	-32.34017	29924.39	13.42281	0.992662	0.998114	1.00187	1.00736	7.073842
50700	-1576.421	-1539.559	-36.86179	725884.7	14.18331	0.998508	0.999619	1.00038	1.00149	7.332896
50800	-1565.027	-1534.514	-30.51389	875422.3	12.33742	0.998642	0.999653	1.00035	1.00136	6.984812
50900	-1566.235	-1533.142	-33.09259	32124.93	13.45845	0.992917	0.99818	1.0018	1.0071	7.127233
51000	-1563.359	-1530.944	-32.415	771849.8	11.68847	0.998554	0.99963	1.00037	1.00145	7.153422
51100	-1567.382	-1533.566	-33.81518	780158.1	11.29194	0.998561	0.999632	1.00037	1.00144	7.275843
51200	-1575.725	-1540.984	-34.74119	941729.8	10.83036	0.99869	0.999665	1.00033	1.00131	7.352401
51300	-1551.005	-1528.184	-22.82093	868953.1	12.08339	0.998637	0.999651	1.00035	1.00136	6.352849
51400	-1562.146	-1534.495	-27.65105	935074.7	10.41573	0.998686	0.999664	1.00034	1.00131	6.65377
51500	-1566.475	-1536.396	-30.07898	906869.7	13.61867	0.998666	0.999659	1.00034	1.00134	6.893609
51600	-1566.683	-1534.546	-32.13751	960690.6	11.12272	0.998703	0.999668	1.00033	1.0013	7.123358
51700	-1577.261	-1550.354	-26.90716	882381.6	13.49954	0.998647	0.999654	1.00035	1.00135	6.66593
51800	-1573.885	-1534.247	-39.63775	489478.4	9.430916	0.998184	0.999535	1.00046	1.00182	7.745271
51900	-1578.933	-1551.307	-27.62634	500858.7	11.32976	0.998204	0.999541	1.00046	1.0018	6.729727
52000	-1570.073	-1532.076	-37.99695	866589.8	11.77797	0.998635	0.999651	1.00035	1.00137	7.626525
52100	-1563.395	-1530.911	-32.48441	953985.6	11.863	0.998699	0.999667	1.00033	1.0013	7.157286
52200	-1572.072	-1538.33	-33.74228	263755.3	11.58664	0.997526	0.999367	1.00063	1.00248	7.268409
52300	-1567.87	-1545.717	-22.15251	183977.5	12.51148	0.997038	0.999242	1.00076	1.00297	6.311738
52400	-1570.39	-1545.28	-25.10933	150798.6	12.46364	0.996729	0.999162	1.00083	1.00328	6.547841
52500	-1562.906	-1530.625	-32.28145	851001.6	11.87855	0.998622	0.999648	1.00035	1.00138	7.139942
52600	-1555.369	-1527.924	-27.44469	885661.8	14.283	0.99865	0.999655	1.00034	1.00135	6.662679
52700	-1580.115	-1550.573	-29.5412	124214	11.14565	0.996396	0.999077	1.00092	1.00361	6.891052
52800	-1573.057	-1540.639	-32.41845	376287.6	12.25105	0.997929	0.99947	1.00053	1.00207	7.142182
52900	-1566.687	-1536.759	-29.92828	235732.6	10.07689	0.997383	0.99933	1.00067	1.00262	6.831246
53000	-1571.57	-1542.152	-29.418	205911.5	13.83022	0.9972	0.999283	1.00071	1.0028	6.832048
53100	-1558.223	-1531.92	-26.30396	406686.2	12.95819	0.998007	0.99949	1.00051	1.00199	6.637748
53200	-1561.19	-1523.552	-37.63752	501659.9	10.3274	0.998206	0.999541	1.00046	1.0018	7.609281
53300	-1566.615	-1532.705	-33.9102	62910.12	13.3452	0.994937	0.998701	1.00129	1.00507	7.196856
53400	-1560.299	-1531.354	-28.94472	846547	12.0635	0.998619	0.999647	1.00035	1.00138	6.859676
53500	-1570.056	-1536.991	-33.06457	999726.6	11.2959	0.998729	0.999675	1.00032	1.00127	7.20941
53600	-1556.831	-1523.72	-33.11115	868922.3	12.02439	0.998637	0.999651	1.00035	1.00136	7.206181
53700	-1567.119	-1543.926	-23.19267	548485.6	13.29501	0.998284	0.999561	1.00044	1.00172	6.394559
53800	-1552.896	-1523.757	-29.13936	549466.7	11.92149	0.998286	0.999561	1.00044	1.00172	6.875667
53900	-1553.359	-1527.519	-25.84061	25929.25	13.2227	0.992117	0.997973	1.00201	1.0079	6.59582
54000	-1571.315	-1542.585	-28.73062	576867	10.84563	0.998327	0.999572	1.00043	1.00167	6.798617
54100	-1563.41	-1534.484	-28.92587	810658.2	12.06153	0.998589	0.999639	1.00036	1.00141	6.858115
54200	-1564.724	-1539.104	-25.61957	913452.2	11.83707	0.99867	0.99966	1.00034	1.00133	6.577746
54300	-1562.854	-1535.721	-27.13209	399417.6	12.80361	0.997989	0.999486	1.00051	1.00201	6.70531
54400	-1572.623	-1540.746	-31.87746	792767	10.9842	0.998573	0.999635	1.00036	1.00143	7.095059
54500	-1568.563	-1534.291	-34.27178	268162	11.63495	0.997546	0.999372	1.00063	1.00246	7.313306
54600	-1558.927	-1526.686	-32.24021	967291.1	11.15172	0.998708	0.99967	1.00033	1.00129	7.133369
54700	-1553.845	-1527.294	-26.55055	402107.3	10.62939	0.997996	0.999487	1.00051	1.00201	6.574847
54800	-1568.059	-1534.357	-33.70173	614846.2	11.1225	0.998379	0.999585	1.00041	1.00162	7.263986
54900	-1580.951	-1546.636	-34.31417	434360.5	11.20874	0.998072	0.999507	1.00049	1.00193	7.31977
55000	-1587.318	-1550.871	-36.44663	287082.9	11.64552	0.997629	0.999393	1.0006	1.00237	7.499868
55100	-1581.511	-1551.113	-30.39806	132720.6	10.4457	0.996513	0.999107	1.00089	1.00349	6.920466
55200	-1553.339	-1527.497	-25.84179	722925.7	15.29079	0.998505	0.999618	1.00038	1.0015	6.484553
55300	-1567.715	-1539.672	-28.04315	683847.3	12.77123	0.998463	0.999607	1.00039	1.00154	6.777302
55400	-1557.831	-1529.668	-28.16264	446827	10.32033	0.998099	0.999514	1.00049	1.0019	6.690911
55500	-1574.857	-1544.778	-30.07942	81588.87	12.70972	0.995553	0.99886	1.00113	1.00445	6.938995
55600	-1566.913	-1533.995	-32.91766	871466.4	12.96067	0.998639	0.999652	1.00035	1.00136	7.147985
55700	-1568.242	-1544.29	-23.95252	277870.2	13.92384	0.99759	0.999383	1.00061	1.00241	6.433424
55800	-1567.959	-1532.086	-35.87295	464327.4	12.2043	0.998135	0.999523	1.00048	1.00187	7.426735
55900	-1577.216	-1544.395	-32.82162	814296.6	12.09156	0.998592	0.99964	1.00036	1.00141	7.180254
56000	-1571.872	-1538.663	-33.20931	62159.32	12.86286	0.994906	0.998693	1.0013	1.0051	7.176475
56100	-1560.956	-1533.253	-27.70243	562149.3	12.65075	0.998305	0.999566	1.00043	1.0017	6.753132
56200	-1563.046	-1536.932	-26.11367	619056.6	11.56456	0.998385	0.999587	1.00041	1.00162	6.608994
56300	-1568.922	-1541.966	-26.95598	60760.17	13.5087	0.994848	0.998678	1.00131	1.00516	6.669156
56400	-1594.078	-1564.538	-29.54028	943760	12.66114	0.998692	0.999666	1.00033	1.00131	6.898094
56500	-1564.25	-1535.237	-29.01294	774083.3	12.97724	0.998556	0.999631	1.00037	1.00145	6.846082
56600	-1560.729	-1533.398	-27.33152	707219	11.35926	0.998489	0.999614	1.00039	1.00151	6.705235
56700	-1560.989	-1526.322	-34.66733	926802	12.02326	0.99868	0.999662	1.00034	1.00132	7.335643
56800	-1566.12	-1532.992	-33.12793	127469.1	11.14937	0.996442	0.999088	1.00091	1.00356	7.212929
56900	-1569.497	-1535.676	-33.82062	374776.9	9.10758	0.997924	0.999469	1.00053	1.00208	7.06304
57000	-1567.126	-1534.815	-32.31143	689692.3	11.60089	0.99847	0.999609	1.00039	1.00153	7.144901
57100	-1553.149	-1523.333	-29.81624	47484.57	10.89247	0.994173	0.998504	1.00148	1.00584	6.901818
57200	-1559.697	-1536.846	-22.85142	884357.6	12.42831	0.998649	0.999654	1.00034	1.00135	6.365934
57300	-1566.685	-1539.041	-27.64404	642938.7	11.07041	0.998415	0.999595	1.0004	1.00159	6.715868
57400	-1574.459	-1544.473	-29.98607	381806.9	10.29843	0.997944	0.999474	1.00052	1.00206	6.865092
57500	-1566.765	-1532.983	-33.78235	36021.26	11.73696	0.993311	0.998281	1.0017	1.00671	7.269524
57600	-1567.634	-1544.003	-23.63183	822828.7	12.76252	0.998599	0.999642	1.00036	1.0014	6.431873
57700	-1579.553	-1543.81	-35.74274	575906.1	10.84134	0.998326	0.999572	1.00043	1.00168	7.44508
57800	-1540.064	-1520.319	-19.74431	396313.5	13.27469	0.997982	0.999484	1.00051	1.00202	6.135089
57900	-1564.216	-1535.534	-28.68159	286531.5	12.48824	0.997626	0.999392	1.00061	1.00238	6.834019
58000	-1559.5	-1527.099	-32.40153	47017.59	11.56361	0.994144	0.998497	1.00149	1.00587	7.152712
58100	-1562.086	-1530.198	-31.88808	823152.9	11.40821	0.998599	0.999642	1.00036	1.0014	7.107054
58200	-1566.132	-1536.381	-29.75104	542974.3	11.32987	0.998276	0.999559	1.00044	1.00173	6.917263
58300	-1580.566	-1534.787	-45.77872	246527.2	11.88349	0.997441	0.999345	1.00065	1.00256	8.275665
58400	-1591.036	-1554.792	-36.24449	808629.8	8.787601	0.998587	0.999639	1.00036	1.00141	7.257387
58500	-1573.427	-1539.026	-34.40131	798575.1	10.39684	0.998578	0.999636	1.00036	1.00142	7.300642
58600	-1569.991	-1532.924	-37.06775	729917.8	10.72147	0.998513	0.99962	1.00038	1.00149	7.565993
58700	-1571.922	-1536.312	-35.61066	183031.4	12.1623	0.99703	0.99924	1.00076	1.00297	7.407414
58800	-1571.57	-1541.434	-30.13664	894357.8	12.79536	0.998656	0.999656	1.00034	1.00134	6.940297
58900	-1564.538	-1534.439	-30.09925	915496	11.72677	0.998672	0.99966	1.00034	1.00133	6.955642
59000	-1562.969	-1531.13	-31.83944	355042	12.56448	0.997868	0.999454	1.00054	1.00213	7.083844
59100	-1562.701	-1528.63	-34.07113	174470	12.97629	0.996959	0.999221	1.00078	1.00304	7.235921
59200	-1584.691	-1543.693	-40.99725	668828.2	11.39401	0.998446	0.999603	1.0004	1.00155	7.906339
59300	-1561.796	-1538.609	-23.18742	683458.3	13.583	0.998463	0.999607	1.00039	1.00154	6.388459
59400	-1580.085	-1537.48	-42.60435	555366	11.58776	0.998295	0.999564	1.00044	1.00171	8.033174
59500	-1560.189	-1531.931	-28.2577	132913.9	11.9053	0.996516	0.999107	1.00089	1.00349	6.80153
59600	-1574.761	-1545.597	-29.16394	815261	12.09194	0.998593	0.99964	1.00036	1.00141	6.877753
59700	-1567.171	-1537.074	-30.09784	540483.8	9.796454	0.998272	0.999558	1.00044	1.00173	6.804941
59800	-1559.554	-1535.762	-23.79181	76393.76	16.37354	0.995405	0.998822	1.00117	1.0046	6.272484
59900	-1566.493	-1532.86	-33.63269	712712.8	10.16177	0.998495	0.999615	1.00038	1.00151	7.20722
60000	-1577.303	-1541.453	-35.8502	427203.6	9.157512	0.998056	0.999503	1.0005	1.00195	7.295817
60100	-1566.933	-1532.568	-34.36543	641367.6	10.89946	0.998413	0.999594	1.0004	1.00159	7.319644
60200	-1556.671	-1532.301	-24.36927	923316.6	12.09151	0.998677	0.999662	1.00034	1.00132	6.481223
60300	-1580.817	-1541.801	-39.01561	798614.3	11.045	0.998578	0.999636	1.00036	1.00142	7.743661
60400	-1592.107	-1558.898	-33.20921	61000.64	10.91848	0.994858	0.998681	1.00131	1.00515	7.214222
60500	-1569.613	-1542.092	-27.52085	505396.6	13.00579	0.998213	0.999543	1.00046	1.00179	6.730252
60600	-1561.958	-1538.138	-23.81959	615970.2	12.09942	0.998381	0.999586	1.00041	1.00162	6.436019
60700	-1571.444	-1541.915	-29.5295	416039.3	12.81754	0.99803	0.999496	1.0005	1.00197	6.892059
60800	-1576.012	-1541.632	-34.38004	407055.5	11.95388	0.998008	0.99949	1.00051	1.00199	7.314196
60900	-1564.569	-1535.8	-28.76879	733794.1	11.70313	0.998517	0.999621	1.00038	1.00148	6.841756
61000	-1561.35	-1538.116	-23.23389	971211.1	12.74934	0.99871	0.99967	1.00033	1.00129	6.400628
61100	-1570.5	-1540.402	-30.09872	706298.7	12.09669	0.998488	0.999613	1.00039	1.00151	6.95501
61200	-1565.017	-1534.162	-30.85468	591820.6	12.95706	0.998348	0.999577	1.00042	1.00165	6.988988
61300	-1566.718	-1538.431	-28.28727	536682.9	11.41971	0.998265	0.999556	1.00044	1.00174	6.79188
61400	-1559.444	-1533.669	-25.77538	473394.4	10.84971	0.998153	0.999528	1.00047	1.00185	6.526553
61500	-1572.144	-1545.498	-26.64588	826526.7	13.17434	0.998602	0.999643	1.00036	1.0014	6.65825
61600	-1565.651	-1535.722	-29.92886	654080.4	11.51722	0.998429	0.999598	1.0004	1.00157	6.937968
61700	-1568.218	-1539.956	-28.26188	154747.2	11.26888	0.996771	0.999173	1.00082	1.00323	6.782921
61800	-1555.201	-1529.246	-25.95488	658586.9	13.4017	0.998434	0.9996	1.0004	1.00157	6.598863
61900	-1562.945	-1525.833	-37.11172	696584.3	12.72322	0.998477	0.999611	1.00039	1.00152	7.491227
62000	-1565.614	-1535.839	-29.77562	26375.29	13.25571	0.992184	0.99799	1.00199	1.00784	6.891739
62100	-1572.831	-1542.214	-30.61762	650264.9	11.67802	0.998424	0.999597	1.0004	1.00158	6.99958
62200	-1572.77	-1542.084	-30.68595	122277.1	11.04226	0.996367	0.999069	1.00093	1.00364	6.989378
62300	-1568.381	-1534.337	-34.04419	394547.5	12.04619	0.997977	0.999482	1.00052	1.00202	7.283014
62400	-1562.832	-1538.378	-24.45394	877753.4	12.97125	0.998644	0.999653	1.00035	1.00136	6.49484
62500	-1581.333	-1548.998	-32.33539	475297.6	10.79549	0.998157	0.999528	1.00047	1.00184	7.128552
62600	-1565.562	-1534.553	-31.00875	707222.8	12.34196	0.998489	0.999614	1.00039	1.00151	7.024798
62700	-1568.905	-1536.373	-32.53198	594574.9	9.287113	0.998352	0.999578	1.00042	1.00165	6.962543
62800	-1570.724	-1534.145	-36.57928	205455.4	10.88019	0.997197	0.999282	1.00071	1.00281	7.522613
62900	-1575.233	-1543.682	-31.55156	556854.9	11.94077	0.998297	0.999564	1.00043	1.0017	7.077759
63000	-1565.669	-1532.454	-33.21453	967208.4	12.64666	0.998708	0.99967	1.00033	1.00129	7.189062
63100	-1587.872	-1555.534	-32.33749	396986.8	12.52832	0.997983	0.999484	1.00051	1.00202	7.125068
63200	-1592.951	-1561.147	-31.80415	678708.8	11.11461	0.998458	0.999605	1.00039	1.00154	7.09313
63300	-1555.701	-1528.215	-27.48613	424853.4	11.98738	0.998051	0.999501	1.0005	1.00195	6.737943
63400	-1584.703	-1547.955	-36.74781	206071.7	10.68838	0.997201	0.999283	1.00071	1.0028	7.53552
63500	-1556.094	-1533.804	-22.28972	590906	11.5119	0.998347	0.999577	1.00042	1.00165	6.274268
63600	-1568.226	-1540.347	-27.87969	16221.67	11.72787	0.990038	0.997433	1.00253	1.01	6.766396
63700	-1564.099	-1537.617	-26.48205	19536.98	12.79211	0.990921	0.997663	1.00231	1.00911	6.654732
63800	-1563.851	-1533.885	-29.96573	133009.5	11.44822	0.996517	0.999108	1.00089	1.00349	6.939595
63900	-1585.436	-1548.141	-37.29552	393452	9.795495	0.997974	0.999482	1.00052	1.00203	7.539573
64000	-1576.598	-1542.562	-34.03599	536146	11.67908	0.998265	0.999556	1.00044	1.00174	7.292279
64100	-1588.735	-1544.637	-44.09845	512486.1	14.94452	0.998225	0.999546	1.00045	1.00178	7.730784
64200	-1582.046	-1547.398	-34.64779	413015.6	11.97122	0.998023	0.999494	1.0005	1.00198	7.33597
64300	-1578.496	-1538.777	-39.71929	639475.2	11.84485	0.998411	0.999594	1.00041	1.00159	7.768376
64400	-1575.143	-1540.238	-34.90573	660989.2	11.91067	0.998437	0.9996	1.0004	1.00156	7.359749
64500	-1568.571	-1535.358	-33.21308	30003.71	9.692752	0.992671	0.998116	1.00186	1.00735	7.107961
64600	-1559.502	-1539.477	-20.02506	36875.07	15.38348	0.993388	0.998302	1.00168	1.00663	6.099555
64700	-1567.143	-1543.101	-24.04187	363143.7	13.21762	0.997891	0.99946	1.00054	1.00211	6.459874
64800	-1567.655	-1541.647	-26.00833	146565.2	15.78924	0.996682	0.99915	1.00085	1.00332	6.456766
64900	-1583.925	-1541.939	-41.98615	350239.9	9.28661	0.997853	0.999451	1.00055	1.00215	7.980478
65000	-1578.142	-1548.381	-29.76138	927247	12.52487	0.99868	0.999663	1.00034	1.00132	6.919536
65100	-1586.755	-1552.57	-34.18521	275462.3	11.78201	0.997579	0.99938	1.00062	1.00242	7.302793
65200	-1569.8	-1541.593	-28.20655	898826.2	13.57306	0.99866	0.999657	1.00034	1.00134	6.758486
65300	-1563.59	-1533.357	-30.2328	555102.5	15.32043	0.998294	0.999564	1.00044	1.00171	6.768977
65400	-1562.862	-1526.409	-36.45371	591413.9	8.745042	0.998348	0.999577	1.00042	1.00165	7.270416
65500	-1561.956	-1531.751	-30.20509	202670.1	11.97817	0.997178	0.999277	1.00072	1.00282	6.964817
65600	-1553.39	-1525.926	-27.4644	79946.99	12.25289	0.995508	0.998848	1.00114	1.0045	6.737805
65700	-1578.777	-1545.377	-33.39958	161419.7	14.0287	0.996838	0.99919	1.00081	1.00317	7.10271
65800	-1570.103	-1537.482	-32.62151	948162.4	10.82412	0.998695	0.999666	1.00033	1.00131	7.1564
65900	-1577.3	-1541.881	-35.41909	446129	12.29778	0.998098	0.999513	1.00049	1.0019	7.384596
66000	-1563.04	-1534.126	-28.91479	668765.5	11.45826	0.998446	0.999603	1.0004	1.00155	6.848122
66100	-1563.981	-1534.022	-29.95878	253374	13.59458	0.997476	0.999354	1.00064	1.00253	6.886268
66200	-1558.392	-1521.887	-36.50474	977119.7	11.42669	0.998714	0.999671	1.00033	1.00129	7.511301
66300	-1565.74	-1537.849	-27.89152	59991.75	10.10813	0.994815	0.99867	1.00132	1.00519	6.634047
66400	-1556.28	-1532.989	-23.29108	534494	12.85371	0.998262	0.999555	1.00044	1.00174	6.405396
66500	-1567.562	-1536.635	-30.92675	439157.4	12.50169	0.998083	0.999509	1.00049	1.00192	7.013359
66600	-1570.918	-1537.903	-33.01485	981122.5	10.23668	0.998717	0.999672	1.00033	1.00128	7.153647
66700	-1565.517	-1529.861	-35.65599	352036	12.6413	0.997858	0.999452	1.00055	1.00214	7.382478
66800	-1578.564	-1541.613	-36.95014	39395.52	10.82299	0.993603	0.998357	1.00163	1.00641	7.556296
66900	-1569.78	-1535.655	-34.12522	828366.3	10.65464	0.998604	0.999643	1.00036	1.0014	7.288647
67000	-1558.659	-1528.312	-30.34669	615911	12.62358	0.998381	0.999586	1.00041	1.00162	6.96309
67100	-1566.93	-1538.068	-28.86267	757337.4	11.92192	0.99854	0.999627	1.00037	1.00146	6.85246
67200	-1564.865	-1536.498	-28.36721	237187.2	14.33128	0.997391	0.999332	1.00067	1.00261	6.723945
67300	-1589.347	-1555.758	-33.58884	127799.2	12.94162	0.996447	0.99909	1.00091	1.00356	7.201003
67400	-1581.693	-1545.972	-35.72052	399608.3	11.41071	0.99799	0.999486	1.00051	1.00201	7.442949
67500	-1557.494	-1524.245	-33.2492	669014.2	12.77395	0.998446	0.999603	1.0004	1.00155	7.184785
67600	-1574.599	-1542.972	-31.62766	697171.2	12.93018	0.998478	0.999611	1.00039	1.00152	7.050063
67700	-1576.803	-1548.255	-28.54818	44685.82	14.11479	0.993993	0.998458	1.00153	1.00602	6.751301
67800	-1554.941	-1524.812	-30.12883	888930	11.97519	0.998652	0.999655	1.00034	1.00135	6.958465
67900	-1564.867	-1538.243	-26.62357	416482.8	11.76271	0.998031	0.999496	1.0005	1.00197	6.660408
68000	-1557.496	-1532.97	-24.52589	552169.8	12.33229	0.99829	0.999563	1.00044	1.00171	6.499379
68100	-1563.773	-1540.425	-23.34862	830727.6	12.86427	0.998606	0.999643	1.00036	1.00139	6.409873
68200	-1585.171	-1553.985	-31.18646	574210.5	12.53828	0.998323	0.999571	1.00043	1.00168	7.032834
68300	-1575.866	-1538.008	-37.85774	523734.4	9.901576	0.998244	0.999551	1.00045	1.00176	7.605902
68400	-1594.704	-1556.76	-37.94386	915578.8	9.993947	0.998672	0.99966	1.00034	1.00133	7.621348
68500	-1562.74	-1534.746	-27.99368	933143.3	13.28422	0.998684	0.999664	1.00034	1.00132	6.756127
68600	-1562.241	-1530.353	-31.88838	781218.1	11.95453	0.998562	0.999632	1.00037	1.00144	7.105746
68700	-1575.001	-1544.308	-30.69258	796435.2	10.96724	0.998576	0.999636	1.00036	1.00142	6.986326
68800	-1564.573	-1531.814	-32.7584	5791.347	9.142999	0.983347	0.995685	1.00422	1.01675	6.95481
68900	-1548.674	-1521.356	-27.31804	119680.5	10.79989	0.996328	0.999059	1.00094	1.00368	6.6642
69000	-1582.165	-1545.419	-36.74594	674510.1	11.17337	0.998453	0.999604	1.00039	1.00155	7.53717
69100	-1577.485	-1550.061	-27.42425	892626.8	11.22861	0.998655	0.999656	1.00034	1.00135	6.706267
69200	-1552.774	-1533.353	-19.42063	768512.5	15.13383	0.99855	0.999629	1.00037	1.00145	6.071638
69300	-1557.219	-1529.797	-27.4217	192265.5	14.86614	0.997103	0.999258	1.00074	1.0029	6.620737
69400	-1570.305	-1540.962	-29.34308	517060.2	11.61348	0.998233	0.999548	1.00045	1.00177	6.889282
69500	-1558.329	-1537.049	-21.27938	839916.4	14.12595	0.998613	0.999645	1.00035	1.00139	6.235995
69600	-1557.004	-1527.926	-29.07811	535319.2	13.72527	0.998263	0.999556	1.00044	1.00174	6.81388
69700	-1562.006	-1530.615	-31.39128	29011.16	12.01962	0.992547	0.998084	1.0019	1.00747	7.063225
69800	-1575.52	-1542.238	-33.28244	739352.8	12.8709	0.998522	0.999622	1.00038	1.00148	7.181675
69900	-1557.699	-1533.96	-23.73876	613832.6	11.60573	0.998378	0.999585	1.00041	1.00162	6.406235
70000	-1563.634	-1537.344	-26.29037	584448	13.35756	0.998338	0.999575	1.00042	1.00166	6.625452
70100	-1565.226	-1541.285	-23.94063	536512.8	14.06303	0.998265	0.999556	1.00044	1.00174	6.427045
70200	-1564.797	-1538.244	-26.55358	87896.26	11.52929	0.995716	0.998902	1.00109	1.00429	6.645461
70300	-1571.678	-1534.202	-37.47579	770475.6	11.61458	0.998552	0.99963	1.00037	1.00145	7.589519
70400	-1561.168	-1528.271	-32.89735	905765.1	10.63175	0.998665	0.999659	1.00034	1.00134	7.172085
70500	-1568.648	-1532.089	-36.55902	184962	10.60317	0.997046	0.999244	1.00075	1.00296	7.515714
70600	-1570.888	-1544.214	-26.67401	967748.3	12.44127	0.998708	0.99967	1.00033	1.00129	6.673466
70700	-1559.857	-1530.204	-29.65231	420730.5	13.66459	0.998041	0.999499	1.0005	1.00196	6.859486
70800	-1566.987	-1534.42	-32.56673	108500.5	13.42761	0.996144	0.999012	1.00098	1.00386	7.090377
70900	-1580.511	-1544.812	-35.69829	713144.2	10.96429	0.998495	0.999615	1.00038	1.00151	7.442721
71000	-1577.243	-1552.039	-25.20346	72119.66	11.62804	0.995271	0.998787	1.0012	1.00474	6.533561
71100	-1571.61	-1540.195	-31.41421	34645.55	11.3659	0.993179	0.998248	1.00174	1.00684	7.064776
71200	-1565.369	-1534.375	-30.99401	499240.4	13.85145	0.998202	0.99954	1.00046	1.0018	6.944462
71300	-1568.954	-1535.111	-33.84329	551620.1	13.75874	0.998289	0.999562	1.00044	1.00171	7.158203
71400	-1563.639	-1530.892	-32.74653	341941.3	9.958184	0.997827	0.999444	1.00055	1.00217	7.096921
71500	-1567.722	-1542.707	-25.01511	225554.2	13.31171	0.997325	0.999315	1.00068	1.00268	6.531206
71600	-1579.284	-1538.345	-40.93875	122698.3	15.3593	0.996374	0.999071	1.00092	1.00363	7.462397
71700	-1588.869	-1555.732	-33.13697	133029.4	11.00176	0.996517	0.999108	1.00089	1.00349	7.210239
71800	-1568.571	-1536.129	-32.44239	759407.8	10.5638	0.998542	0.999627	1.00037	1.00146	7.124846
71900	-1560.364	-1530.382	-29.98114	531061.5	10.94671	0.998256	0.999554	1.00044	1.00174	6.920263
72000	-1563.59	-1543.192	-20.3974	982820.2	13.15473	0.998718	0.999672	1.00033	1.00128	6.18385
72100	-1574.934	-1539.004	-35.92983	435009.6	13.54568	0.998073	0.999507	1.00049	1.00193	7.330045
72200	-1574.905	-1535.356	-39.54948	31028.11	10.42274	0.992793	0.998148	1.00183	1.00723	7.796231
72300	-1567.035	-1530.924	-36.11083	5.317334	10.29671	0.514746	0.811187	1.08271	1.59136	7.45972
72400	-1570.01	-1535.682	-34.328	12.02457	13.48212	0.660903	0.884211	1.06852	1.38637	7.217081
72500	-1565.262	-1544.149	-21.11267	510897.9	13.61901	0.998222	0.999545	1.00045	1.00178	6.235221
72600	-1570.562	-1531.203	-39.35852	88119.95	12.26232	0.995721	0.998903	1.00109	1.00429	7.707775
72700	-1570.405	-1537.795	-32.61001	403011.2	14.25739	0.997998	0.999488	1.00051	1.002	7.026598
72800	-1569.418	-1542.062	-27.35623	249659.4	13.53963	0.997457	0.999349	1.00065	1.00255	6.697383
72900	-1564.331	-1543.511	-20.82038	55715.39	13.17725	0.99462	0.998619	1.00137	1.00539	6.216073
73000	-1574.96	-1539.701	-35.25815	159467.5	11.73935	0.996819	0.999185	1.00081	1.00318	7.395191
73100	-1558.266	-1527.531	-30.73432	510986	10.36351	0.998222	0.999545	1.00045	1.00178	6.944593
73200	-1569.75	-1538.046	-31.70427	582670.4	13.92147	0.998335	0.999574	1.00042	1.00167	6.990334
73300	-1575.06	-1541.507	-33.55364	243346.3	14.27632	0.997424	0.999341	1.00066	1.00258	7.091013
73400	-1562.824	-1529.972	-32.85161	474349.8	12.24657	0.998155	0.999528	1.00047	1.00185	7.1777
73500	-1571.299	-1540.269	-31.02928	307393.9	10.26749	0.997708	0.999413	1.00058	1.00229	6.963075
73600	-1553.145	-1522.891	-30.25447	164745.9	14.11888	0.99687	0.999198	1.0008	1.00313	6.871884
73700	-1569.229	-1535.839	-33.39014	47567.77	12.94742	0.994178	0.998505	1.00148	1.00583	7.185283
73800	-1566.575	-1531.955	-34.61946	245438.1	10.23421	0.997435	0.999344	1.00065	1.00257	7.310206
73900	-1583.489	-1555.584	-27.90572	245549.2	11.7009	0.997436	0.999344	1.00065	1.00257	6.767952
74000	-1582.892	-1542.551	-40.34115	290365.4	10.341	0.997642	0.999397	1.0006	1.00236	7.871275
74100	-1573.207	-1542.369	-30.83831	209892	15.75896	0.997227	0.99929	1.00071	1.00278	6.765694
74200	-1548.285	-1523.935	-24.35016	842128.9	13.46003	0.998615	0.999646	1.00035	1.00139	6.477604
74300	-1573.264	-1537.131	-36.13375	111191.5	8.519791	0.996191	0.999024	1.00097	1.00381	7.170024
74400	-1558.932	-1534.602	-24.32911	970618.5	14.07493	0.99871	0.99967	1.00033	1.00129	6.454151
74500	-1564.944	-1530.24	-34.7041	784885.5	8.883511	0.998566	0.999633	1.00037	1.00144	7.10734
74600	-1578.613	-1540.928	-37.68508	126050.2	11.97926	0.996422	0.999083	1.00091	1.00358	7.589222
74700	-1572.903	-1535.772	-37.13093	279478.5	10.99972	0.997597	0.999385	1.00061	1.00241	7.573277
74800	-1572.388	-1539.89	-32.49766	639135	11.09081	0.99841	0.999593	1.00041	1.00159	7.154882
74900	-1584.578	-1550.235	-34.34281	400187.9	10.63581	0.997991	0.999486	1.00051	1.00201	7.308227
75000	-1577.782	-1544.872	-32.90953	631269.2	12.24199	0.998401	0.999591	1.00041	1.0016	7.182594
75100	-1567.852	-1533.828	-34.02382	647231.6	10.303	0.99842	0.999596	1.0004	1.00158	7.257518
75200	-1570.731	-1540.592	-30.13908	113253.1	10.70686	0.996225	0.999033	1.00096	1.00378	6.918639
75300	-1552.403	-1526.402	-26.00105	201478	12.31903	0.99717	0.999275	1.00072	1.00283	6.618913
75400	-1574.769	-1533.102	-41.66687	41152.36	10.85591	0.993741	0.998393	1.00159	1.00627	7.99104
75500	-1563.274	-1532.592	-30.68199	428758.8	12.27273	0.998059	0.999504	1.0005	1.00194	6.999969
75600	-1564.291	-1537.519	-26.77233	581122.6	12.71746	0.998333	0.999574	1.00043	1.00167	6.678675
75700	-1560.484	-1531.129	-29.3554	866747.1	10.277	0.998635	0.999651	1.00035	1.00137	6.801228
75800	-1578.205	-1535.905	-42.30008	278722	9.67153	0.997593	0.999384	1.00061	1.00241	8.044295
75900	-1566.648	-1538.711	-27.93621	968623	13.57813	0.998709	0.99967	1.00033	1.00129	6.738316
76000	-1573.959	-1541.602	-32.35721	545400.8	12.87192	0.998279	0.99956	1.00044	1.00172	7.109734
76100	-1564.282	-1538.906	-25.37622	300549.6	11.23394	0.997682	0.999407	1.00059	1.00232	6.524273
76200	-1577.089	-1543.666	-33.42362	68578.87	11.00839	0.99515	0.998756	1.00124	1.00486	7.236467
76300	-1555.98	-1527.226	-28.75377	98305.19	12.12072	0.995949	0.998962	1.00103	1.00406	6.843778
76400	-1581.363	-1551.486	-29.8766	820379.3	11.12221	0.998597	0.999641	1.00036	1.0014	6.920064
76500	-1576.205	-1541.07	-35.13504	474280.9	10.75789	0.998155	0.999528	1.00047	1.00185	7.386841
76600	-1589.886	-1548.501	-41.38532	360497.3	10.76267	0.997884	0.999458	1.00054	1.00212	7.967716
76700	-1562.796	-1541.526	-21.26984	241792.1	13.68849	0.997416	0.999339	1.00066	1.00259	6.245638
76800	-1569.404	-1547.662	-21.74166	159259.7	13.42438	0.996817	0.999185	1.00081	1.00319	6.284234
76900	-1567.638	-1532.761	-34.8775	550352.5	12.52257	0.998287	0.999562	1.00044	1.00171	7.32815
77000	-1561.24	-1531.089	-30.15073	775866.5	13.56818	0.998557	0.999631	1.00037	1.00144	6.902025
77100	-1586.092	-1550.198	-35.89377	128644.8	11.50067	0.996458	0.999093	1.0009	1.00355	7.456269
77200	-1564.637	-1539.053	-25.58422	952570.8	11.98514	0.998698	0.999667	1.00033	1.0013	6.579225
77300	-1571.236	-1536.098	-35.13824	897583.9	9.885244	0.998659	0.999657	1.00034	1.00134	7.329496
77400	-1562.829	-1526.177	-36.65203	659152.9	10.78654	0.998435	0.9996	1.0004	1.00157	7.528285
77500	-1581.9	-1539.721	-42.1785	936257.2	11.52074	0.998687	0.999664	1.00034	1.00131	8.00131
77600	-1574.249	-1539.062	-35.18767	472694	10.96961	0.998152	0.999527	1.00047	1.00185	7.396224
77700	-1576.54	-1545.053	-31.48744	175966.9	10.43137	0.996971	0.999224	1.00077	1.00303	7.023494
77800	-1584.306	-1549.659	-34.64727	178401.1	14.47426	0.996992	0.99923	1.00077	1.00301	7.147725
77900	-1566.635	-1526.809	-39.82629	414337	12.94406	0.998026	0.999495	1.0005	1.00198	7.682723
78000	-1585.992	-1539.6	-46.39156	316923.6	11.00528	0.997743	0.999422	1.00058	1.00226	8.414724
78100	-1573.731	-1541.46	-32.27012	63125.72	14.3171	0.994945	0.998703	1.00129	1.00506	6.997531
78200	-1584.127	-1543.27	-40.85629	204502.5	11.20588	0.997191	0.999281	1.00072	1.00281	7.903565
78300	-1570.167	-1538.75	-31.41722	606468.9	12.83159	0.998368	0.999583	1.00042	1.00163	7.038665
78400	-1580.08	-1541.701	-38.37875	464089.1	13.25073	0.998135	0.999523	1.00048	1.00187	7.541252
78500	-1562.394	-1530.414	-31.97983	715072.1	11.24226	0.998497	0.999616	1.00038	1.0015	7.112286
78600	-1590.216	-1559.229	-30.98723	82855.36	10.38811	0.995588	0.998869	1.00112	1.00442	6.971419
78700	-1567.679	-1531.959	-35.72049	937816.6	12.0805	0.998688	0.999664	1.00033	1.00131	7.420535
78800	-1574.432	-1537.761	-36.67086	584181.4	12.48397	0.998337	0.999575	1.00042	1.00166	7.474059
78900	-1570.719	-1537.184	-33.5353	187488.4	11.75335	0.997066	0.999249	1.00075	1.00294	7.248179
79000	-1568.42	-1533.101	-35.31898	760807.5	8.67653	0.998543	0.999627	1.00037	1.00146	7.121571
79100	-1591.903	-1555.789	-36.11394	364509.3	12.96208	0.997895	0.999461	1.00054	1.00211	7.394486
79200	-1565.385	-1539.459	-25.92612	87710.43	12.20275	0.995711	0.998901	1.00109	1.0043	6.611689
79300	-1562.559	-1533.478	-29.08056	248644.7	12.84513	0.997452	0.999348	1.00065	1.00255	6.856103
79400	-1587.65	-1554.519	-33.13143	408983.5	14.43835	0.998013	0.999492	1.00051	1.00199	7.046389
79500	-1583.045	-1546.466	-36.5787	706001.7	9.414383	0.998488	0.999613	1.00039	1.00151	7.418448
79600	-1576.464	-1543.012	-33.45222	287387.9	12.8229	0.99763	0.999393	1.0006	1.00237	7.19778
79700	-1556.903	-1528.116	-28.78737	498897.8	11.65176	0.998201	0.99954	1.00046	1.0018	6.842305
79800	-1551.047	-1525.503	-25.54445	10602.28	11.87984	0.987682	0.99682	1.00313	1.01237	6.572827
79900	-1559.709	-1533.603	-26.10628	512553.1	12.53236	0.998225	0.999546	1.00045	1.00178	6.627683
80000	-1572.106	-1537.03	-35.07576	36294.19	10.81323	0.993336	0.998288	1.0017	1.00668	7.382864
80100	-1558.376	-1528.134	-30.24152	632056.1	10.70805	0.998402	0.999591	1.00041	1.0016	6.928298
80200	-1573.547	-1540.318	-33.22973	375728.8	12.39051	0.997927	0.99947	1.00053	1.00207	7.20267
80300	-1584.331	-1549.796	-34.53567	691319.9	14.48305	0.998472	0.999609	1.00039	1.00153	7.139124
80400	-1548.438	-1528.8	-19.63811	37537.45	13.31906	0.993447	0.998317	1.00167	1.00657	6.127307
80500	-1557.047	-1532.822	-24.22485	63073.09	13.27606	0.994943	0.998703	1.00129	1.00507	6.472587
80600	-1567.872	-1535.551	-32.32062	209671.1	9.497733	0.997225	0.99929	1.00071	1.00278	6.982149
80700	-1565.277	-1535.314	-29.96312	663450.8	10.45396	0.99844	0.999601	1.0004	1.00156	6.879661
80800	-1570.024	-1538.697	-31.32704	352089	10.04617	0.997859	0.999452	1.00055	1.00214	6.966146
80900	-1564.447	-1537.843	-26.6041	869886.7	12.52419	0.998637	0.999652	1.00035	1.00136	6.66746
81000	-1565.796	-1545.35	-20.44658	995781	13.287	0.998726	0.999674	1.00033	1.00127	6.188004
81100	-1553.235	-1527.545	-25.68994	477251.5	11.63587	0.998161	0.999529	1.00047	1.00184	6.575756
81200	-1568.714	-1532.615	-36.09861	612699.6	12.54027	0.998377	0.999585	1.00041	1.00162	7.424472
81300	-1570.577	-1532.341	-38.23604	714211.1	10.83422	0.998496	0.999615	1.00038	1.0015	7.675081
81400	-1565.098	-1533.45	-31.64836	972927.8	10.81586	0.998712	0.999671	1.00033	1.00129	7.066044
81500	-1564.55	-1537.403	-27.14703	93309.37	13.27953	0.995842	0.998934	1.00106	1.00416	6.692567
81600	-1572.58	-1543.123	-29.45723	222757.9	10.74158	0.997308	0.999311	1.00069	1.00269	6.857772
81700	-1576.276	-1542.6	-33.67613	403102.7	12.37208	0.997999	0.999488	1.00051	1.002	7.239552
81800	-1575.541	-1533.833	-41.70807	803696	9.415315	0.998582	0.999637	1.00036	1.00142	7.963378
81900	-1559.619	-1528.084	-31.53478	595192.6	14.37527	0.998353	0.999579	1.00042	1.00165	6.941228
82000	-1549.861	-1526.796	-23.0646	957379.6	12.29757	0.998701	0.999668	1.00033	1.0013	6.379979
82100	-1557.613	-1537.376	-20.23684	274680.7	14.87918	0.997576	0.999379	1.00062	1.00243	6.136888
82200	-1571.497	-1538.498	-32.99894	975510	11.1012	0.998713	0.999671	1.00033	1.00129	7.200323
82300	-1557.893	-1527.794	-30.0994	298043.2	12.56481	0.997673	0.999404	1.00059	1.00233	6.945345
82400	-1563.716	-1528.177	-35.53836	967377.6	11.42965	0.998708	0.99967	1.00033	1.00129	7.42668
82500	-1573.865	-1539.415	-34.4504	118306.4	11.28003	0.996307	0.999054	1.00094	1.0037	7.332098
82600	-1580.508	-1552.577	-27.93071	461574.7	10.70342	0.99813	0.999522	1.00048	1.00187	6.712052
82700	-1579.798	-1538.594	-41.20381	676093.4	8.606297	0.998455	0.999605	1.00039	1.00155	7.78483
82800	-1555.936	-1529.163	-26.77271	673870.5	12.44862	0.998452	0.999604	1.0004	1.00155	6.681369
82900	-1569.041	-1534.156	-34.88497	673237	9.094798	0.998451	0.999604	1.0004	1.00155	7.17715
83000	-1585.028	-1557.561	-27.46699	251203.3	12.64965	0.997465	0.999351	1.00065	1.00254	6.734541
83100	-1578.149	-1544.431	-33.71819	185882.3	10.90025	0.997053	0.999245	1.00075	1.00295	7.260286
83200	-1558.293	-1528.974	-29.31915	596456.9	10.76908	0.998355	0.999579	1.00042	1.00165	6.847109
83300	-1581.997	-1546.931	-35.0655	119678.8	10.36032	0.996328	0.999059	1.00094	1.00368	7.362321
83400	-1552.918	-1535.478	-17.44	644080	14.58347	0.998417	0.999595	1.0004	1.00158	5.956596
83500	-1571.141	-1543.566	-27.57445	12178.62	12.32238	0.988505	0.997035	1.00292	1.01154	6.746622
83600	-1563.043	-1530.477	-32.5656	354421.1	10.20449	0.997866	0.999454	1.00054	1.00214	7.106584
83700	-1564.533	-1532.878	-31.65505	70766.67	10.94528	0.995226	0.998776	1.00122	1.00478	7.073113
83800	-1566.66	-1537.439	-29.2206	463003.1	12.56663	0.998133	0.999522	1.00048	1.00187	6.875359
83900	-1565.001	-1537.264	-27.73756	8056.671	10.78173	0.985874	0.996348	1.00358	1.0142	6.701403
84000	-1565.848	-1539.553	-26.2952	379668.1	10.66905	0.997938	0.999472	1.00053	1.00206	6.5554
84100	-1568.574	-1537.472	-31.10114	521799.6	11.91084	0.998241	0.99955	1.00045	1.00176	7.040321
84200	-1559.343	-1524.472	-34.87049	613462.1	10.29321	0.998378	0.999585	1.00041	1.00162	7.339016
84300	-1572.067	-1540.671	-31.3965	774104.5	12.28708	0.998556	0.999631	1.00037	1.00145	7.057795
84400	-1559.527	-1530.863	-28.66405	27269.3	13.98981	0.992313	0.998023	1.00196	1.00771	6.767645
84500	-1558.93	-1534.558	-24.37201	734778.7	10.94109	0.998518	0.999621	1.00038	1.00148	6.407264
84600	-1573.235	-1536	-37.23488	59275.75	10.186	0.994784	0.998662	1.00133	1.00523	7.563115
84700	-1562.343	-1533.187	-29.15557	243239.2	11.00436	0.997424	0.999341	1.00066	1.00258	6.848511
84800	-1576.497	-1546.34	-30.15692	437030.3	10.86428	0.998078	0.999508	1.00049	1.00192	6.931329
84900	-1567.892	-1532.387	-35.50508	46442.78	11.16502	0.994108	0.998487	1.0015	1.0059	7.426128
85000	-1563.411	-1533.777	-29.63489	592729.2	12.70876	0.998349	0.999578	1.00042	1.00165	6.904051
85100	-1558.023	-1531.323	-26.70018	338491.6	10.66142	0.997816	0.999441	1.00056	1.00219	6.592516
85200	-1569.886	-1532.012	-37.87493	722059.9	11.20489	0.998505	0.999618	1.00038	1.0015	7.637534
85300	-1567.005	-1544.481	-22.52322	798357.4	14.26944	0.998578	0.999636	1.00036	1.00142	6.318647
85400	-1575.096	-1548.309	-26.78671	933086.2	10.98272	0.998684	0.999664	1.00034	1.00132	6.631476
85500	-1583.562	-1546.954	-36.60711	603094	11.53432	0.998364	0.999581	1.00042	1.00164	7.517308
85600	-1573.009	-1536.313	-36.69661	823736.1	11.38483	0.9986	0.999642	1.00036	1.0014	7.529107
85700	-1563.246	-1532.514	-30.73125	638756.1	10.71938	0.99841	0.999593	1.00041	1.00159	6.974835
85800	-1569.375	-1541.661	-27.71398	843213.2	12.10901	0.998616	0.999646	1.00035	1.00138	6.757936
85900	-1576.489	-1543.56	-32.92943	365860.5	12.55235	0.997899	0.999462	1.00054	1.0021	7.171178
86000	-1553.17	-1524.058	-29.11207	853804.9	13.35032	0.998625	0.999648	1.00035	1.00138	6.83706
86100	-1582.235	-1541.338	-40.89647	613255.4	10.62293	0.998377	0.999585	1.00041	1.00162	7.92457
86200	-1557.72	-1535.176	-22.54338	144257.5	14.54097	0.996655	0.999143	1.00085	1.00335	6.308496
86300	-1562.452	-1541.715	-20.73724	387125	13.4309	0.997958	0.999477	1.00052	1.00204	6.209376
86400	-1574.723	-1539.336	-35.38725	334136.5	13.50621	0.997802	0.999437	1.00056	1.0022	7.293514
86500	-1566.321	-1537.39	-28.93094	103846.6	11.8433	0.996058	0.99899	1.001	1.00395	6.857555
86600	-1560.88	-1533.244	-27.63593	207055.2	10.57227	0.997208	0.999285	1.00071	1.00279	6.670791
86700	-1580.662	-1540.639	-40.02304	619914.9	10.7914	0.998386	0.999587	1.00041	1.00161	7.840732
86800	-1560.913	-1534.335	-26.57777	43755.62	11.87082	0.99393	0.998441	1.00155	1.00608	6.659581
86900	-1565.659	-1539.276	-26.38359	207206.6	12.97268	0.997209	0.999285	1.00071	1.00279	6.643572
87000	-1563.99	-1539.172	-24.81788	844355	11.99872	0.998617	0.999646	1.00035	1.00138	6.515707
87100	-1570.957	-1540.407	-30.55068	526906.9	10.25028	0.998249	0.999552	1.00045	1.00175	6.914499
87200	-1568.102	-1538.093	-30.00868	354250	11.1854	0.997865	0.999454	1.00054	1.00214	6.934701
87300	-1548.385	-1520.177	-28.20859	362979.3	14.98868	0.997891	0.99946	1.00054	1.00211	6.664026
87400	-1572.996	-1540.55	-32.44627	124126.7	10.17511	0.996394	0.999076	1.00092	1.00361	7.091868
87500	-1574.537	-1545.003	-29.53398	895656.5	11.67035	0.998657	0.999657	1.00034	1.00134	6.906673
87600	-1558.574	-1538.871	-19.7032	966150.5	16.06895	0.998707	0.999669	1.00033	1.00129	6.041401
87700	-1574.735	-1548.008	-26.72665	185216.8	12.03226	0.997048	0.999244	1.00075	1.00296	6.675343
87800	-1581.521	-1548.63	-32.89048	184656.3	11.97675	0.997044	0.999243	1.00075	1.00296	7.189042
87900	-1576.882	-1543.327	-33.55527	611425.2	11.71054	0.998375	0.999584	1.00041	1.00163	7.250627
88000	-1569.521	-1543.951	-25.56958	822781.9	15.80606	0.998599	0.999642	1.00036	1.0014	6.427649
88100	-1572.247	-1539.843	-32.40355	270012.1	10.77807	0.997555	0.999374	1.00062	1.00245	7.133985
88200	-1556.338	-1522.92	-33.41773	431285.3	11.82394	0.998065	0.999505	1.00049	1.00194	7.236817
88300	-1576.915	-1552.278	-24.63765	639202.5	11.2985	0.998411	0.999593	1.00041	1.00159	6.463593
88400	-1563.937	-1535.694	-28.24282	216369.6	12.54803	0.997269	0.999301	1.0007	1.00273	6.797891
88500	-1567.363	-1537.259	-30.10407	539033.8	11.24406	0.998269	0.999557	1.00044	1.00173	6.945504
88600	-1552.596	-1525.464	-27.13158	359902.8	13.62685	0.997882	0.999458	1.00054	1.00212	6.676803
88700	-1567.634	-1546.346	-21.28751	539564	15.49118	0.99827	0.999557	1.00044	1.00173	6.175533
88800	-1568.151	-1537.784	-30.36742	216595	13.07653	0.99727	0.999301	1.0007	1.00273	6.945706
88900	-1564.808	-1535.546	-29.26128	785358.7	12.13989	0.998566	0.999633	1.00037	1.00143	6.885526
89000	-1571.36	-1532.007	-39.35261	904699.6	9.680414	0.998664	0.999658	1.00034	1.00134	7.740312
89100	-1571.79	-1537.331	-34.45839	10351.54	12.37888	0.987534	0.996781	1.00316	1.01252	7.302431
89200	-1566.024	-1545.45	-20.5742	10917.23	11.73998	0.987861	0.996867	1.00308	1.01219	6.144408
89300	-1548.997	-1527.475	-21.52226	375605.8	12.28157	0.997927	0.999469	1.00053	1.00207	6.253959
89400	-1559.91	-1527.841	-32.06902	797217.9	10.80938	0.998577	0.999636	1.00036	1.00142	7.104604
89500	-1569.459	-1537.223	-32.23585	675583.2	13.05483	0.998454	0.999605	1.00039	1.00155	7.089892
89600	-1569.454	-1539.179	-30.27567	232201.6	12.79913	0.997363	0.999325	1.00067	1.00264	6.951012
89700	-1574.031	-1540.103	-33.9286	100460.3	12.01642	0.995992	0.998973	1.00102	1.00401	7.274431
89800	-1558.544	-1538.197	-20.34708	433793.4	15.24794	0.998071	0.999506	1.00049	1.00193	6.127337
89900	-1557.128	-1525.966	-31.16187	549768.1	12.57123	0.998286	0.999562	1.00044	1.00171	7.029666
90000	-1562.587	-1533.928	-28.65846	304069.8	14.55619	0.997696	0.99941	1.00059	1.00231	6.727902
90100	-1573.23	-1546.418	-26.81207	909650.9	12.28669	0.998668	0.999659	1.00034	1.00133	6.684685
90200	-1571.064	-1531.312	-39.75219	274931.7	11.04986	0.997577	0.99938	1.00062	1.00243	7.81021
90300	-1560.252	-1531.087	-29.16526	242030.5	10.19498	0.997417	0.999339	1.00066	1.00258	6.772095
90400	-1588.277	-1547.659	-40.61819	506531.5	9.151657	0.998215	0.999543	1.00046	1.00179	7.81567
90500	-1586.619	-1552.086	-34.53284	221202.6	12.84174	0.997299	0.999308	1.00069	1.0027	7.280794
90600	-1561.012	-1529.461	-31.55055	173897	11.49039	0.996953	0.99922	1.00078	1.00305	7.078517
90700	-1563.397	-1532.823	-30.5743	521760	9.802683	0.998241	0.99955	1.00045	1.00176	6.854607
90800	-1559.681	-1536.394	-23.28709	424866	11.58014	0.998051	0.999501	1.0005	1.00195	6.365627
90900	-1555.833	-1531.648	-24.18576	956852.1	10.38797	0.998701	0.999668	1.00033	1.0013	6.316661
91000	-1565.919	-1540.118	-25.80013	993247.7	11.48593	0.998725	0.999674	1.00033	1.00128	6.577821
91100	-1555.551	-1532.56	-22.99087	312050	14.29202	0.997725	0.999418	1.00058	1.00228	6.350473
91200	-1563.423	-1525.536	-37.88645	213456	10.41102	0.99725	0.999296	1.0007	1.00275	7.636308
91300	-1574.596	-1540.284	-34.31193	503742	10.7296	0.99821	0.999542	1.00046	1.00179	7.309271
91400	-1570.5	-1539.145	-31.35407	662261.6	11.49238	0.998438	0.999601	1.0004	1.00156	7.061441
91500	-1570.773	-1540.511	-30.26229	42114.5	13.14211	0.993813	0.998411	1.00158	1.0062	6.934404
91600	-1573.726	-1538.053	-35.67245	640183.7	11.41957	0.998412	0.999594	1.00041	1.00159	7.438588
91700	-1572.014	-1542.556	-29.45849	767130.3	11.10698	0.998549	0.999629	1.00037	1.00145	6.881696
91800	-1566.348	-1536.448	-29.90032	521627.5	12.14035	0.998241	0.99955	1.00045	1.00176	6.938161
91900	-1569.421	-1543.039	-26.38217	140506	11.5107	0.996611	0.999132	1.00086	1.00339	6.629708
92000	-1565.86	-1535.532	-30.32767	331626.7	14.43562	0.997794	0.999435	1.00056	1.00221	6.852421
92100	-1571.639	-1533.546	-38.09323	276244.8	9.018671	0.997583	0.999381	1.00062	1.00242	7.515935
92200	-1566.242	-1534.691	-31.55115	921657.1	11.20008	0.998676	0.999662	1.00034	1.00132	7.073023
92300	-1570.012	-1543.832	-26.18069	405880.1	13.9593	0.998006	0.99949	1.00051	1.002	6.59168
92400	-1558.312	-1531.502	-26.80977	758280.9	10.87866	0.998541	0.999627	1.00037	1.00146	6.624557
92500	-1567.557	-1532.115	-35.44203	730100.4	11.36352	0.998513	0.99962	1.00038	1.00149	7.419183
92600	-1577.974	-1547.053	-30.92148	48417.03	12.06055	0.994229	0.998519	1.00147	1.00578	7.023582
92700	-1579.482	-1540.207	-39.27466	140452.1	10.33779	0.99661	0.999132	1.00086	1.00339	7.768065
92800	-1572.189	-1537.192	-34.99715	123179.9	12.01386	0.996381	0.999073	1.00092	1.00362	7.363459
92900	-1568.113	-1538.864	-29.24922	167507.1	11.1357	0.996896	0.999205	1.00079	1.00311	6.864351
93000	-1577.28	-1536.997	-40.28295	887130.4	11.64078	0.998651	0.999655	1.00034	1.00135	7.829589
93100	-1568.262	-1537.373	-30.88911	443524.5	14.33	0.998092	0.999512	1.00049	1.00191	6.900021
93200	-1561.288	-1529.588	-31.69955	794816.8	11.27013	0.998575	0.999635	1.00036	1.00143	7.088009
93300	-1569.375	-1537.86	-31.51483	186226.3	12.80281	0.997056	0.999246	1.00075	1.00295	7.047654
93400	-1565.05	-1533.808	-31.24151	442668	12.97349	0.99809	0.999511	1.00049	1.00191	7.018003
93500	-1571.36	-1540.63	-30.73001	409224.1	12.62751	0.998014	0.999492	1.00051	1.00199	6.993313
93600	-1570.779	-1540.735	-30.04477	79668.22	11.45523	0.9955	0.998846	1.00115	1.00451	6.946667
93700	-1572.017	-1532.565	-39.45185	760118.7	10.77635	0.998542	0.999627	1.00037	1.00146	7.787949
93800	-1570.391	-1539.587	-30.80383	914733.2	11.68302	0.998671	0.99966	1.00034	1.00133	7.015552
93900	-1573.745	-1539.353	-34.39158	693637	11.58629	0.998474	0.99961	1.00039	1.00153	7.324454
94000	-1585.135	-1545.704	-39.43112	83791.05	13.04822	0.995612	0.998875	1.00112	1.00439	7.641722
94100	-1560.336	-1528.037	-32.29893	457977.2	10.38764	0.998122	0.99952	1.00048	1.00188	7.097648
94200	-1552.657	-1528.926	-23.73073	70293.42	12.65603	0.99521	0.998771	1.00122	1.0048	6.439215
94300	-1576.849	-1548.531	-28.31821	733683.6	11.52671	0.998516	0.999621	1.00038	1.00148	6.798433
94400	-1562.949	-1536.762	-26.1867	526738.4	11.01799	0.998249	0.999552	1.00045	1.00175	6.579885
94500	-1554.61	-1527.626	-26.98404	580806.8	11.98329	0.998333	0.999574	1.00043	1.00167	6.695991
94600	-1574.179	-1542.692	-31.48703	640980.7	11.41749	0.998413	0.999594	1.00041	1.00159	7.072043
94700	-1565.176	-1537.884	-27.29189	736841.7	12.93769	0.99852	0.999621	1.00038	1.00148	6.714542
94800	-1560.714	-1532.224	-28.49038	186628.6	13.54269	0.997059	0.999247	1.00075	1.00294	6.780989
94900	-1560.171	-1526.529	-33.64254	770259.7	12.57401	0.998552	0.99963	1.00037	1.00145	7.226848
95000	-1578.057	-1541.083	-36.97414	728941.5	13.05916	0.998512	0.999619	1.00038	1.00149	7.452466
95100	-1566.91	-1531.107	-35.80295	665989.7	12.03482	0.998443	0.999602	1.0004	1.00156	7.429553
95200	-1560.997	-1536.071	-24.92639	144636.9	12.67183	0.99666	0.999144	1.00085	1.00334	6.533661
95300	-1555.67	-1533.42	-22.25054	358139.6	12.78582	0.997877	0.999457	1.00054	1.00212	6.323881
95400	-1572.298	-1539.139	-33.15901	736290.8	12.14076	0.998519	0.999621	1.00038	1.00148	7.206565
95500	-1570.334	-1538.474	-31.8592	990022.2	10.43212	0.998723	0.999673	1.00033	1.00128	7.059197
95600	-1552.492	-1530.139	-22.35316	507222.8	12.38216	0.998216	0.999544	1.00046	1.00179	6.324628
95700	-1563.644	-1535.96	-27.6839	39820.88	10.88516	0.993637	0.998366	1.00162	1.00638	6.705451
95800	-1568.996	-1540.915	-28.08072	853834.9	13.57905	0.998625	0.999648	1.00035	1.00138	6.748911
95900	-1557.453	-1526.042	-31.41093	987487.2	11.60284	0.998721	0.999673	1.00033	1.00128	7.067288
96000	-1565.508	-1538.245	-27.26315	843591.4	12.56681	0.998616	0.999646	1.00035	1.00138	6.719591
96100	-1576.655	-1551.882	-24.77241	409610.6	12.85747	0.998015	0.999492	1.00051	1.00199	6.520609
96200	-1553.98	-1535.105	-18.87441	457915.4	14.25981	0.998122	0.99952	1.00048	1.00188	6.063144
96300	-1566.458	-1530.587	-35.87047	377037	10.90637	0.997931	0.999471	1.00053	1.00207	7.457815
96400	-1585.166	-1548.911	-36.2544	927192.9	11.24298	0.99868	0.999663	1.00034	1.00132	7.492502
96500	-1580.382	-1541.5	-38.88212	820525.1	9.637463	0.998597	0.999641	1.00036	1.0014	7.687662
96600	-1574.742	-1539.315	-35.42771	23994.32	11.97507	0.991806	0.997892	1.00208	1.00822	7.400958
96700	-1552.689	-1527.557	-25.13133	785854.3	10.9976	0.998566	0.999633	1.00037	1.00143	6.482175
96800	-1562.982	-1531.743	-31.23963	455028.9	12.57074	0.998116	0.999518	1.00048	1.00188	7.03587
96900	-1558.134	-1530.661	-27.47315	984173.4	13.39105	0.998719	0.999672	1.00033	1.00128	6.712603
97000	-1565.876	-1533.716	-32.16017	207086.5	11.3742	0.997208	0.999285	1.00071	1.00279	7.130514
97100	-1558.827	-1533.752	-25.07586	562764	9.966276	0.998306	0.999567	1.00043	1.00169	6.328262
97200	-1567.768	-1537.766	-30.00152	991629.1	13.64168	0.998724	0.999674	1.00033	1.00128	6.886485
97300	-1558.04	-1532.511	-25.52925	795483.7	12.38269	0.998575	0.999636	1.00036	1.00143	6.581137
97400	-1570.393	-1541.892	-28.50175	877053.9	11.43965	0.998643	0.999653	1.00035	1.00136	6.811405
97500	-1552.023	-1526.758	-25.26474	102697.4	13.02306	0.996036	0.998984	1.00101	1.00397	6.556483
97600	-1566.492	-1539.186	-27.30682	2118.468	14.06453	0.97252	0.992812	1.00692	1.02775	6.666321
97700	-1573.694	-1554.473	-19.22125	562584.3	14.82373	0.998306	0.999567	1.00043	1.0017	6.070671
97800	-1563.363	-1530.448	-32.91447	929441.3	11.16006	0.998682	0.999663	1.00034	1.00132	7.194
97900	-1561.11	-1528.605	-32.50442	958618.8	11.2471	0.998702	0.999668	1.00033	1.0013	7.159035
98000	-1558.207	-1531.456	-26.75096	45715.16	14.37745	0.994061	0.998475	1.00151	1.00595	6.608311
98100	-1563.275	-1534.356	-28.91933	352620.6	11.86287	0.99786	0.999452	1.00055	1.00214	6.856764
98200	-1584.891	-1549.367	-35.52426	992593.4	10.32871	0.998724	0.999674	1.00033	1.00128	7.404734
98300	-1565.849	-1541.645	-24.20443	347866.9	13.94414	0.997846	0.999449	1.00055	1.00216	6.450713
98400	-1581.356	-1538.286	-43.06935	101675.9	11.66003	0.996016	0.998979	1.00102	1.00399	8.067348
98500	-1564.217	-1532.849	-31.3673	741627.9	11.30217	0.998524	0.999623	1.00038	1.00148	7.059301
98600	-1579.572	-1545.753	-33.81827	83360.2	9.821026	0.995601	0.998872	1.00112	1.00441	7.187919
98700	-1562.512	-1536.496	-26.01572	86213.77	12.98379	0.995674	0.998891	1.0011	1.00433	6.614987
98800	-1556.006	-1524.603	-31.40346	87949	13.82563	0.995717	0.998902	1.00109	1.00429	6.975948
98900	-1588.196	-1542.036	-46.16058	650211.4	11.05604	0.998424	0.999597	1.0004	1.00158	8.38966
99000	-1563.617	-1528.319	-35.29722	666688.3	12.2396	0.998444	0.999602	1.0004	1.00156	7.377759
99100	-1563.376	-1538.079	-25.29729	851690.7	12.60806	0.998623	0.999648	1.00035	1.00138	6.563125
99200	-1567.205	-1539.437	-27.76816	585056.7	13.91227	0.998339	0.999575	1.00042	1.00166	6.708126
99300	-1571.485	-1545.465	-26.02044	460669.1	10.70769	0.998128	0.999521	1.00048	1.00187	6.53406
99400	-1580.08	-1547.563	-32.51755	471102.8	10.42158	0.998149	0.999526	1.00047	1.00185	7.121466
99500	-1576.992	-1541.196	-35.79661	129558.4	12.67841	0.996471	0.999096	1.0009	1.00353	7.391028
99600	-1556.698	-1533.09	-23.60792	355715.7	10.91979	0.99787	0.999455	1.00054	1.00213	6.335011
99700	-1587.41	-1543.828	-43.58273	620432.7	8.382609	0.998387	0.999587	1.00041	1.00161	8.014658
99800	-1564.627	-1533.131	-31.49638	332701.5	11.35085	0.997797	0.999436	1.00056	1.0022	7.071725
99900	-1562.629	-1535.983	-26.64624	553071.1	10.95177	0.998291	0.999563	1.00044	1.00171	6.616053
100000	-1575.124	-1543.709	-31.41531	510588.8	12.66327	0.998222	0.999545	1.00045	1.00178	7.046098
