Iteration	Posterior	Likelihood	Prior	alpha_morpho	br_len_lambda	rates_morpho[1]	rates_morpho[2]	rates_morpho[3]	rates_morpho[4]	tree_length
0	-2788.393	-2655.689	-132.7039	884128.3	3.104379	0.998648	0.999654	1.00034	1.00135	23.4914
100	-1584.674	-1538.69	-45.98458	621006.8	11.14989	0.998387	0.999588	1.00041	1.00161	8.366013
200	-1562.174	-1532.49	-29.68347	165703.1	10.91735	0.996879	0.999201	1.0008	1.00312	6.891236
300	-1557.004	-1525.21	-31.79395	376151.7	9.910608	0.997928	0.99947	1.00053	1.00207	6.99476
400	-1554.005	-1523.036	-30.96962	103293.7	11.06387	0.996048	0.998987	1.00101	1.00396	7.015996
500	-1576.003	-1547.411	-28.5912	579827.1	11.51967	0.998331	0.999573	1.00043	1.00167	6.8219
600	-1574.189	-1538.232	-35.95671	260131	12.02223	0.997509	0.999362	1.00064	1.00249	7.442933
700	-1561.918	-1529.877	-32.04085	359496.2	11.05587	0.997881	0.999458	1.00054	1.00212	7.112548
800	-1572.072	-1541.552	-30.51959	490460.3	11.20954	0.998186	0.999536	1.00046	1.00182	6.981261
900	-1564.185	-1530.276	-33.90866	575614.2	12.32609	0.998325	0.999572	1.00043	1.00168	7.260493
1000	-1582.06	-1545.208	-36.85125	997125	11.37669	0.998727	0.999675	1.00032	1.00127	7.542885
1100	-1572.724	-1539.796	-32.92823	414215.2	9.635588	0.998026	0.999495	1.0005	1.00198	7.069574
1200	-1571.392	-1539.91	-31.48292	508870.1	12.16129	0.998219	0.999544	1.00045	1.00178	7.068049
1300	-1568.866	-1545.04	-23.82578	78351.3	12.15429	0.995463	0.998836	1.00116	1.00454	6.438214
1400	-1578.48	-1536.147	-42.33375	136090.2	11.98124	0.996556	0.999118	1.00088	1.00345	7.977103
1500	-1555.405	-1529.025	-26.38069	757553.9	11.82249	0.99854	0.999627	1.00037	1.00146	6.641621
1600	-1568.963	-1532.096	-36.86682	219410.7	11.21747	0.997288	0.999306	1.00069	1.00271	7.547378
1700	-1578.295	-1546.358	-31.93781	89211.08	10.40095	0.995747	0.99891	1.00108	1.00426	7.064054
1800	-1548.707	-1528.015	-20.69218	115200	13.51128	0.996257	0.999041	1.00095	1.00375	6.205448
1900	-1556.986	-1520.835	-36.15107	253468	10.0561	0.997476	0.999354	1.00064	1.00253	7.447132
2000	-1559.456	-1534.597	-24.85976	921195.9	13.0933	0.998676	0.999661	1.00034	1.00132	6.524227
2100	-1573.139	-1541.261	-31.87865	855988	12.62889	0.998626	0.999649	1.00035	1.00137	7.084215
2200	-1579.482	-1543.3	-36.18145	708633	11.05895	0.99849	0.999614	1.00039	1.00151	7.487064
2300	-1578.238	-1545.182	-33.05558	321616.1	10.45736	0.99776	0.999427	1.00057	1.00224	7.175724
2400	-1569.526	-1533.638	-35.88784	73968.07	11.47423	0.99533	0.998802	1.00119	1.00468	7.456344
2500	-1566.456	-1535.777	-30.67927	7378.321	11.00713	0.985241	0.996182	1.00374	1.01484	6.98711
2600	-1577.876	-1544.499	-33.37638	473531	13.67325	0.998153	0.999528	1.00047	1.00185	7.131315
2700	-1572.501	-1546.796	-25.70445	675373.1	13.53675	0.998454	0.999605	1.00039	1.00155	6.575493
2800	-1585.701	-1543.611	-42.09071	67274.5	10.7826	0.995104	0.998744	1.00125	1.0049	8.032623
2900	-1570.851	-1539.532	-31.31894	164303	10.40337	0.996866	0.999197	1.0008	1.00314	7.004778
3000	-1585.61	-1550.743	-34.8664	192127.6	11.15031	0.997102	0.999258	1.00074	1.0029	7.368859
3100	-1571.918	-1537.734	-34.18331	448299.1	12.80666	0.998102	0.999514	1.00048	1.0019	7.255837
3200	-1553.874	-1523.562	-30.31297	859283.9	14.29513	0.998629	0.999649	1.00035	1.00137	6.862551
3300	-1571.159	-1536.1	-35.05875	765024.6	12.27992	0.998547	0.999628	1.00037	1.00145	7.356223
3400	-1575.512	-1546.306	-29.20542	244444.3	11.42552	0.99743	0.999342	1.00066	1.00257	6.872468
3500	-1579.703	-1549.547	-30.15605	721404.1	11.1819	0.998504	0.999617	1.00038	1.0015	6.947734
3600	-1574.368	-1543.55	-30.81724	506641.8	10.6963	0.998215	0.999543	1.00046	1.00179	6.981228
3700	-1573.107	-1554.415	-18.69168	889161.6	15.60853	0.998652	0.999655	1.00034	1.00135	6.002389
3800	-1590.418	-1548.805	-41.6128	904516.2	7.458261	0.998664	0.999658	1.00034	1.00134	7.437062
3900	-1564.341	-1529.728	-34.61338	102953.6	11.30992	0.996041	0.998985	1.00101	1.00396	7.34649
4000	-1572.289	-1536.564	-35.7246	436135.1	8.16624	0.998076	0.999508	1.00049	1.00193	6.997846
4100	-1570.3	-1544.323	-25.97651	538467.2	14.02919	0.998268	0.999557	1.00044	1.00173	6.573551
4200	-1573.92	-1537.467	-36.45311	119715.2	12.73389	0.996329	0.999059	1.00094	1.00368	7.438656
4300	-1570.669	-1546.177	-24.49171	159363	12.70991	0.996818	0.999185	1.00081	1.00319	6.499354
4400	-1561.057	-1530.672	-30.3844	103127.4	11.61004	0.996045	0.998986	1.00101	1.00396	6.978905
4500	-1568.621	-1540.418	-28.20311	138253.2	9.988723	0.996584	0.999125	1.00087	1.00342	6.645814
4600	-1579.044	-1545.361	-33.68323	31917.89	10.51545	0.992894	0.998174	1.00181	1.00712	7.239445
4700	-1574.213	-1542.413	-31.80035	639316.9	11.97498	0.998411	0.999594	1.00041	1.00159	7.09805
4800	-1576.898	-1550.527	-26.37022	731504.5	10.94756	0.998514	0.99962	1.00038	1.00149	6.590475
4900	-1571.043	-1537.379	-33.66381	658912.3	13.8151	0.998435	0.9996	1.0004	1.00157	7.140345
5000	-1559.931	-1531.504	-28.42718	786745.6	11.77135	0.998567	0.999634	1.00037	1.00143	6.813895
5100	-1588.652	-1546.73	-41.92229	254574.8	8.796449	0.997482	0.999355	1.00064	1.00252	7.905075
5200	-1556.671	-1525.931	-30.73912	206016.5	8.71581	0.997201	0.999283	1.00071	1.0028	6.607159
5300	-1568.401	-1538.87	-29.53078	515211.9	16.51687	0.99823	0.999547	1.00045	1.00177	6.608631
5400	-1579.607	-1549.485	-30.12185	451530.9	12.51923	0.998109	0.999516	1.00048	1.00189	6.948479
5500	-1564.946	-1534.29	-30.6555	829885.2	11.40813	0.998605	0.999643	1.00036	1.0014	6.99901
5600	-1576.706	-1538.637	-38.06917	705982.8	13.99509	0.998488	0.999613	1.00039	1.00151	7.439339
5700	-1567.299	-1538.302	-28.99696	147814	12.36535	0.996696	0.999154	1.00084	1.00331	6.861451
5800	-1558.586	-1528.249	-30.3372	360637.5	14.45166	0.997884	0.999459	1.00054	1.00212	6.851785
5900	-1573.054	-1540.803	-32.25091	320821.1	11.74887	0.997757	0.999426	1.00057	1.00225	7.138941
6000	-1570.688	-1540.361	-30.32717	412057.5	11.74505	0.998021	0.999494	1.00051	1.00198	6.975183
6100	-1570.078	-1539.014	-31.0642	846998.3	11.61765	0.998619	0.999647	1.00035	1.00138	7.037512
6200	-1579.6	-1543.36	-36.24072	581162.8	13.16088	0.998333	0.999574	1.00043	1.00167	7.387705
6300	-1582.144	-1548.218	-33.92598	514885.3	11.96005	0.998229	0.999547	1.00045	1.00177	7.276023
6400	-1579.056	-1543.645	-35.41148	570641.6	13.49946	0.998318	0.99957	1.00043	1.00168	7.295908
6500	-1565.726	-1535.895	-29.83027	679665.2	12.87595	0.998459	0.999606	1.00039	1.00154	6.91326
6600	-1559.161	-1534.82	-24.34097	824.4503	12.11969	0.956084	0.988349	1.01096	1.04461	6.47968
6700	-1554.622	-1526.367	-28.25561	9324.974	10.98775	0.986868	0.996607	1.00333	1.01319	6.765575
6800	-1572.925	-1537.584	-35.34082	853933	11.59494	0.998625	0.999648	1.00035	1.00138	7.406178
6900	-1567.354	-1537.65	-29.70434	700355.7	12.20337	0.998482	0.999612	1.00039	1.00152	6.921302
7000	-1569.132	-1537.559	-31.57321	287072.5	12.96333	0.997629	0.999393	1.0006	1.00237	7.044111
7100	-1571.393	-1535.779	-35.61419	156553	12.35195	0.996789	0.999178	1.00082	1.00321	7.397374
7200	-1576.473	-1543.26	-33.21224	51937.23	9.807026	0.994428	0.99857	1.00142	1.00558	7.124307
7300	-1566.267	-1534.516	-31.7511	605111.1	10.53749	0.998366	0.999582	1.00042	1.00163	7.057417
7400	-1581.355	-1544.384	-36.9712	411049	8.995483	0.998018	0.999493	1.00051	1.00198	7.386766
7500	-1574.839	-1543.558	-31.28161	968759.1	11.29083	0.998709	0.99967	1.00033	1.00129	7.051446
7600	-1554.295	-1531.868	-22.42758	910685.6	13.82408	0.998668	0.999659	1.00034	1.00133	6.326771
7700	-1569.301	-1534.773	-34.52784	620123.1	11.87985	0.998386	0.999587	1.00041	1.00161	7.329014
7800	-1558.047	-1531.242	-26.80429	756039.7	12.87498	0.998539	0.999626	1.00037	1.00146	6.678271
7900	-1571.103	-1538.254	-32.84916	715838.7	12.0673	0.998498	0.999616	1.00038	1.0015	7.183227
8000	-1569.679	-1537.124	-32.55463	513323.6	13.89477	0.998226	0.999546	1.00045	1.00177	7.053607
8100	-1543.363	-1521.063	-22.29947	650288.9	14.14507	0.998424	0.999597	1.0004	1.00158	6.307539
8200	-1568.647	-1535.46	-33.18626	403166.2	12.54907	0.997999	0.999488	1.00051	1.002	7.1918
8300	-1564.516	-1533.67	-30.846	691495.6	12.23541	0.998472	0.999609	1.00039	1.00153	7.014177
8400	-1558.303	-1525.065	-33.23841	782633.9	14.05323	0.998564	0.999633	1.00037	1.00144	7.089062
8500	-1574.276	-1539.756	-34.51981	629637.1	12.67772	0.998399	0.99959	1.00041	1.0016	7.290364
8600	-1575.667	-1544.216	-31.45126	373706.4	13.17072	0.997921	0.999468	1.00053	1.00208	7.023215
8700	-1570.648	-1534.002	-36.64615	953526.9	12.3284	0.998699	0.999667	1.00033	1.0013	7.482435
8800	-1563.349	-1534.211	-29.13777	92589.32	10.9147	0.995826	0.99893	1.00106	1.00418	6.841071
8900	-1544.532	-1524.622	-19.90973	327383.5	12.55047	0.997779	0.999432	1.00057	1.00222	6.13388
9000	-1554.035	-1530.973	-23.06163	652685.1	11.83283	0.998427	0.999598	1.0004	1.00157	6.361427
9100	-1568.721	-1533.052	-35.66958	712470	11.2361	0.998494	0.999615	1.00038	1.00151	7.440532
9200	-1564.29	-1530.068	-34.22272	350503.6	11.23635	0.997854	0.999451	1.00055	1.00215	7.311765
9300	-1580.465	-1541.768	-38.69692	859065.8	8.72794	0.998629	0.999649	1.00035	1.00137	7.523005
9400	-1563.536	-1536.4	-27.13585	358771.3	12.29133	0.997879	0.999457	1.00054	1.00212	6.711039
9500	-1552.574	-1529.217	-23.35689	971606	11.8206	0.998711	0.99967	1.00033	1.00129	6.385759
9600	-1555.106	-1537.424	-17.68253	948188	13.24016	0.998695	0.999666	1.00033	1.00131	5.979169
9700	-1554.064	-1524.767	-29.29785	951835.3	12.83963	0.998697	0.999667	1.00033	1.0013	6.873214
9800	-1565.308	-1540.844	-24.46329	412092.4	11.93566	0.998021	0.999494	1.00051	1.00198	6.483953
9900	-1576.879	-1541.563	-35.31584	55829.41	11.25063	0.994626	0.998621	1.00137	1.00538	7.408987
10000	-1569.334	-1532.489	-36.84558	268738.5	9.752094	0.997549	0.999373	1.00063	1.00245	7.489175
10100	-1558.578	-1529.432	-29.14635	545610.4	11.32419	0.99828	0.99956	1.00044	1.00172	6.863671
10200	-1576.956	-1545.318	-31.63772	542022.3	10.00342	0.998274	0.999558	1.00044	1.00173	6.991592
10300	-1548.432	-1518.823	-29.60885	627513.5	11.8406	0.998396	0.99959	1.00041	1.00161	6.91478
10400	-1573.453	-1534.015	-39.43798	580016.2	11.77573	0.998331	0.999573	1.00043	1.00167	7.749014
10500	-1567.49	-1543.436	-24.05399	133349.5	11.74279	0.996521	0.999109	1.00089	1.00348	6.440955
10600	-1565.498	-1540.084	-25.41468	504963.9	12.28997	0.998212	0.999543	1.00046	1.00179	6.570992
10700	-1565.638	-1531.99	-33.64756	794938.5	10.0495	0.998575	0.999636	1.00036	1.00143	7.197483
10800	-1560.262	-1542.941	-17.32077	387182.9	12.21584	0.997958	0.999477	1.00052	1.00204	5.907408
10900	-1568.794	-1538.487	-30.30799	6292.014	12.48784	0.984021	0.995862	1.00405	1.01607	6.964265
11000	-1570.68	-1543.538	-27.14265	35915.79	11.28412	0.993301	0.998279	1.00171	1.00672	6.684485
11100	-1574.365	-1533.693	-40.67221	77531.98	9.631156	0.995439	0.99883	1.00116	1.00457	7.872914
11200	-1546.909	-1520.108	-26.80172	351336.4	13.11365	0.997856	0.999451	1.00055	1.00215	6.671945
11300	-1573.073	-1544.335	-28.73774	612838.5	14.19968	0.998377	0.999585	1.00041	1.00162	6.758988
11400	-1561.198	-1532.655	-28.54316	778169.3	14.99552	0.998559	0.999632	1.00037	1.00144	6.685792
11500	-1566.19	-1537.635	-28.5549	96145.74	12.18703	0.995904	0.99895	1.00104	1.0041	6.827188
11600	-1555.887	-1530.83	-25.05679	940860.9	10.80717	0.99869	0.999665	1.00033	1.00131	6.455639
11700	-1579.621	-1544.62	-35.00012	695931.4	12.28305	0.998477	0.99961	1.00039	1.00152	7.351288
11800	-1560.85	-1528.522	-32.32805	261100.1	9.481983	0.997514	0.999364	1.00063	1.00249	6.979986
11900	-1562.729	-1537.877	-24.85235	836680	13.52442	0.998611	0.999645	1.00035	1.00139	6.512938
12000	-1559.001	-1532.249	-26.75183	33793.96	10.7731	0.993094	0.998225	1.00176	1.00692	6.609116
12100	-1557.583	-1525.092	-32.49161	555644.8	11.94809	0.998295	0.999564	1.00044	1.00171	7.156338
12200	-1552.556	-1523.878	-28.67751	939585.7	12.60463	0.998689	0.999665	1.00033	1.00131	6.831303
12300	-1573.175	-1549.166	-24.00912	946786.3	13.2476	0.998694	0.999666	1.00033	1.00131	6.456868
12400	-1587.355	-1547.269	-40.08687	199848.5	10.77471	0.997158	0.999272	1.00072	1.00284	7.846901
12500	-1554.764	-1530.212	-24.55199	544583.1	12.94966	0.998278	0.99956	1.00044	1.00172	6.50264
12600	-1554.914	-1529.223	-25.69029	111043.2	14.30336	0.996188	0.999023	1.00097	1.00382	6.538719
12700	-1564.465	-1531.98	-32.48526	552213.6	13.1205	0.99829	0.999563	1.00044	1.00171	7.104921
12800	-1578.478	-1540.248	-38.23079	850838	12.19018	0.998622	0.999648	1.00035	1.00138	7.620919
12900	-1583.605	-1547.003	-36.6014	666430.9	10.23117	0.998443	0.999602	1.0004	1.00156	7.503686
13000	-1563.038	-1535.519	-27.51918	715585.4	10.80377	0.998498	0.999616	1.00038	1.0015	6.683179
13100	-1549.986	-1526.534	-23.45237	761416.4	12.28973	0.998544	0.999628	1.00037	1.00146	6.411318
13200	-1543.992	-1523.206	-20.78612	587488.9	13.13403	0.998342	0.999576	1.00042	1.00166	6.213316
13300	-1592.025	-1549.653	-42.37157	156089	9.268372	0.996785	0.999176	1.00082	1.00322	8.020132
13400	-1564.897	-1536.148	-28.7493	769636.4	11.09093	0.998551	0.99963	1.00037	1.00145	6.816918
13500	-1570.101	-1533.71	-36.39048	474237.1	9.375417	0.998155	0.999528	1.00047	1.00185	7.392433
13600	-1556.728	-1528.787	-27.94128	799857.9	11.73143	0.998579	0.999637	1.00036	1.00142	6.771731
13700	-1564.542	-1539.758	-24.78323	982916	13.32789	0.998718	0.999672	1.00033	1.00128	6.513384
13800	-1563.081	-1534.514	-28.56645	923563.4	11.09205	0.998678	0.999662	1.00034	1.00132	6.800499
13900	-1570.013	-1543.194	-26.81964	625367.6	12.15715	0.998393	0.999589	1.00041	1.00161	6.68456
14000	-1575.824	-1533.553	-42.27098	614682.5	11.08045	0.998379	0.999585	1.00041	1.00162	8.036622
14100	-1558.852	-1536.12	-22.73186	378885.7	11.89581	0.997936	0.999472	1.00053	1.00207	6.336898
14200	-1558.146	-1532.75	-25.39549	496897.3	10.94784	0.998197	0.999539	1.00046	1.0018	6.501467
14300	-1591.028	-1543.272	-47.75612	467824.5	9.348033	0.998142	0.999525	1.00047	1.00186	8.603909
14400	-1580.937	-1547.932	-33.00474	725987.9	9.498337	0.998509	0.999619	1.00038	1.00149	7.054288
14500	-1569.597	-1535.234	-34.36298	673852.2	10.44038	0.998452	0.999604	1.0004	1.00155	7.299714
14600	-1576.292	-1551.979	-24.31343	654672.5	13.65207	0.998429	0.999598	1.0004	1.00157	6.469186
14700	-1570.067	-1530.018	-40.04834	562485	13.4976	0.998306	0.999567	1.00043	1.0017	7.639606
14800	-1572.463	-1544.33	-28.13315	226357.9	11.77241	0.99733	0.999316	1.00068	1.00267	6.788938
14900	-1546.435	-1523.493	-22.94189	110645.1	14.86727	0.996181	0.999021	1.00097	1.00382	6.319332
15000	-1577.441	-1543.191	-34.24944	161399	12.11221	0.996838	0.99919	1.00081	1.00317	7.297528
15100	-1569.181	-1541.879	-27.30206	808490.3	13.54968	0.998587	0.999639	1.00036	1.00141	6.692924
15200	-1583.848	-1555.843	-28.00505	360187.8	12.5464	0.997883	0.999458	1.00054	1.00212	6.778968
15300	-1582.438	-1543.845	-38.59258	627148.5	10.67303	0.998395	0.99959	1.00041	1.00161	7.708044
15400	-1569.243	-1537.076	-32.16655	325651.7	12.81354	0.997773	0.99943	1.00057	1.00223	7.098004
15500	-1585.447	-1553.3	-32.147	648576.3	11.85796	0.998422	0.999596	1.0004	1.00158	7.128913
15600	-1564.891	-1529.367	-35.52393	496837.8	10.70075	0.998197	0.999539	1.00046	1.0018	7.421392
15700	-1583.677	-1542.501	-41.17567	140166.8	9.090891	0.996607	0.999131	1.00087	1.0034	7.868282
15800	-1565.402	-1539.996	-25.40592	590958.1	12.66767	0.998347	0.999577	1.00042	1.00165	6.571524
15900	-1601.349	-1561.939	-39.41022	90059.59	9.548279	0.995768	0.998915	1.00108	1.00424	7.73388
16000	-1559.87	-1530.194	-29.67595	528918.7	9.339121	0.998253	0.999553	1.00045	1.00175	6.667668
16100	-1573.693	-1542.082	-31.61162	585946.4	11.19331	0.99834	0.999575	1.00042	1.00166	7.078232
16200	-1576.774	-1534.052	-42.72204	753619.2	8.757521	0.998536	0.999626	1.00037	1.00146	7.989377
16300	-1583.632	-1540.996	-42.63669	412095.7	8.142256	0.998021	0.999494	1.00051	1.00198	7.837258
16400	-1567.974	-1543.753	-24.22063	960958.4	10.43399	0.998704	0.999669	1.00033	1.0013	6.32727
16500	-1571.732	-1536.632	-35.10055	752610.3	10.87897	0.998535	0.999625	1.00037	1.00147	7.386678
16600	-1576.834	-1540.182	-36.65229	798870	11.08706	0.998578	0.999636	1.00036	1.00142	7.529504
16700	-1559.588	-1535.392	-24.19592	440036.2	12.25547	0.998084	0.99951	1.00049	1.00192	6.471109
16800	-1580.129	-1541.89	-38.23886	410192.5	11.64704	0.998016	0.999492	1.00051	1.00199	7.653694
16900	-1579.8	-1541.794	-38.00648	855040.1	11.13407	0.998626	0.999649	1.00035	1.00137	7.650797
17000	-1575.924	-1542.432	-33.49113	534096.3	11.54435	0.998261	0.999555	1.00044	1.00174	7.24709
17100	-1575.499	-1537.479	-38.01949	944831	10.21899	0.998693	0.999666	1.00033	1.00131	7.641729
17200	-1564.309	-1530.891	-33.41885	272521.5	11.80123	0.997566	0.999377	1.00062	1.00244	7.237375
17300	-1562.43	-1530.551	-31.87918	550303.4	11.0914	0.998287	0.999562	1.00044	1.00171	7.099137
17400	-1581.264	-1543.291	-37.97361	722579.6	11.19936	0.998505	0.999618	1.00038	1.0015	7.646468
17500	-1560.54	-1532.829	-27.71117	864756.2	12.62867	0.998633	0.999651	1.00035	1.00137	6.754223
17600	-1565.376	-1529.536	-35.8402	180451.7	11.69472	0.997009	0.999234	1.00076	1.00299	7.446262
17700	-1565.51	-1538.101	-27.40895	546428.3	12.42215	0.998281	0.99956	1.00044	1.00172	6.732685
17800	-1576.812	-1540.02	-36.79283	99956.84	11.19536	0.995982	0.99897	1.00102	1.00402	7.541089
17900	-1587.387	-1547.286	-40.1012	506708.8	10.98858	0.998215	0.999543	1.00046	1.00179	7.843624
18000	-1581.687	-1545.619	-36.0677	794281.4	10.57839	0.998574	0.999635	1.00036	1.00143	7.468542
18100	-1589.203	-1552.378	-36.82523	521704.1	10.15559	0.998241	0.99955	1.00045	1.00176	7.520999
18200	-1585.257	-1549.635	-35.62243	657554.3	11.53955	0.998433	0.999599	1.0004	1.00157	7.431819
18300	-1564.615	-1533.484	-31.13067	502986	11.47795	0.998208	0.999542	1.00046	1.00179	7.041801
18400	-1550.222	-1523.382	-26.83967	186154.2	14.54943	0.997055	0.999246	1.00075	1.00295	6.603399
18500	-1569.767	-1539.493	-30.27402	724471.9	10.98832	0.998507	0.999618	1.00038	1.00149	6.949303
18600	-1550.57	-1525.363	-25.20709	478586.2	11.80626	0.998163	0.99953	1.00047	1.00184	6.541732
18700	-1575.146	-1546.844	-28.3019	152053	11.95991	0.996742	0.999166	1.00083	1.00326	6.805782
18800	-1551.675	-1528.884	-22.79176	400738.4	11.81912	0.997993	0.999486	1.00051	1.00201	6.337867
18900	-1584.313	-1546.899	-37.41412	374496.2	10.82109	0.997924	0.999469	1.00053	1.00208	7.599156
19000	-1582.241	-1547.862	-34.37876	289023.7	14.98839	0.997637	0.999395	1.0006	1.00237	7.075713
19100	-1567.34	-1543.565	-23.77463	781655.3	13.12752	0.998563	0.999632	1.00037	1.00144	6.440938
19200	-1571.439	-1540.266	-31.17238	164057.2	11.31727	0.996864	0.999197	1.0008	1.00314	7.04242
19300	-1579.249	-1550.361	-28.88739	566311.7	13.90028	0.998311	0.999568	1.00043	1.00169	6.789331
19400	-1559.201	-1524.141	-35.05928	580078.6	10.69843	0.998332	0.999573	1.00043	1.00167	7.37789
19500	-1556.154	-1526.401	-29.75293	971012.7	14.06727	0.99871	0.99967	1.00033	1.00129	6.840048
19600	-1565.531	-1531.748	-33.78263	740328.3	11.85989	0.998523	0.999622	1.00038	1.00148	7.266799
19700	-1573.73	-1539.063	-34.66646	707318.3	10.48473	0.998489	0.999614	1.00039	1.00151	7.331302
19800	-1575.075	-1543.963	-31.1117	238231.7	11.5616	0.997397	0.999334	1.00066	1.00261	7.041151
19900	-1569.477	-1536.219	-33.25829	695401.8	10.66583	0.998476	0.99961	1.00039	1.00152	7.207875
20000	-1588.032	-1548.967	-39.06449	942787.1	9.424214	0.998691	0.999665	1.00033	1.00131	7.68368
20100	-1573.584	-1542.703	-30.88094	37578.44	11.59098	0.993451	0.998318	1.00167	1.00656	7.0215
20200	-1554.055	-1526.073	-27.98227	446251.5	12.43646	0.998098	0.999513	1.00049	1.0019	6.778677
20300	-1564.397	-1533.709	-30.68802	683584.6	14.21478	0.998463	0.999607	1.00039	1.00154	6.895151
20400	-1577.071	-1540.871	-36.19936	588503.8	11.6099	0.998344	0.999576	1.00042	1.00166	7.479766
20500	-1561.809	-1535.459	-26.34984	98980.11	13.64595	0.995963	0.998965	1.00103	1.00404	6.618615
20600	-1571.789	-1541.101	-30.68752	81429.87	10.91971	0.995549	0.998859	1.00113	1.00446	6.983334
20700	-1590.295	-1555.038	-35.25698	560119.1	12.06162	0.998302	0.999566	1.00043	1.0017	7.383012
20800	-1581.803	-1550.089	-31.71418	695269.8	10.43852	0.998476	0.99961	1.00039	1.00152	7.045847
20900	-1552.276	-1526.247	-26.02918	796797	14.19001	0.998576	0.999636	1.00036	1.00142	6.568771
21000	-1580.03	-1546.715	-33.31541	803790.4	9.373586	0.998583	0.999638	1.00036	1.00142	7.064088
21100	-1574.114	-1536.111	-38.00252	668499.5	8.761633	0.998446	0.999602	1.0004	1.00156	7.45143
21200	-1578.133	-1537.296	-40.83733	814261.3	9.929837	0.998592	0.99964	1.00036	1.00141	7.908147
21300	-1585.897	-1546.01	-39.88738	956121.6	10.62946	0.9987	0.999668	1.00033	1.0013	7.82956
21400	-1567.909	-1535.844	-32.06516	539321.5	12.36729	0.99827	0.999557	1.00044	1.00173	7.109512
21500	-1564.578	-1536.81	-27.76859	604741.1	10.26321	0.998366	0.999582	1.00042	1.00164	6.644903
21600	-1574.398	-1539.443	-34.95446	681632.2	10.47286	0.998461	0.999606	1.00039	1.00154	7.358143
21700	-1573.362	-1535.904	-37.45812	722177.5	11.5394	0.998505	0.999618	1.00038	1.0015	7.590902
21800	-1563.925	-1534.339	-29.58592	342220.4	9.968528	0.997828	0.999444	1.00055	1.00217	6.781144
21900	-1566.739	-1533.215	-33.52417	882048.9	10.25706	0.998647	0.999654	1.00035	1.00135	7.205174
22000	-1560.271	-1535.097	-25.17457	99458.17	12.39149	0.995972	0.998968	1.00103	1.00403	6.552571
22100	-1551.832	-1522.227	-29.6049	402413.8	12.92582	0.997997	0.999487	1.00051	1.002	6.893801
22200	-1563.549	-1534.395	-29.15364	785822.1	11.30997	0.998566	0.999633	1.00037	1.00143	6.863754
22300	-1579.417	-1543.594	-35.82305	558623.3	8.837033	0.9983	0.999565	1.00043	1.0017	7.221938
22400	-1558.971	-1527.285	-31.68569	803227.8	11.92637	0.998582	0.999637	1.00036	1.00142	7.089193
22500	-1582.685	-1542.983	-39.70254	785180.3	11.83355	0.998566	0.999633	1.00037	1.00143	7.767714
22600	-1570.763	-1548.064	-22.69877	918899.1	13.67125	0.998674	0.999661	1.00034	1.00133	6.350451
22700	-1570.868	-1540.397	-30.4718	88968.27	10.35472	0.995742	0.998908	1.00109	1.00426	6.91834
22800	-1576.6	-1536.586	-40.01436	741031.4	12.32882	0.998524	0.999622	1.00038	1.00148	7.755606
22900	-1576.532	-1548.091	-28.44109	289258.4	13.05775	0.997638	0.999395	1.0006	1.00236	6.799104
23000	-1580.295	-1546.708	-33.5873	782171.2	11.99133	0.998563	0.999633	1.00037	1.00144	7.246792
23100	-1570.522	-1530.967	-39.55514	218275.2	10.10243	0.997281	0.999304	1.00069	1.00272	7.787693
23200	-1572.9	-1543.615	-29.28582	128840.6	10.67559	0.996461	0.999093	1.0009	1.00354	6.836277
23300	-1561.112	-1527.363	-33.74904	291777.3	13.16902	0.997648	0.999398	1.0006	1.00235	7.197798
23400	-1577.208	-1548.591	-28.61712	772074.6	12.85563	0.998554	0.99963	1.00037	1.00145	6.819694
23500	-1595.038	-1553.726	-41.31187	959834.3	10.96872	0.998703	0.999668	1.00033	1.0013	7.954545
23600	-1565.349	-1541.992	-23.35757	708644.9	13.57759	0.99849	0.999614	1.00039	1.00151	6.401122
23700	-1563.727	-1530.019	-33.70817	32307.79	16.21506	0.992937	0.998185	1.0018	1.00708	6.896312
23800	-1570.142	-1537.676	-32.46553	163844.8	13.27623	0.996861	0.999196	1.0008	1.00314	7.093293
23900	-1563.384	-1535.69	-27.69485	9600.452	12.14829	0.987057	0.996657	1.00328	1.013	6.756524
24000	-1572.538	-1545.667	-26.87108	856955.8	11.69666	0.998627	0.999649	1.00035	1.00137	6.679388
24100	-1559.788	-1529.89	-29.89843	999109.9	13.39106	0.998729	0.999675	1.00032	1.00127	6.893714
24200	-1569.728	-1535.17	-34.55757	642553.8	10.31212	0.998415	0.999595	1.0004	1.00159	7.309975
24300	-1563.594	-1532.455	-31.13933	275660.2	11.45543	0.99758	0.999381	1.00062	1.00242	7.042222
24400	-1570.668	-1537.903	-32.76535	329248.3	12.17676	0.997786	0.999433	1.00056	1.00222	7.173007
24500	-1560.172	-1527.27	-32.90229	463502.7	11.67471	0.998134	0.999523	1.00048	1.00187	7.195251
24600	-1593.091	-1555.582	-37.50906	129616.4	10.26594	0.996472	0.999096	1.0009	1.00353	7.594099
24700	-1580.14	-1544.609	-35.53161	913037.8	10.96797	0.99867	0.99966	1.00034	1.00133	7.42756
24800	-1570.442	-1541.184	-29.25826	654746.5	11.04084	0.99843	0.999598	1.0004	1.00157	6.860003
24900	-1563.753	-1532.751	-31.00177	532935.2	13.24161	0.998259	0.999555	1.00044	1.00174	6.985057
25000	-1563.906	-1538.695	-25.21019	551276.2	12.76857	0.998289	0.999562	1.00044	1.00171	6.555499
25100	-1570.737	-1537.932	-32.8051	859689.4	10.0777	0.998629	0.99965	1.00035	1.00137	7.116823
25200	-1567.516	-1530.879	-36.63678	945105.1	11.45143	0.998693	0.999666	1.00033	1.00131	7.522226
25300	-1580.938	-1539.444	-41.49339	315016.1	14.62148	0.997736	0.999421	1.00058	1.00227	7.600797
25400	-1564.968	-1535.866	-29.10186	164397.6	14.75239	0.996867	0.999198	1.0008	1.00314	6.742963
25500	-1564.133	-1534.006	-30.12707	708374.1	12.98146	0.99849	0.999614	1.00039	1.00151	6.931745
25600	-1578.783	-1541.696	-37.08719	759654.5	12.10852	0.998542	0.999627	1.00037	1.00146	7.532035
25700	-1582.589	-1554.515	-28.07404	841332	11.72408	0.998615	0.999646	1.00035	1.00139	6.782881
25800	-1577.583	-1543.965	-33.61792	60204.74	10.14885	0.994824	0.998672	1.00132	1.00519	7.204539
25900	-1572.557	-1545.146	-27.41124	543765.4	8.477313	0.998277	0.999559	1.00044	1.00172	6.127913
26000	-1564.477	-1535.004	-29.47388	111181.9	10.02329	0.99619	0.999024	1.00097	1.00381	6.778282
26100	-1579.574	-1552.727	-26.84741	691260.2	11.0849	0.998472	0.999609	1.00039	1.00153	6.64499
26200	-1564.212	-1537.737	-26.47535	466876	13.65221	0.99814	0.999524	1.00047	1.00186	6.627538
26300	-1568.21	-1545.971	-22.23891	976842.2	12.1581	0.998714	0.999671	1.00033	1.00129	6.307805
26400	-1575.721	-1547.277	-28.44377	276874.6	12.80431	0.997585	0.999382	1.00062	1.00242	6.807736
26500	-1563.915	-1534.531	-29.384	555587.7	11.23784	0.998295	0.999564	1.00044	1.00171	6.881198
26600	-1556.408	-1524.744	-31.66403	419599.8	9.483331	0.998038	0.999498	1.0005	1.00196	6.910219
26700	-1564.059	-1531.584	-32.47544	538601.6	12.6547	0.998269	0.999557	1.00044	1.00173	7.130231
26800	-1567.062	-1533.892	-33.16989	517362.9	14.30984	0.998233	0.999548	1.00045	1.00177	7.061048
26900	-1573.593	-1540.244	-33.34923	880980.5	11.56951	0.998646	0.999654	1.00035	1.00135	7.234624
27000	-1574.057	-1537.4	-36.65709	393998.4	10.17028	0.997976	0.999482	1.00052	1.00203	7.505395
27100	-1568.994	-1542.067	-26.92643	656104	11.78501	0.998431	0.999599	1.0004	1.00157	6.686787
27200	-1578.766	-1537.7	-41.06678	707193.6	10.93925	0.998489	0.999614	1.00039	1.00151	7.933204
27300	-1579.53	-1540.636	-38.89415	831897.8	9.848691	0.998607	0.999644	1.00036	1.00139	7.706831
27400	-1574.027	-1539.997	-34.02924	97127.25	10.00166	0.995924	0.998955	1.00104	1.00408	7.230475
27500	-1567.852	-1539.777	-28.07426	817093.1	12.41805	0.998594	0.99964	1.00036	1.00141	6.78629
27600	-1555.453	-1527.601	-27.85223	326379.9	11.04204	0.997776	0.999431	1.00057	1.00223	6.732739
27700	-1575.112	-1541.396	-33.71634	445595.9	9.415452	0.998096	0.999513	1.00049	1.0019	7.114601
27800	-1559.459	-1533.358	-26.1006	90910.85	13.15305	0.995787	0.99892	1.00107	1.00422	6.617443
27900	-1573.982	-1538.798	-35.18443	159265.3	14.1575	0.996817	0.999185	1.00081	1.00319	7.217214
28000	-1570.773	-1540.468	-30.30476	708685	11.42832	0.99849	0.999614	1.00039	1.00151	6.968752
28100	-1571.06	-1534.007	-37.05247	126716.6	11.3388	0.996431	0.999086	1.00091	1.00357	7.561497
28200	-1585.096	-1556.185	-28.91105	94421.61	11.44451	0.995866	0.99894	1.00105	1.00414	6.847345
28300	-1575.374	-1530.489	-44.88489	193276.2	9.465906	0.99711	0.99926	1.00074	1.00289	8.303475
28400	-1559.471	-1530.867	-28.60376	416250.2	10.60873	0.998031	0.999496	1.0005	1.00197	6.765993
28500	-1567.336	-1531.376	-35.96008	492947.3	13.13059	0.99819	0.999537	1.00046	1.00181	7.36892
28600	-1570.423	-1540.693	-29.73027	757004.5	15.76527	0.998539	0.999626	1.00037	1.00146	6.694781
28700	-1579.328	-1547.746	-31.58133	531119.4	11.86641	0.998256	0.999554	1.00044	1.00174	7.081127
28800	-1584.443	-1549.173	-35.27044	90202.44	11.18356	0.995771	0.998916	1.00108	1.00424	7.405114
28900	-1575.873	-1547.421	-28.45183	680223.5	11.26754	0.998459	0.999606	1.00039	1.00154	6.799713
29000	-1565.416	-1531.189	-34.22703	711598	13.03832	0.998494	0.999615	1.00038	1.00151	7.243591
29100	-1568.963	-1540.995	-27.96839	504454	12.48841	0.998211	0.999542	1.00046	1.00179	6.776908
29200	-1568.325	-1534.249	-34.07521	869126.8	10.84969	0.998637	0.999651	1.00035	1.00136	7.291534
29300	-1569.742	-1540.401	-29.34061	698113	11.62197	0.998479	0.999611	1.00039	1.00152	6.889235
29400	-1600.93	-1556.75	-44.18036	435395.3	9.230332	0.998074	0.999507	1.00049	1.00193	8.212096
29500	-1556.176	-1526.465	-29.71158	143531.1	13.67871	0.996647	0.999141	1.00085	1.00336	6.862949
29600	-1552.921	-1524.688	-28.23288	346720.9	12.7075	0.997842	0.999448	1.00055	1.00216	6.793763
29700	-1554.742	-1525.616	-29.12515	985509.2	14.57054	0.99872	0.999673	1.00033	1.00128	6.758856
29800	-1568.419	-1539.788	-28.63085	795716.3	11.38556	0.998575	0.999636	1.00036	1.00143	6.82067
29900	-1575.09	-1539.597	-35.49349	226401.3	11.39831	0.99733	0.999316	1.00068	1.00267	7.423238
30000	-1562.41	-1535.779	-26.6306	656834.8	11.37924	0.998432	0.999599	1.0004	1.00157	6.644641
30100	-1566.943	-1533.765	-33.1787	852483.3	10.21171	0.998624	0.999648	1.00035	1.00138	7.167345
30200	-1581.576	-1545.953	-35.62281	212074	11.86947	0.997241	0.999294	1.0007	1.00276	7.421589
30300	-1568.955	-1530.063	-38.89173	840821.9	9.926157	0.998614	0.999646	1.00035	1.00139	7.711972
30400	-1568.249	-1536.786	-31.46266	252245.6	10.30447	0.99747	0.999352	1.00065	1.00253	7.009082
30500	-1550.182	-1529.426	-20.75678	285891.8	10.50508	0.997624	0.999392	1.00061	1.00238	6.00831
30600	-1573.568	-1542.557	-31.01085	161606.2	12.83768	0.99684	0.999191	1.00081	1.00316	7.006719
30700	-1584.148	-1547.586	-36.56227	663492.5	12.71341	0.99844	0.999601	1.0004	1.00156	7.448786
30800	-1568.061	-1539.19	-28.87036	600229.5	12.2755	0.99836	0.99958	1.00042	1.00164	6.852326
30900	-1579.513	-1545.995	-33.5186	620825	11.03365	0.998387	0.999587	1.00041	1.00161	7.245707
31000	-1575.08	-1541.242	-33.83775	487449.8	11.17621	0.99818	0.999534	1.00046	1.00182	7.276925
31100	-1562.972	-1528.551	-34.42166	423018.1	10.97164	0.998046	0.9995	1.0005	1.00196	7.326435
31200	-1580.203	-1546.628	-33.57523	388007.4	11.22315	0.99796	0.999478	1.00052	1.00204	7.254005
31300	-1567.98	-1536.427	-31.55314	416511.4	12.47091	0.998031	0.999496	1.0005	1.00197	7.064589
31400	-1557.112	-1533.685	-23.42693	787125.4	12.22324	0.998568	0.999634	1.00037	1.00143	6.407475
31500	-1549.567	-1529.181	-20.38607	257761	13.13982	0.997497	0.999359	1.00064	1.0025	6.182896
31600	-1569.212	-1542.965	-26.24708	359193	15.35626	0.99788	0.999457	1.00054	1.00212	6.506096
31700	-1558.658	-1528.879	-29.77898	515928	12.46924	0.998231	0.999547	1.00045	1.00177	6.922366
31800	-1558.25	-1531.632	-26.61744	273207.9	14.28249	0.997569	0.999378	1.00062	1.00243	6.604791
31900	-1573.086	-1542.34	-30.74546	220656	12.77009	0.997295	0.999308	1.00069	1.00271	6.988943
32000	-1561.612	-1524.807	-36.80483	429790	11.10678	0.998062	0.999504	1.00049	1.00194	7.543115
32100	-1570.761	-1534.18	-36.58126	497598.3	11.55877	0.998199	0.999539	1.00046	1.0018	7.514319
32200	-1572.697	-1546.861	-25.83589	377361.8	12.5765	0.997932	0.999471	1.00053	1.00207	6.605983
32300	-1571.583	-1534.968	-36.61474	453793.1	8.716718	0.998114	0.999517	1.00048	1.00189	7.281529
32400	-1564.189	-1535.785	-28.40395	792581.8	12.09957	0.998573	0.999635	1.00036	1.00143	6.814911
32500	-1567.165	-1535.407	-31.75798	746122.7	12.92604	0.998529	0.999624	1.00038	1.00147	7.060361
32600	-1568.914	-1531.631	-37.28376	720014.2	11.2337	0.998502	0.999617	1.00038	1.0015	7.58424
32700	-1567.774	-1535.413	-32.361	874392	12.0132	0.998641	0.999652	1.00035	1.00136	7.144049
32800	-1576.541	-1538.99	-37.55124	691196.4	12.36862	0.998472	0.999609	1.00039	1.00153	7.553013
32900	-1585.925	-1549.02	-36.90469	985001.6	12.43874	0.99872	0.999673	1.00033	1.00128	7.495959
33000	-1581.113	-1541.406	-39.70738	274173.1	11.29324	0.997573	0.999379	1.00062	1.00243	7.797595
33100	-1577.454	-1541.737	-35.71664	859848.2	9.794872	0.99863	0.99965	1.00035	1.00137	7.378318
33200	-1568.03	-1534.399	-33.63059	211872.6	11.45362	0.99724	0.999293	1.0007	1.00276	7.259702
33300	-1578.771	-1545.385	-33.38527	102252.7	11.31596	0.996028	0.998982	1.00101	1.00398	7.237944
33400	-1560.552	-1533.729	-26.8232	233795.7	12.43692	0.997372	0.999327	1.00067	1.00263	6.685475
33500	-1564.316	-1533.688	-30.6281	577509.2	12.12137	0.998328	0.999572	1.00043	1.00167	6.998407
33600	-1561.821	-1532.236	-29.58545	983794	12.23969	0.998719	0.999672	1.00033	1.00128	6.911094
33700	-1560.943	-1533.095	-27.84803	266403.5	11.97374	0.997538	0.99937	1.00063	1.00246	6.767989
33800	-1576.298	-1541.263	-35.03536	695867	12.35669	0.998477	0.99961	1.00039	1.00152	7.350255
33900	-1567.755	-1539.877	-27.87857	106088.7	11.17276	0.9961	0.999001	1.00099	1.00391	6.743518
34000	-1560.495	-1530.995	-29.49936	627166	12.87965	0.998395	0.99959	1.00041	1.00161	6.88742
34100	-1577.212	-1537.912	-39.2995	809207.6	10.6971	0.998587	0.999639	1.00036	1.00141	7.774235
34200	-1555.5	-1526.969	-28.53187	611813.4	13.07535	0.998375	0.999584	1.00041	1.00163	6.805382
34300	-1554.673	-1529.936	-24.73737	763781.6	11.6683	0.998546	0.999628	1.00037	1.00145	6.495561
34400	-1551.957	-1526.689	-25.26874	482591	12.74894	0.998171	0.999532	1.00047	1.00183	6.560235
34500	-1554.467	-1530.546	-23.92145	784219.9	11.3697	0.998565	0.999633	1.00037	1.00144	6.405835
34600	-1580.776	-1540.626	-40.15082	483878.8	10.29574	0.998173	0.999533	1.00047	1.00183	7.852057
34700	-1579.704	-1543.907	-35.79677	448118.8	13.41686	0.998102	0.999514	1.00048	1.0019	7.33189
34800	-1558.049	-1527.469	-30.57942	799211.8	13.83674	0.998579	0.999636	1.00036	1.00142	6.915567
34900	-1575.316	-1536.613	-38.70255	53739.17	9.143108	0.994522	0.998594	1.0014	1.00549	7.60496
35000	-1574.131	-1549.357	-24.77476	852190.8	11.42111	0.998623	0.999648	1.00035	1.00138	6.484391
35100	-1580.912	-1548.982	-31.92991	388532	11.11635	0.997961	0.999478	1.00052	1.00204	7.104498
35200	-1572.145	-1532.683	-39.46232	352642.1	12.75096	0.99786	0.999452	1.00055	1.00214	7.673359
35300	-1558.214	-1533.972	-24.24216	759629.7	13.56463	0.998542	0.999627	1.00037	1.00146	6.466658
35400	-1585.536	-1547.273	-38.26269	203192.6	12.47854	0.997182	0.999278	1.00072	1.00282	7.602001
35500	-1573.886	-1545.418	-28.46833	137966.5	11.03072	0.99658	0.999124	1.00087	1.00342	6.787801
35600	-1559.905	-1527.343	-32.56126	869039.2	9.78495	0.998637	0.999651	1.00035	1.00136	7.054726
35700	-1572.404	-1534.111	-38.29305	265990.6	10.36093	0.997536	0.999369	1.00063	1.00247	7.673871
35800	-1565.066	-1537.809	-27.2575	873817.1	14.24216	0.998641	0.999652	1.00035	1.00136	6.652125
35900	-1565.279	-1538.065	-27.21445	228124.9	12.52059	0.99734	0.999319	1.00068	1.00266	6.71623
36000	-1561.927	-1530.331	-31.59679	180775.8	15.40336	0.997012	0.999235	1.00076	1.00299	6.849798
36100	-1569.025	-1540.742	-28.28296	346696.6	13.20417	0.997842	0.999448	1.00055	1.00216	6.781298
36200	-1568.657	-1541.104	-27.5531	191068.8	12.87135	0.997094	0.999256	1.00074	1.00291	6.736525
36300	-1556.263	-1533.355	-22.90867	861572.6	11.36726	0.998631	0.99965	1.00035	1.00137	6.316552
36400	-1564.751	-1542.848	-21.90329	894609.9	13.3283	0.998656	0.999656	1.00034	1.00134	6.297296
36500	-1563.111	-1530.808	-32.30274	89182.44	12.35873	0.995747	0.99891	1.00108	1.00426	7.129036
36600	-1567.184	-1538.08	-29.10363	272337.7	12.88218	0.997565	0.999377	1.00062	1.00244	6.856605
36700	-1566.654	-1535.374	-31.2799	320513.5	12.89582	0.997756	0.999426	1.00057	1.00225	7.024875
36800	-1579.244	-1537.978	-41.26553	637965.1	12.31676	0.998409	0.999593	1.00041	1.00159	7.858224
36900	-1573.852	-1549.461	-24.39107	657522.2	14.71343	0.998433	0.999599	1.0004	1.00157	6.425901
37000	-1567.409	-1537.163	-30.24563	811449.8	14.72761	0.998589	0.999639	1.00036	1.00141	6.822605
37100	-1557.698	-1536.934	-20.76403	563241.9	12.93221	0.998307	0.999567	1.00043	1.00169	6.209912
37200	-1562.557	-1527.053	-35.50402	538499	10.62753	0.998268	0.999557	1.00044	1.00173	7.417112
37300	-1569.895	-1537.537	-32.35757	405197.1	11.41781	0.998004	0.999489	1.00051	1.002	7.148292
37400	-1550.117	-1526.499	-23.61852	875334.6	11.8332	0.998642	0.999653	1.00035	1.00136	6.408509
37500	-1576.771	-1539.251	-37.52087	875829.2	13.79853	0.998642	0.999653	1.00035	1.00136	7.421294
37600	-1567.899	-1531.237	-36.66213	303601.1	11.22525	0.997694	0.99941	1.00059	1.00231	7.529023
37700	-1567.245	-1539.857	-27.38793	394054.6	12.03858	0.997976	0.999482	1.00052	1.00203	6.730372
37800	-1559.611	-1532.817	-26.79453	242687.4	12.52146	0.997421	0.99934	1.00066	1.00258	6.682686
37900	-1575.041	-1537.758	-37.28314	489792.7	10.82741	0.998184	0.999536	1.00046	1.00182	7.58709
38000	-1563.739	-1530.863	-32.87599	996492.5	11.77226	0.998727	0.999674	1.00032	1.00127	7.191817
38100	-1563.326	-1528.375	-34.95086	373102.3	10.45028	0.99792	0.999468	1.00053	1.00208	7.356573
38200	-1568.309	-1537.187	-31.12177	231647.5	13.55728	0.99736	0.999324	1.00067	1.00264	6.974321
38300	-1557.905	-1530.199	-27.70547	270602.2	14.2488	0.997558	0.999375	1.00062	1.00244	6.683151
38400	-1549.952	-1527.494	-22.45783	839029.2	13.37099	0.998613	0.999645	1.00035	1.00139	6.338354
38500	-1568.427	-1536.329	-32.09797	412780.5	9.93823	0.998022	0.999494	1.0005	1.00198	7.029158
38600	-1568.841	-1542.126	-26.71532	995894.6	11.14139	0.998727	0.999674	1.00033	1.00127	6.63721
38700	-1575.985	-1542.659	-33.32516	163267.2	11.36542	0.996856	0.999195	1.0008	1.00315	7.232904
38800	-1565.492	-1539.736	-25.75633	475989	12.03066	0.998158	0.999529	1.00047	1.00184	6.594665
38900	-1571.408	-1539.021	-32.38729	337440.8	11.74764	0.997813	0.99944	1.00056	1.00219	7.150561
39000	-1575.425	-1542.194	-33.23147	898281	14.24671	0.998659	0.999657	1.00034	1.00134	7.071166
39100	-1562.489	-1534.58	-27.90952	795280.7	11.87324	0.998575	0.999636	1.00036	1.00143	6.771807
39200	-1570.072	-1546.15	-23.92225	989358.2	11.64948	0.998722	0.999673	1.00033	1.00128	6.424629
39300	-1568.556	-1543.619	-24.93767	130966.6	12.05681	0.99649	0.999101	1.00089	1.00351	6.527335
39400	-1559.92	-1537.972	-21.94802	370358.6	13.69526	0.997912	0.999466	1.00053	1.00209	6.295039
39500	-1559.884	-1530.622	-29.26212	699708.1	12.66619	0.998481	0.999611	1.00039	1.00152	6.87598
39600	-1569.816	-1533.99	-35.82573	394591.2	10.94495	0.997977	0.999482	1.00052	1.00202	7.454158
39700	-1570.055	-1541.211	-28.84334	263929.6	11.36287	0.997527	0.999367	1.00063	1.00248	6.838467
39800	-1551.348	-1524.612	-26.73652	344464.6	13.90997	0.997835	0.999446	1.00055	1.00217	6.634092
39900	-1581.617	-1542.547	-39.06936	996446.9	10.59165	0.998727	0.999674	1.00032	1.00127	7.752393
40000	-1559.209	-1529.444	-29.7656	248512.4	15.82374	0.997451	0.999348	1.00065	1.00255	6.691422
40100	-1555.187	-1537.287	-17.89994	296426.2	13.74352	0.997666	0.999403	1.0006	1.00234	5.999444
40200	-1564.212	-1531.195	-33.01646	699073.5	12.24323	0.99848	0.999611	1.00039	1.00152	7.191283
40300	-1561.653	-1534.201	-27.45213	388117	15.03186	0.99796	0.999478	1.00052	1.00204	6.610252
40400	-1565.845	-1530.305	-35.53949	21866.67	9.147898	0.991417	0.997791	1.00218	1.00861	7.259971
40500	-1571.793	-1537.013	-34.78027	866606	10.69732	0.998635	0.999651	1.00035	1.00137	7.35177
40600	-1578.162	-1542.813	-35.34886	550253.4	9.199245	0.998287	0.999562	1.00044	1.00171	7.249327
40700	-1562.114	-1534.073	-28.04151	964769.9	12.30978	0.998706	0.999669	1.00033	1.00129	6.78461
40800	-1551.36	-1523.14	-28.22038	272300.2	11.5404	0.997565	0.999377	1.00062	1.00244	6.790397
40900	-1547.069	-1522.345	-24.72408	550939	13.03344	0.998288	0.999562	1.00044	1.00171	6.514815
41000	-1558.594	-1529.538	-29.05586	485502.9	13.24436	0.998176	0.999533	1.00047	1.00182	6.837975
41100	-1569.499	-1532.912	-36.58758	745999.2	10.39437	0.998529	0.999624	1.00038	1.00147	7.510814
41200	-1575.521	-1547.447	-28.07351	564629.3	12.73445	0.998309	0.999567	1.00043	1.00169	6.780588
41300	-1565.432	-1531.17	-34.26236	122300.1	9.485865	0.996368	0.999069	1.00093	1.00364	7.18463
41400	-1550.721	-1526.261	-24.46025	993876	13.96281	0.998725	0.999674	1.00033	1.00128	6.468288
41500	-1561.477	-1530.741	-30.73661	164907	11.19078	0.996872	0.999199	1.0008	1.00313	6.99997
41600	-1563.824	-1528.685	-35.13905	813567.1	10.85826	0.998591	0.99964	1.00036	1.00141	7.389777
41700	-1570.966	-1537.392	-33.57423	529931	13.24783	0.998254	0.999553	1.00045	1.00175	7.178877
41800	-1555.091	-1529.856	-25.23519	255043.5	14.09899	0.997484	0.999356	1.00064	1.00252	6.517358
41900	-1581.169	-1540.605	-40.56459	353490.1	10.00272	0.997863	0.999453	1.00055	1.00214	7.883946
42000	-1563.756	-1532.553	-31.20264	44921.84	9.01767	0.994009	0.998462	1.00153	1.006	6.751625
42100	-1572.598	-1541.547	-31.05093	278732.9	11.54503	0.997593	0.999384	1.00061	1.00241	7.035721
42200	-1570.583	-1530.236	-40.34696	740027.4	11.53665	0.998523	0.999622	1.00038	1.00148	7.841409
42300	-1575.214	-1547.445	-27.76904	942900.3	13.62711	0.998691	0.999665	1.00033	1.00131	6.723569
42400	-1576.519	-1539.257	-37.26206	368477.5	10.21818	0.997907	0.999464	1.00053	1.00209	7.567565
42500	-1559.024	-1532.814	-26.21072	676993	11.22179	0.998456	0.999605	1.00039	1.00155	6.597722
42600	-1562.218	-1528.371	-33.84661	677326.2	14.04763	0.998456	0.999605	1.00039	1.00154	7.132851
42700	-1569.425	-1529.956	-39.46883	171564.7	13.18007	0.996933	0.999215	1.00078	1.00307	7.630978
42800	-1563.354	-1534.052	-29.30223	9558.399	10.22065	0.987029	0.996649	1.00329	1.01303	6.7889
42900	-1577.936	-1539.797	-38.1385	436549.9	9.003713	0.998077	0.999508	1.00049	1.00192	7.518111
43000	-1570.267	-1535.306	-34.9611	512804.3	11.24379	0.998226	0.999546	1.00045	1.00178	7.377468
43100	-1562.678	-1527.456	-35.22194	649421.7	9.488178	0.998423	0.999597	1.0004	1.00158	7.286148
43200	-1558.915	-1530.585	-28.33014	970193.1	11.52966	0.99871	0.99967	1.00033	1.00129	6.799563
43300	-1560.539	-1533.65	-26.88863	381209.4	11.11564	0.997942	0.999473	1.00053	1.00206	6.650947
43400	-1569.938	-1535.836	-34.1025	309018.1	11.65491	0.997714	0.999415	1.00058	1.00229	7.298414
43500	-1566.458	-1541.446	-25.01227	424679	12.44803	0.99805	0.999501	1.0005	1.00195	6.539948
43600	-1568.7	-1537.048	-31.65222	408577.8	13.22865	0.998012	0.999491	1.00051	1.00199	7.034975
43700	-1568.953	-1533.79	-35.16319	187601.4	14.72367	0.997067	0.999249	1.00075	1.00294	7.156929
43800	-1570	-1539.647	-30.35307	834365.9	11.61653	0.998609	0.999644	1.00036	1.00139	6.976286
43900	-1559.536	-1533.306	-26.22996	725138.2	11.26371	0.998508	0.999618	1.00038	1.00149	6.602268
44000	-1585.077	-1550.168	-34.90927	999734.7	12.19865	0.998729	0.999675	1.00032	1.00127	7.348043
44100	-1564.618	-1535.925	-28.6929	978506.7	11.03367	0.998715	0.999671	1.00033	1.00129	6.808347
44200	-1570.59	-1541.867	-28.7229	718458.1	12.51538	0.998501	0.999617	1.00038	1.0015	6.836811
44300	-1560.406	-1532.289	-28.11722	173411	10.25479	0.996949	0.999219	1.00078	1.00305	6.677717
44400	-1569.734	-1534.667	-35.06706	382750.6	14.11792	0.997946	0.999474	1.00052	1.00206	7.21284
44500	-1575.138	-1532.041	-43.09701	306941.5	9.75701	0.997707	0.999413	1.00059	1.0023	8.130403
44600	-1558.281	-1529.631	-28.65065	288125.1	12.19754	0.997633	0.999394	1.0006	1.00237	6.83499
44700	-1560.045	-1533.589	-26.45583	818882.2	11.20184	0.998596	0.999641	1.00036	1.00141	6.618207
44800	-1575.207	-1545.572	-29.63551	80322.91	13.18247	0.995519	0.998851	1.00114	1.00449	6.884786
44900	-1548.355	-1520.176	-28.17941	938653.8	13.43935	0.998688	0.999665	1.00033	1.00131	6.763083
45000	-1560.378	-1529.455	-30.92257	727768.7	13.01077	0.99851	0.999619	1.00038	1.00149	6.991555
45100	-1565.347	-1535.46	-29.88772	686462.7	14.04475	0.998466	0.999608	1.00039	1.00153	6.851237
45200	-1569.016	-1535.68	-33.33582	917732.6	12.16322	0.998673	0.999661	1.00034	1.00133	7.220341
45300	-1569.466	-1535.764	-33.70206	552209.5	12.20211	0.99829	0.999563	1.00044	1.00171	7.248943
45400	-1579.903	-1536.875	-43.02867	270253.8	14.65372	0.997556	0.999374	1.00062	1.00245	7.70118
45500	-1586.716	-1546.539	-40.17741	984649.9	13.1536	0.998719	0.999673	1.00033	1.00128	7.687614
45600	-1563.434	-1534.764	-28.6695	244463	11.20727	0.99743	0.999342	1.00066	1.00257	6.8161
45700	-1567.403	-1535.361	-32.04208	716148.8	11.22101	0.998498	0.999616	1.00038	1.0015	7.11735
45800	-1567.983	-1532.87	-35.11225	313891	12.17987	0.997732	0.99942	1.00058	1.00227	7.365594
45900	-1566.07	-1540.245	-25.82536	651591.4	11.72308	0.998426	0.999597	1.0004	1.00158	6.591041
46000	-1578.875	-1543.921	-34.95451	246605	9.617654	0.997442	0.999345	1.00065	1.00256	7.277348
46100	-1564.693	-1533.648	-31.04427	723143.6	13.73074	0.998506	0.999618	1.00038	1.0015	6.956746
46200	-1564.69	-1537.229	-27.4607	525764	13.20159	0.998248	0.999552	1.00045	1.00175	6.719119
46300	-1562.066	-1539.079	-22.98634	476117.3	14.70215	0.998158	0.999529	1.00047	1.00184	6.331004
46400	-1577.47	-1544.64	-32.82935	354689.4	10.17804	0.997866	0.999454	1.00054	1.00214	7.129811
46500	-1564.776	-1538.711	-26.0641	97536.39	11.53341	0.995933	0.998958	1.00104	1.00407	6.603208
46600	-1581.137	-1548.246	-32.89066	899307.2	10.43688	0.99866	0.999657	1.00034	1.00134	7.15843
46700	-1560.275	-1534.814	-25.46089	91381.98	12.21812	0.995798	0.998923	1.00107	1.00421	6.5738
46800	-1578.652	-1546.812	-31.83944	318226.5	11.83316	0.997748	0.999424	1.00057	1.00225	7.103242
46900	-1566.86	-1539.292	-27.56877	752011.6	12.82094	0.998535	0.999625	1.00037	1.00147	6.739004
47000	-1573.044	-1537.381	-35.6637	668653.3	12.03194	0.998446	0.999603	1.0004	1.00155	7.418116
47100	-1585.706	-1545.811	-39.89439	19389.59	11.69139	0.990886	0.997654	1.00232	1.00914	7.793136
47200	-1566.318	-1532.547	-33.77092	489354.4	11.85117	0.998184	0.999535	1.00046	1.00182	7.266029
47300	-1568.894	-1538.169	-30.72589	238668.8	10.76344	0.997399	0.999334	1.00066	1.0026	6.97736
47400	-1556.811	-1528.543	-28.26735	363888.6	14.33333	0.997894	0.999461	1.00054	1.00211	6.716836
47500	-1559.453	-1528.646	-30.80736	558737.8	12.84541	0.9983	0.999565	1.00043	1.0017	6.990524
47600	-1557.354	-1528.688	-28.66567	450301.1	12.49469	0.998106	0.999516	1.00048	1.00189	6.832627
47700	-1556.739	-1529.351	-27.38835	63555.86	14.52596	0.994962	0.998708	1.00128	1.00505	6.642717
47800	-1569.404	-1534.77	-34.6341	527994.3	13.05452	0.998251	0.999553	1.00045	1.00175	7.273621
47900	-1572.294	-1545.225	-27.06889	33037.92	12.72397	0.993015	0.998205	1.00178	1.007	6.701882
48000	-1557.277	-1535.171	-22.10621	889284.2	14.906	0.998652	0.999655	1.00034	1.00135	6.261166
48100	-1557.402	-1531.447	-25.95527	533338.3	13.86236	0.99826	0.999555	1.00044	1.00174	6.580183
48200	-1562.814	-1536.145	-26.66883	498835.5	12.60442	0.998201	0.99954	1.00046	1.0018	6.671945
48300	-1563.868	-1535.609	-28.25867	219383	14.36618	0.997287	0.999306	1.00069	1.00272	6.713961
48400	-1566.717	-1540.835	-25.88162	193821.8	11.07558	0.997114	0.999261	1.00074	1.00289	6.557096
48500	-1561.339	-1526.779	-34.56072	303888.1	11.3773	0.997695	0.99941	1.00059	1.00231	7.341547
48600	-1561.438	-1528.449	-32.9897	282876.3	11.19862	0.997611	0.999389	1.00061	1.00239	7.201439
48700	-1564.862	-1543.646	-21.21604	790045.4	12.32123	0.99857	0.999634	1.00036	1.00143	6.230573
48800	-1552.517	-1530.816	-21.70191	622215.2	12.50622	0.998389	0.999588	1.00041	1.00161	6.275588
48900	-1567.366	-1533.369	-33.99652	122263.6	11.80316	0.996367	0.999069	1.00093	1.00364	7.286279
49000	-1560.277	-1530.986	-29.29138	908679.5	11.08379	0.998667	0.999659	1.00034	1.00133	6.865408
49100	-1553.299	-1526.253	-27.04588	170950.8	12.0509	0.996927	0.999213	1.00078	1.00308	6.702118
49200	-1563.917	-1536.841	-27.07685	440304.2	14.15768	0.998085	0.99951	1.00049	1.00192	6.644534
49300	-1562.179	-1528.505	-33.67393	82284.94	10.13695	0.995572	0.998865	1.00113	1.00443	7.208919
49400	-1575.783	-1542.935	-32.84821	725024.3	10.23495	0.998508	0.999618	1.00038	1.00149	7.137204
49500	-1563.271	-1533.933	-29.33727	380145.3	11.61444	0.997939	0.999473	1.00053	1.00206	6.888801
49600	-1571.844	-1541.665	-30.17891	20387.88	10.98415	0.991112	0.997712	1.00226	1.00892	6.94042
49700	-1562.715	-1529.972	-32.74343	318920.6	9.990721	0.99775	0.999424	1.00057	1.00225	7.1006
49800	-1565.024	-1539.651	-25.37259	318630.8	14.52497	0.997749	0.999424	1.00057	1.00225	6.504005
49900	-1564.188	-1533.22	-30.9683	140116.8	11.15886	0.996606	0.999131	1.00087	1.0034	7.01957
50000	-1572.099	-1538.963	-33.1359	943.0434	10.76229	0.958917	0.989127	1.01027	1.04169	7.201214
50100	-1566.02	-1535.436	-30.58382	155331.7	13.93623	0.996777	0.999174	1.00082	1.00323	6.908783
50200	-1558.692	-1526.439	-32.25353	299661.9	10.81581	0.997679	0.999406	1.00059	1.00232	7.121994
50300	-1573.85	-1543.293	-30.55631	902955.3	11.50441	0.998663	0.999658	1.00034	1.00134	6.992234
50400	-1554.34	-1524.176	-30.16456	564727.7	14.06299	0.998309	0.999567	1.00043	1.00169	6.869622
50500	-1571.687	-1540.738	-30.94904	455612.6	12.46033	0.998117	0.999518	1.00048	1.00188	7.016486
50600	-1569.303	-1536.795	-32.50818	541360.3	11.34305	0.998273	0.999558	1.00044	1.00173	7.160774
50700	-1565.862	-1536.125	-29.73751	905737.5	9.589841	0.998665	0.999659	1.00034	1.00134	6.729352
50800	-1563.492	-1533.221	-30.27034	490472.1	13.60683	0.998186	0.999536	1.00046	1.00182	6.908412
50900	-1561.618	-1531.195	-30.42281	263784.3	10.71016	0.997526	0.999367	1.00063	1.00248	6.945384
51000	-1565.938	-1530.168	-35.77013	428465.3	11.47311	0.998059	0.999503	1.0005	1.00194	7.446109
51100	-1576.632	-1539.468	-37.16471	47054.92	11.46287	0.994146	0.998497	1.00149	1.00587	7.567979
51200	-1571.387	-1544.912	-26.47499	835701	14.06537	0.99861	0.999645	1.00035	1.00139	6.607132
51300	-1564.232	-1535.301	-28.93028	421550.4	11.40057	0.998043	0.999499	1.0005	1.00196	6.847514
51400	-1560.29	-1530.81	-29.48099	778919.1	12.00028	0.99856	0.999632	1.00037	1.00144	6.904338
51500	-1596.01	-1550.451	-45.55902	850114.1	8.993075	0.998622	0.999648	1.00035	1.00138	8.341204
51600	-1594.125	-1557.317	-36.80773	737471.6	10.86096	0.99852	0.999622	1.00038	1.00148	7.543476
51700	-1565.995	-1537.324	-28.67124	781378.3	14.13417	0.998562	0.999632	1.00037	1.00144	6.758728
51800	-1565.014	-1535.621	-29.39261	337187.2	13.69565	0.997812	0.99944	1.00056	1.00219	6.838605
51900	-1576.521	-1543.761	-32.75999	373922.2	11.26668	0.997922	0.999468	1.00053	1.00208	7.182052
52000	-1570.273	-1539.871	-30.402	596423.3	11.35146	0.998355	0.999579	1.00042	1.00165	6.975327
52100	-1573.547	-1544.421	-29.12597	186072.1	13.87737	0.997055	0.999246	1.00075	1.00295	6.807959
52200	-1565.63	-1532.832	-32.79773	875892.9	12.52585	0.998642	0.999653	1.00035	1.00136	7.161917
52300	-1557.471	-1526.632	-30.83914	536565.6	12.9252	0.998265	0.999556	1.00044	1.00174	6.989317
52400	-1556.889	-1534.237	-22.65176	459815.1	11.00902	0.998126	0.999521	1.00048	1.00188	6.258026
52500	-1572.085	-1539.586	-32.49824	887301.9	11.79022	0.998651	0.999655	1.00034	1.00135	7.159509
52600	-1563.912	-1537.98	-25.93287	452020.3	12.34934	0.99811	0.999516	1.00048	1.00189	6.61357
52700	-1560.234	-1538.24	-21.99361	528089.2	13.44275	0.998251	0.999553	1.00045	1.00175	6.302762
52800	-1561.936	-1535.687	-26.24875	622017.8	15.67326	0.998389	0.999588	1.00041	1.00161	6.48138
52900	-1569.722	-1544.254	-25.46816	917121.1	13.6709	0.998673	0.999661	1.00034	1.00133	6.553035
53000	-1562.162	-1536.089	-26.07329	516349.5	13.9057	0.998232	0.999548	1.00045	1.00177	6.586619
53100	-1560.809	-1529.445	-31.36409	924625.6	12.50877	0.998678	0.999662	1.00034	1.00132	7.048086
53200	-1568.192	-1535.608	-32.584	866995.8	11.47807	0.998635	0.999651	1.00035	1.00137	7.168422
53300	-1569.401	-1543.343	-26.0576	860207.1	11.26658	0.99863	0.99965	1.00035	1.00137	6.58716
53400	-1567.027	-1533.504	-33.52252	917606.1	10.11437	0.998673	0.999661	1.00034	1.00133	7.191749
53500	-1564.266	-1533.12	-31.14582	245627.7	12.21768	0.997436	0.999344	1.00065	1.00257	7.039097
53600	-1568.639	-1534.164	-34.47554	35686.15	12.069	0.993279	0.998273	1.00171	1.00674	7.317935
53700	-1555.494	-1521.392	-34.10273	83697.94	13.09237	0.99561	0.998874	1.00112	1.0044	7.230225
53800	-1577.114	-1538.095	-39.01865	992777.2	10.28663	0.998725	0.999674	1.00033	1.00128	7.741812
53900	-1560.432	-1527.964	-32.46814	424605.3	10.76065	0.99805	0.999501	1.0005	1.00195	7.139083
54000	-1565.242	-1545.413	-19.82888	811641	12.83384	0.998589	0.999639	1.00036	1.00141	6.135605
54100	-1555.503	-1527.898	-27.60548	904594.4	16.02265	0.998664	0.999658	1.00034	1.00134	6.537324
54200	-1579.066	-1549.129	-29.93692	914597.3	13.33892	0.998671	0.99966	1.00034	1.00133	6.899469
54300	-1578.529	-1541.581	-36.94836	295567.5	10.78227	0.997663	0.999402	1.0006	1.00234	7.555708
54400	-1553.23	-1527.478	-25.75147	365911.1	12.50921	0.997899	0.999463	1.00054	1.0021	6.599392
54500	-1559.822	-1533.748	-26.07419	458158.5	13.7346	0.998123	0.99952	1.00048	1.00188	6.594609
54600	-1564.574	-1539.432	-25.14135	239297.1	14.41465	0.997403	0.999335	1.00066	1.0026	6.494314
54700	-1546.416	-1521.027	-25.38967	748373.5	13.62233	0.998531	0.999624	1.00037	1.00147	6.549143
54800	-1563.191	-1541.169	-22.02181	258656.2	11.98734	0.997502	0.999361	1.00064	1.0025	6.282102
54900	-1575.584	-1546.363	-29.22116	714622.2	10.81698	0.998497	0.999616	1.00038	1.0015	6.841717
55000	-1575.354	-1539.98	-35.37449	618643.9	10.44382	0.998384	0.999587	1.00041	1.00162	7.396778
55100	-1573.792	-1545.264	-28.52827	391096.1	12.55907	0.997968	0.99948	1.00052	1.00203	6.82042
55200	-1569.124	-1533.898	-35.2256	285268.5	13.78989	0.997621	0.999391	1.00061	1.00238	7.255762
55300	-1569.437	-1538.074	-31.36245	227727.5	11.77655	0.997338	0.999318	1.00068	1.00266	7.063233
55400	-1564.598	-1533.978	-30.6198	903162.6	13.8282	0.998663	0.999658	1.00034	1.00134	6.919087
55500	-1551.664	-1521.553	-30.11169	844616.5	10.83493	0.998617	0.999646	1.00035	1.00138	6.92525
55600	-1578.811	-1541.669	-37.14197	198504.8	12.80841	0.997148	0.99927	1.00073	1.00285	7.486719
55700	-1569.472	-1529.205	-40.26799	651204	8.864542	0.998425	0.999597	1.0004	1.00158	7.730137
55800	-1571.027	-1531.194	-39.83323	132478.4	9.945726	0.99651	0.999106	1.00089	1.00349	7.8079
55900	-1561.94	-1531.617	-30.32242	357142.6	11.67841	0.997874	0.999456	1.00054	1.00213	6.974305
56000	-1559.482	-1532.778	-26.70347	771377.3	10.69725	0.998553	0.99963	1.00037	1.00145	6.596733
56100	-1564.376	-1536.06	-28.31512	859354.8	13.25076	0.998629	0.999649	1.00035	1.00137	6.781772
56200	-1568.021	-1544.587	-23.4334	740946.5	12.72273	0.998524	0.999622	1.00038	1.00148	6.416156
56300	-1577.977	-1544.711	-33.26609	643765.9	12.98377	0.998416	0.999595	1.0004	1.00158	7.173406
56400	-1549.209	-1524.339	-24.86934	871104.1	13.86918	0.998638	0.999652	1.00035	1.00136	6.501566
56500	-1586.523	-1551.349	-35.17376	746111.4	14.05801	0.998529	0.999624	1.00038	1.00147	7.226308
56600	-1582.653	-1547.174	-35.47856	999066	8.261023	0.998729	0.999675	1.00032	1.00127	7.004215
56700	-1572.836	-1540.702	-32.13446	434897.4	11.38734	0.998073	0.999507	1.00049	1.00193	7.128415
56800	-1556.585	-1524.815	-31.77015	299462	14.07	0.997678	0.999406	1.00059	1.00232	6.983225
56900	-1558.641	-1534.231	-24.40987	837369.8	13.28569	0.998611	0.999645	1.00035	1.00139	6.486316
57000	-1578.726	-1544.652	-34.07353	732738.5	12.02619	0.998515	0.99962	1.00038	1.00149	7.286154
57100	-1564.403	-1537.03	-27.37359	260854.1	13.60543	0.997512	0.999363	1.00063	1.00249	6.69559
57200	-1573.465	-1539.583	-33.88236	415904	9.632017	0.99803	0.999496	1.0005	1.00197	7.168056
57300	-1577.064	-1541.659	-35.40495	719660.7	11.9536	0.998502	0.999617	1.00038	1.0015	7.399947
57400	-1565.674	-1533.086	-32.58812	347456.4	12.49564	0.997844	0.999448	1.00055	1.00216	7.146515
57500	-1581.056	-1538.979	-42.07721	386955.3	10.25246	0.997957	0.999477	1.00052	1.00204	8.03902
57600	-1573.338	-1539.996	-33.34204	423960.5	13.49742	0.998048	0.999501	1.0005	1.00195	7.142768
57700	-1585.521	-1551.72	-33.80078	879805.1	12.02472	0.998645	0.999654	1.00035	1.00136	7.263523
57800	-1562.464	-1534.398	-28.06623	371764.5	10.60234	0.997916	0.999467	1.00053	1.00209	6.714661
57900	-1567.484	-1533.508	-33.97607	885680.2	13.02727	0.99865	0.999655	1.00034	1.00135	7.225108
58000	-1567.737	-1541.658	-26.07842	388023.5	12.68364	0.99796	0.999478	1.00052	1.00204	6.624463
58100	-1594.844	-1554.766	-40.07732	21200.66	9.963666	0.991284	0.997757	1.00222	1.00874	7.833354
58200	-1579.051	-1547.43	-31.62101	946065.8	10.26957	0.998693	0.999666	1.00033	1.00131	7.020921
58300	-1568.178	-1537.314	-30.86427	666812.1	12.05954	0.998444	0.999602	1.0004	1.00156	7.018853
58400	-1554.7	-1523	-31.70091	886755.9	11.67846	0.99865	0.999655	1.00034	1.00135	7.092343
58500	-1570.908	-1539.326	-31.58174	338268.5	10.2535	0.997815	0.999441	1.00056	1.00219	7.015426
58600	-1563.319	-1541.235	-22.08464	863013.4	15.50117	0.998632	0.99965	1.00035	1.00137	6.226384
58700	-1554.906	-1524.36	-30.54633	338196.6	12.32178	0.997815	0.999441	1.00056	1.00219	6.987813
58800	-1574.619	-1543.054	-31.56444	318242.1	11.25532	0.997748	0.999424	1.00057	1.00225	7.075663
58900	-1575.454	-1534.862	-40.59161	283768.9	10.9032	0.997615	0.99939	1.00061	1.00239	7.89078
59000	-1565.986	-1542.738	-23.24813	291703.6	15.11535	0.997647	0.999398	1.0006	1.00235	6.325655
59100	-1558.028	-1529.68	-28.34784	66341.27	11.60273	0.995069	0.998735	1.00126	1.00494	6.80329
59200	-1569.721	-1541.448	-28.27255	480499.5	14.33151	0.998167	0.999531	1.00047	1.00183	6.717325
59300	-1569.211	-1534.333	-34.87776	121060.3	13.30751	0.996349	0.999065	1.00093	1.00366	7.272449
59400	-1577.416	-1538.047	-39.36893	154592.1	11.60701	0.996769	0.999172	1.00082	1.00323	7.752928
59500	-1570.535	-1539.101	-31.43395	361465.3	13.09077	0.997887	0.999459	1.00054	1.00212	7.026472
59600	-1570.608	-1543.985	-26.62346	867434.8	10.84029	0.998636	0.999651	1.00035	1.00137	6.603821
59700	-1579.181	-1541.509	-37.67291	323951.7	12.7124	0.997768	0.999429	1.00057	1.00223	7.536229
59800	-1563.811	-1528.565	-35.24601	684728.7	11.66683	0.998464	0.999607	1.00039	1.00154	7.396215
59900	-1560.801	-1530.724	-30.0768	319983.1	11.77438	0.997754	0.999425	1.00057	1.00225	6.954051
60000	-1555.683	-1526.855	-28.82827	148126.8	11.11494	0.996699	0.999155	1.00084	1.0033	6.825403
60100	-1580.349	-1545.365	-34.98385	20268.44	9.652021	0.991086	0.997705	1.00227	1.00894	7.285176
60200	-1581.292	-1546.805	-34.48718	799516.4	12.47547	0.998579	0.999637	1.00036	1.00142	7.29961
60300	-1574.575	-1545.382	-29.1934	3086.155	12.28147	0.977213	0.994064	1.00575	1.02297	6.878566
60400	-1577.285	-1544.317	-32.96865	739573.8	11.96826	0.998522	0.999622	1.00038	1.00148	7.195778
60500	-1568.777	-1537.552	-31.22418	597554	13.80977	0.998356	0.99958	1.00042	1.00164	6.964143
60600	-1566.972	-1538.027	-28.94481	307277.8	11.82921	0.997708	0.999413	1.00058	1.00229	6.85858
60700	-1576.318	-1543.031	-33.28663	687730.9	12.08116	0.998468	0.999608	1.00039	1.00153	7.219043
60800	-1576.588	-1537.863	-38.72452	388822.5	10.92132	0.997962	0.999479	1.00052	1.00204	7.719322
60900	-1571.08	-1540.184	-30.89641	588185.8	12.03253	0.998343	0.999576	1.00042	1.00166	7.021888
61000	-1559.586	-1535.186	-24.40002	212404.2	12.81021	0.997243	0.999294	1.0007	1.00276	6.4919
61100	-1579.167	-1543.869	-35.29833	574859	10.6748	0.998324	0.999571	1.00043	1.00168	7.399452
61200	-1570.462	-1541.262	-29.2007	486825.4	11.26373	0.998179	0.999534	1.00046	1.00182	6.866014
61300	-1555.827	-1532.307	-23.51995	694690.5	11.74489	0.998475	0.99961	1.00039	1.00153	6.395593
61400	-1572.415	-1536.872	-35.54274	734929.5	13.9142	0.998518	0.999621	1.00038	1.00148	7.266767
61500	-1578.723	-1540.475	-38.24835	838898.2	8.671108	0.998613	0.999645	1.00035	1.00139	7.457852
61600	-1564.671	-1535.46	-29.21057	834997.5	12.35051	0.998609	0.999644	1.00035	1.00139	6.878967
61700	-1571.744	-1537.584	-34.15919	614212.9	10.52955	0.998379	0.999585	1.00041	1.00162	7.285502
61800	-1574.258	-1535.121	-39.13638	26160.07	10.89248	0.992152	0.997982	1.002	1.00787	7.757468
61900	-1556.577	-1526.172	-30.40458	57572.14	13.2972	0.994707	0.998642	1.00135	1.0053	6.936888
62000	-1580.836	-1543.758	-37.07855	65579.33	11.30459	0.995041	0.998728	1.00126	1.00497	7.564572
62100	-1562.534	-1532.7	-29.83349	115158.8	10.43951	0.996257	0.999041	1.00095	1.00375	6.865781
62200	-1574.789	-1540.49	-34.29904	787433.3	10.82516	0.998568	0.999634	1.00037	1.00143	7.311413
62300	-1568.428	-1534.46	-33.96758	981501	10.15033	0.998717	0.999672	1.00033	1.00128	7.239129
62400	-1579.099	-1544.904	-34.19477	446295.7	11.97572	0.998098	0.999513	1.00049	1.0019	7.297977
62500	-1587.006	-1549.845	-37.16038	908549.2	8.808743	0.998667	0.999659	1.00034	1.00133	7.366651
62600	-1576.156	-1544.856	-31.29967	216690.6	10.03564	0.997271	0.999301	1.0007	1.00273	6.962055
62700	-1592.87	-1554.038	-38.83152	249595.5	9.461204	0.997457	0.999349	1.00065	1.00255	7.663428
62800	-1568.285	-1538.318	-29.96671	400247.5	10.91595	0.997992	0.999486	1.00051	1.00201	6.917094
62900	-1570.02	-1535.225	-34.79495	522897.2	10.80976	0.998243	0.99955	1.00045	1.00176	7.356796
63000	-1569.762	-1535.156	-34.6055	719132.4	11.36738	0.998501	0.999617	1.00038	1.0015	7.345545
63100	-1569.226	-1537.406	-31.8198	824697.8	10.60165	0.998601	0.999642	1.00036	1.0014	7.068644
63200	-1557.987	-1535.916	-22.07102	240006.1	12.82012	0.997407	0.999336	1.00066	1.0026	6.310186
63300	-1570.918	-1533.765	-37.1522	997211.5	15.67321	0.998727	0.999675	1.00032	1.00127	7.17706
63400	-1568.931	-1532.645	-36.28544	261645.8	13.29514	0.997516	0.999364	1.00063	1.00249	7.379335
63500	-1578.868	-1548.562	-30.30583	225936.4	13.87366	0.997327	0.999316	1.00068	1.00268	6.893238
63600	-1570.766	-1533.504	-37.26147	275988.6	12.60162	0.997581	0.999381	1.00062	1.00242	7.512551
63700	-1558.271	-1531.728	-26.54307	583992.1	12.24834	0.998337	0.999575	1.00042	1.00166	6.662584
63800	-1548.566	-1528.938	-19.62819	725163.2	13.64438	0.998508	0.999618	1.00038	1.00149	6.126052
63900	-1590.47	-1551.199	-39.27059	281277.7	11.8647	0.997604	0.999387	1.00061	1.0024	7.729222
64000	-1579.27	-1551.071	-28.19844	907478.3	11.658	0.998666	0.999659	1.00034	1.00133	6.791922
64100	-1575.19	-1544.632	-30.55765	207221.9	12.20987	0.997209	0.999285	1.00071	1.00279	6.991104
64200	-1577.397	-1541.762	-35.63575	841690.8	10.57979	0.998615	0.999646	1.00035	1.00139	7.427763
64300	-1568.938	-1546.1	-22.83819	738718.3	12.21323	0.998521	0.999622	1.00038	1.00148	6.358984
64400	-1572.151	-1537.862	-34.28967	434839.7	10.17958	0.998073	0.999507	1.00049	1.00193	7.273422
64500	-1574.835	-1546.011	-28.82335	265960.9	11.7774	0.997536	0.999369	1.00063	1.00247	6.847638
64600	-1559.862	-1529.075	-30.78656	6425.913	11.57836	0.984188	0.995906	1.00401	1.0159	7.013222
64700	-1583.521	-1551.907	-31.61471	991515.7	12.18816	0.998724	0.999674	1.00033	1.00128	7.07823
64800	-1561.847	-1533.787	-28.06015	97374.27	12.74415	0.99593	0.998957	1.00104	1.00408	6.779304
64900	-1561.76	-1535.189	-26.57147	92719.31	14.30375	0.995829	0.998931	1.00106	1.00418	6.600302
65000	-1563.321	-1537.905	-25.41562	632803	12.89784	0.998403	0.999591	1.00041	1.0016	6.570103
65100	-1574.796	-1539.246	-35.55058	306106.2	11.57736	0.997703	0.999412	1.00059	1.0023	7.424705
65200	-1567.822	-1541.841	-25.9808	533464.1	12.47532	0.99826	0.999555	1.00044	1.00174	6.617761
65300	-1568.497	-1540.258	-28.239	142700.5	13.70501	0.996637	0.999139	1.00086	1.00337	6.75386
65400	-1579.838	-1543.626	-36.21243	37484.89	12.01463	0.993442	0.998315	1.00167	1.00657	7.464577
65500	-1560.579	-1531.583	-28.9965	267626.6	10.25014	0.997544	0.999371	1.00063	1.00246	6.762859
65600	-1568.615	-1530.105	-38.51003	192528.6	10.90351	0.997105	0.999259	1.00074	1.0029	7.699863
65700	-1565.871	-1532.03	-33.84116	675365.5	12.23244	0.998454	0.999605	1.00039	1.00155	7.259096
65800	-1572.344	-1544.207	-28.13708	896785	12.23072	0.998658	0.999657	1.00034	1.00134	6.792794
65900	-1565.17	-1533.757	-31.41398	594300.6	9.2916	0.998352	0.999578	1.00042	1.00165	6.843179
66000	-1575.62	-1547.363	-28.25698	656863.8	10.89282	0.998432	0.999599	1.0004	1.00157	6.758695
66100	-1571.727	-1535.073	-36.65378	546935.4	9.838341	0.998282	0.99956	1.00044	1.00172	7.478346
66200	-1551.472	-1525.936	-25.53559	548913.5	12.65411	0.998285	0.999561	1.00044	1.00172	6.581833
66300	-1563.301	-1540.093	-23.20792	683242.5	14.38735	0.998463	0.999607	1.00039	1.00154	6.361432
66400	-1582.843	-1548.683	-34.16017	993363.6	10.40537	0.998725	0.999674	1.00033	1.00128	7.278018
66500	-1572.811	-1542.033	-30.77882	978430.7	13.95175	0.998715	0.999671	1.00033	1.00129	6.921633
66600	-1565.899	-1545.665	-20.23332	983488.6	14.31954	0.998719	0.999672	1.00033	1.00128	6.15673
66700	-1556.43	-1532.854	-23.57612	432741	13.77576	0.998068	0.999506	1.00049	1.00193	6.411434
66800	-1560.623	-1526.485	-34.13814	273568	13.26118	0.997571	0.999378	1.00062	1.00243	7.220427
66900	-1559.354	-1529.855	-29.49885	555161.3	10.46196	0.998295	0.999564	1.00044	1.00171	6.836086
67000	-1579.483	-1545.951	-33.53164	561559.1	11.17464	0.998304	0.999566	1.00043	1.0017	7.249513
67100	-1582.849	-1552.807	-30.04166	540512.6	10.88069	0.998272	0.999558	1.00044	1.00173	6.921771
67200	-1575.752	-1537.074	-38.67823	728291.3	11.15077	0.998511	0.999619	1.00038	1.00149	7.710705
67300	-1567.468	-1535.119	-32.34911	162456.3	14.93219	0.996848	0.999193	1.0008	1.00316	6.945788
67400	-1559.87	-1529.73	-30.14005	411306.8	10.58411	0.998019	0.999493	1.00051	1.00198	6.908687
67500	-1562.535	-1536.691	-25.84422	658522.1	11.30966	0.998434	0.999599	1.0004	1.00157	6.571122
67600	-1558.166	-1533.924	-24.24221	237382.1	12.97568	0.997392	0.999332	1.00067	1.00261	6.478474
67700	-1554.816	-1526.212	-28.60411	989429	13.57132	0.998722	0.999673	1.00033	1.00128	6.787869
67800	-1570.328	-1539.415	-30.9129	537926.1	11.11302	0.998267	0.999557	1.00044	1.00173	7.01288
67900	-1559.614	-1532.416	-27.19812	162576.3	12.94112	0.996849	0.999193	1.0008	1.00315	6.707204
68000	-1564.843	-1534.581	-30.26167	770279.8	13.02084	0.998552	0.99963	1.00037	1.00145	6.940286
68100	-1560.802	-1536.519	-24.28288	438572.5	13.07218	0.998081	0.999509	1.00049	1.00192	6.480463
68200	-1559.618	-1538.539	-21.07893	755831.9	13.10201	0.998538	0.999626	1.00037	1.00146	6.235503
68300	-1575.801	-1538.605	-37.19645	631703.9	9.586169	0.998401	0.999591	1.00041	1.0016	7.506704
68400	-1564.702	-1525.958	-38.74359	753847.3	8.99331	0.998536	0.999626	1.00037	1.00146	7.583394
68500	-1579.467	-1546.573	-32.89438	461330.3	12.06552	0.998129	0.999521	1.00048	1.00187	7.187024
68600	-1583.163	-1549.286	-33.87722	865419.2	10.0217	0.998634	0.999651	1.00035	1.00137	7.217425
68700	-1560.369	-1530.78	-29.58861	940402.9	12.70422	0.99869	0.999665	1.00033	1.00131	6.900556
68800	-1563.396	-1533.824	-29.57151	671166.4	10.91636	0.998449	0.999603	1.0004	1.00155	6.880917
68900	-1586.849	-1551.133	-35.71523	178847.6	14.33661	0.996996	0.999231	1.00077	1.00301	7.236112
69000	-1553.019	-1525.941	-27.07796	186692.7	13.79812	0.99706	0.999247	1.00075	1.00294	6.664502
69100	-1571.005	-1532.997	-38.00774	507509.2	15.46912	0.998216	0.999544	1.00046	1.00178	7.257673
69200	-1582.699	-1543.692	-39.007	707204.9	10.43305	0.998489	0.999614	1.00039	1.00151	7.744387
69300	-1575.122	-1538.498	-36.62402	89691.69	11.70677	0.995759	0.998913	1.00108	1.00425	7.512823
69400	-1560.092	-1530.355	-29.73698	889186.9	15.08125	0.998652	0.999655	1.00034	1.00135	6.75794
69500	-1561.044	-1528.497	-32.54695	922914.8	13.78187	0.998677	0.999662	1.00034	1.00132	7.062152
69600	-1576.402	-1543.94	-32.46244	965056.2	12.11343	0.998706	0.999669	1.00033	1.00129	7.149958
69700	-1565.808	-1533.214	-32.59369	112994.7	12.46995	0.996221	0.999032	1.00096	1.00378	7.148068
69800	-1580.431	-1542.753	-37.67822	30683.23	10.80342	0.992753	0.998137	1.00184	1.00727	7.6235
69900	-1570.229	-1535.5	-34.72958	364667.2	11.60512	0.997896	0.999462	1.00054	1.00211	7.353263
70000	-1569.328	-1538.928	-30.4	130852.2	12.68541	0.996488	0.9991	1.0009	1.00352	6.965119
70100	-1580.887	-1539.992	-40.89545	541106.8	9.758184	0.998273	0.999558	1.00044	1.00173	7.904838
70200	-1577.942	-1551.58	-26.36171	826061.2	12.83699	0.998602	0.999642	1.00036	1.0014	6.644582
70300	-1568.405	-1534.335	-34.07007	474089.9	11.41928	0.998155	0.999528	1.00047	1.00185	7.29827
70400	-1564.163	-1542.336	-21.82719	519725.1	14.26625	0.998237	0.999549	1.00045	1.00176	6.269984
70500	-1563.813	-1533.658	-30.15432	218394.3	13.18096	0.997281	0.999304	1.00069	1.00272	6.92422
70600	-1557.557	-1526.21	-31.34741	794108.2	11.37672	0.998574	0.999635	1.00036	1.00143	7.059104
70700	-1566.249	-1533.428	-32.82073	727606.2	12.23599	0.99851	0.999619	1.00038	1.00149	7.175552
70800	-1563.786	-1542.829	-20.9569	569216.8	13.03501	0.998316	0.999569	1.00043	1.00169	6.225787
70900	-1580.592	-1543.625	-36.96723	471545.8	10.68495	0.99815	0.999527	1.00047	1.00185	7.555985
71000	-1580.322	-1549.225	-31.09746	709048.8	13.59944	0.998491	0.999614	1.00039	1.00151	6.9697
71100	-1552.469	-1532.437	-20.03226	386816.2	12.75527	0.997957	0.999477	1.00052	1.00204	6.149654
71200	-1576.214	-1543.261	-32.9534	282693.1	10.5378	0.99761	0.999388	1.00061	1.00239	7.171534
71300	-1562.918	-1529.078	-33.84069	468441.9	12.25823	0.998143	0.999525	1.00047	1.00186	7.257968
71400	-1564.98	-1540.209	-24.77128	458935.3	15.87565	0.998124	0.99952	1.00048	1.00188	6.371834
71500	-1564.896	-1535.242	-29.6545	330351.6	12.3461	0.997789	0.999434	1.00056	1.00221	6.914994
71600	-1579.645	-1548.274	-31.37105	825376.2	14.81194	0.998601	0.999642	1.00036	1.0014	6.891367
71700	-1579.732	-1547.038	-32.69366	136417.1	10.74236	0.996561	0.999119	1.00088	1.00344	7.159111
71800	-1557.919	-1525.498	-32.42178	452946	10.68111	0.998112	0.999517	1.00048	1.00189	7.130353
71900	-1583.415	-1550.262	-33.1534	316955.9	10.71884	0.997743	0.999422	1.00058	1.00226	7.200769
72000	-1569.252	-1539.818	-29.43426	801007.1	11.40993	0.99858	0.999637	1.00036	1.00142	6.892016
72100	-1570.094	-1543.12	-26.97402	143711.7	11.04909	0.996649	0.999142	1.00085	1.00336	6.653742
72200	-1578.876	-1545.802	-33.07347	683550	12.42143	0.998463	0.999607	1.00039	1.00154	7.188718
72300	-1568.83	-1538.303	-30.52677	220946.4	11.38648	0.997297	0.999308	1.00069	1.00271	6.987211
72400	-1564.405	-1539.194	-25.21133	728789.6	12.05788	0.998511	0.999619	1.00038	1.00149	6.550059
72500	-1564.887	-1529.001	-35.88664	16069.82	9.797544	0.989991	0.997421	1.00254	1.01004	7.395969
72600	-1579.541	-1542.737	-36.80338	995383.3	11.26079	0.998726	0.999674	1.00033	1.00127	7.541034
72700	-1571.044	-1539.527	-31.51695	838886.7	11.41729	0.998613	0.999645	1.00035	1.00139	7.07466
72800	-1576.933	-1542.454	-34.47976	751471.8	13.85631	0.998534	0.999625	1.00037	1.00147	7.195672
72900	-1559.786	-1523.478	-36.30727	850593.6	11.91936	0.998622	0.999648	1.00035	1.00138	7.477024
73000	-1567.298	-1546.052	-21.24654	824473.8	11.91541	0.9986	0.999642	1.00036	1.0014	6.213233
73100	-1566.501	-1542.15	-24.35136	446877.6	12.46732	0.998099	0.999514	1.00049	1.0019	6.487066
73200	-1555.147	-1527.91	-27.23669	171187.6	12.35046	0.996929	0.999214	1.00078	1.00307	6.719146
73300	-1577.697	-1551.858	-25.83973	673407.9	14.52765	0.998451	0.999604	1.0004	1.00155	6.536004
73400	-1567.761	-1530.591	-37.16975	665900.3	11.60063	0.998443	0.999602	1.0004	1.00156	7.5637
73500	-1563.502	-1535.702	-27.80011	904922.1	11.37333	0.998664	0.999658	1.00034	1.00134	6.747144
73600	-1556.452	-1533.46	-22.99189	643888	13.32561	0.998416	0.999595	1.0004	1.00158	6.379012
73700	-1553.281	-1525.154	-28.12675	95199.34	10.75157	0.995883	0.998945	1.00105	1.00412	6.734815
73800	-1572.128	-1541.994	-30.13441	58233.18	10.69708	0.994738	0.99865	1.00134	1.00527	6.91745
73900	-1560.903	-1534.326	-26.577	143034.7	13.28486	0.996641	0.99914	1.00086	1.00336	6.649461
74000	-1562.869	-1535.353	-27.51519	467589.3	11.6888	0.998142	0.999525	1.00047	1.00186	6.734232
74100	-1571.347	-1545.122	-26.2247	436703.4	11.46899	0.998077	0.999508	1.00049	1.00192	6.613912
74200	-1561.992	-1527.545	-34.44752	317071.4	9.577633	0.997744	0.999423	1.00058	1.00226	7.218651
74300	-1573.71	-1543.718	-29.99252	202137.4	13.19309	0.997174	0.999276	1.00072	1.00283	6.911332
74400	-1576.33	-1543.028	-33.30173	656522.4	11.55851	0.998432	0.999599	1.0004	1.00157	7.230594
74500	-1571.624	-1539.264	-32.35929	316944.5	14.00117	0.997743	0.999422	1.00058	1.00226	7.030844
74600	-1574.679	-1542.163	-32.51604	88120.61	17.21741	0.995721	0.998903	1.00109	1.00429	6.71006
74700	-1576.304	-1548.675	-27.6286	927028.4	16.55574	0.99868	0.999662	1.00034	1.00132	6.489819
74800	-1590.648	-1557.493	-33.15519	332055.1	12.85769	0.997795	0.999436	1.00056	1.00221	7.172574
74900	-1566.592	-1533.164	-33.42856	215481.9	10.6096	0.997263	0.999299	1.0007	1.00274	7.220836
75000	-1571.22	-1534.123	-37.09707	507505.1	9.940979	0.998216	0.999544	1.00046	1.00178	7.532402
75100	-1578.942	-1538.173	-40.76838	876119.6	8.688408	0.998642	0.999653	1.00035	1.00136	7.752149
75200	-1579.219	-1544.638	-34.58069	411670.9	10.72561	0.99802	0.999493	1.00051	1.00198	7.334174
75300	-1580.481	-1545.777	-34.70456	312558.7	10.65244	0.997727	0.999418	1.00058	1.00227	7.342932
75400	-1582.482	-1550.438	-32.04351	936877.2	11.37691	0.998687	0.999664	1.00034	1.00131	7.120292
75500	-1574.885	-1541.227	-33.65748	131939.8	10.51782	0.996503	0.999104	1.00089	1.0035	7.237142
75600	-1585.198	-1545.001	-40.19653	542861.8	12.17547	0.998275	0.999559	1.00044	1.00173	7.783389
75700	-1555.508	-1529.686	-25.82207	712905.1	12.15464	0.998495	0.999615	1.00038	1.00151	6.602465
75800	-1557.191	-1524.351	-32.83987	111882.6	11.72868	0.996202	0.999027	1.00097	1.0038	7.189325
75900	-1567.441	-1537.132	-30.30941	65458.84	11.10457	0.995036	0.998727	1.00126	1.00497	6.958201
76000	-1551.387	-1525.566	-25.82039	288872.5	13.43088	0.997636	0.999395	1.0006	1.00237	6.587843
76100	-1573.088	-1540.561	-32.52658	569680.4	11.63557	0.998316	0.999569	1.00043	1.00168	7.163306
76200	-1565.711	-1535.882	-29.82976	352134.3	12.943	0.997859	0.999452	1.00055	1.00214	6.91048
76300	-1560.749	-1540.343	-20.40563	479459.4	11.97138	0.998165	0.999531	1.00047	1.00184	6.14628
76400	-1570.218	-1533.684	-36.53387	491296.9	11.5248	0.998187	0.999536	1.00046	1.00181	7.511238
76500	-1564.458	-1541.814	-22.64382	11085.69	15.09601	0.987953	0.996891	1.00306	1.0121	6.286775
76600	-1577.294	-1545.821	-31.47234	670954	10.40401	0.998449	0.999603	1.0004	1.00155	7.019583
76700	-1549.031	-1523.819	-25.21196	153518.7	12.18152	0.996758	0.99917	1.00083	1.00325	6.552784
76800	-1568.341	-1543.3	-25.04073	509099.1	12.91258	0.998219	0.999544	1.00045	1.00178	6.540861
76900	-1571.223	-1539.118	-32.10492	194200.6	10.27748	0.997117	0.999262	1.00074	1.00289	7.068816
77000	-1565.375	-1531.665	-33.70959	370177	11.76669	0.997912	0.999466	1.00053	1.00209	7.262742
77100	-1571.514	-1539.783	-31.73073	310724.7	12.85847	0.997721	0.999417	1.00058	1.00228	7.061748
77200	-1561.886	-1527.799	-34.08707	272050.5	10.57294	0.997564	0.999376	1.00062	1.00244	7.281022
77300	-1562.07	-1537.848	-24.2228	329839.7	15.23392	0.997788	0.999434	1.00056	1.00221	6.382441
77400	-1574.811	-1540.26	-34.55059	318863.9	11.69984	0.99775	0.999424	1.00057	1.00225	7.335871
77500	-1582.555	-1545.803	-36.75212	649201.4	11.0439	0.998423	0.999597	1.0004	1.00158	7.538731
77600	-1566.179	-1531.393	-34.78519	966576.1	11.60579	0.998707	0.999669	1.00033	1.00129	7.358042
77700	-1574.831	-1538.479	-36.35265	336378.8	10.41299	0.997809	0.999439	1.00056	1.00219	7.489074
77800	-1571.671	-1541.532	-30.13982	201620.3	13.19855	0.997171	0.999276	1.00072	1.00283	6.922216
77900	-1565.856	-1543.499	-22.35627	268050.3	14.36642	0.997546	0.999372	1.00063	1.00246	6.303097
78000	-1549.681	-1522.149	-27.53124	781127.7	9.798167	0.998562	0.999632	1.00037	1.00144	6.543286
78100	-1563.322	-1532.874	-30.44824	35689.87	10.41564	0.99328	0.998273	1.00171	1.00674	6.922314
78200	-1572.205	-1539.754	-32.45042	500653.9	12.43487	0.998204	0.999541	1.00046	1.0018	7.138019
78300	-1577.191	-1542.233	-34.9579	643005.5	12.59489	0.998415	0.999595	1.0004	1.00159	7.330169
78400	-1568.191	-1542.033	-26.15809	726953.5	11.2827	0.99851	0.999619	1.00038	1.00149	6.59714
78500	-1573.018	-1537.392	-35.62548	161958	10.87177	0.996843	0.999192	1.0008	1.00316	7.43481
78600	-1556.674	-1530.625	-26.04951	93354.08	12.66753	0.995843	0.998934	1.00106	1.00416	6.622331
78700	-1554.728	-1528.486	-26.2417	135463.5	13.25241	0.996549	0.999116	1.00088	1.00346	6.625246
78800	-1580.488	-1543.778	-36.7105	704199.4	11.49246	0.998486	0.999613	1.00039	1.00152	7.527523
78900	-1584.97	-1540.5	-44.46948	813028	9.343652	0.998591	0.99964	1.00036	1.00141	8.252021
79000	-1573.18	-1541.792	-31.38826	306460.4	9.664142	0.997705	0.999413	1.00059	1.0023	6.914772
79100	-1557.321	-1524.178	-33.14282	555248	15.19357	0.998295	0.999564	1.00044	1.00171	6.972176
79200	-1574.608	-1546.928	-27.67996	438208.8	12.2403	0.99808	0.999509	1.00049	1.00192	6.755413
79300	-1565.991	-1533.698	-32.29289	901169.6	10.83744	0.998661	0.999658	1.00034	1.00134	7.126682
79400	-1561.568	-1532.8	-28.76795	259857.4	11.64575	0.997508	0.999362	1.00064	1.00249	6.840506
79500	-1561.882	-1528.657	-33.22461	336061.1	11.64719	0.997808	0.999439	1.00056	1.00219	7.223175
79600	-1547.046	-1523.075	-23.97135	822535.8	12.93139	0.998599	0.999642	1.00036	1.0014	6.457928
79700	-1566.085	-1536.799	-29.2853	229712.2	11.76558	0.997349	0.999321	1.00068	1.00265	6.886727
79800	-1549.555	-1520.005	-29.54966	409957.1	11.19368	0.998015	0.999492	1.00051	1.00199	6.894035
79900	-1569.736	-1540.372	-29.36462	292906.2	12.61181	0.997652	0.999399	1.0006	1.00235	6.885619
80000	-1554.46	-1527.49	-26.96976	887343.7	10.97005	0.998651	0.999655	1.00034	1.00135	6.647108
80100	-1559.429	-1534.152	-25.27638	69034.04	12.76569	0.995166	0.99876	1.00123	1.00484	6.560706
80200	-1561.399	-1532.732	-28.66677	749226.6	10.40214	0.998532	0.999625	1.00037	1.00147	6.7497
80300	-1566.997	-1533.647	-33.35	667884.6	11.63638	0.998445	0.999602	1.0004	1.00156	7.234064
80400	-1560.514	-1530.603	-29.91032	481041.5	10.81596	0.998168	0.999531	1.00047	1.00183	6.905358
80500	-1582.044	-1545.782	-36.26257	688208.5	9.781515	0.998468	0.999608	1.00039	1.00153	7.432621
80600	-1568.19	-1537.433	-30.75691	204025.4	12.94661	0.997187	0.99928	1.00072	1.00282	6.981942
80700	-1573.224	-1539.073	-34.15099	501932.4	10.34904	0.998206	0.999541	1.00046	1.00179	7.27325
80800	-1551.156	-1527.636	-23.51981	713677.9	12.33468	0.998496	0.999615	1.00038	1.00151	6.417851
80900	-1579.581	-1540.267	-39.31424	51978.41	10.63436	0.99443	0.99857	1.00142	1.00558	7.775648
81000	-1558.416	-1530.337	-28.07922	470381.1	11.81992	0.998147	0.999526	1.00047	1.00185	6.785247
81100	-1571.359	-1540.006	-31.35248	613859.6	12.89627	0.998378	0.999585	1.00041	1.00162	7.03048
81200	-1550.991	-1529.92	-21.07048	965439.6	14.31561	0.998707	0.999669	1.00033	1.00129	6.215324
81300	-1558.773	-1530.532	-28.24158	774479.5	13.46608	0.998556	0.999631	1.00037	1.00144	6.76642
81400	-1574.825	-1543.042	-31.78261	893056.2	11.60396	0.998655	0.999656	1.00034	1.00135	7.099323
81500	-1545.301	-1526.201	-19.10098	258858.6	12.07243	0.997503	0.999361	1.00064	1.0025	6.044273
81600	-1557.138	-1531.337	-25.80099	804114.8	12.95236	0.998583	0.999638	1.00036	1.00142	6.599041
81700	-1556.362	-1527.916	-28.4463	327586.2	12.00234	0.99778	0.999432	1.00057	1.00222	6.818126
81800	-1584.854	-1546.363	-38.49139	687863.4	11.03575	0.998468	0.999608	1.00039	1.00153	7.696363
81900	-1565.752	-1534.026	-31.72519	162979.9	15.04848	0.996853	0.999194	1.0008	1.00315	6.892925
82000	-1574.11	-1540.118	-33.99222	869127.5	12.87177	0.998637	0.999651	1.00035	1.00136	7.236765
82100	-1562.468	-1534.695	-27.77274	669428.1	11.72726	0.998447	0.999603	1.0004	1.00155	6.757261
82200	-1556.069	-1525.697	-30.37206	328805.2	12.05745	0.997784	0.999433	1.00057	1.00222	6.978059
82300	-1580.298	-1546.307	-33.99181	322822.3	11.85	0.997764	0.999428	1.00057	1.00224	7.284699
82400	-1560.471	-1531.882	-28.58914	437145.5	13.31393	0.998078	0.999508	1.00049	1.00192	6.799591
82500	-1584.428	-1542.674	-41.75394	919663.6	8.797508	0.998675	0.999661	1.00034	1.00133	7.886127
82600	-1564.478	-1534.673	-29.80431	201262.8	9.949848	0.997168	0.999275	1.00072	1.00283	6.800176
82700	-1568.668	-1537.715	-30.95327	118579.5	12.45204	0.996311	0.999055	1.00094	1.00369	7.017087
82800	-1563.155	-1538.385	-24.76961	408983.6	14.37427	0.998013	0.999492	1.00051	1.00199	6.470669
82900	-1575.9	-1544.315	-31.585	667990.3	12.319	0.998445	0.999602	1.0004	1.00156	7.072193
83000	-1553.728	-1527.064	-26.66462	713494.4	10.8043	0.998496	0.999615	1.00038	1.00151	6.604132
83100	-1571.909	-1539.918	-31.9914	212710	13.22801	0.997245	0.999295	1.0007	1.00276	7.060654
83200	-1571.241	-1541.426	-29.81471	583278	12.12281	0.998336	0.999574	1.00042	1.00166	6.931289
83300	-1558.8	-1529.974	-28.82541	382761.4	13.19734	0.997946	0.999474	1.00052	1.00206	6.822682
83400	-1564.894	-1530.48	-34.41456	92898.52	9.503906	0.995833	0.998932	1.00106	1.00417	7.20362
83500	-1570.634	-1532.216	-38.41801	922105.4	11.0056	0.998677	0.999662	1.00034	1.00132	7.690199
83600	-1564.393	-1535.178	-29.21508	799932.8	11.83808	0.998579	0.999637	1.00036	1.00142	6.881504
83700	-1569.889	-1535.79	-34.09886	608965.9	9.297116	0.998372	0.999583	1.00042	1.00163	7.133212
83800	-1574.098	-1536.918	-37.18007	23933	9.49429	0.991796	0.997889	1.00209	1.00823	7.493337
83900	-1560.839	-1534.076	-26.76241	789189.1	17.24488	0.99857	0.999634	1.00037	1.00143	6.373268
84000	-1581.336	-1544.962	-36.37348	731831.4	8.790423	0.998515	0.99962	1.00038	1.00149	7.272772
84100	-1575.862	-1540.329	-35.53277	822520.7	11.31272	0.998599	0.999642	1.00036	1.0014	7.427753
84200	-1576.663	-1541.308	-35.35475	459866.2	11.81789	0.998126	0.999521	1.00048	1.00188	7.400848
84300	-1557.511	-1536.257	-21.2542	961219.9	13.88493	0.998704	0.999669	1.00033	1.0013	6.240548
84400	-1549.458	-1527.687	-21.77147	94091.23	12.79048	0.995859	0.998939	1.00106	1.00415	6.286471
84500	-1574.839	-1540.067	-34.77163	396838.4	9.909271	0.997983	0.999484	1.00051	1.00202	7.295067
84600	-1566.698	-1532.656	-34.04265	506498.4	14.92326	0.998215	0.999543	1.00046	1.00179	7.06014
84700	-1601.208	-1559.485	-41.72314	800921.5	10.14607	0.99858	0.999637	1.00036	1.00142	8.003126
84800	-1575.621	-1553.304	-22.31686	632154.1	12.01186	0.998402	0.999591	1.00041	1.0016	6.307893
84900	-1577.968	-1545.774	-32.19375	72038.01	10.4859	0.995268	0.998786	1.00121	1.00474	7.095552
85000	-1576.432	-1544.944	-31.48759	660951.1	11.05424	0.998437	0.9996	1.0004	1.00156	7.062443
85100	-1569.527	-1539.971	-29.55618	885714.7	12.06913	0.99865	0.999655	1.00034	1.00135	6.910332
85200	-1576.36	-1546.344	-30.01608	361794.9	10.78943	0.997888	0.999459	1.00054	1.00211	6.913284
85300	-1570.41	-1530.107	-40.30227	207876	10.3868	0.997213	0.999287	1.00071	1.00279	7.868107
85400	-1568.504	-1537.167	-31.33633	208851.7	10.17452	0.99722	0.999288	1.00071	1.00278	6.982717
85500	-1575.588	-1538.677	-36.911	388832.8	12.28792	0.997962	0.999479	1.00052	1.00204	7.506546
85600	-1581.006	-1543.383	-37.62291	114641.4	10.64079	0.996248	0.999039	1.00096	1.00376	7.61671
85700	-1590.711	-1545.73	-44.98157	111777.2	8.564017	0.996201	0.999026	1.00097	1.0038	8.216491
85800	-1564.041	-1534.985	-29.05556	799788.2	12.22918	0.998579	0.999637	1.00036	1.00142	6.867905
85900	-1565.391	-1537.747	-27.64415	525716.8	12.37441	0.998247	0.999552	1.00045	1.00175	6.751989
86000	-1565.134	-1532.923	-32.21092	722608.3	10.15355	0.998505	0.999618	1.00038	1.0015	7.066415
86100	-1555.3	-1526.222	-29.0778	810839	10.80874	0.998589	0.999639	1.00036	1.00141	6.82783
86200	-1579.783	-1541.902	-37.88157	456830.6	10.47465	0.99812	0.999519	1.00048	1.00188	7.637686
86300	-1567.759	-1531.544	-36.21481	561854.9	9.979796	0.998305	0.999566	1.00043	1.0017	7.447114
86400	-1564.773	-1531.942	-32.83047	522863.7	13.25573	0.998243	0.99955	1.00045	1.00176	7.122193
86500	-1581.038	-1539.557	-41.4809	409352.7	10.44364	0.998014	0.999492	1.00051	1.00199	7.981469
86600	-1591.745	-1557.333	-34.41227	465246.2	10.91816	0.998137	0.999523	1.00048	1.00186	7.3244
86700	-1557.926	-1529.885	-28.0408	834169.5	11.626	0.998609	0.999644	1.00036	1.00139	6.777511
86800	-1562.417	-1533.452	-28.96472	190056	13.49765	0.997086	0.999254	1.00074	1.00292	6.818448
86900	-1564.247	-1534.711	-29.53586	157361.4	12.63018	0.996798	0.99918	1.00082	1.00321	6.898667
87000	-1575.594	-1540.757	-34.83681	857563.3	12.14027	0.998628	0.999649	1.00035	1.00137	7.344783
87100	-1578.873	-1540.781	-38.09194	281275.2	13.53224	0.997604	0.999387	1.00061	1.0024	7.491064
87200	-1555.836	-1535.75	-20.08656	422917.6	11.93586	0.998046	0.9995	1.0005	1.00196	6.117273
87300	-1578.141	-1541.699	-36.44215	354520	11.86677	0.997866	0.999454	1.00054	1.00214	7.490739
87400	-1588.429	-1551.764	-36.66418	816556	9.733079	0.998594	0.99964	1.00036	1.00141	7.468514
87500	-1570.839	-1538.486	-32.35348	126657.1	11.9299	0.996431	0.999085	1.00091	1.00357	7.14512
87600	-1575.99	-1543.507	-32.48317	906647.5	12.42591	0.998665	0.999659	1.00034	1.00134	7.141015
87700	-1577.487	-1541.393	-36.09312	499614.6	14.01158	0.998202	0.99954	1.00046	1.0018	7.296462
87800	-1579.228	-1547.434	-31.79374	451673.2	12.06196	0.998109	0.999516	1.00048	1.00189	7.095876
87900	-1573.581	-1538.027	-35.55443	575175.7	11.52692	0.998324	0.999571	1.00043	1.00168	7.426207
88000	-1578.343	-1544.134	-34.2092	819497.3	10.36681	0.998596	0.999641	1.00036	1.0014	7.280122
88100	-1567.69	-1538.476	-29.214	163051.5	12.12185	0.996854	0.999194	1.0008	1.00315	6.881742
88200	-1555.893	-1537.423	-18.47013	431105.2	13.69671	0.998065	0.999505	1.00049	1.00194	6.041087
88300	-1560.046	-1530.956	-29.08922	311268.1	13.90921	0.997723	0.999417	1.00058	1.00228	6.803279
88400	-1582.476	-1550.067	-32.40832	63250.85	10.88322	0.99495	0.998705	1.00129	1.00506	7.139391
88500	-1574.804	-1539.114	-35.69007	891242.3	12.10308	0.998654	0.999656	1.00034	1.00135	7.416918
88600	-1561.161	-1535.093	-26.06783	189877.7	13.73779	0.997084	0.999253	1.00074	1.00292	6.594006
88700	-1582.706	-1551.589	-31.1174	530974.8	12.70867	0.998256	0.999554	1.00044	1.00174	7.020707
88800	-1568.159	-1534.051	-34.1084	901560.1	12.286	0.998662	0.999658	1.00034	1.00134	7.278556
88900	-1555.966	-1532.15	-23.81506	859370	14.32387	0.998629	0.999649	1.00035	1.00137	6.406656
89000	-1563.321	-1534.031	-29.29025	783272.1	13.6865	0.998564	0.999633	1.00037	1.00144	6.83168
89100	-1571.809	-1529.251	-42.55787	714625.9	10.42433	0.998497	0.999616	1.00038	1.0015	8.084848
89200	-1569.43	-1537.228	-32.20166	602137.8	11.87292	0.998362	0.999581	1.00042	1.00164	7.133308
89300	-1565.927	-1541.849	-24.07823	537767.2	14.85304	0.998267	0.999557	1.00044	1.00173	6.396604
89400	-1571.807	-1542.6	-29.20647	167950.4	14.46126	0.9969	0.999206	1.00079	1.0031	6.772816
89500	-1565.831	-1533.974	-31.85614	443784.2	11.59948	0.998093	0.999512	1.00049	1.00191	7.105652
89600	-1549.976	-1528.122	-21.85401	189082.7	12.36511	0.997078	0.999252	1.00075	1.00292	6.283785
89700	-1579.806	-1538.156	-41.64981	306249.3	8.685859	0.997704	0.999412	1.00059	1.0023	7.853089
89800	-1569.16	-1535.728	-33.43195	779400	9.76941	0.998561	0.999632	1.00037	1.00144	7.141561
89900	-1573.785	-1540.407	-33.37784	126404.3	12.01853	0.996427	0.999085	1.00091	1.00358	7.228534
90000	-1557.161	-1538.432	-18.72913	862145.9	13.94997	0.998631	0.99965	1.00035	1.00137	6.057986
90100	-1567.982	-1537.583	-30.39972	246395.6	11.07285	0.99744	0.999345	1.00065	1.00256	6.964903
90200	-1558.591	-1526.066	-32.52531	466170.4	11.11221	0.998139	0.999524	1.00047	1.00186	7.157951
90300	-1571.611	-1543.13	-28.48105	167863.1	9.856096	0.996899	0.999206	1.00079	1.0031	6.650859
90400	-1583.582	-1548.598	-34.98329	907247.3	9.084141	0.998666	0.999659	1.00034	1.00133	7.185658
90500	-1579.288	-1540.569	-38.71844	407847.9	10.44583	0.99801	0.999491	1.00051	1.00199	7.717004
90600	-1569.192	-1532.283	-36.90947	240734.2	12.59676	0.997411	0.999337	1.00066	1.00259	7.484979
90700	-1559.646	-1536.579	-23.06674	696551.6	15.52108	0.998477	0.999611	1.00039	1.00152	6.288445
90800	-1571.15	-1534.621	-36.52935	712096.2	10.66864	0.998494	0.999615	1.00038	1.00151	7.514628
90900	-1558.615	-1529.343	-29.27111	404902.2	12.92516	0.998003	0.999489	1.00051	1.002	6.868002
91000	-1563.148	-1534.946	-28.20187	236987.7	11.39703	0.99739	0.999332	1.00067	1.00261	6.783474
91100	-1581.465	-1546.069	-35.3964	589127.6	9.853751	0.998344	0.999577	1.00042	1.00166	7.352235
91200	-1566.593	-1536.636	-29.95674	806119.6	13.95612	0.998585	0.999638	1.00036	1.00142	6.862406
91300	-1570.583	-1538.909	-31.67411	336526.9	11.5782	0.99781	0.999439	1.00056	1.00219	7.089877
91400	-1570.964	-1537.122	-33.84221	915313	11.87327	0.998672	0.99966	1.00034	1.00133	7.271474
91500	-1577.563	-1543.625	-33.93772	941470.8	9.80149	0.99869	0.999665	1.00033	1.00131	7.197564
91600	-1552.843	-1531.004	-21.83858	501977.9	15.09765	0.998206	0.999541	1.00046	1.00179	6.233346
91700	-1563.523	-1544.869	-18.6541	405737.5	13.08771	0.998005	0.99949	1.00051	1.002	6.050166
91800	-1568.678	-1534.946	-33.73183	556363.5	14.52961	0.998296	0.999564	1.00043	1.0017	7.079058
91900	-1565.632	-1535.663	-29.96929	930129	10.99017	0.998682	0.999663	1.00034	1.00132	6.921673
92000	-1583.625	-1548.488	-35.13625	288580.4	10.10157	0.997635	0.999395	1.0006	1.00237	7.35021
92100	-1581.558	-1547.199	-34.35976	212993.2	11.2309	0.997247	0.999295	1.0007	1.00276	7.32394
92200	-1583.119	-1552.094	-31.0244	416379.5	13.00832	0.998031	0.999496	1.0005	1.00197	6.999507
92300	-1570.627	-1536.899	-33.72846	289157.2	14.21187	0.997637	0.999395	1.0006	1.00236	7.109316
92400	-1576.516	-1541.579	-34.93637	460737.1	11.15551	0.998128	0.999521	1.00048	1.00187	7.375156
92500	-1553.817	-1533.297	-20.52068	87069.02	16.25175	0.995696	0.998896	1.0011	1.00431	6.080662
92600	-1571.654	-1534.291	-37.3624	684536.5	9.371728	0.998464	0.999607	1.00039	1.00154	7.49556
92700	-1564.408	-1535.682	-28.72573	460609.6	12.50752	0.998128	0.999521	1.00048	1.00187	6.83719
92800	-1554.728	-1529.005	-25.72272	451586.5	11.88915	0.998109	0.999516	1.00048	1.00189	6.588118
92900	-1597.601	-1557.578	-40.02308	476059	12.11432	0.998158	0.999529	1.00047	1.00184	7.774041
93000	-1579.787	-1551.319	-28.46826	753299.8	14.80412	0.998536	0.999626	1.00037	1.00146	6.696001
93100	-1563.964	-1532.015	-31.94926	920739.3	11.44265	0.998676	0.999661	1.00034	1.00132	7.1128
93200	-1571.877	-1544.329	-27.54833	353179	13.35771	0.997862	0.999453	1.00055	1.00214	6.719622
93300	-1574.046	-1546.517	-27.5291	458253.3	11.03348	0.998123	0.99952	1.00048	1.00188	6.702856
93400	-1573.296	-1540.556	-32.73997	313699.9	11.15667	0.997731	0.999419	1.00058	1.00227	7.178291
93500	-1555.48	-1527.663	-27.81631	322771.5	11.36361	0.997764	0.999428	1.00057	1.00224	6.748117
93600	-1573.594	-1537.825	-35.76888	134835.9	12.12734	0.996541	0.999114	1.00088	1.00346	7.422214
93700	-1563.912	-1537.693	-26.21957	867138.1	12.21747	0.998635	0.999651	1.00035	1.00137	6.635888
93800	-1564.661	-1541.774	-22.88692	585777.2	11.02763	0.99834	0.999575	1.00042	1.00166	6.281471
93900	-1564.313	-1536.782	-27.5308	810398.7	11.26838	0.998588	0.999639	1.00036	1.00141	6.718018
94000	-1561.977	-1531.188	-30.78959	597400.5	9.883433	0.998356	0.999579	1.00042	1.00165	6.889307
94100	-1573.797	-1545.175	-28.62145	515604.5	12.32573	0.99823	0.999547	1.00045	1.00177	6.831553
94200	-1583.722	-1548.346	-35.37583	174894.3	10.81688	0.996962	0.999222	1.00077	1.00304	7.410698
94300	-1565.405	-1539.628	-25.77703	72776.85	13.41808	0.995292	0.998793	1.0012	1.00472	6.585046
94400	-1574.914	-1544.636	-30.27814	665109.2	11.29468	0.998442	0.999601	1.0004	1.00156	6.962695
94500	-1567.977	-1536.864	-31.11289	649139.6	13.77672	0.998423	0.999597	1.0004	1.00158	6.958468
94600	-1556.959	-1533.893	-23.06605	901431.9	13.69302	0.998662	0.999658	1.00034	1.00134	6.376736
94700	-1570.578	-1535.033	-35.5448	482385.4	12.19616	0.99817	0.999532	1.00047	1.00183	7.40027
94800	-1553.121	-1522.723	-30.39783	858801.8	11.27911	0.998629	0.999649	1.00035	1.00137	6.972799
94900	-1558.643	-1525.338	-33.30553	332927.6	15.67689	0.997798	0.999436	1.00056	1.0022	6.931228
95000	-1578.665	-1542.738	-35.92712	641867.7	11.071	0.998414	0.999594	1.0004	1.00159	7.464086
95100	-1558.571	-1525.555	-33.01622	958424	12.01597	0.998702	0.999668	1.00033	1.0013	7.198515
95200	-1576.086	-1543.763	-32.3224	365529	12.49476	0.997898	0.999462	1.00054	1.0021	7.125287
95300	-1562.374	-1529.796	-32.5781	229438.8	11.22734	0.997348	0.999321	1.00068	1.00265	7.165236
95400	-1587.433	-1553.492	-33.94128	379568.1	11.78208	0.997938	0.999472	1.00053	1.00206	7.282089
95500	-1563.949	-1534.54	-29.4082	916791.9	13.94778	0.998673	0.999661	1.00034	1.00133	6.823658
95600	-1584.549	-1546.926	-37.62362	416653.4	10.73781	0.998031	0.999496	1.0005	1.00197	7.617997
95700	-1571.409	-1535.746	-35.66331	198722.9	10.56441	0.99715	0.99927	1.00073	1.00285	7.429771
95800	-1572.107	-1544.521	-27.58545	137345	11.9366	0.996572	0.999122	1.00087	1.00343	6.74555
95900	-1583.659	-1546.713	-36.9468	765334.4	10.42525	0.998547	0.999629	1.00037	1.00145	7.546616
96000	-1578.019	-1552.718	-25.30069	842945	16.57058	0.998616	0.999646	1.00035	1.00138	6.347939
96100	-1568.764	-1538.719	-30.04484	532851.3	12.87631	0.998259	0.999555	1.00044	1.00174	6.92991
96200	-1573.191	-1536.932	-36.25847	907529.4	12.42428	0.998666	0.999659	1.00034	1.00133	7.444946
96300	-1562.331	-1537.023	-25.30735	675884.4	12.0569	0.998454	0.999605	1.00039	1.00155	6.557999
96400	-1544.951	-1522.965	-21.98633	59881.69	13.78306	0.99481	0.998668	1.00132	1.0052	6.295855
96500	-1578.534	-1545.942	-32.59195	692901.3	13.11532	0.998473	0.99961	1.00039	1.00153	7.113382
96600	-1563.487	-1535.485	-28.0017	93629.47	12.83575	0.995849	0.998936	1.00106	1.00416	6.772371
96700	-1563.667	-1534.795	-28.87284	943077.1	10.06202	0.998691	0.999665	1.00033	1.00131	6.724267
96800	-1575.793	-1535.636	-40.15696	441356.5	10.57017	0.998087	0.999511	1.00049	1.00191	7.855123
96900	-1575.048	-1542.541	-32.50663	623590.7	9.642523	0.998391	0.999588	1.00041	1.00161	7.026964
97000	-1555.078	-1529.925	-25.1531	592875.9	11.69935	0.99835	0.999578	1.00042	1.00165	6.532633
97100	-1558.516	-1525.729	-32.78641	916013.7	10.89489	0.998672	0.99966	1.00034	1.00133	7.174594
97200	-1560.616	-1528.719	-31.89733	729923.8	11.28535	0.998513	0.99962	1.00038	1.00149	7.105869
97300	-1560.475	-1528.632	-31.84293	875323	14.56508	0.998642	0.999653	1.00035	1.00136	6.945873
97400	-1573.396	-1545.048	-28.34774	728236.9	12.46568	0.998511	0.999619	1.00038	1.00149	6.807639
97500	-1578.504	-1542.279	-36.22588	61713.51	9.975962	0.994888	0.998688	1.0013	1.00512	7.447889
97600	-1570.505	-1534.114	-36.3906	589463.1	13.09759	0.998345	0.999577	1.00042	1.00166	7.40453
97700	-1572.028	-1537.007	-35.0219	14681.05	12.22777	0.989529	0.997301	1.00266	1.01051	7.355852
97800	-1569.188	-1539.371	-29.81775	461245.3	10.40686	0.998129	0.999521	1.00048	1.00187	6.860852
97900	-1573.059	-1535.024	-38.03542	433377.2	10.85256	0.99807	0.999506	1.00049	1.00193	7.656534
98000	-1558.573	-1529.571	-29.00151	301112.7	10.71094	0.997685	0.999407	1.00059	1.00232	6.812745
98100	-1570.232	-1543.931	-26.30058	205548.8	12.43451	0.997198	0.999283	1.00071	1.00281	6.643455
98200	-1564.002	-1535.376	-28.62651	758167.9	11.07658	0.998541	0.999627	1.00037	1.00146	6.804989
98300	-1561.442	-1534.049	-27.3935	874209	11.68823	0.998641	0.999652	1.00035	1.00136	6.723803
98400	-1556.362	-1535.513	-20.84915	771137.1	12.35006	0.998553	0.99963	1.00037	1.00145	6.201939
98500	-1584.687	-1547.811	-36.87583	537976	10.2531	0.998268	0.999557	1.00044	1.00173	7.531725
98600	-1558.226	-1532.137	-26.08926	913836.2	10.97443	0.998671	0.99966	1.00034	1.00133	6.567236
98700	-1583.863	-1545.166	-38.6963	80520.46	8.569619	0.995524	0.998852	1.00114	1.00448	7.484039
98800	-1579.7	-1543.754	-35.94607	134742.7	11.16096	0.996539	0.999113	1.00088	1.00346	7.465643
98900	-1560.319	-1529.257	-31.06272	822093.1	11.1379	0.998598	0.999642	1.00036	1.0014	7.027286
99000	-1559.211	-1526.79	-32.42093	312233.2	11.95337	0.997726	0.999418	1.00058	1.00228	7.150317
99100	-1558.01	-1525.578	-32.43144	459438.3	9.898753	0.998125	0.99952	1.00048	1.00188	7.057499
99200	-1570.341	-1540.034	-30.30713	454840.1	11.15594	0.998116	0.999518	1.00048	1.00189	6.9602
99300	-1566.35	-1537.428	-28.92212	32904.58	11.32895	0.993001	0.998202	1.00178	1.00702	6.844063
99400	-1610.303	-1561.516	-48.78678	57938.54	8.888783	0.994724	0.998646	1.00134	1.00529	8.693
99500	-1568.789	-1537.181	-31.60733	821919.8	11.1737	0.998598	0.999642	1.00036	1.0014	7.077283
99600	-1562.34	-1534.793	-27.54727	736611.9	11.84479	0.998519	0.999621	1.00038	1.00148	6.740753
99700	-1549.988	-1530.228	-19.76022	862328.7	13.25377	0.998632	0.99965	1.00035	1.00137	6.136174
99800	-1558.842	-1532.712	-26.12999	122774	13.22008	0.996375	0.999071	1.00092	1.00363	6.617782
99900	-1569.934	-1535.07	-34.86399	578175.4	13.89618	0.998329	0.999573	1.00043	1.00167	7.219678
100000	-1552.918	-1527.652	-25.26637	76542.82	11.60067	0.995409	0.998823	1.00117	1.0046	6.537604
