Iteration	Posterior	Likelihood	Prior	alpha_morpho	br_len_lambda	rates_morpho[1]	rates_morpho[2]	rates_morpho[3]	rates_morpho[4]	tree_length
0	-2889.266	-2634.412	-254.8538	827358.3	0.9366022	0.998603	0.999643	1.00036	1.0014	99.9926
100	-1587.29	-1549.78	-37.51022	538886.2	11.24061	0.998269	0.999557	1.00044	1.00173	7.604251
200	-1569.403	-1536.516	-32.88775	210691.8	13.52832	0.997232	0.999291	1.00071	1.00277	7.106784
300	-1591.121	-1552.924	-38.19691	975424.9	9.875629	0.998713	0.999671	1.00033	1.00129	7.638171
400	-1590.522	-1557.462	-33.05989	166733.7	12.25242	0.996889	0.999203	1.00079	1.00311	7.19449
500	-1570.82	-1537.167	-33.65255	94180.82	10.42342	0.995861	0.998939	1.00105	1.00414	7.230502
600	-1572.904	-1536.213	-36.69103	29250.41	10.31563	0.992578	0.998092	1.00189	1.00744	7.517042
700	-1568.397	-1539.158	-29.23914	1664.07	11.0094	0.969014	0.99187	1.00779	1.03133	6.856411
800	-1563.017	-1533.046	-29.97072	609085.9	12.29836	0.998372	0.999584	1.00042	1.00163	6.941548
900	-1567.263	-1538.64	-28.62298	921084	10.46388	0.998676	0.999661	1.00034	1.00132	6.752581
1000	-1563.006	-1536.118	-26.88811	431549.8	11.54098	0.998066	0.999505	1.00049	1.00194	6.674977
1100	-1572.747	-1543.125	-29.62165	654447.4	13.34345	0.998429	0.999598	1.0004	1.00157	6.875594
1200	-1570.797	-1536.311	-34.48612	855492.4	14.30202	0.998626	0.999649	1.00035	1.00137	7.153799
1300	-1566.884	-1536.472	-30.4116	294316.5	10.3375	0.997658	0.999401	1.0006	1.00234	6.910688
1400	-1562.785	-1527.151	-35.63366	976052.9	12.17466	0.998714	0.999671	1.00033	1.00129	7.408672
1500	-1576.659	-1536.753	-39.90568	45642.34	12.62222	0.994057	0.998474	1.00151	1.00596	7.720452
1600	-1554.126	-1525.99	-28.13595	4611.424	12.15273	0.981344	0.995157	1.00472	1.01878	6.792835
1700	-1553.381	-1538.081	-15.30007	747519.8	16.83774	0.99853	0.999624	1.00038	1.00147	5.730844
1800	-1573.303	-1546.905	-26.398	3895.327	11.86165	0.979708	0.994725	1.00513	1.02044	6.644191
1900	-1593.372	-1549.713	-43.6585	570158.7	11.4176	0.998317	0.99957	1.00043	1.00168	8.138072
2000	-1546.496	-1524.496	-21.99967	451009	13.36628	0.998108	0.999516	1.00048	1.00189	6.30414
2100	-1553.933	-1528.681	-25.2518	260224.2	15.45937	0.997509	0.999362	1.00064	1.00249	6.433783
2200	-1567.685	-1532.506	-35.17951	482056.1	10.88663	0.99817	0.999532	1.00047	1.00183	7.394088
2300	-1576.456	-1540.143	-36.31308	512721.9	11.5156	0.998225	0.999546	1.00045	1.00178	7.492331
2400	-1571.78	-1546.3	-25.47997	108617.2	12.85392	0.996146	0.999012	1.00098	1.00386	6.575686
2500	-1564.496	-1536.223	-28.27325	457534.8	12.08933	0.998121	0.999519	1.00048	1.00188	6.804088
2600	-1561.249	-1539.389	-21.86091	363049.9	13.19601	0.997891	0.99946	1.00054	1.00211	6.294967
2700	-1569.444	-1536.524	-32.91993	722100.8	12.05337	0.998505	0.999618	1.00038	1.0015	7.189485
2800	-1584.362	-1548.712	-35.64967	203802.4	12.5964	0.997186	0.999279	1.00072	1.00282	7.384994
2900	-1556.787	-1523.523	-33.26443	180978.8	10.4873	0.997014	0.999235	1.00076	1.00299	7.197754
3000	-1562.117	-1535.924	-26.19242	402499.5	13.90967	0.997997	0.999488	1.00051	1.002	6.594991
3100	-1560.909	-1536.64	-24.26913	847819.5	14.94694	0.99862	0.999647	1.00035	1.00138	6.403773
3200	-1575.938	-1544.687	-31.25089	905157.4	11.717	0.998664	0.999658	1.00034	1.00134	7.05385
3300	-1583.232	-1545.795	-37.43675	363192.9	9.447733	0.997892	0.99946	1.00054	1.00211	7.51419
3400	-1580.479	-1553.111	-27.36752	595311.4	11.85804	0.998353	0.999579	1.00042	1.00165	6.725853
3500	-1571.399	-1540.882	-30.5164	407949.7	10.6409	0.998011	0.999491	1.00051	1.00199	6.948864
3600	-1565.884	-1534.631	-31.25386	51767.86	11.49519	0.994419	0.998568	1.00142	1.00559	7.052756
3700	-1561.632	-1532.906	-28.72673	498430.6	13.98348	0.9982	0.99954	1.00046	1.0018	6.772531
3800	-1573.221	-1535.211	-38.01002	425790.9	10.98387	0.998053	0.999502	1.0005	1.00195	7.65337
3900	-1581.183	-1546.566	-34.61772	536773.9	13.07995	0.998266	0.999556	1.00044	1.00174	7.270485
4000	-1583.523	-1541.965	-41.55858	979069.5	11.24919	0.998716	0.999672	1.00033	1.00128	7.963944
4100	-1572.175	-1544.213	-27.96234	188568.2	10.9811	0.997074	0.999251	1.00075	1.00293	6.738401
4200	-1566.134	-1537.063	-29.07108	532641.7	10.56065	0.998259	0.999555	1.00044	1.00174	6.805397
4300	-1572.739	-1542.282	-30.45737	317288	10.64893	0.997744	0.999423	1.00058	1.00226	6.94395
4400	-1574.743	-1546.778	-27.96464	865180.5	10.75913	0.998634	0.999651	1.00035	1.00137	6.720429
4500	-1576.534	-1540.836	-35.69853	25834.17	12.68652	0.992103	0.997969	1.00201	1.00792	7.382729
4600	-1562.88	-1534.211	-28.66869	539037.4	11.48805	0.998269	0.999557	1.00044	1.00173	6.827635
4700	-1580.727	-1546.355	-34.37201	18504.45	9.817789	0.990671	0.997598	1.00237	1.00936	7.243903
4800	-1576.786	-1542.488	-34.29828	583738.7	10.78479	0.998337	0.999575	1.00042	1.00166	7.310013
4900	-1549.307	-1525.546	-23.76065	515656.1	14.45426	0.99823	0.999547	1.00045	1.00177	6.396583
5000	-1573.286	-1539.069	-34.21733	618627.9	14.03854	0.998384	0.999587	1.00041	1.00162	7.160087
5100	-1574.834	-1542.578	-32.25599	210683.7	13.06767	0.997232	0.999291	1.00071	1.00277	7.090665
5200	-1568.995	-1531.688	-37.30687	311805.8	9.011463	0.997725	0.999418	1.00058	1.00228	7.427302
5300	-1570.407	-1543.811	-26.59548	495933.5	13.47435	0.998196	0.999538	1.00046	1.00181	6.643852
5400	-1574.051	-1541.047	-33.0046	234324.9	13.18531	0.997375	0.999328	1.00067	1.00263	7.140168
5500	-1572.69	-1537.853	-34.83786	835202.9	13.98492	0.998609	0.999644	1.00035	1.00139	7.209419
5600	-1576.212	-1535.601	-40.61121	692326.3	10.49946	0.998473	0.999609	1.00039	1.00153	7.898296
5700	-1581.27	-1549.738	-31.53128	970544.3	12.85561	0.99871	0.99967	1.00033	1.00129	7.046378
5800	-1571.557	-1538.881	-32.67652	254155.7	11.46663	0.99748	0.999355	1.00064	1.00252	7.17645
5900	-1557.671	-1528.867	-28.80302	39300.32	10.68818	0.993595	0.998355	1.00163	1.00642	6.792191
6000	-1554.758	-1529.449	-25.30888	538018.6	13.48769	0.998268	0.999557	1.00044	1.00173	6.547928
6100	-1565.322	-1525.62	-39.70199	848479.7	13.56316	0.99862	0.999647	1.00035	1.00138	7.606541
6200	-1573.309	-1540.883	-32.42601	54283.15	13.0602	0.99455	0.998601	1.00139	1.00546	7.104131
6300	-1559.093	-1528.987	-30.1068	297785.1	12.09314	0.997672	0.999404	1.00059	1.00233	6.955715
6400	-1566.524	-1540.458	-26.06587	656686	10.4934	0.998432	0.999599	1.0004	1.00157	6.512154
6500	-1561.196	-1530.228	-30.96784	533660.2	12.23956	0.998261	0.999555	1.00044	1.00174	7.02404
6600	-1565.145	-1534.975	-30.16954	35019.11	14.07968	0.993216	0.998257	1.00173	1.0068	6.868756
6700	-1569.809	-1538.296	-31.51262	651418.7	11.50694	0.998426	0.999597	1.0004	1.00158	7.075384
6800	-1564.419	-1529.468	-34.95142	741589.2	10.80828	0.998524	0.999623	1.00038	1.00148	7.371232
6900	-1573.64	-1541.995	-31.64464	550713.9	12.64684	0.998288	0.999562	1.00044	1.00171	7.064919
7000	-1568.877	-1535.744	-33.13306	702444.6	12.14826	0.998484	0.999612	1.00039	1.00152	7.204178
7100	-1549.438	-1523.866	-25.57197	697938.1	15.15958	0.998479	0.999611	1.00039	1.00152	6.47629
7200	-1557.784	-1527.47	-30.31433	461482.5	15.19118	0.998129	0.999521	1.00048	1.00187	6.786232
7300	-1577.148	-1541.171	-35.97705	824869.8	9.465581	0.998601	0.999642	1.00036	1.0014	7.362382
7400	-1568.787	-1533.769	-35.01768	899213	11.93421	0.99866	0.999657	1.00034	1.00134	7.368281
7500	-1565.993	-1541.549	-24.4441	424516.4	13.58232	0.99805	0.999501	1.0005	1.00195	6.480999
7600	-1579.591	-1535.79	-43.80062	692339.2	9.968072	0.998473	0.999609	1.00039	1.00153	8.207096
7700	-1578.65	-1542.443	-36.20646	542757.9	11.70954	0.998275	0.999559	1.00044	1.00173	7.477056
7800	-1548.322	-1527.865	-20.45646	477260.9	15.54431	0.998161	0.999529	1.00047	1.00184	6.119001
7900	-1566.711	-1529.151	-37.55958	618618.8	10.84889	0.998384	0.999587	1.00041	1.00162	7.612681
8000	-1559.082	-1536.462	-22.61958	780910.4	14.17756	0.998562	0.999632	1.00037	1.00144	6.32896
8100	-1553.555	-1528.498	-25.05683	703730.1	13.45929	0.998485	0.999613	1.00039	1.00152	6.530128
8200	-1572.126	-1535.574	-36.55204	843705.6	11.91553	0.998616	0.999646	1.00035	1.00138	7.497741
8300	-1567.461	-1533.164	-34.29637	398968.2	10.21668	0.997988	0.999485	1.00051	1.00201	7.277206
8400	-1563.88	-1533.293	-30.58681	621725.9	14.12824	0.998388	0.999588	1.00041	1.00161	6.894708
8500	-1566.866	-1540.341	-26.52468	36461.61	12.85104	0.993351	0.998292	1.00169	1.00666	6.657016
8600	-1566.249	-1541.786	-24.46311	496364.1	13.68227	0.998196	0.999539	1.00046	1.0018	6.479132
8700	-1564.675	-1534.652	-30.0227	23811.64	12.38454	0.991775	0.997884	1.00209	1.00825	6.943976
8800	-1563.084	-1541.434	-21.64967	33517.33	12.49363	0.993066	0.998218	1.00176	1.00695	6.27108
8900	-1569.292	-1544.868	-24.42477	990389.3	15.1139	0.998723	0.999673	1.00033	1.00128	6.403593
9000	-1561.954	-1538.155	-23.79903	132818.5	12.67128	0.996514	0.999107	1.00089	1.00349	6.444693
9100	-1558.971	-1523.423	-35.5482	179388.2	11.04666	0.997	0.999232	1.00076	1.003	7.429736
9200	-1560.043	-1530.929	-29.11404	730658.4	11.78168	0.998513	0.99962	1.00038	1.00149	6.872373
9300	-1548.505	-1525.205	-23.29993	830195.5	15.42273	0.998605	0.999643	1.00036	1.0014	6.309907
9400	-1562.233	-1531.268	-30.96515	953612.6	12.58546	0.998699	0.999667	1.00033	1.0013	7.013502
9500	-1576.306	-1550.41	-25.89606	226967.6	11.30942	0.997333	0.999317	1.00068	1.00267	6.57569
9600	-1566.697	-1532.495	-34.20139	12091.46	12.56191	0.988464	0.997024	1.00293	1.01158	7.271975
9700	-1579.108	-1543.697	-35.4112	85128.28	13.51644	0.995647	0.998884	1.00111	1.00436	7.294375
9800	-1562.065	-1537.329	-24.73587	410673.2	12.94124	0.998017	0.999493	1.00051	1.00198	6.516938
9900	-1566.32	-1538.072	-28.24794	576446.9	13.37786	0.998326	0.999572	1.00043	1.00167	6.771073
10000	-1553.104	-1531.798	-21.30604	978525.2	14.01194	0.998715	0.999672	1.00033	1.00129	6.241105
10100	-1565.706	-1530.507	-35.19901	282631.7	15.25896	0.99761	0.999388	1.00061	1.00239	7.100117
10200	-1570.014	-1540.715	-29.29898	59232.33	14.27707	0.994782	0.998661	1.00133	1.00523	6.792936
10300	-1552.553	-1522.825	-29.728	710882.5	11.87829	0.998493	0.999615	1.00038	1.00151	6.924978
10400	-1583.672	-1545.555	-38.11726	965313.4	12.63298	0.998707	0.999669	1.00033	1.00129	7.577871
10500	-1577.224	-1536.505	-40.71937	55610.59	9.265245	0.994615	0.998618	1.00137	1.0054	7.841488
10600	-1575.199	-1544.585	-30.61337	848785.8	10.78751	0.998621	0.999647	1.00035	1.00138	6.968516
10700	-1566.555	-1542.564	-23.99063	707352	12.48508	0.998489	0.999614	1.00039	1.00151	6.458352
10800	-1570.272	-1536.041	-34.2312	743172.9	12.5925	0.998526	0.999623	1.00038	1.00147	7.272608
10900	-1563.485	-1535.554	-27.93059	165334.3	11.49756	0.996876	0.9992	1.0008	1.00313	6.763743
11000	-1569.521	-1536.179	-33.34177	739279.6	10.92928	0.998522	0.999622	1.00038	1.00148	7.226714
11100	-1583.71	-1550.628	-33.08214	381372.7	11.76142	0.997942	0.999474	1.00052	1.00206	7.2095
11200	-1572.796	-1542.03	-30.76573	587771.7	11.64017	0.998343	0.999576	1.00042	1.00166	7.012008
11300	-1572.585	-1543.098	-29.48665	880677.6	9.825705	0.998646	0.999654	1.00035	1.00135	6.747677
11400	-1569.468	-1537.349	-32.11883	387732.9	12.4706	0.997959	0.999478	1.00052	1.00204	7.109962
11500	-1556.092	-1528.251	-27.84113	436970.5	11.12152	0.998078	0.999508	1.00049	1.00192	6.73701
11600	-1565.872	-1526.948	-38.92392	649345.1	9.257071	0.998423	0.999597	1.0004	1.00158	7.646529
11700	-1562.218	-1529.011	-33.20704	51731.11	12.20833	0.994417	0.998567	1.00142	1.00559	7.208148
11800	-1578.069	-1539.362	-38.70713	573694.5	10.63311	0.998322	0.999571	1.00043	1.00168	7.71855
11900	-1568.539	-1539.054	-29.48498	624519.3	12.75568	0.998392	0.999589	1.00041	1.00161	6.890724
12000	-1563.673	-1530.618	-33.05576	73580.98	10.07763	0.995318	0.998799	1.00119	1.00469	7.141687
12100	-1560.697	-1535.874	-24.82275	263721.3	13.42061	0.997526	0.999367	1.00063	1.00248	6.513856
12200	-1562.068	-1536.181	-25.88675	31300.44	11.59393	0.992824	0.998156	1.00183	1.00719	6.590769
12300	-1588.329	-1546.155	-42.17429	954952.5	8.324204	0.9987	0.999667	1.00033	1.0013	7.831702
12400	-1570.191	-1535.324	-34.86656	283347.2	11.88549	0.997613	0.999389	1.00061	1.00239	7.357334
12500	-1578.526	-1537.463	-41.06259	843757.6	12.03997	0.998617	0.999646	1.00035	1.00138	7.866159
12600	-1575.502	-1547.834	-27.66782	792510	13.31709	0.998573	0.999635	1.00036	1.00143	6.730261
12700	-1550.881	-1529.295	-21.5867	420676	10.51205	0.998041	0.999499	1.0005	1.00196	6.088506
12800	-1563.307	-1544.2	-19.1072	461120	15.00885	0.998129	0.999521	1.00048	1.00187	6.056016
12900	-1580.611	-1541.764	-38.84646	214178.1	13.82299	0.997255	0.999297	1.0007	1.00275	7.514595
13000	-1570.172	-1541.852	-28.31954	522723.3	14.16679	0.998242	0.99955	1.00045	1.00176	6.73171
13100	-1572.832	-1549.133	-23.69859	470410.5	13.27632	0.998147	0.999526	1.00047	1.00185	6.432942
13200	-1557.529	-1536.331	-21.19739	787613.5	13.8385	0.998568	0.999634	1.00037	1.00143	6.237478
13300	-1583.759	-1546.059	-37.69972	171475.5	12.37547	0.996932	0.999214	1.00078	1.00307	7.564522
13400	-1573.532	-1538.45	-35.08169	693997.3	10.04222	0.998475	0.99961	1.00039	1.00153	7.339523
13500	-1563.047	-1538.786	-24.26151	771694	12.83656	0.998553	0.99963	1.00037	1.00145	6.48098
13600	-1566	-1531.568	-34.43232	861600.9	9.290199	0.998631	0.99965	1.00035	1.00137	7.167756
13700	-1572.559	-1544.152	-28.40665	94040.26	12.71777	0.995858	0.998938	1.00106	1.00415	6.807178
13800	-1583.68	-1542.074	-41.60632	873256.1	11.56244	0.99864	0.999652	1.00035	1.00136	7.948807
13900	-1556.01	-1528.257	-27.75321	267235.3	12.33779	0.997542	0.999371	1.00063	1.00246	6.761044
14000	-1558.865	-1529.653	-29.21164	371079.5	11.78254	0.997914	0.999466	1.00053	1.00209	6.880666
14100	-1561.995	-1531.086	-30.90902	864854.3	10.86482	0.998634	0.999651	1.00035	1.00137	7.000587
14200	-1561.921	-1529.15	-32.77061	330093.1	11.93039	0.997788	0.999434	1.00056	1.00221	7.180075
14300	-1570.9	-1542.362	-28.5384	977367.6	12.83495	0.998715	0.999671	1.00033	1.00129	6.814209
14400	-1575.981	-1546.444	-29.5375	336512.4	11.56342	0.99781	0.999439	1.00056	1.00219	6.905032
14500	-1576.502	-1537.687	-38.81535	228009.7	11.33716	0.997339	0.999319	1.00068	1.00266	7.717031
14600	-1564.67	-1537.347	-27.32315	409998.9	12.37818	0.998016	0.999492	1.00051	1.00199	6.72603
14700	-1556.367	-1526.682	-29.68542	43328.35	13.10277	0.9939	0.998434	1.00155	1.00611	6.892351
14800	-1561.222	-1535.906	-25.31625	856545.7	11.24021	0.998627	0.999649	1.00035	1.00137	6.519407
14900	-1584.302	-1549.07	-35.23189	994831.1	11.34527	0.998726	0.999674	1.00033	1.00127	7.400875
15000	-1580.517	-1545.155	-35.36166	253983.7	12.01251	0.997479	0.999355	1.00064	1.00252	7.393858
15100	-1564.136	-1541.204	-22.93168	991207	12.83093	0.998724	0.999674	1.00033	1.00128	6.377362
15200	-1565.656	-1536.468	-29.18824	116802.2	9.801288	0.996283	0.999048	1.00095	1.00372	6.712961
15300	-1591.035	-1555.289	-35.74625	236502.1	9.305341	0.997387	0.999331	1.00067	1.00261	7.311845
15400	-1568.037	-1540.613	-27.42419	314819.1	12.28168	0.997735	0.99942	1.00058	1.00227	6.73451
15500	-1576.729	-1537.408	-39.32045	104961.9	12.43316	0.996079	0.998995	1.001	1.00393	7.690646
15600	-1563.143	-1533.512	-29.63034	104230.7	12.90274	0.996066	0.998992	1.001	1.00394	6.896688
15700	-1577.807	-1548.642	-29.16486	689070.8	13.34496	0.998469	0.999608	1.00039	1.00153	6.841285
15800	-1561.638	-1535.179	-26.45912	710067.6	14.72911	0.998492	0.999614	1.00038	1.00151	6.5654
15900	-1559.166	-1533.067	-26.09935	458183.5	13.68541	0.998123	0.99952	1.00048	1.00188	6.598586
16000	-1560.824	-1529.751	-31.07319	553125.8	10.65301	0.998291	0.999563	1.00044	1.00171	7.002078
16100	-1572.268	-1546.305	-25.96358	943645.7	13.73451	0.998692	0.999665	1.00033	1.00131	6.58656
16200	-1565.691	-1535.085	-30.60564	128880.8	9.413952	0.996462	0.999093	1.0009	1.00354	6.783894
16300	-1573.656	-1539.434	-34.22229	990680.4	10.43305	0.998723	0.999674	1.00033	1.00128	7.285777
16400	-1579.293	-1551.88	-27.41335	151884.3	11.61536	0.99674	0.999165	1.00083	1.00326	6.723183
16500	-1564.382	-1534.604	-29.77723	323612	13.1493	0.997766	0.999428	1.00057	1.00224	6.89715
16600	-1571.449	-1539.009	-32.43992	507742.6	10.19946	0.998217	0.999544	1.00046	1.00178	7.093757
16700	-1571.246	-1541.444	-29.80109	391347	13.53161	0.997969	0.99948	1.00052	1.00203	6.878426
16800	-1578.395	-1545.387	-33.00801	160777.3	10.80601	0.996832	0.999189	1.00081	1.00317	7.191324
16900	-1559.805	-1532.112	-27.69246	59581.88	11.24655	0.994797	0.998665	1.00133	1.00521	6.731164
17000	-1571.608	-1537.806	-33.80232	432886.9	12.24853	0.998069	0.999506	1.00049	1.00193	7.255248
17100	-1575.292	-1539.671	-35.6212	926060.7	14.06188	0.998679	0.999662	1.00034	1.00132	7.257748
17200	-1555.741	-1529.813	-25.92755	226754.7	12.78511	0.997332	0.999317	1.00068	1.00267	6.611475
17300	-1563.469	-1534.044	-29.4252	352662.4	11.99897	0.99786	0.999452	1.00055	1.00214	6.899691
17400	-1581.11	-1537.197	-43.91257	650640	11.1699	0.998425	0.999597	1.0004	1.00158	8.178813
17500	-1575.236	-1544.368	-30.86767	509390.7	14.13183	0.99822	0.999545	1.00045	1.00178	6.914309
17600	-1573.877	-1544.101	-29.77633	883243.5	11.54687	0.998648	0.999654	1.00035	1.00135	6.925356
17700	-1573.212	-1543.321	-29.89089	652849.2	13.10242	0.998427	0.999598	1.0004	1.00157	6.908049
17800	-1578.602	-1545.052	-33.54975	726464.4	10.03625	0.998509	0.999619	1.00038	1.00149	7.186331
17900	-1572.762	-1537.868	-34.89337	459366.6	11.27679	0.998125	0.99952	1.00048	1.00188	7.371378
18000	-1596.575	-1560.071	-36.504	340095.4	10.24192	0.997821	0.999442	1.00056	1.00218	7.494805
18100	-1566.086	-1536.222	-29.864	217399.4	13.75629	0.997275	0.999302	1.0007	1.00273	6.869143
18200	-1585.007	-1563.792	-21.21438	481818.2	15.13991	0.998169	0.999532	1.00047	1.00183	6.189853
18300	-1562.178	-1534.979	-27.19828	353021.4	12.21088	0.997861	0.999453	1.00055	1.00214	6.715973
18400	-1568.445	-1538.033	-30.41256	944742.8	9.833911	0.998693	0.999666	1.00033	1.00131	6.843249
18500	-1562.357	-1537.417	-24.94031	831041.3	12.26677	0.998606	0.999644	1.00036	1.00139	6.532033
18600	-1565.14	-1546.592	-18.54884	542646.9	12.58282	0.998275	0.999559	1.00044	1.00173	6.026831
18700	-1579.009	-1544.606	-34.40254	334635.8	11.95649	0.997804	0.999438	1.00056	1.0022	7.31599
18800	-1567.044	-1535.088	-31.95592	901734.3	9.907926	0.998662	0.999658	1.00034	1.00134	7.010733
18900	-1561.847	-1528.096	-33.7506	998844.9	10.039	0.998728	0.999675	1.00032	1.00127	7.206634
19000	-1568.054	-1536.36	-31.69361	642443.7	11.5953	0.998415	0.999595	1.0004	1.00159	7.091627
19100	-1574.375	-1536.315	-38.06007	228932.3	10.35707	0.997345	0.99932	1.00068	1.00266	7.651252
19200	-1556.522	-1529.118	-27.40415	953638.4	13.0959	0.998699	0.999667	1.00033	1.0013	6.71847
19300	-1566.589	-1538.121	-28.46786	726285	11.43931	0.998509	0.999619	1.00038	1.00149	6.808429
19400	-1565.737	-1533.249	-32.48753	585178.1	10.7615	0.998339	0.999575	1.00042	1.00166	7.140929
19500	-1579.885	-1549.564	-30.32145	507600.6	13.17874	0.998216	0.999544	1.00046	1.00178	6.937016
19600	-1563.591	-1531.765	-31.82632	808414.6	11.77785	0.998587	0.999639	1.00036	1.00141	7.102613
19700	-1569.2	-1531.076	-38.12407	290520.5	10.75103	0.997643	0.999397	1.0006	1.00236	7.664661
19800	-1567.694	-1528.604	-39.09024	48755.89	8.326262	0.994249	0.998524	1.00146	1.00576	7.46184
19900	-1586.967	-1554.578	-32.38897	719625.4	10.23375	0.998502	0.999617	1.00038	1.0015	7.092216
20000	-1557.878	-1530.331	-27.54649	941185.6	11.24501	0.99869	0.999665	1.00033	1.00131	6.718098
20100	-1561.872	-1530.444	-31.42779	668606.8	14.89551	0.998446	0.999603	1.0004	1.00155	6.887497
20200	-1566.516	-1538.546	-27.97026	81651.67	12.87021	0.995555	0.99886	1.00113	1.00445	6.768967
20300	-1581.131	-1540.018	-41.11371	787925.8	11.76411	0.998568	0.999634	1.00037	1.00143	7.892177
20400	-1574.505	-1541.424	-33.08059	473265.2	13.32565	0.998153	0.999527	1.00047	1.00185	7.1361
20500	-1585.787	-1547.181	-38.60611	277278	11.41898	0.997587	0.999382	1.00062	1.00241	7.695508
20600	-1563.933	-1533.811	-30.12262	273404.4	12.49608	0.99757	0.999378	1.00062	1.00243	6.949194
20700	-1577.9	-1544.241	-33.65883	430780.5	14.47092	0.998064	0.999505	1.00049	1.00194	7.079761
20800	-1580.025	-1541.857	-38.16821	172713.2	9.678362	0.996943	0.999217	1.00078	1.00306	7.617758
20900	-1583.515	-1551.032	-32.4832	136780.1	10.70035	0.996565	0.99912	1.00088	1.00344	7.137209
21000	-1589.421	-1548.019	-41.4024	24100.73	10.4361	0.991824	0.997897	1.00208	1.0082	7.973976
21100	-1573.534	-1538.493	-35.04169	834418.8	10.91895	0.998609	0.999644	1.00036	1.00139	7.382064
21200	-1561.173	-1528.816	-32.35753	678934.1	9.588651	0.998458	0.999606	1.00039	1.00154	7.002353
21300	-1570.064	-1541.001	-29.06259	747319	13.81147	0.99853	0.999624	1.00038	1.00147	6.807512
21400	-1561.694	-1527.702	-33.99195	967961.8	11.53549	0.998708	0.99967	1.00033	1.00129	7.290567
21500	-1572.837	-1537.385	-35.45182	71649.69	13.89052	0.995255	0.998783	1.00121	1.00475	7.262527
21600	-1571.954	-1535.142	-36.81187	271853.1	9.603542	0.997563	0.999376	1.00062	1.00244	7.468743
21700	-1560.981	-1528.043	-32.93786	928086.3	10.36805	0.998681	0.999663	1.00034	1.00132	7.157587
21800	-1574.952	-1541.123	-33.82834	822539.1	11.78836	0.998599	0.999642	1.00036	1.0014	7.272364
21900	-1561.703	-1540.886	-20.81706	273329.5	13.11062	0.99757	0.999378	1.00062	1.00243	6.215561
22000	-1572.165	-1539.464	-32.70109	648423	10.49456	0.998422	0.999596	1.0004	1.00158	7.144561
22100	-1556.135	-1525.296	-30.83952	882712.1	11.40623	0.998647	0.999654	1.00035	1.00135	7.015101
22200	-1559.214	-1534.634	-24.57935	334148	12.05943	0.997802	0.999437	1.00056	1.0022	6.497692
22300	-1573.172	-1532.116	-41.05623	73493.69	11.42469	0.995315	0.998799	1.00119	1.00469	7.90974
22400	-1567.49	-1531.542	-35.94792	121285.3	11.01288	0.996352	0.999065	1.00093	1.00365	7.465796
22500	-1569.526	-1534.116	-35.41034	785319.2	12.5457	0.998566	0.999633	1.00037	1.00143	7.369245
22600	-1585.54	-1549.368	-36.17225	246584.7	11.98959	0.997441	0.999345	1.00065	1.00256	7.462443
22700	-1561.731	-1527.371	-34.36009	241847.3	12.584	0.997416	0.999339	1.00066	1.00259	7.283337
22800	-1562.409	-1534.952	-27.45774	855407.7	14.81922	0.998626	0.999649	1.00035	1.00137	6.626633
22900	-1567.672	-1532.591	-35.0805	436002.4	10.67243	0.998076	0.999508	1.00049	1.00193	7.37896
23000	-1571.239	-1538.542	-32.69649	574438	9.821499	0.998323	0.999571	1.00043	1.00168	7.073764
23100	-1563.888	-1537.485	-26.40295	555900.4	12.38369	0.998296	0.999564	1.00043	1.00171	6.651696
23200	-1558.596	-1533.595	-25.0007	300122.4	13.14279	0.997681	0.999406	1.00059	1.00232	6.534029
23300	-1560.327	-1529.28	-31.04636	754475.2	11.0173	0.998537	0.999626	1.00037	1.00146	7.02092
23400	-1564.396	-1531.306	-33.09013	288256.6	12.70552	0.997633	0.999394	1.0006	1.00237	7.176104
23500	-1555.963	-1532.437	-23.52611	76104.01	11.05153	0.995396	0.998819	1.00117	1.00461	6.341943
23600	-1587.379	-1548.509	-38.86959	909434.9	10.56438	0.998667	0.999659	1.00034	1.00133	7.733269
23700	-1572.513	-1546.548	-25.96498	995776.4	12.96115	0.998726	0.999674	1.00033	1.00127	6.611532
23800	-1567.017	-1533.911	-33.10583	79388.88	10.85587	0.995492	0.998844	1.00115	1.00451	7.202432
23900	-1557.615	-1523.367	-34.24798	116160.7	11.25303	0.996273	0.999045	1.00095	1.00373	7.31408
24000	-1569.455	-1542.943	-26.51229	220677.6	12.13883	0.997295	0.999308	1.00069	1.00271	6.659071
24100	-1558.921	-1526.494	-32.4271	818306.2	13.17384	0.998595	0.999641	1.00036	1.00141	7.097107
24200	-1571.278	-1539.043	-32.2351	970622	10.2387	0.99871	0.99967	1.00033	1.00129	7.077677
24300	-1567.926	-1533.947	-33.97871	76086.22	11.03555	0.995396	0.998819	1.00117	1.00461	7.287445
24400	-1576.408	-1541.448	-34.96015	199104.6	13.5147	0.997153	0.999271	1.00073	1.00285	7.261156
24500	-1571.038	-1545.979	-25.05964	714695	15.74022	0.998497	0.999616	1.00038	1.0015	6.400434
24600	-1563.036	-1537.42	-25.61568	767337.3	14.13835	0.998549	0.999629	1.00037	1.00145	6.54233
24700	-1559	-1528.69	-30.3103	22269.36	10.90052	0.991495	0.997812	1.00216	1.00853	6.947658
24800	-1563.423	-1530.738	-32.68464	894191.4	12.3344	0.998656	0.999656	1.00034	1.00134	7.160875
24900	-1565.019	-1538.812	-26.20702	854836	13.85204	0.998626	0.999649	1.00035	1.00138	6.598839
25000	-1566.181	-1537.074	-29.10675	723612.2	10.28055	0.998506	0.999618	1.00038	1.00149	6.77748
25100	-1562.653	-1536.448	-26.20459	36721.79	11.82407	0.993375	0.998298	1.00169	1.00664	6.626775
25200	-1566.103	-1534.662	-31.44148	663120.8	10.82581	0.998439	0.999601	1.0004	1.00156	7.047475
25300	-1580.114	-1544.8	-35.31334	284588.4	13.66394	0.997618	0.99939	1.00061	1.00238	7.27383
25400	-1559.172	-1536.47	-22.70257	890917.9	12.34977	0.998654	0.999656	1.00034	1.00135	6.352005
25500	-1555.752	-1524.933	-30.81905	967682.4	12.85969	0.998708	0.99967	1.00033	1.00129	6.990792
25600	-1585.245	-1561.112	-24.13325	134157.2	11.86515	0.996532	0.999111	1.00088	1.00347	6.453412
25700	-1568.081	-1534.646	-33.43557	606438.1	10.76004	0.998368	0.999583	1.00042	1.00163	7.228961
25800	-1568.231	-1534.972	-33.25835	549724.6	11.4967	0.998286	0.999562	1.00044	1.00171	7.227128
25900	-1554.156	-1529.878	-24.27878	602234.6	14.34341	0.998363	0.999581	1.00042	1.00164	6.438065
26000	-1592.006	-1558.078	-33.92843	748264	12.72275	0.998531	0.999624	1.00037	1.00147	7.241059
26100	-1562.832	-1539.58	-23.25208	12347.03	13.94538	0.988584	0.997055	1.0029	1.01146	6.382373
26200	-1565.441	-1535.53	-29.91097	265420.7	11.50601	0.997534	0.999369	1.00063	1.00247	6.936174
26300	-1565.375	-1534.343	-31.03171	476563.6	11.08926	0.998159	0.999529	1.00047	1.00184	7.022643
26400	-1566.932	-1532.52	-34.41234	761479.6	11.22736	0.998544	0.999628	1.00037	1.00146	7.328609
26500	-1567.551	-1541.318	-26.23251	934689.4	13.61897	0.998686	0.999664	1.00034	1.00132	6.611156
26600	-1568.266	-1539.151	-29.11547	18739.69	11.58271	0.99073	0.997613	1.00236	1.0093	6.868995
26700	-1573.47	-1541.083	-32.38742	267643.4	12.97426	0.997544	0.999371	1.00063	1.00246	7.106286
26800	-1559.003	-1533.398	-25.60569	682752.8	14.75485	0.998462	0.999607	1.00039	1.00154	6.505816
26900	-1557.03	-1525.915	-31.11437	912813.2	11.75781	0.99867	0.99966	1.00034	1.00133	7.042197
27000	-1561.617	-1529.955	-31.66211	718524.9	12.77604	0.998501	0.999617	1.00038	1.0015	7.060442
27100	-1559.866	-1531.961	-27.90478	431579	12.59229	0.998066	0.999505	1.00049	1.00194	6.770216
27200	-1580.732	-1552.436	-28.29672	975683.4	11.2249	0.998713	0.999671	1.00033	1.00129	6.783773
27300	-1558.443	-1527.126	-31.31752	310454.8	10.0319	0.99772	0.999416	1.00058	1.00228	6.963346
27400	-1562.174	-1529.234	-32.93961	607345	13.17893	0.998369	0.999583	1.00042	1.00163	7.135668
27500	-1555.861	-1530.381	-25.48034	15551.44	10.45929	0.989826	0.997378	1.00259	1.01021	6.451603
27600	-1570.86	-1532.396	-38.46345	734298.6	9.619803	0.998517	0.999621	1.00038	1.00148	7.642414
27700	-1579	-1539.699	-39.30037	706591.2	12.37637	0.998488	0.999613	1.00039	1.00151	7.693788
27800	-1555.216	-1532.065	-23.1507	589103.1	11.73646	0.998344	0.999577	1.00042	1.00166	6.363668
27900	-1573.774	-1533.326	-40.44848	715450.1	12.10595	0.998498	0.999616	1.00038	1.0015	7.809842
28000	-1567.2	-1537.38	-29.82014	195627.5	14.38617	0.997128	0.999265	1.00073	1.00288	6.821109
28100	-1557.605	-1527.531	-30.07421	425170.4	10.94711	0.998051	0.999501	1.0005	1.00195	6.928789
28200	-1570.451	-1540.016	-30.43479	288163	11.42203	0.997633	0.999394	1.0006	1.00237	6.979987
28300	-1563.62	-1537.457	-26.16308	28280.14	11.55327	0.992452	0.998059	1.00192	1.00757	6.612739
28400	-1578.503	-1547.861	-30.64204	458823.8	12.63153	0.998124	0.99952	1.00048	1.00188	6.986201
28500	-1553.479	-1525.379	-28.10006	313032.2	12.36486	0.997729	0.999419	1.00058	1.00227	6.788922
28600	-1558.698	-1531.468	-27.22952	451053.2	10.52046	0.998108	0.999516	1.00048	1.00189	6.626307
28700	-1566.452	-1531.955	-34.49726	711154.6	10.30586	0.998493	0.999615	1.00038	1.00151	7.303676
28800	-1562.071	-1535.539	-26.53195	766600.1	13.38402	0.998549	0.999629	1.00037	1.00145	6.642577
28900	-1561.459	-1528.23	-33.22916	958276.4	12.23161	0.998702	0.999668	1.00033	1.0013	7.209095
29000	-1571.61	-1535.075	-36.53475	766050.9	10.54337	0.998548	0.999629	1.00037	1.00145	7.511578
29100	-1556.906	-1530.877	-26.02938	419152.8	14.25562	0.998037	0.999498	1.0005	1.00196	6.565138
29200	-1587.341	-1555.834	-31.50667	803029.6	12.43465	0.998582	0.999637	1.00036	1.00142	7.062131
29300	-1567.691	-1535.561	-32.13059	945695.1	12.9956	0.998693	0.999666	1.00033	1.00131	7.085275
29400	-1552.221	-1525.22	-27.00066	607110	15.44373	0.998369	0.999583	1.00042	1.00163	6.548171
29500	-1574.053	-1543.72	-30.3324	182246.1	11.42111	0.997024	0.999238	1.00076	1.00298	6.971002
29600	-1561.917	-1535.129	-26.78825	564119.8	11.74859	0.998308	0.999567	1.00043	1.00169	6.67398
29700	-1581.083	-1538.468	-42.61432	585118.6	9.614827	0.998339	0.999575	1.00042	1.00166	8.073614
29800	-1550.335	-1526.269	-24.06552	648705.6	13.68249	0.998422	0.999596	1.0004	1.00158	6.450066
29900	-1568.094	-1538.171	-29.92325	722973.3	12.04101	0.998505	0.999618	1.00038	1.0015	6.940955
30000	-1574.489	-1542.993	-31.49591	798887.5	13.60985	0.998578	0.999636	1.00036	1.00142	6.998271
30100	-1557.859	-1535.823	-22.03559	627281.8	13.46251	0.998396	0.99959	1.00041	1.00161	6.30561
30200	-1564.011	-1533.456	-30.55557	776045.9	13.3472	0.998557	0.999631	1.00037	1.00144	6.945367
30300	-1613.299	-1575.332	-37.96684	276269.4	9.566276	0.997583	0.999381	1.00062	1.00242	7.584804
30400	-1583.872	-1550.748	-33.12338	157205.1	12.12789	0.996796	0.999179	1.00082	1.00321	7.204054
30500	-1550.801	-1526.806	-23.99509	217423.5	14.22406	0.997275	0.999302	1.00069	1.00273	6.423887
30600	-1562.389	-1533.834	-28.55523	135459.5	13.46268	0.996548	0.999116	1.00088	1.00346	6.789883
30700	-1568.577	-1539.772	-28.80468	235773.7	10.94155	0.997383	0.99933	1.00067	1.00262	6.812436
30800	-1595.726	-1549.801	-45.92492	482234.7	9.926386	0.99817	0.999532	1.00047	1.00183	8.420521
30900	-1590.486	-1555.758	-34.7284	977172.8	10.62749	0.998714	0.999671	1.00033	1.00129	7.344129
31000	-1570.198	-1536.333	-33.86463	187765.9	12.26518	0.997068	0.999249	1.00075	1.00293	7.259622
31100	-1563.785	-1533.965	-29.82006	641360.2	14.04831	0.998413	0.999594	1.0004	1.00159	6.846167
31200	-1573.443	-1540.201	-33.24188	408431	11.00075	0.998012	0.999491	1.00051	1.00199	7.219747
31300	-1565.54	-1537.645	-27.89455	651166.5	11.94463	0.998425	0.999597	1.0004	1.00158	6.771544
31400	-1565.832	-1532.285	-33.547	416732	12.52502	0.998032	0.999496	1.0005	1.00197	7.221777
31500	-1575.834	-1539.626	-36.2078	67570.84	9.897732	0.995114	0.998747	1.00124	1.00489	7.4389
31600	-1558.975	-1523.452	-35.52294	312489	11.63807	0.997727	0.999418	1.00058	1.00227	7.420756
31700	-1567.489	-1533.859	-33.62927	770097.8	10.53152	0.998552	0.99963	1.00037	1.00145	7.235294
31800	-1570.838	-1542.889	-27.94832	328414.1	12.01744	0.997783	0.999433	1.00057	1.00222	6.776764
31900	-1570.36	-1533.592	-36.76794	393654.5	9.407704	0.997975	0.999482	1.00052	1.00203	7.43756
32000	-1580.142	-1544.195	-35.94659	864394.2	9.352088	0.998633	0.99965	1.00035	1.00137	7.341264
32100	-1549.271	-1520.44	-28.83097	4006.724	12.07622	0.979991	0.9948	1.00506	1.02015	6.850238
32200	-1566.152	-1532.914	-33.2379	384821	11.64701	0.997952	0.999476	1.00052	1.00205	7.224319
32300	-1559.235	-1527.962	-31.27356	92459.35	12.35988	0.995823	0.998929	1.00106	1.00418	7.045726
32400	-1567.067	-1539.998	-27.0696	761260.5	10.83872	0.998544	0.999628	1.00037	1.00146	6.644833
32500	-1571.175	-1538.419	-32.75598	745101.4	12.84273	0.998528	0.999623	1.00038	1.00147	7.142373
32600	-1563.735	-1540.919	-22.81561	275980.3	11.59434	0.997581	0.999381	1.00062	1.00242	6.325905
32700	-1568.445	-1535.527	-32.91795	510039.9	10.22505	0.998221	0.999545	1.00045	1.00178	7.143085
32800	-1560.505	-1525.548	-34.95691	398448.2	10.41369	0.997987	0.999485	1.00051	1.00201	7.355077
32900	-1559.882	-1536.968	-22.91336	967521.2	11.25687	0.998708	0.99967	1.00033	1.00129	6.307187
33000	-1575.318	-1538.921	-36.3975	946680.3	9.485104	0.998694	0.999666	1.00033	1.00131	7.409608
33100	-1593.931	-1556.634	-37.29673	81478.84	11.79631	0.99555	0.998859	1.00113	1.00446	7.566209
33200	-1561.294	-1532.275	-29.0195	99120.4	14.02589	0.995966	0.998966	1.00103	1.00404	6.790674
33300	-1561.286	-1533.839	-27.44696	533991.2	12.76409	0.998261	0.999555	1.00044	1.00174	6.730773
33400	-1558.824	-1531.42	-27.40425	702630.8	12.54751	0.998484	0.999612	1.00039	1.00152	6.731068
33500	-1563.899	-1531.567	-32.33167	409311.7	10.64931	0.998014	0.999492	1.00051	1.00199	7.119982
33600	-1558.654	-1532.659	-25.99557	625264.9	13.18822	0.998393	0.999589	1.00041	1.00161	6.608509
33700	-1572.207	-1543.937	-28.26965	105096.2	12.07014	0.996082	0.998996	1.001	1.00392	6.803738
33800	-1572.391	-1545.806	-26.58472	454927.3	13.3551	0.998116	0.999518	1.00048	1.00189	6.647577
33900	-1554.981	-1527.487	-27.49443	978192.1	11.42336	0.998715	0.999671	1.00033	1.00129	6.722619
34000	-1558.161	-1545.15	-13.0109	650244.8	13.82323	0.998424	0.999597	1.0004	1.00158	5.645573
34100	-1575.73	-1544.276	-31.45378	320363.9	12.39993	0.997755	0.999426	1.00057	1.00225	7.059033
34200	-1564.293	-1538.483	-25.81071	56726.33	14.17595	0.994668	0.998632	1.00136	1.00534	6.554129
34300	-1553.085	-1524.216	-28.86911	615632.6	9.849758	0.99838	0.999586	1.00041	1.00162	6.689114
34400	-1565.92	-1539.078	-26.84219	398771.8	11.63478	0.997988	0.999485	1.00051	1.00201	6.674741
34500	-1586.973	-1546.57	-40.40231	52178.15	10.54887	0.994441	0.998573	1.00142	1.00557	7.878392
34600	-1572.888	-1543.94	-28.94792	734315	13.33815	0.998517	0.999621	1.00038	1.00148	6.825362
34700	-1571.946	-1542.401	-29.54517	238670.8	12.0411	0.997399	0.999334	1.00066	1.0026	6.909556
34800	-1556.485	-1528.75	-27.7348	323603.1	13.44903	0.997766	0.999428	1.00057	1.00224	6.729563
34900	-1570.996	-1541.319	-29.67735	688360.2	12.52925	0.998468	0.999608	1.00039	1.00153	6.912713
35000	-1561.959	-1541.614	-20.34423	713513.8	13.5889	0.998496	0.999615	1.00038	1.00151	6.179086
35100	-1557.239	-1533.106	-24.13333	984305.7	12.85257	0.998719	0.999672	1.00033	1.00128	6.470927
35200	-1582.042	-1553.097	-28.94518	656960.8	13.33814	0.998432	0.999599	1.0004	1.00157	6.825158
35300	-1570.541	-1542.84	-27.70166	532138.3	12.60405	0.998258	0.999554	1.00044	1.00174	6.753893
35400	-1566.467	-1530.116	-36.35051	934074.2	9.844375	0.998685	0.999664	1.00034	1.00132	7.448127
35500	-1581.331	-1546.229	-35.10126	396425.4	10.64649	0.997982	0.999484	1.00051	1.00202	7.379948
35600	-1545.039	-1520.291	-24.74819	312091.8	12.18615	0.997726	0.999418	1.00058	1.00228	6.514811
35700	-1564.739	-1530.84	-33.8993	888858.1	9.321617	0.998652	0.999655	1.00034	1.00135	7.116528
35800	-1575.192	-1537.283	-37.90965	426222.7	9.775263	0.998054	0.999502	1.0005	1.00195	7.600438
35900	-1558.699	-1530.389	-28.31031	167177.5	11.57332	0.996893	0.999204	1.00079	1.00311	6.799203
36000	-1564.806	-1534.069	-30.73708	624765.1	10.54504	0.998392	0.999589	1.00041	1.00161	6.961833
36100	-1560.108	-1538.451	-21.65749	40175.78	15.2797	0.993666	0.998373	1.00161	1.00635	6.211522
36200	-1585.843	-1552.767	-33.07621	774888.7	11.34954	0.998556	0.999631	1.00037	1.00144	7.210898
36300	-1575.66	-1541.329	-34.33072	368942.8	13.76859	0.997908	0.999465	1.00053	1.00209	7.192759
36400	-1582.984	-1546.593	-36.39111	990919.2	9.456004	0.998723	0.999674	1.00033	1.00128	7.404729
36500	-1563.194	-1530.174	-33.01996	109655	13.63278	0.996164	0.999017	1.00098	1.00384	7.108453
36600	-1573.115	-1550.392	-22.72297	51108.15	11.69975	0.994383	0.998558	1.00143	1.00563	6.324944
36700	-1556.628	-1527.409	-29.21855	25514.46	14.43071	0.992054	0.997956	1.00202	1.00797	6.775958
36800	-1566.175	-1531.428	-34.74724	603048.5	11.46919	0.998364	0.999581	1.00042	1.00164	7.357003
36900	-1554.379	-1525.264	-29.11439	726152.7	11.79682	0.998509	0.999619	1.00038	1.00149	6.872579
37000	-1570.037	-1537.277	-32.76011	513128.2	11.2259	0.998226	0.999546	1.00045	1.00178	7.181424
37100	-1570.351	-1540.602	-29.74876	365682.7	13.0394	0.997899	0.999462	1.00054	1.0021	6.900072
37200	-1573.832	-1540.384	-33.44836	46342.81	11.81898	0.994102	0.998486	1.0015	1.00591	7.239511
37300	-1550.051	-1529.046	-21.00551	11499.02	13.20082	0.988171	0.996948	1.003	1.01188	6.230148
37400	-1569.314	-1542.627	-26.68653	155774.5	12.19373	0.996781	0.999176	1.00082	1.00322	6.673934
37500	-1583.744	-1545.381	-38.36246	123554.8	11.95303	0.996386	0.999074	1.00092	1.00362	7.647397
37600	-1581.144	-1546.908	-34.23646	895876.6	9.723459	0.998657	0.999657	1.00034	1.00134	7.21778
37700	-1547.997	-1522.733	-25.26427	252868	11.72043	0.997473	0.999353	1.00064	1.00253	6.543065
37800	-1560.871	-1532.81	-28.06189	243317.3	12.10133	0.997424	0.999341	1.00066	1.00258	6.786645
37900	-1557.28	-1534.514	-22.76609	392281.6	15.82631	0.997971	0.999481	1.00052	1.00203	6.248905
38000	-1561.491	-1528.046	-33.44492	436733.8	9.898116	0.998077	0.999508	1.00049	1.00192	7.159804
38100	-1567.186	-1534.066	-33.12004	675577.7	13.63942	0.998454	0.999605	1.00039	1.00155	7.115267
38200	-1567.512	-1529.527	-37.98495	94515.88	11.37318	0.995868	0.998941	1.00105	1.00414	7.642651
38300	-1565.434	-1536.875	-28.55901	75143.05	11.76381	0.995367	0.998812	1.00118	1.00464	6.824968
38400	-1566.529	-1537.587	-28.94204	696064.8	10.55164	0.998477	0.99961	1.00039	1.00152	6.792273
38500	-1563.109	-1530.098	-33.01121	357846.2	11.67077	0.997876	0.999456	1.00054	1.00213	7.204622
38600	-1559.053	-1530.08	-28.97237	156772.9	12.20791	0.996792	0.999178	1.00082	1.00321	6.861284
38700	-1558.699	-1531.075	-27.62337	97915.85	11.05542	0.995941	0.99896	1.00103	1.00407	6.712956
38800	-1571.544	-1538.576	-32.96788	331432.8	10.85157	0.997793	0.999435	1.00056	1.00221	7.18955
38900	-1553.632	-1522.911	-30.72077	669306	15.49174	0.998447	0.999603	1.0004	1.00155	6.784423
39000	-1573.768	-1541.426	-32.34201	501664.4	11.48124	0.998206	0.999541	1.00046	1.0018	7.147355
39100	-1572.175	-1540.192	-31.983	265426.2	13.35978	0.997534	0.999369	1.00063	1.00247	7.051478
39200	-1574.235	-1539.016	-35.219	544962.6	11.70657	0.998279	0.99956	1.00044	1.00172	7.392811
39300	-1557.859	-1535.41	-22.44859	234626.1	11.3294	0.997377	0.999329	1.00067	1.00263	6.27269
39400	-1553.827	-1525.553	-28.27407	618031.4	10.21904	0.998384	0.999587	1.00041	1.00162	6.688079
39500	-1574.135	-1546.234	-27.90052	670076.6	13.65677	0.998448	0.999603	1.0004	1.00155	6.731693
39600	-1586.175	-1550.67	-35.50522	204206.5	11.20175	0.997189	0.99928	1.00072	1.00281	7.426056
39700	-1577.04	-1542.604	-34.43604	666358.6	11.03967	0.998443	0.999602	1.0004	1.00156	7.328951
39800	-1563.526	-1535.071	-28.45513	595413	11.33402	0.998353	0.999579	1.00042	1.00165	6.803066
39900	-1561.194	-1525.864	-35.33019	645226.7	10.20344	0.998418	0.999595	1.0004	1.00158	7.377426
40000	-1568.592	-1538.934	-29.65802	791653.4	12.38193	0.998572	0.999635	1.00036	1.00143	6.914583
40100	-1563.07	-1536.546	-26.5246	431481	11.93494	0.998066	0.999505	1.00049	1.00194	6.656639
40200	-1557.717	-1528.967	-28.75001	122661.9	11.64031	0.996373	0.999071	1.00092	1.00363	6.838843
40300	-1559.717	-1532.074	-27.64294	409086.8	11.18835	0.998013	0.999492	1.00051	1.00199	6.723376
40400	-1569.404	-1537.775	-31.62903	354577.2	12.18907	0.997866	0.999454	1.00054	1.00214	7.079383
40500	-1564.208	-1542.37	-21.83829	426580.4	13.93814	0.998054	0.999502	1.0005	1.00195	6.281192
40600	-1557.877	-1530.33	-27.54679	408879.3	11.85448	0.998013	0.999492	1.00051	1.00199	6.740902
40700	-1581.454	-1545.147	-36.3065	979289.9	10.79911	0.998716	0.999672	1.00033	1.00128	7.49646
40800	-1567.398	-1539.165	-28.23303	913540.1	12.70979	0.99867	0.99966	1.00034	1.00133	6.793719
40900	-1557.768	-1529.721	-28.04739	692262.1	12.86099	0.998473	0.999609	1.00039	1.00153	6.775224
41000	-1562.397	-1530.942	-31.45498	82519.89	13.55746	0.995579	0.998866	1.00113	1.00443	6.998888
41100	-1567.167	-1534.439	-32.72782	562348.2	11.53942	0.998305	0.999567	1.00043	1.0017	7.180976
41200	-1554.548	-1518.994	-35.55335	540017.9	12.30839	0.998271	0.999558	1.00044	1.00173	7.394921
41300	-1577.689	-1544.81	-32.87898	127787.6	10.34361	0.996446	0.99909	1.00091	1.00356	7.149884
41400	-1567.423	-1530.978	-36.44446	813059.7	12.07175	0.998591	0.99964	1.00036	1.00141	7.480929
41500	-1586.958	-1550.611	-36.34728	556623.5	10.05263	0.998297	0.999564	1.00043	1.0017	7.466371
41600	-1568.152	-1536.308	-31.84404	524125	10.21837	0.998245	0.999551	1.00045	1.00176	7.037353
41700	-1561.213	-1531.708	-29.5048	57953.5	12.14544	0.994725	0.998646	1.00134	1.00529	6.905537
41800	-1548.794	-1526.89	-21.90353	268879.4	12.05238	0.99755	0.999373	1.00063	1.00245	6.27547
41900	-1548.177	-1525.338	-22.83931	120812.2	12.30858	0.996345	0.999064	1.00093	1.00366	6.361969
42000	-1576.601	-1549.501	-27.10005	808356.7	13.0381	0.998587	0.999639	1.00036	1.00141	6.696979
42100	-1580.498	-1551.32	-29.1781	852400.2	11.26095	0.998624	0.999648	1.00035	1.00138	6.863888
42200	-1567.633	-1535.021	-32.61232	32584.46	11.69342	0.992967	0.998193	1.00179	1.00705	7.170261
42300	-1580.404	-1546.414	-33.98922	609935.2	12.02371	0.998373	0.999584	1.00042	1.00163	7.279228
42400	-1572.848	-1534.841	-38.00733	56253.49	12.73852	0.994646	0.998626	1.00136	1.00536	7.560315
42500	-1561.884	-1536.776	-25.10785	412226.2	12.44046	0.998021	0.999494	1.0005	1.00198	6.547576
42600	-1582.082	-1543.515	-38.56676	712345.6	8.867597	0.998494	0.999615	1.00038	1.00151	7.53886
42700	-1562.081	-1541.438	-20.64303	707155.4	13.21013	0.998489	0.999614	1.00039	1.00151	6.202713
42800	-1575.973	-1547.799	-28.17409	324448.9	13.07122	0.997769	0.999429	1.00057	1.00223	6.77817
42900	-1574.102	-1538.538	-35.56361	702209.4	10.93265	0.998484	0.999612	1.00039	1.00152	7.430051
43000	-1563.232	-1537.928	-25.30453	135980.5	11.77101	0.996555	0.999117	1.00088	1.00345	6.548606
43100	-1565.436	-1535.703	-29.73281	188911.2	12.00362	0.997077	0.999252	1.00075	1.00293	6.92531
43200	-1580.836	-1550.599	-30.23712	42541.86	10.72658	0.993844	0.998419	1.00157	1.00617	6.929274
43300	-1562.495	-1529.693	-32.80234	793887.8	14.55954	0.998574	0.999635	1.00036	1.00143	7.012267
43400	-1567.515	-1538.208	-29.30672	614345.8	11.44323	0.998379	0.999585	1.00041	1.00162	6.88188
43500	-1561.382	-1531.063	-30.31866	696913.3	11.51578	0.998478	0.999611	1.00039	1.00152	6.971787
43600	-1555.318	-1530.355	-24.963	124383.5	10.65912	0.996398	0.999077	1.00092	1.00361	6.429286
43700	-1560.095	-1525.66	-34.43434	188050.5	12.59374	0.99707	0.99925	1.00075	1.00293	7.288667
43800	-1570.725	-1536.153	-34.57179	453311.5	11.88479	0.998113	0.999517	1.00048	1.00189	7.332556
43900	-1577.099	-1540.321	-36.77815	937842.4	10.47564	0.998688	0.999664	1.00033	1.00131	7.532379
44000	-1578.099	-1543.69	-34.40865	635647.4	10.48135	0.998406	0.999592	1.00041	1.00159	7.306518
44100	-1573.249	-1535.394	-37.85499	400539.1	9.523818	0.997992	0.999486	1.00051	1.00201	7.568065
44200	-1583.77	-1545.255	-38.51547	607731.2	10.04399	0.99837	0.999583	1.00042	1.00163	7.681559
44300	-1566.811	-1540.073	-26.73766	745930.8	12.55523	0.998529	0.999624	1.00038	1.00147	6.677878
44400	-1571.884	-1537.367	-34.51649	971247.2	11.62611	0.998711	0.99967	1.00033	1.00129	7.33451
44500	-1562.263	-1528.829	-33.43456	29381.67	12.18617	0.992594	0.998096	1.00188	1.00743	7.227617
44600	-1574.173	-1549.642	-24.53041	433502.1	11.55468	0.99807	0.999506	1.00049	1.00193	6.471506
44700	-1582.198	-1545.3	-36.89802	23268.47	13.61361	0.991679	0.997859	1.00212	1.00835	7.394824
44800	-1571.176	-1539.78	-31.39551	733953.7	11.86858	0.998517	0.999621	1.00038	1.00148	7.065448
44900	-1570.442	-1535.028	-35.41403	596563.2	11.64648	0.998355	0.999579	1.00042	1.00165	7.411173
45000	-1562.895	-1530.625	-32.26963	119407.2	11.81626	0.996324	0.999058	1.00094	1.00368	7.139813
45100	-1573.878	-1537.016	-36.8617	454962.7	10.09362	0.998116	0.999518	1.00048	1.00189	7.520472
45200	-1570.326	-1539.936	-30.38964	646707.3	11.38096	0.99842	0.999596	1.0004	1.00158	6.975027
45300	-1579.272	-1546.143	-33.129	784024.8	10.20112	0.998565	0.999633	1.00037	1.00144	7.161476
45400	-1577.402	-1541.239	-36.16236	507121.2	11.21081	0.998216	0.999544	1.00046	1.00179	7.48464
45500	-1570.422	-1538.833	-31.58861	137721.9	9.589592	0.996577	0.999123	1.00087	1.00343	6.922334
45600	-1582.289	-1551.832	-30.45621	481214.8	11.95692	0.998168	0.999531	1.00047	1.00183	6.98593
45700	-1568.369	-1546.159	-22.20994	505498.9	11.40278	0.998213	0.999543	1.00046	1.00179	6.258233
45800	-1559.765	-1533.175	-26.59033	429319.2	13.75769	0.998061	0.999504	1.00049	1.00194	6.6311
45900	-1560.605	-1531.396	-29.20863	520733	10.89467	0.998239	0.99955	1.00045	1.00176	6.846188
46000	-1570.486	-1542.411	-28.07475	584766.8	10.91195	0.998338	0.999575	1.00042	1.00166	6.743464
46100	-1560.477	-1533.303	-27.17356	734716.5	9.982908	0.998517	0.999621	1.00038	1.00148	6.541712
46200	-1574.903	-1543.097	-31.80515	689568.3	13.64009	0.99847	0.999609	1.00039	1.00153	7.018815
46300	-1549.793	-1528.589	-21.2042	813564.5	15.0105	0.998591	0.99964	1.00036	1.00141	6.195653
46400	-1555.686	-1527.589	-28.09708	503125.2	12.19133	0.998209	0.999542	1.00046	1.00179	6.789616
46500	-1584.14	-1551.809	-32.33045	299343.6	12.75759	0.997678	0.999406	1.00059	1.00232	7.113701
46600	-1556.133	-1535.972	-20.16052	230268.2	11.88319	0.997352	0.999322	1.00068	1.00265	6.119862
46700	-1554.098	-1530.958	-23.13983	51952.34	14.9499	0.994429	0.99857	1.00142	1.00558	6.328052
46800	-1565.438	-1542.852	-22.58643	482500.6	11.40554	0.998171	0.999532	1.00047	1.00183	6.291483
46900	-1570.931	-1537.845	-33.08566	328104.9	12.75392	0.997782	0.999432	1.00057	1.00222	7.173102
47000	-1556.296	-1526.796	-29.49953	395697	11.37827	0.99798	0.999483	1.00052	1.00202	6.896728
47100	-1566.368	-1539.41	-26.95772	168610.7	11.54673	0.996906	0.999208	1.00079	1.0031	6.681249
47200	-1573.784	-1538.626	-35.15826	596824.2	11.14066	0.998355	0.999579	1.00042	1.00165	7.395007
47300	-1576.241	-1546.415	-29.82596	820889.7	12.35952	0.998597	0.999641	1.00036	1.0014	6.928612
47400	-1573.959	-1539.627	-34.33209	151708	10.43981	0.996738	0.999165	1.00083	1.00327	7.296721
47500	-1566.72	-1533.082	-33.63791	132602.9	12.76329	0.996512	0.999106	1.00089	1.00349	7.215848
47600	-1570.427	-1535.635	-34.79162	944123.8	12.7391	0.998692	0.999666	1.00033	1.00131	7.307836
47700	-1555.93	-1532.778	-23.15118	799004.9	12.25413	0.998578	0.999636	1.00036	1.00142	6.385824
47800	-1570.287	-1534.582	-35.70462	537789.3	10.52002	0.998267	0.999557	1.00044	1.00173	7.431871
47900	-1579.8	-1544.173	-35.62723	946096.4	12.55312	0.998693	0.999666	1.00033	1.00131	7.386052
48000	-1588.453	-1545.488	-42.96525	217249.9	12.50978	0.997274	0.999302	1.0007	1.00273	7.975417
48100	-1565.86	-1538.026	-27.83483	439103.1	12.53616	0.998082	0.999509	1.00049	1.00192	6.765554
48200	-1552.44	-1524.165	-28.2754	376809.3	10.85092	0.99793	0.99947	1.00053	1.00207	6.757073
48300	-1546.827	-1523.667	-23.16013	332351.8	13.59667	0.997796	0.999436	1.00056	1.00221	6.386117
48400	-1551.986	-1522.657	-29.32938	186143.4	10.55856	0.997055	0.999246	1.00075	1.00295	6.829654
48500	-1556.987	-1529.991	-26.9959	318341.4	13.33113	0.997748	0.999424	1.00057	1.00225	6.679279
48600	-1580.308	-1555.071	-25.2373	762691.7	12.58925	0.998545	0.999628	1.00037	1.00146	6.558384
48700	-1574.603	-1538.797	-35.80576	760324.5	10.11436	0.998543	0.999627	1.00037	1.00146	7.417491
48800	-1562.67	-1532.19	-30.4802	95560.61	11.47411	0.995891	0.998947	1.00105	1.00411	6.985056
48900	-1553.712	-1531.223	-22.4891	939348.6	12.64256	0.998689	0.999665	1.00033	1.00131	6.340919
49000	-1558.761	-1533.517	-25.24473	27802.84	14.52534	0.992387	0.998043	1.00194	1.00763	6.495181
49100	-1578.083	-1540.07	-38.01288	797998.1	11.67058	0.998577	0.999636	1.00036	1.00142	7.633196
49200	-1583.273	-1550.704	-32.56888	678389.8	8.922111	0.998457	0.999605	1.00039	1.00154	6.877715
49300	-1578.145	-1543.667	-34.47832	263064.2	13.05452	0.997523	0.999366	1.00063	1.00248	7.261688
49400	-1568.268	-1531.257	-37.01061	757151.8	13.42644	0.99854	0.999627	1.00037	1.00146	7.421441
49500	-1565.511	-1536.208	-29.30302	151082.6	11.29493	0.996732	0.999163	1.00083	1.00327	6.87637
49600	-1581.414	-1548.693	-32.72094	581057.7	10.02086	0.998333	0.999574	1.00043	1.00167	7.101949
49700	-1551.573	-1531.62	-19.95282	343903.3	11.71721	0.997833	0.999446	1.00055	1.00217	6.089621
49800	-1561.481	-1532.891	-28.5904	174303.9	11.9125	0.996957	0.999221	1.00078	1.00305	6.829541
49900	-1594.733	-1552.416	-42.3169	945137.5	10.79063	0.998693	0.999666	1.00033	1.00131	8.053323
50000	-1579.126	-1541.384	-37.74154	569337.8	13.65328	0.998316	0.999569	1.00043	1.00169	7.452654
50100	-1571.186	-1543.952	-27.23395	169310.2	12.66807	0.996913	0.999209	1.00079	1.00309	6.715825
50200	-1578.358	-1548.155	-30.20315	507407.8	13.62135	0.998216	0.999544	1.00046	1.00178	6.902557
50300	-1573.06	-1536.193	-36.86661	348535	11.44614	0.997848	0.999449	1.00055	1.00215	7.542443
50400	-1572.695	-1539.997	-32.69823	342493.5	13.38067	0.997829	0.999444	1.00055	1.00217	7.103534
50500	-1561.775	-1531.063	-30.7122	719290.9	11.19677	0.998502	0.999617	1.00038	1.0015	6.998001
50600	-1552.044	-1523.165	-28.87871	370936.5	12.76606	0.997914	0.999466	1.00053	1.00209	6.842884
50700	-1563.324	-1531.798	-31.52585	395506.4	9.656293	0.99798	0.999483	1.00052	1.00202	6.927651
50800	-1568.102	-1542.999	-25.10272	269135.3	12.80091	0.997551	0.999373	1.00062	1.00245	6.546833
50900	-1581.932	-1550.043	-31.88948	266721.4	12.87553	0.99754	0.99937	1.00063	1.00246	7.073209
51000	-1553.276	-1527.093	-26.18324	345740.9	12.25927	0.997839	0.999447	1.00055	1.00216	6.633298
51100	-1556.658	-1531.195	-25.4629	560127.7	14.06565	0.998302	0.999566	1.00043	1.0017	6.535163
51200	-1578.783	-1538.829	-39.95415	415951.4	10.81487	0.99803	0.999496	1.0005	1.00197	7.833987
51300	-1563.371	-1537.051	-26.31977	951927.8	12.65185	0.998697	0.999667	1.00033	1.0013	6.643827
51400	-1577.009	-1537.785	-39.22346	398255.9	10.60427	0.997987	0.999485	1.00051	1.00201	7.767007
51500	-1555.874	-1529.493	-26.38098	781314.8	13.10201	0.998562	0.999632	1.00037	1.00144	6.640176
51600	-1552.366	-1522.994	-29.37156	713758.6	10.08293	0.998496	0.999615	1.00038	1.0015	6.776871
51700	-1567.884	-1534.118	-33.76659	109177	13.27416	0.996156	0.999015	1.00098	1.00385	7.191446
51800	-1569.21	-1545.265	-23.94441	103153.9	12.54616	0.996045	0.998986	1.00101	1.00396	6.455316
51900	-1574.258	-1544.78	-29.47781	817715.3	14.20335	0.998595	0.999641	1.00036	1.00141	6.810841
52000	-1564.71	-1536.416	-28.29447	331164.9	13.7412	0.997792	0.999435	1.00056	1.00221	6.755895
52100	-1561.517	-1536.958	-24.55933	124230	13.45818	0.996396	0.999077	1.00092	1.00361	6.493196
52200	-1551.915	-1522.721	-29.19336	489239.7	12.73432	0.998183	0.999535	1.00046	1.00182	6.86853
52300	-1561.194	-1532.521	-28.6728	849769.6	12.48602	0.998621	0.999647	1.00035	1.00138	6.833356
52400	-1558.119	-1532.356	-25.76314	863461.6	13.08897	0.998632	0.99965	1.00035	1.00137	6.593322
52500	-1563.347	-1532.372	-30.97488	497210.5	11.75882	0.998198	0.999539	1.00046	1.0018	7.030334
52600	-1576.485	-1546.234	-30.25047	32560.59	10.95637	0.992965	0.998192	1.00179	1.00705	6.94541
52700	-1556.954	-1533.388	-23.56613	719571.2	13.10258	0.998502	0.999617	1.00038	1.0015	6.42533
52800	-1566.679	-1537.234	-29.4446	229389.5	14.01827	0.997347	0.999321	1.00068	1.00266	6.821503
52900	-1574.075	-1543.943	-30.13264	176316.5	12.22854	0.996974	0.999225	1.00077	1.00303	6.95599
53000	-1563.018	-1531.026	-31.99216	333854	13.60236	0.997801	0.999437	1.00056	1.0022	7.035278
53100	-1555.772	-1530.57	-25.20224	649566.9	12.03	0.998423	0.999597	1.0004	1.00158	6.548591
53200	-1550.404	-1531.272	-19.13188	661232.8	12.89221	0.998437	0.9996	1.0004	1.00156	6.082776
53300	-1552.791	-1532.775	-20.01643	192060.4	14.33725	0.997101	0.999258	1.00074	1.0029	6.141079
53400	-1568.179	-1531.981	-36.19732	572115.1	12.24801	0.99832	0.99957	1.00043	1.00168	7.450811
53500	-1576.572	-1538.171	-38.40176	415051.9	10.33218	0.998028	0.999495	1.0005	1.00197	7.683442
53600	-1570.245	-1536.959	-33.28544	856274.5	11.33121	0.998627	0.999649	1.00035	1.00137	7.229226
53700	-1573.281	-1545.293	-27.98753	308219.5	11.69786	0.997711	0.999414	1.00058	1.00229	6.774869
53800	-1568.025	-1535.92	-32.10491	540879.2	10.25959	0.998272	0.999558	1.00044	1.00173	7.067055
53900	-1580.828	-1548.265	-32.56276	321604	11.56367	0.997759	0.999427	1.00057	1.00224	7.166655
54000	-1567.031	-1535.452	-31.57888	800841.2	11.71344	0.99858	0.999637	1.00036	1.00142	7.081851
54100	-1574.765	-1546.796	-27.96922	77306.02	10.03731	0.995432	0.998829	1.00116	1.00458	6.630465
54200	-1589.684	-1553.178	-36.50562	863338.8	10.98587	0.998632	0.99965	1.00035	1.00137	7.516409
54300	-1562.038	-1531.347	-30.69151	356610.6	10.60227	0.997872	0.999456	1.00054	1.00213	6.962269
54400	-1567.241	-1533.625	-33.61685	162337.6	10.91002	0.996847	0.999192	1.0008	1.00316	7.251296
54500	-1575.385	-1539.48	-35.90448	154292.6	12.01615	0.996766	0.999172	1.00082	1.00324	7.438875
54600	-1585.939	-1546.142	-39.79705	970898.2	13.0209	0.99871	0.99967	1.00033	1.00129	7.672597
54700	-1564.031	-1533.607	-30.42447	785283.4	13.01394	0.998566	0.999633	1.00037	1.00143	6.95312
54800	-1574.329	-1542.018	-32.31025	619526.4	11.04417	0.998386	0.999587	1.00041	1.00162	7.136539
54900	-1568.383	-1535.558	-32.82531	697895.5	15.3928	0.998479	0.999611	1.00039	1.00152	6.930658
55000	-1571.392	-1537.611	-33.78099	371900	12.6782	0.997916	0.999467	1.00053	1.00209	7.232059
55100	-1548.546	-1528.444	-20.10137	738207.5	13.19704	0.998521	0.999622	1.00038	1.00148	6.161634
55200	-1577.269	-1548.866	-28.40313	602008.3	12.70253	0.998362	0.999581	1.00042	1.00164	6.807284
55300	-1560.887	-1537.874	-23.01265	895997.9	12.49525	0.998657	0.999657	1.00034	1.00134	6.380203
55400	-1573.366	-1544.944	-28.42138	941876	11.4808	0.998691	0.999665	1.00033	1.00131	6.805858
55500	-1558.671	-1530.727	-27.94366	551238.7	12.72642	0.998288	0.999562	1.00044	1.00171	6.770576
55600	-1570.512	-1535.268	-35.24395	266749.8	10.56134	0.99754	0.99937	1.00063	1.00246	7.389943
55700	-1569.282	-1535.589	-33.69311	553582.7	10.8513	0.998292	0.999563	1.00044	1.00171	7.256372
55800	-1569.561	-1541.263	-28.29828	936474	11.33928	0.998687	0.999664	1.00034	1.00131	6.789463
55900	-1564.632	-1530.441	-34.19168	424707.5	12.64684	0.99805	0.999501	1.0005	1.00195	7.266317
56000	-1582.087	-1547.364	-34.72345	685861.2	12.09023	0.998466	0.999608	1.00039	1.00154	7.337595
56100	-1548.435	-1525.156	-23.27951	241293.2	11.15912	0.997414	0.999338	1.00066	1.00259	6.330566
56200	-1561.7	-1531.23	-30.46988	285706.3	10.82462	0.997623	0.999392	1.00061	1.00238	6.957652
56300	-1574.123	-1544.052	-30.07087	361119.1	12.88113	0.997886	0.999459	1.00054	1.00212	6.931732
56400	-1557.581	-1528.754	-28.82673	642608.4	11.27526	0.998415	0.999595	1.0004	1.00159	6.833334
56500	-1555.024	-1528.068	-26.9563	505539	13.53797	0.998213	0.999543	1.00046	1.00179	6.667918
56600	-1565.24	-1535.898	-29.34188	797896	12.50255	0.998577	0.999636	1.00036	1.00142	6.886567
56700	-1580.987	-1547.164	-33.82248	952729.7	8.723008	0.998698	0.999667	1.00033	1.0013	6.96306
56800	-1575.09	-1542.557	-32.53244	488240.7	10.38841	0.998181	0.999535	1.00046	1.00182	7.120192
56900	-1557.428	-1536.707	-20.72116	937575.1	12.89019	0.998688	0.999664	1.00034	1.00131	6.206021
57000	-1576.069	-1540.839	-35.22928	583589.8	13.67716	0.998337	0.999575	1.00042	1.00166	7.26647
57100	-1573.678	-1538.319	-35.35873	307764.4	11.77328	0.99771	0.999414	1.00058	1.00229	7.402682
57200	-1556.066	-1528.142	-27.92415	913095.4	11.7692	0.99867	0.99966	1.00034	1.00133	6.771117
57300	-1570.797	-1536.476	-34.32025	289229.5	12.03354	0.997637	0.999395	1.0006	1.00236	7.3064
57400	-1572.52	-1543.126	-29.39438	2552.51	11.81615	0.974954	0.993462	1.00631	1.02527	6.896483
57500	-1573.51	-1538.835	-34.67465	691750.8	10.3005	0.998472	0.999609	1.00039	1.00153	7.32051
57600	-1573.74	-1539.339	-34.40186	296385.1	13.35751	0.997666	0.999403	1.0006	1.00234	7.232715
57700	-1567.927	-1540.4	-27.52717	153018.6	12.19811	0.996752	0.999168	1.00083	1.00325	6.742884
57800	-1578.171	-1542.029	-36.14217	950137.2	12.8844	0.998696	0.999667	1.00033	1.0013	7.40281
57900	-1573.672	-1536.394	-37.27805	631551.1	10.9472	0.998401	0.999591	1.00041	1.0016	7.586847
58000	-1562.718	-1534.77	-27.94822	297905.4	14.64089	0.997672	0.999404	1.00059	1.00233	6.672996
58100	-1565.195	-1534.723	-30.47208	524733.3	14.03326	0.998246	0.999551	1.00045	1.00176	6.893694
58200	-1580.173	-1548.001	-32.17216	686028	13.20367	0.998466	0.999608	1.00039	1.00154	7.075873
58300	-1563.227	-1534.123	-29.10463	85540.45	11.99759	0.995657	0.998887	1.00111	1.00435	6.872972
58400	-1588.294	-1543.82	-44.4739	451709.5	8.576042	0.998109	0.999516	1.00048	1.00189	8.159401
58500	-1558.677	-1536.116	-22.56147	213581.1	14.28963	0.997251	0.999296	1.0007	1.00275	6.320524
58600	-1564.232	-1535.612	-28.61979	461924.6	12.28319	0.99813	0.999522	1.00048	1.00187	6.831845
58700	-1564.298	-1532.487	-31.81129	460837.1	11.57263	0.998128	0.999521	1.00048	1.00187	7.101706
58800	-1561.02	-1533.423	-27.59724	915564.6	13.65139	0.998672	0.99966	1.00034	1.00133	6.709755
58900	-1568.202	-1537.361	-30.84074	265587.1	11.63453	0.997535	0.999369	1.00063	1.00247	7.018411
59000	-1565.239	-1530.666	-34.57272	251841.9	9.247433	0.997468	0.999352	1.00065	1.00253	7.174602
59100	-1577.093	-1542.3	-34.79234	462544.8	12.30149	0.998132	0.999522	1.00048	1.00187	7.333443
59200	-1573.334	-1539.223	-34.11114	584783.4	12.67158	0.998338	0.999575	1.00042	1.00166	7.258493
59300	-1559.86	-1535.848	-24.01221	991379.8	13.38394	0.998724	0.999674	1.00033	1.00128	6.454314
59400	-1567.972	-1526.37	-41.60142	653052.3	9.17403	0.998428	0.999598	1.0004	1.00157	7.925921
59500	-1574.66	-1539.625	-35.03514	998561.6	10.9687	0.998728	0.999675	1.00032	1.00127	7.382306
59600	-1550.755	-1527.286	-23.46836	326384	13.58614	0.997776	0.999431	1.00057	1.00223	6.409061
59700	-1562.328	-1536.223	-26.10581	753717.2	13.89353	0.998536	0.999626	1.00037	1.00146	6.589548
59800	-1561.16	-1529.868	-31.29201	942531.6	13.54777	0.998691	0.999665	1.00033	1.00131	6.987521
59900	-1564.966	-1537.278	-27.68769	928424.7	10.81596	0.998681	0.999663	1.00034	1.00132	6.699862
60000	-1560.942	-1533.783	-27.15866	197702.4	11.15812	0.997143	0.999268	1.00073	1.00286	6.678121
60100	-1572.484	-1543.662	-28.82186	16149.93	13.29938	0.990016	0.997428	1.00254	1.01002	6.817759
60200	-1559.94	-1531.059	-28.88078	921499.4	12.10519	0.998676	0.999661	1.00034	1.00132	6.854305
60300	-1556.516	-1529.31	-27.20609	551994.3	13.34884	0.99829	0.999562	1.00044	1.00171	6.694352
60400	-1555.931	-1529.544	-26.3872	205232.2	11.98173	0.997196	0.999282	1.00072	1.00281	6.646153
60500	-1558.05	-1525.772	-32.27831	535369.5	12.67785	0.998263	0.999556	1.00044	1.00174	7.113551
60600	-1566.338	-1533.084	-33.25382	420027.3	12.69028	0.998039	0.999498	1.0005	1.00196	7.189823
60700	-1572.901	-1545.492	-27.409	217322.4	11.42213	0.997275	0.999302	1.0007	1.00273	6.715084
60800	-1564.162	-1526.254	-37.90722	335194.8	11.16192	0.997805	0.999438	1.00056	1.0022	7.641339
60900	-1552.177	-1525.656	-26.52193	897545.7	13.43655	0.998659	0.999657	1.00034	1.00134	6.63986
61000	-1578.942	-1545.933	-33.00878	661488.8	12.79258	0.998438	0.9996	1.0004	1.00156	7.164921
61100	-1568.615	-1534.105	-34.5094	478818.5	9.667031	0.998164	0.99953	1.00047	1.00184	7.238138
61200	-1572.496	-1541.508	-30.98839	903282.1	10.64796	0.998663	0.999658	1.00034	1.00134	6.993745
61300	-1576.056	-1549.535	-26.52111	601203.7	16.22517	0.998361	0.999581	1.00042	1.00164	6.452197
61400	-1564.557	-1539.281	-25.27545	702696.1	14.05288	0.998484	0.999612	1.00039	1.00152	6.52245
61500	-1564.007	-1544.911	-19.09528	184325.5	11.74032	0.997041	0.999242	1.00075	1.00296	6.018464
61600	-1559.027	-1534.82	-24.20619	342140.9	12.16316	0.997828	0.999444	1.00055	1.00217	6.469746
61700	-1579.094	-1549.744	-29.35012	644414.9	11.65024	0.998417	0.999595	1.0004	1.00158	6.890575
61800	-1575.165	-1541.072	-34.09278	85044.14	10.71408	0.995645	0.998883	1.00111	1.00436	7.28821
61900	-1579.491	-1546.668	-32.82226	945110.9	11.37008	0.998693	0.999666	1.00033	1.00131	7.188692
62000	-1555.99	-1526.037	-29.95256	443984	11.51672	0.998093	0.999512	1.00049	1.00191	6.940015
62100	-1569.11	-1536.757	-32.35267	934807.3	10.56546	0.998686	0.999664	1.00034	1.00131	7.116467
62200	-1558.867	-1530.227	-28.64005	154945.5	11.83821	0.996773	0.999173	1.00082	1.00323	6.832931
62300	-1583.612	-1546.258	-37.3543	849936.3	11.1203	0.998622	0.999648	1.00035	1.00138	7.592411
62400	-1571.063	-1535.22	-35.84334	675231.5	12.49812	0.998454	0.999604	1.00039	1.00155	7.406864
62500	-1575.919	-1543.095	-32.82401	391529	11.25696	0.997969	0.99948	1.00052	1.00203	7.187596
62600	-1574.325	-1536.163	-38.1621	8768.395	9.885927	0.986458	0.9965	1.00343	1.01361	7.635446
62700	-1566.946	-1536.062	-30.88432	863665.1	10.23005	0.998633	0.99965	1.00035	1.00137	6.944767
62800	-1584.856	-1540.831	-44.02505	50013.03	10.93965	0.994322	0.998543	1.00145	1.00569	8.203607
62900	-1571.7	-1535.97	-35.72993	658032.7	12.19947	0.998433	0.999599	1.0004	1.00157	7.415274
63000	-1563.318	-1530.551	-32.7676	866427.3	14.11447	0.998635	0.999651	1.00035	1.00137	7.050265
63100	-1559.522	-1530.544	-28.97797	632959.3	14.46774	0.998403	0.999591	1.00041	1.0016	6.756531
63200	-1562.049	-1531.95	-30.09866	364032.1	10.56994	0.997894	0.999461	1.00054	1.00211	6.903529
63300	-1568.143	-1538.38	-29.7631	984907	10.1763	0.998719	0.999673	1.00033	1.00128	6.828324
63400	-1567.44	-1535.919	-31.52146	283674.5	12.3847	0.997614	0.999389	1.00061	1.00239	7.06499
63500	-1564.908	-1537.153	-27.75559	493600.5	12.25321	0.998191	0.999537	1.00046	1.00181	6.761569
63600	-1558.755	-1537.481	-21.27352	370851.6	14.04372	0.997913	0.999466	1.00053	1.00209	6.237925
63700	-1548.556	-1529.052	-19.50342	959376	13.5092	0.998703	0.999668	1.00033	1.0013	6.117469
63800	-1560.467	-1529.079	-31.38781	973450.9	11.20196	0.998712	0.999671	1.00033	1.00129	7.058494
63900	-1583.692	-1542.938	-40.75452	923586.3	13.43016	0.998678	0.999662	1.00034	1.00132	7.699852
64000	-1558.076	-1539.623	-18.45337	29656.42	15.08043	0.992629	0.998105	1.00188	1.00739	6.009782
64100	-1559.307	-1527.103	-32.20431	259702.8	10.64415	0.997507	0.999362	1.00064	1.0025	7.107695
64200	-1568.42	-1546.526	-21.89416	101187.3	11.25958	0.996007	0.998977	1.00102	1.004	6.216918
64300	-1569.533	-1537.724	-31.80823	29278.75	9.840592	0.992581	0.998093	1.00189	1.00744	6.986161
64400	-1569.379	-1531.297	-38.08272	820845.8	12.10251	0.998597	0.999641	1.00036	1.0014	7.614645
64500	-1557.461	-1536.366	-21.09504	162675.4	11.47986	0.99685	0.999193	1.0008	1.00315	6.167635
64600	-1576.948	-1545.385	-31.56298	267255.4	11.5559	0.997542	0.999371	1.00063	1.00246	7.080148
64700	-1571.463	-1537.773	-33.68935	37150.32	11.50291	0.993413	0.998308	1.00168	1.0066	7.264577
64800	-1566.014	-1538.979	-27.03522	447482.6	10.93927	0.9981	0.999514	1.00048	1.0019	6.650526
64900	-1559.182	-1528.622	-30.55935	889704.4	14.60783	0.998653	0.999655	1.00034	1.00135	6.854146
65000	-1565.461	-1543.874	-21.58694	965826.7	13.35128	0.998707	0.999669	1.00033	1.00129	6.273386
65100	-1562.906	-1536.871	-26.03527	916147.8	11.82109	0.998672	0.99966	1.00034	1.00133	6.612359
65200	-1562.596	-1531.91	-30.68598	784176.6	9.568917	0.998565	0.999633	1.00037	1.00144	6.824221
65300	-1570.496	-1534.987	-35.50947	934203.6	9.858061	0.998685	0.999664	1.00034	1.00132	7.364173
65400	-1572.921	-1537.852	-35.06864	125239.1	11.57156	0.99641	0.99908	1.00092	1.00359	7.383198
65500	-1562.992	-1538.338	-24.65323	800871.6	11.59717	0.99858	0.999637	1.00036	1.00142	6.484556
65600	-1584.481	-1547.557	-36.92377	30701.21	11.41479	0.992755	0.998138	1.00184	1.00726	7.548291
65700	-1587.894	-1551.195	-36.69915	28011.01	10.06904	0.992415	0.99805	1.00193	1.0076	7.502592
65800	-1583.459	-1548.8	-34.65957	469665.3	10.70555	0.998146	0.999526	1.00047	1.00186	7.340797
65900	-1585.557	-1549.97	-35.58717	416812.9	11.596	0.998032	0.999496	1.0005	1.00197	7.427397
66000	-1564.071	-1538.57	-25.50081	412300.2	13.4419	0.998021	0.999494	1.0005	1.00198	6.563689
66100	-1586.372	-1547.011	-39.36113	418570.2	12.50902	0.998036	0.999497	1.0005	1.00197	7.687379
66200	-1559.493	-1524.94	-34.55306	185674.1	9.070307	0.997052	0.999245	1.00075	1.00295	7.135207
66300	-1553.279	-1524.984	-28.29453	302423.1	12.24629	0.99769	0.999409	1.00059	1.00231	6.805591
66400	-1577.299	-1542.044	-35.25525	40743.46	11.62086	0.99371	0.998385	1.0016	1.0063	7.398181
66500	-1577.273	-1543.555	-33.71764	529293.7	10.64978	0.998253	0.999553	1.00045	1.00175	7.250152
66600	-1554.616	-1523.606	-31.00949	601982.1	12.26254	0.998362	0.999581	1.00042	1.00164	7.026901
66700	-1558.163	-1529.172	-28.99133	868904.1	12.49896	0.998637	0.999651	1.00035	1.00136	6.858603
66800	-1593.994	-1546.871	-47.12262	204481.5	7.818433	0.99719	0.999281	1.00072	1.00281	8.302698
66900	-1569.485	-1530.57	-38.91474	734215.2	10.30777	0.998517	0.999621	1.00038	1.00148	7.732373
67000	-1573.69	-1538.411	-35.27866	147818.2	9.809661	0.996696	0.999154	1.00084	1.00331	7.335318
67100	-1555.221	-1528.095	-27.12625	356117.5	11.98136	0.997871	0.999455	1.00054	1.00213	6.707828
67200	-1570.251	-1531.528	-38.72316	488136.5	11.66212	0.998181	0.999535	1.00046	1.00182	7.694497
67300	-1579.729	-1541.668	-38.06077	930210.2	10.89726	0.998682	0.999663	1.00034	1.00132	7.658695
67400	-1582.968	-1545.766	-37.20205	161471	10.67366	0.996839	0.99919	1.00081	1.00317	7.57777
67500	-1573.507	-1545.575	-27.93241	322383	10.80101	0.997762	0.999427	1.00057	1.00224	6.721185
67600	-1567.648	-1540.466	-27.18176	510626.1	12.76927	0.998222	0.999545	1.00045	1.00178	6.709893
67700	-1566.899	-1530.811	-36.08811	790760.4	14.16929	0.998571	0.999635	1.00036	1.00143	7.279815
67800	-1563.83	-1536.287	-27.54291	577926.6	13.616	0.998328	0.999572	1.00043	1.00167	6.70752
67900	-1550.407	-1532.498	-17.9092	186871	15.10784	0.997061	0.999247	1.00075	1.00294	5.972714
68000	-1573.532	-1538.846	-34.68554	751212.6	14.20991	0.998534	0.999625	1.00037	1.00147	7.176852
68100	-1557.313	-1531.231	-26.08197	237942.6	11.77381	0.997395	0.999333	1.00066	1.00261	6.61475
68200	-1573.678	-1538.001	-35.67628	321107.1	10.71808	0.997758	0.999426	1.00057	1.00224	7.436116
68300	-1556.205	-1523.664	-32.54108	583869.1	10.90765	0.998337	0.999575	1.00042	1.00166	7.152597
68400	-1563.991	-1537.922	-26.06855	292416.9	11.12906	0.99765	0.999399	1.0006	1.00235	6.578213
68500	-1572.551	-1541.095	-31.45582	601169.8	11.84726	0.998361	0.999581	1.00042	1.00164	7.070714
68600	-1556.048	-1525.65	-30.39758	526223.3	11.91389	0.998248	0.999552	1.00045	1.00175	6.98124
68700	-1556.866	-1525.907	-30.95931	889355.7	12.62046	0.998652	0.999655	1.00034	1.00135	7.011738
68800	-1555.948	-1530.265	-25.68255	23236.1	13.50747	0.991674	0.997858	1.00212	1.00835	6.574932
68900	-1563.519	-1542.116	-21.40297	597538.9	11.59648	0.998356	0.99958	1.00042	1.00164	6.204237
69000	-1564.872	-1532.997	-31.87502	944037.8	11.01278	0.998692	0.999666	1.00033	1.00131	7.095962
69100	-1562.777	-1532.878	-29.89859	50843.46	11.45529	0.994368	0.998555	1.00143	1.00564	6.933908
69200	-1566.343	-1532.896	-33.44703	217485.2	12.82121	0.997276	0.999303	1.00069	1.00273	7.197477
69300	-1564.051	-1535.546	-28.50453	863947.3	10.62783	0.998633	0.99965	1.00035	1.00137	6.758522
69400	-1577.979	-1545.819	-32.15974	513148.5	11.16402	0.998226	0.999546	1.00045	1.00177	7.126475
69500	-1583.698	-1554.167	-29.5314	539675.2	12.33278	0.99827	0.999558	1.00044	1.00173	6.905256
69600	-1573.365	-1540.748	-32.61691	861643	11.72421	0.998631	0.99965	1.00035	1.00137	7.170362
69700	-1551.849	-1530.753	-21.09552	217732.7	14.0162	0.997277	0.999303	1.00069	1.00273	6.225972
69800	-1566.983	-1535.237	-31.74652	399435.9	13.39827	0.99799	0.999486	1.00051	1.00201	7.031247
69900	-1566.97	-1537.097	-29.87336	747824.5	10.35188	0.998531	0.999624	1.00038	1.00147	6.86023
70000	-1579.211	-1537.93	-41.28084	857498.3	9.539256	0.998628	0.999649	1.00035	1.00137	7.929057
70100	-1571.752	-1539.331	-32.42075	147831.1	11.97619	0.996696	0.999154	1.00084	1.00331	7.149833
70200	-1567.766	-1542.07	-25.69648	453366.9	12.54075	0.998113	0.999517	1.00048	1.00189	6.594974
70300	-1569.036	-1532.039	-36.99698	196229	11.70597	0.997132	0.999266	1.00073	1.00287	7.544715
70400	-1572.436	-1542.869	-29.56742	761399.6	14.27162	0.998544	0.999628	1.00037	1.00146	6.812142
70500	-1559.554	-1531.577	-27.97671	148339.3	11.41775	0.996702	0.999155	1.00084	1.0033	6.764603
70600	-1561.218	-1529.192	-32.02682	462740.3	11.85717	0.998132	0.999522	1.00048	1.00187	7.118788
70700	-1552.741	-1533.523	-19.21766	296694.9	12.9009	0.997667	0.999403	1.0006	1.00233	6.089632
70800	-1570.629	-1549.373	-21.25537	752292.9	13.52635	0.998535	0.999625	1.00037	1.00147	6.246953
70900	-1594.793	-1549.442	-45.35131	616007.5	11.28299	0.998381	0.999586	1.00041	1.00162	8.298235
71000	-1559.951	-1523.76	-36.19052	498427.1	11.0226	0.9982	0.99954	1.00046	1.0018	7.487849
71100	-1575.874	-1539.315	-36.55888	669445.3	9.996131	0.998447	0.999603	1.0004	1.00155	7.482945
71200	-1569.952	-1541.328	-28.62392	292677.1	13.3881	0.997651	0.999399	1.0006	1.00235	6.798682
71300	-1574.565	-1538.792	-35.77369	930368.1	11.86776	0.998682	0.999663	1.00034	1.00132	7.43437
71400	-1570.655	-1540.3	-30.35489	851137.6	13.56926	0.998623	0.999648	1.00035	1.00138	6.917004
71500	-1563.166	-1531.627	-31.53839	977180.6	11.64155	0.998714	0.999671	1.00033	1.00129	7.07839
71600	-1582.648	-1538.339	-44.30933	729686.7	10.34082	0.998512	0.99962	1.00038	1.00149	8.255013
71700	-1564.703	-1543.03	-21.67326	191887	14.3196	0.9971	0.999257	1.00074	1.0029	6.257286
71800	-1562.043	-1532.96	-29.0833	284912.9	15.15799	0.99762	0.999391	1.00061	1.00238	6.708051
71900	-1578.173	-1541.909	-36.26386	927679.4	9.730165	0.998681	0.999663	1.00034	1.00132	7.427053
72000	-1568.628	-1542.442	-26.18578	593379.2	11.39139	0.99835	0.999578	1.00042	1.00165	6.606254
72100	-1565.848	-1536.424	-29.42341	710155.9	13.63046	0.998492	0.999614	1.00038	1.00151	6.844774
72200	-1577.871	-1540.134	-37.73635	641110.4	11.53429	0.998413	0.999594	1.00041	1.00159	7.615212
72300	-1558.198	-1528.244	-29.95396	134399.1	11.69166	0.996535	0.999112	1.00088	1.00347	6.942904
72400	-1573.524	-1537.901	-35.62334	242780	15.11045	0.997421	0.99934	1.00066	1.00258	7.14493
72500	-1555.407	-1531.387	-24.02028	976314.1	12.23763	0.998714	0.999671	1.00033	1.00129	6.456364
72600	-1563.842	-1538.617	-25.22512	305909.1	12.55839	0.997703	0.999412	1.00059	1.0023	6.55741
72700	-1560.865	-1536.843	-24.0216	368906.1	11.37015	0.997908	0.999465	1.00053	1.00209	6.414677
72800	-1556.622	-1530.795	-25.8276	794575.4	11.5147	0.998574	0.999635	1.00036	1.00143	6.581739
72900	-1563.281	-1537.773	-25.50755	340852.3	12.80648	0.997824	0.999443	1.00056	1.00218	6.578398
73000	-1564.349	-1537.03	-27.31855	60080.57	11.53463	0.994819	0.998671	1.00132	1.00519	6.712024
73100	-1559.967	-1529.043	-30.92485	562146.4	13.06908	0.998305	0.999566	1.00043	1.0017	6.988726
73200	-1576.125	-1545.685	-30.43933	563741.5	12.98751	0.998308	0.999567	1.00043	1.00169	6.955515
73300	-1563.526	-1525.627	-37.89852	469740.7	10.99604	0.998146	0.999526	1.00047	1.00186	7.643098
73400	-1567.378	-1544.219	-23.1588	849859	10.94021	0.998622	0.999647	1.00035	1.00138	6.296277
73500	-1574.601	-1538.019	-36.58213	636297.5	11.15179	0.998407	0.999593	1.00041	1.00159	7.522718
73600	-1580.224	-1542.318	-37.90551	356169.9	11.57196	0.997871	0.999455	1.00054	1.00213	7.62834
73700	-1570.436	-1534.519	-35.91691	771000.5	10.27004	0.998553	0.99963	1.00037	1.00145	7.439264
73800	-1556.791	-1528.214	-28.57684	248656.8	13.30092	0.997452	0.999348	1.00065	1.00255	6.799265
73900	-1569.372	-1537.158	-32.2141	948389.1	13.06403	0.998695	0.999666	1.00033	1.00131	7.087677
74000	-1566.459	-1530.318	-36.14157	561015.1	11.96008	0.998303	0.999566	1.00043	1.0017	7.46127
74100	-1568.484	-1541.189	-27.29517	632641.7	11.80084	0.998402	0.999591	1.00041	1.0016	6.718464
74200	-1563.951	-1542.186	-21.76495	318046.1	13.61379	0.997747	0.999423	1.00057	1.00225	6.283208
74300	-1563.676	-1532.267	-31.40832	793112.4	11.45882	0.998573	0.999635	1.00036	1.00143	7.065749
74400	-1558.981	-1527.64	-31.34152	276868.5	12.92653	0.997585	0.999382	1.00062	1.00242	7.028117
74500	-1580.85	-1540.418	-40.43149	503129.4	12.34295	0.998209	0.999542	1.00046	1.00179	7.788181
74600	-1555.927	-1526.89	-29.03675	599222.5	11.85147	0.998358	0.99958	1.00042	1.00164	6.866564
74700	-1564.482	-1538.245	-26.23667	49246.8	11.90538	0.994278	0.998531	1.00146	1.00573	6.631773
74800	-1560.195	-1529.395	-30.80012	268319.7	13.89753	0.997547	0.999372	1.00063	1.00245	6.927135
74900	-1578.115	-1550.744	-27.37028	904220.9	12.85136	0.998664	0.999658	1.00034	1.00134	6.722808
75000	-1586.49	-1540.986	-45.50446	7710.784	8.549216	0.985562	0.996266	1.00366	1.01451	8.275027
75100	-1578.98	-1542.809	-36.17083	600498.5	12.65013	0.99836	0.999581	1.00042	1.00164	7.422575
75200	-1571.593	-1531.691	-39.90185	764426	12.60077	0.998547	0.999628	1.00037	1.00145	7.722157
75300	-1574.763	-1538.864	-35.89895	462819.8	11.91082	0.998132	0.999522	1.00048	1.00187	7.443132
75400	-1575.691	-1538.131	-37.55972	466909.5	9.424216	0.99814	0.999524	1.00047	1.00186	7.524011
75500	-1569.666	-1533.545	-36.12132	207435.7	11.75647	0.997211	0.999286	1.00071	1.00279	7.468088
75600	-1568.628	-1542.529	-26.09848	234444.8	11.39976	0.997376	0.999328	1.00067	1.00263	6.599075
75700	-1560.795	-1532.005	-28.78959	44073.56	10.78985	0.993952	0.998447	1.00154	1.00606	6.799643
75800	-1568.138	-1537.047	-31.09175	227471	13.85103	0.997336	0.999318	1.00068	1.00267	6.951549
75900	-1562.706	-1536.474	-26.23192	508730.8	11.84762	0.998218	0.999544	1.00045	1.00178	6.629787
76000	-1560.975	-1531.92	-29.05494	411222.1	11.70901	0.998019	0.999493	1.00051	1.00198	6.866304
76100	-1579.468	-1541.745	-37.72282	324123.2	10.414	0.997768	0.999429	1.00057	1.00223	7.62069
76200	-1561.73	-1534.944	-26.78548	806086.8	12.64775	0.998585	0.999638	1.00036	1.00142	6.680689
76300	-1573.86	-1542.7	-31.15961	678635	12.41004	0.998457	0.999605	1.00039	1.00154	7.034998
76400	-1578.473	-1540.597	-37.87662	426447	11.98154	0.998054	0.999502	1.0005	1.00195	7.605077
76500	-1564.177	-1533.102	-31.07467	773665.2	12.29965	0.998555	0.999631	1.00037	1.00145	7.031278
76600	-1570.238	-1536.972	-33.26617	650374.9	11.48071	0.998424	0.999597	1.0004	1.00158	7.227849
76700	-1555.91	-1524.506	-31.40473	21826.79	11.13223	0.991409	0.997789	1.00218	1.00862	7.057802
76800	-1574.3	-1543.107	-31.19325	633122.5	14.38149	0.998403	0.999592	1.00041	1.0016	6.916948
76900	-1576.343	-1544.475	-31.86846	811694.5	10.97904	0.998589	0.999639	1.00036	1.00141	7.094029
77000	-1563.131	-1541.683	-21.44827	25743.49	14.28302	0.992089	0.997965	1.00201	1.00793	6.24285
77100	-1569.731	-1547.955	-21.77601	381602.3	13.86248	0.997943	0.999474	1.00052	1.00206	6.278698
77200	-1572.472	-1536.114	-36.35749	351498.5	11.28697	0.997857	0.999452	1.00055	1.00214	7.501062
77300	-1572.628	-1532.255	-40.37375	973083.1	9.971287	0.998712	0.999671	1.00033	1.00129	7.863461
77400	-1563.61	-1537.075	-26.53544	690752.8	13.32219	0.998471	0.999609	1.00039	1.00153	6.645052
77500	-1563.017	-1533.261	-29.75558	627220.2	13.31743	0.998395	0.99959	1.00041	1.00161	6.887017
77600	-1571.277	-1542.837	-28.43926	707173.7	14.03062	0.998489	0.999614	1.00039	1.00151	6.749004
77700	-1559.679	-1534.372	-25.30709	612228	11.57526	0.998376	0.999585	1.00041	1.00162	6.53981
77800	-1559.453	-1531.709	-27.74363	633797.3	13.148	0.998404	0.999592	1.00041	1.0016	6.742543
77900	-1559.248	-1528.991	-30.25748	377073.7	11.36793	0.997931	0.999471	1.00053	1.00207	6.96306
78000	-1566.419	-1540.017	-26.40259	119216.6	11.71255	0.996321	0.999057	1.00094	1.00368	6.639909
78100	-1575.896	-1543.347	-32.54837	850548.1	13.46252	0.998622	0.999648	1.00035	1.00138	7.086502
78200	-1557.759	-1531.061	-26.69779	685738.4	13.61901	0.998465	0.999608	1.00039	1.00154	6.645319
78300	-1563.891	-1529.693	-34.19757	596896.8	10.74294	0.998355	0.999579	1.00042	1.00165	7.299132
78400	-1581.395	-1540.457	-40.93784	348839.1	11.38684	0.997849	0.999449	1.00055	1.00215	7.901528
78500	-1560.412	-1535.017	-25.39484	882461	15.17503	0.998647	0.999654	1.00035	1.00135	6.463526
78600	-1562.986	-1532.109	-30.87656	777676.8	10.40014	0.998559	0.999631	1.00037	1.00144	6.961942
78700	-1558.472	-1527.346	-31.12659	579291.3	11.15208	0.99833	0.999573	1.00043	1.00167	7.033521
78800	-1568.243	-1537.79	-30.45314	237471.5	12.19849	0.997393	0.999333	1.00067	1.00261	6.982748
78900	-1564.198	-1535.492	-28.7065	78811.11	13.64335	0.995476	0.99884	1.00115	1.00453	6.791461
79000	-1564.559	-1536.346	-28.21285	754028.9	12.99414	0.998537	0.999626	1.00037	1.00146	6.783858
79100	-1571.675	-1541.303	-30.37199	553056.5	12.29116	0.998291	0.999563	1.00044	1.00171	6.974329
79200	-1573.162	-1530.864	-42.29811	332569.8	12.93654	0.997797	0.999436	1.00056	1.00221	7.87456
79300	-1569.751	-1536.998	-32.75297	811247.1	11.1674	0.998589	0.999639	1.00036	1.00141	7.179683
79400	-1574.601	-1534.489	-40.11213	878122.2	11.43635	0.998644	0.999653	1.00035	1.00136	7.8265
79500	-1570.446	-1545.847	-24.59845	859644.7	16.06741	0.998629	0.99965	1.00035	1.00137	6.346162
79600	-1572.666	-1534.005	-38.66141	653583.8	11.30593	0.998428	0.999598	1.0004	1.00157	7.704546
79700	-1571.262	-1543.174	-28.08788	239833.1	12.43876	0.997406	0.999336	1.00066	1.0026	6.787141
79800	-1573.159	-1542.358	-30.80091	603029.9	13.02829	0.998364	0.999581	1.00042	1.00164	6.981325
79900	-1554.493	-1529.832	-24.66032	619819.7	12.44104	0.998386	0.999587	1.00041	1.00161	6.511608
80000	-1581.196	-1541.905	-39.2908	359189.6	13.93683	0.99788	0.999457	1.00054	1.00212	7.533485
80100	-1587.317	-1546.232	-41.08578	454832.2	10.62218	0.998116	0.999518	1.00048	1.00189	7.9424
80200	-1576.794	-1544.045	-32.74908	19238.71	11.16836	0.990851	0.997644	1.00233	1.00918	7.179355
80300	-1567.358	-1536.986	-30.37122	316870	12.16094	0.997743	0.999422	1.00058	1.00226	6.976642
80400	-1592.999	-1550.839	-42.15962	423502.9	8.867834	0.998047	0.9995	1.0005	1.00195	7.944066
80500	-1564.734	-1535.651	-29.08357	229008.3	13.96134	0.997345	0.99932	1.00068	1.00266	6.799501
80600	-1565.776	-1539.185	-26.59082	914243.4	13.02482	0.998671	0.99966	1.00034	1.00133	6.658263
80700	-1564.01	-1539.036	-24.9743	338158	11.35485	0.997815	0.999441	1.00056	1.00219	6.497414
80800	-1563.501	-1532.12	-31.38064	142566.8	10.42152	0.996636	0.999138	1.00086	1.00337	7.012369
80900	-1554.587	-1529.462	-25.12469	718623.5	11.94855	0.998501	0.999617	1.00038	1.0015	6.539775
81000	-1567.067	-1531.628	-35.43937	386383.1	12.36081	0.997956	0.999477	1.00052	1.00205	7.382716
81100	-1567.551	-1542.782	-24.76907	618534	14.27364	0.998384	0.999587	1.00041	1.00162	6.475824
81200	-1575.844	-1539.138	-36.70605	156470.4	11.9121	0.996788	0.999177	1.00082	1.00322	7.510832
81300	-1569.658	-1538.074	-31.58409	257570.2	11.34613	0.997497	0.999359	1.00064	1.00251	7.079365
81400	-1564.641	-1530.652	-33.98876	290252.2	10.35104	0.997642	0.999396	1.0006	1.00236	7.25772
81500	-1581.045	-1544.082	-36.96259	48983.63	11.50328	0.994263	0.998527	1.00146	1.00575	7.549123
81600	-1579.016	-1545.205	-33.81132	543129	12.47898	0.998276	0.999559	1.00044	1.00173	7.245256
81700	-1560.068	-1528.159	-31.90865	645902.7	11.42561	0.998419	0.999596	1.0004	1.00158	7.109065
81800	-1562.386	-1537.779	-24.60715	778893	12.15955	0.99856	0.999632	1.00037	1.00144	6.502626
81900	-1568.024	-1535	-33.02417	851307.2	10.68906	0.998623	0.999648	1.00035	1.00138	7.187174
82000	-1574.083	-1538.818	-35.26555	717646.4	10.26964	0.9985	0.999616	1.00038	1.0015	7.375813
82100	-1566.051	-1537.605	-28.44595	751127.1	10.7791	0.998534	0.999625	1.00037	1.00147	6.766883
82200	-1551.029	-1523.991	-27.03804	968081.3	13.75202	0.998708	0.99967	1.00033	1.00129	6.663925
82300	-1573.928	-1533.625	-40.30322	717010.1	10.30021	0.998499	0.999616	1.00038	1.0015	7.866941
82400	-1571.83	-1537.9	-33.92931	288442.5	11.27472	0.997634	0.999394	1.0006	1.00237	7.285877
82500	-1578.952	-1548.031	-30.92124	360489.3	13.37507	0.997884	0.999458	1.00054	1.00212	6.971073
82600	-1572.644	-1542.674	-29.97017	727401.9	12.46663	0.99851	0.999619	1.00038	1.00149	6.937766
82700	-1560.152	-1530.653	-29.49854	14662.17	13.18875	0.989522	0.997299	1.00266	1.01052	6.874097
82800	-1546.616	-1522.843	-23.77309	847646.9	13.80886	0.99862	0.999647	1.00035	1.00138	6.424622
82900	-1560.272	-1527.968	-32.30335	372100.6	11.44355	0.997917	0.999467	1.00053	1.00208	7.143751
83000	-1566.124	-1532.297	-33.82639	49264.62	10.72999	0.994279	0.998531	1.00146	1.00573	7.264035
83100	-1555.136	-1522.312	-32.82375	789773.8	11.15646	0.99857	0.999634	1.00036	1.00143	7.185797
83200	-1557.773	-1531.014	-26.75907	68122.52	14.29551	0.995134	0.998752	1.00124	1.00487	6.613919
83300	-1569.1	-1534.446	-34.65357	949396.5	10.61531	0.998696	0.999666	1.00033	1.0013	7.336553
83400	-1556.342	-1531.284	-25.05784	750919	12.1042	0.998534	0.999625	1.00037	1.00147	6.538472
83500	-1557.071	-1529.867	-27.20425	666007.3	13.40522	0.998443	0.999602	1.0004	1.00156	6.691942
83600	-1574.485	-1539.191	-35.29419	733330.8	9.344486	0.998516	0.99962	1.00038	1.00148	7.270185
83700	-1566.544	-1535.891	-30.65231	695349.2	11.2641	0.998476	0.99961	1.00039	1.00152	6.9949
83800	-1574.289	-1536.906	-37.38338	524484.2	13.19413	0.998245	0.999551	1.00045	1.00176	7.471442
83900	-1576.713	-1539.873	-36.84039	199979	12.99279	0.997159	0.999273	1.00072	1.00284	7.447929
84000	-1560.745	-1534.548	-26.1978	73533.42	12.68347	0.995316	0.998799	1.00119	1.00469	6.633876
84100	-1569.611	-1541.878	-27.73277	654914.5	15.54737	0.99843	0.999598	1.0004	1.00157	6.586843
84200	-1575.638	-1543.46	-32.17761	847070.5	12.36288	0.998619	0.999647	1.00035	1.00138	7.118763
84300	-1574.66	-1537.481	-37.17928	236781.4	13.36374	0.997389	0.999332	1.00067	1.00261	7.440049
84400	-1574.191	-1534.905	-39.28536	408137.5	12.95255	0.998011	0.999491	1.00051	1.00199	7.640097
84500	-1574.882	-1538.779	-36.1034	743686.2	10.80641	0.998526	0.999623	1.00038	1.00147	7.477782
84600	-1559.853	-1537.429	-22.42343	779306.8	14.85602	0.99856	0.999632	1.00037	1.00144	6.285039
84700	-1567.945	-1531.993	-35.95274	14522.22	11.54423	0.989472	0.997286	1.00267	1.01057	7.460324
84800	-1564.913	-1537.822	-27.09128	917205	10.73359	0.998673	0.999661	1.00034	1.00133	6.636708
84900	-1570.137	-1536.972	-33.16514	526280.1	14.53339	0.998248	0.999552	1.00045	1.00175	7.039694
85000	-1570.271	-1534.938	-35.33258	611562.9	13.10755	0.998375	0.999584	1.00041	1.00163	7.322962
85100	-1557.75	-1535.075	-22.67435	499746.9	13.66678	0.998203	0.99954	1.00046	1.0018	6.348773
85200	-1570.214	-1536.557	-33.6569	526485.7	11.78679	0.998249	0.999552	1.00045	1.00175	7.257854
85300	-1568.113	-1534.059	-34.05413	328026.7	11.85587	0.997782	0.999432	1.00057	1.00222	7.2898
85400	-1573.069	-1540.577	-32.49152	685981.3	10.73039	0.998466	0.999608	1.00039	1.00154	7.139651
85500	-1567.774	-1544.349	-23.42497	221523.8	13.37788	0.997301	0.999309	1.00069	1.0027	6.410554
85600	-1560.424	-1533.704	-26.72053	286593.9	13.28058	0.997627	0.999393	1.00061	1.00238	6.660414
85700	-1567.495	-1536.52	-30.97574	159980.3	11.02043	0.996824	0.999187	1.00081	1.00318	7.014651
85800	-1564.624	-1534.513	-30.11137	309695.4	13.82946	0.997717	0.999416	1.00058	1.00229	6.882234
85900	-1570.855	-1536.587	-34.26785	715631.4	10.89182	0.998498	0.999616	1.00038	1.0015	7.310487
86000	-1571.429	-1544.539	-26.89034	674109.8	12.88933	0.998452	0.999604	1.00039	1.00155	6.684635
86100	-1571.261	-1537.56	-33.70142	143749.4	12.32168	0.996649	0.999142	1.00085	1.00335	7.243876
86200	-1557.705	-1523.73	-33.97448	669167.1	13.58	0.998447	0.999603	1.0004	1.00155	7.182866
86300	-1573.317	-1537.482	-35.83426	674095.9	10.64559	0.998452	0.999604	1.0004	1.00155	7.448768
86400	-1560.581	-1536.263	-24.31855	325609.3	12.10979	0.997773	0.99943	1.00057	1.00223	6.477553
86500	-1585.488	-1547.115	-38.37352	666687.3	9.241927	0.998444	0.999602	1.0004	1.00156	7.584774
86600	-1572.865	-1539.311	-33.55363	994996.1	11.64703	0.998726	0.999674	1.00033	1.00127	7.251427
86700	-1562.885	-1531.39	-31.49462	95155.32	10.82305	0.995882	0.998945	1.00105	1.00412	7.052232
86800	-1559.629	-1534.297	-25.33178	337559.9	12.81391	0.997813	0.99944	1.00056	1.00219	6.564598
86900	-1556.456	-1532.584	-23.87238	582051	13.77096	0.998334	0.999574	1.00043	1.00167	6.4331
87000	-1566.121	-1532.838	-33.28326	978778.6	12.12476	0.998715	0.999672	1.00033	1.00129	7.217341
87100	-1569.881	-1543.238	-26.64222	428906.3	11.34538	0.99806	0.999504	1.0005	1.00194	6.643766
87200	-1560.501	-1536.355	-24.14688	163440.4	13.32085	0.996858	0.999195	1.0008	1.00315	6.465789
87300	-1559.344	-1527.899	-31.4446	121300.1	10.50801	0.996353	0.999065	1.00093	1.00365	7.025947
87400	-1576.221	-1537.676	-38.54528	747082.2	10.33124	0.99853	0.999624	1.00038	1.00147	7.697303
87500	-1555.954	-1524.494	-31.46002	43716.64	12.63352	0.993927	0.998441	1.00155	1.00609	7.050875
87600	-1583.674	-1550.41	-33.26417	773177.2	11.93813	0.998555	0.99963	1.00037	1.00145	7.221252
87700	-1556.611	-1529.866	-26.74502	922424.7	12.27951	0.998677	0.999662	1.00034	1.00132	6.679203
87800	-1569.469	-1534.324	-35.14457	97222.55	8.641762	0.995926	0.998956	1.00104	1.00408	7.091352
87900	-1565.545	-1534.381	-31.16402	661534.1	12.01997	0.998438	0.9996	1.0004	1.00156	7.044313
88000	-1549.755	-1526.716	-23.03924	592700.9	11.76533	0.998349	0.999578	1.00042	1.00165	6.355838
88100	-1563.934	-1539.962	-23.97204	397249.3	12.36588	0.997984	0.999484	1.00051	1.00202	6.455089
88200	-1571.168	-1533.617	-37.5508	113839.8	9.717197	0.996235	0.999035	1.00096	1.00377	7.558005
88300	-1565.208	-1533.905	-31.30305	505570.5	11.38613	0.998213	0.999543	1.00046	1.00179	7.055381
88400	-1564.843	-1527.54	-37.30301	826803.3	11.22316	0.998602	0.999643	1.00036	1.0014	7.586156
88500	-1570.436	-1541.074	-29.36213	486291.7	12.78736	0.998178	0.999534	1.00046	1.00182	6.880038
88600	-1563.249	-1532.799	-30.45061	797136.5	9.924704	0.998577	0.999636	1.00036	1.00142	6.86136
88700	-1574.312	-1537.499	-36.81277	929269.2	12.21816	0.998682	0.999663	1.00034	1.00132	7.502899
88800	-1568.704	-1531.487	-37.21729	25231.94	11.62743	0.992009	0.997945	1.00203	1.00801	7.566762
88900	-1563.196	-1538.795	-24.40145	34756.2	14.54141	0.99319	0.99825	1.00173	1.00683	6.436255
89000	-1570.431	-1530.776	-39.65505	38973.81	11.21896	0.993569	0.998348	1.00164	1.00645	7.795884
89100	-1589.817	-1551.061	-38.75615	272876.5	12.45556	0.997568	0.999377	1.00062	1.00243	7.643434
89200	-1565.46	-1528.961	-36.49921	420320.7	10.52506	0.99804	0.999499	1.0005	1.00196	7.50758
89300	-1559.98	-1530.914	-29.06536	381161.6	11.19404	0.997942	0.999473	1.00053	1.00206	6.850787
89400	-1575.363	-1535.788	-39.57486	221114.6	9.528538	0.997298	0.999308	1.00069	1.0027	7.749134
89500	-1562.431	-1533.694	-28.73649	275537.3	15.78275	0.997579	0.99938	1.00062	1.00242	6.630146
89600	-1554.969	-1528.893	-26.07517	975180.3	13.2307	0.998713	0.999671	1.00033	1.00129	6.613325
89700	-1570.077	-1546.661	-23.41544	204484.1	12.86239	0.99719	0.999281	1.00072	1.00281	6.415068
89800	-1578.881	-1542.462	-36.41946	771225.1	10.84081	0.998553	0.99963	1.00037	1.00145	7.507494
89900	-1557.443	-1527.621	-29.82228	684351.9	10.93484	0.998464	0.999607	1.00039	1.00154	6.905032
90000	-1567.763	-1537.999	-29.76461	883772.8	11.80714	0.998648	0.999654	1.00035	1.00135	6.927762
90100	-1551.024	-1522.107	-28.91668	229004	13.79365	0.997345	0.99932	1.00068	1.00266	6.798032
90200	-1571.926	-1543.154	-28.77118	43938.29	9.953078	0.993943	0.998445	1.00154	1.00607	6.696876
90300	-1559.052	-1534.465	-24.58652	535212.5	12.01056	0.998263	0.999556	1.00044	1.00174	6.496804
90400	-1578.915	-1549.902	-29.01289	176551.7	13.10738	0.996976	0.999226	1.00077	1.00303	6.840828
90500	-1586.753	-1553.463	-33.28945	727679.4	12.63136	0.99851	0.999619	1.00038	1.00149	7.195797
90600	-1550.017	-1527.781	-22.23578	548859.4	14.18479	0.998285	0.999561	1.00044	1.00172	6.30163
90700	-1585.708	-1550.631	-35.07732	420143.6	10.89255	0.99804	0.999498	1.0005	1.00196	7.384821
90800	-1564.049	-1532.025	-32.02484	86828.38	11.00306	0.99569	0.998895	1.0011	1.00432	7.109202
90900	-1572.959	-1540.163	-32.79596	233047.1	14.6006	0.997368	0.999326	1.00067	1.00263	7.007942
91000	-1565.596	-1534.254	-31.34164	36531.57	11.97825	0.993357	0.998294	1.00169	1.00666	7.0597
91100	-1585.715	-1547.426	-38.28834	658506.2	11.42503	0.998434	0.999599	1.0004	1.00157	7.667454
91200	-1570.904	-1538.07	-32.83367	278725.5	11.06242	0.997593	0.999384	1.00061	1.00241	7.184437
91300	-1571.354	-1534.711	-36.6428	799463.3	13.55232	0.998579	0.999637	1.00036	1.00142	7.382039
91400	-1556.101	-1528.095	-28.0064	172292.9	12.87485	0.996939	0.999216	1.00078	1.00306	6.771642
91500	-1577.5	-1539.591	-37.90835	342268.1	9.579564	0.997828	0.999444	1.00055	1.00217	7.580216
91600	-1568.563	-1543.734	-24.82937	875727	12.57547	0.998642	0.999653	1.00035	1.00136	6.525949
91700	-1563.537	-1528.497	-35.04019	385335.6	10.41423	0.997953	0.999476	1.00052	1.00205	7.363104
91800	-1574.477	-1536.939	-37.53748	996364.6	10.02327	0.998727	0.999674	1.00032	1.00127	7.582768
91900	-1562.18	-1533.347	-28.83249	615690.3	12.68261	0.998381	0.999586	1.00041	1.00162	6.841626
92000	-1576.535	-1555.742	-20.79259	939138.5	11.82725	0.998689	0.999665	1.00033	1.00131	6.169284
92100	-1557.21	-1533.408	-23.80225	787129.6	12.73128	0.998568	0.999634	1.00037	1.00143	6.44517
92200	-1579.245	-1541.894	-37.35035	827937.3	11.85636	0.998603	0.999643	1.00036	1.0014	7.5678
92300	-1556.775	-1525.7	-31.07453	514079.3	11.731	0.998228	0.999547	1.00045	1.00177	7.038812
92400	-1568.42	-1529.393	-39.02782	66407.13	11.45233	0.995072	0.998736	1.00126	1.00494	7.730984
92500	-1569.768	-1534.054	-35.71445	877533.7	13.25761	0.998643	0.999653	1.00035	1.00136	7.339598
92600	-1579.061	-1538.733	-40.3283	72078.74	12.10831	0.995269	0.998787	1.00121	1.00474	7.799723
92700	-1564.354	-1537.594	-26.75941	261309.5	13.8142	0.997515	0.999364	1.00063	1.00249	6.640618
92800	-1563.953	-1535.405	-28.54797	894013.4	12.25395	0.998656	0.999656	1.00034	1.00134	6.826231
92900	-1568.52	-1539.697	-28.82287	559909.2	11.98511	0.998302	0.999566	1.00043	1.0017	6.849448
93000	-1568.163	-1543.968	-24.19461	649173.8	12.86309	0.998423	0.999597	1.0004	1.00158	6.475642
93100	-1563.845	-1537.924	-25.92141	61330.67	11.54057	0.994872	0.998684	1.00131	1.00514	6.591194
93200	-1579.639	-1544.083	-35.55635	300018.7	11.42226	0.99768	0.999406	1.00059	1.00232	7.428377
93300	-1561.129	-1536.125	-25.00437	302123.1	11.47887	0.997688	0.999408	1.00059	1.00231	6.508112
93400	-1558.701	-1530.663	-28.03804	66796.65	12.89603	0.995086	0.99874	1.00125	1.00492	6.77348
93500	-1575.304	-1539.205	-36.09877	6806.887	11.48362	0.984636	0.996023	1.00389	1.01545	7.474507
93600	-1567.545	-1536.792	-30.75343	895181.1	12.43057	0.998657	0.999657	1.00034	1.00134	7.001675
93700	-1586.387	-1551.007	-35.3793	614401.8	12.26491	0.998379	0.999585	1.00041	1.00162	7.38313
93800	-1586.377	-1550.374	-36.00279	508959.2	13.55642	0.998219	0.999544	1.00045	1.00178	7.334432
93900	-1564.079	-1533.66	-30.41898	410797.7	13.29537	0.998017	0.999493	1.00051	1.00198	6.938074
94000	-1578.972	-1539.658	-39.31411	502406.5	15.38679	0.998207	0.999541	1.00046	1.00179	7.352999
94100	-1564.497	-1533.944	-30.55256	129741.9	11.0153	0.996473	0.999096	1.0009	1.00353	6.976001
94200	-1575.263	-1546.197	-29.06536	870572	12.08794	0.998638	0.999652	1.00035	1.00136	6.869614
94300	-1555.623	-1522.469	-33.15346	488727	12.42901	0.998182	0.999535	1.00046	1.00182	7.194819
94400	-1562.552	-1540.909	-21.64299	188855.6	13.92835	0.997077	0.999251	1.00075	1.00293	6.267437
94500	-1556.52	-1530.083	-26.43651	769766.5	14.1095	0.998552	0.99963	1.00037	1.00145	6.601986
94600	-1586.107	-1545.359	-40.74867	874490.9	12.68485	0.998641	0.999652	1.00035	1.00136	7.780968
94700	-1557.651	-1530.022	-27.62845	280230.2	12.74707	0.9976	0.999386	1.00061	1.0024	6.745367
94800	-1569.803	-1542.503	-27.2992	592666.8	12.97415	0.998349	0.999578	1.00042	1.00165	6.714111
94900	-1558.419	-1527.589	-30.82997	977688.4	13.00831	0.998715	0.999671	1.00033	1.00129	6.98456
95000	-1583.947	-1545.933	-38.01454	970232.5	11.13572	0.99871	0.99967	1.00033	1.00129	7.651488
95100	-1579.976	-1547.519	-32.45611	957973.3	11.51286	0.998702	0.999668	1.00033	1.0013	7.157391
95200	-1563.062	-1528.019	-35.04333	901150.4	11.90691	0.998661	0.999658	1.00034	1.00134	7.371439
95300	-1563.365	-1535.185	-28.18011	386946.5	12.76494	0.997957	0.999477	1.00052	1.00204	6.788189
95400	-1577.802	-1547.863	-29.93872	728061.5	11.64758	0.998511	0.999619	1.00038	1.00149	6.941062
95500	-1572.866	-1538.344	-34.52239	537555.8	10.74648	0.998267	0.999557	1.00044	1.00173	7.329493
95600	-1583.625	-1536.58	-47.04538	883554.8	12.65254	0.998648	0.999654	1.00035	1.00135	8.281879
95700	-1561.482	-1531.802	-29.67984	74847.52	11.52777	0.995358	0.998809	1.00118	1.00465	6.916584
95800	-1593.536	-1551.095	-42.44118	925458	10.40693	0.998679	0.999662	1.00034	1.00132	8.073842
95900	-1568.82	-1542.865	-25.95521	99364.66	11.16744	0.99597	0.998967	1.00103	1.00404	6.570972
96000	-1572.792	-1535.387	-37.40538	646004.8	10.28071	0.998419	0.999596	1.0004	1.00158	7.584703
96100	-1571.019	-1541.498	-29.52172	261483.7	11.31609	0.997515	0.999364	1.00063	1.00249	6.896523
96200	-1573.603	-1538.962	-34.64118	289012.7	11.86257	0.997637	0.999395	1.0006	1.00237	7.339106
96300	-1576.316	-1543.988	-32.32775	469590.6	12.6023	0.998146	0.999526	1.00047	1.00186	7.121005
96400	-1566.9	-1539.968	-26.9324	970819.2	11.27091	0.99871	0.99967	1.00033	1.00129	6.665065
96500	-1580.753	-1541.735	-39.01777	978207.7	9.109174	0.998715	0.999671	1.00033	1.00129	7.633943
96600	-1562.47	-1530.487	-31.98352	610659.1	12.37581	0.998374	0.999584	1.00041	1.00163	7.102612
96700	-1581.315	-1537.756	-43.55914	548651.2	8.779344	0.998284	0.999561	1.00044	1.00172	8.088465
96800	-1564.613	-1527.923	-36.6899	92396.04	10.43168	0.995821	0.998929	1.00106	1.00418	7.522239
96900	-1558.841	-1529.587	-29.254	825081.2	10.72936	0.998601	0.999642	1.00036	1.0014	6.837851
97000	-1583.655	-1547.377	-36.27825	787883.7	11.13788	0.998568	0.999634	1.00037	1.00143	7.495555
97100	-1567.131	-1536.764	-30.3671	264990.6	12.04006	0.997532	0.999368	1.00063	1.00247	6.977826
97200	-1569.994	-1538.201	-31.79263	380222.4	9.747433	0.997939	0.999473	1.00053	1.00206	6.970295
97300	-1577.061	-1548.444	-28.61722	256289.2	15.16042	0.99749	0.999358	1.00064	1.00251	6.677099
97400	-1570.632	-1531.589	-39.04289	77970.52	13.82791	0.995452	0.998834	1.00116	1.00456	7.528244
97500	-1570.655	-1538.665	-31.99041	4269.705	11.75433	0.980615	0.994965	1.0049	1.01952	7.11673
97600	-1548.996	-1533.927	-15.06864	896154.9	12.86051	0.998658	0.999657	1.00034	1.00134	5.766044
97700	-1575.321	-1541.447	-33.8736	391099.8	11.231	0.997968	0.99948	1.00052	1.00203	7.280653
97800	-1582.547	-1554.212	-28.33445	523344	11.58978	0.998243	0.999551	1.00045	1.00176	6.801769
97900	-1570.097	-1535.103	-34.99416	812583.7	10.5933	0.99859	0.999639	1.00036	1.00141	7.367709
98000	-1570.309	-1541.892	-28.41717	530387.8	14.17649	0.998255	0.999554	1.00045	1.00175	6.737958
98100	-1582.069	-1545.742	-36.32674	117914	11.68115	0.996301	0.999052	1.00094	1.0037	7.488348
98200	-1559.476	-1536.939	-22.53673	791968.4	12.64452	0.998572	0.999635	1.00036	1.00143	6.344714
98300	-1573.176	-1541.022	-32.15357	76093.94	11.60649	0.995396	0.998819	1.00117	1.00461	7.13129
98400	-1563.527	-1532.19	-31.33713	705066.9	12.52289	0.998487	0.999613	1.00039	1.00151	7.045419
98500	-1590.907	-1552.949	-37.95765	87286.04	12.09153	0.995701	0.998898	1.0011	1.00431	7.605017
98600	-1568.996	-1534.622	-34.37389	993260.5	12.86755	0.998725	0.999674	1.00033	1.00128	7.266699
98700	-1565.743	-1536.897	-28.84602	154812.2	9.781703	0.996771	0.999173	1.00082	1.00323	6.674435
98800	-1562.208	-1532.264	-29.94416	228308.1	10.57959	0.997341	0.999319	1.00068	1.00266	6.889777
98900	-1571.146	-1539.18	-31.96608	837212.7	12.22746	0.998611	0.999645	1.00035	1.00139	7.105953
99000	-1570.198	-1541.838	-28.36009	627432.7	11.51614	0.998396	0.99959	1.00041	1.00161	6.801722
99100	-1563.829	-1540.907	-22.92173	439646.6	12.57037	0.998084	0.99951	1.00049	1.00192	6.374178
99200	-1562.399	-1533.497	-28.90282	338319.8	10.6558	0.997816	0.999441	1.00056	1.00219	6.798602
99300	-1569.489	-1541.077	-28.41213	670671.8	12.06568	0.998448	0.999603	1.0004	1.00155	6.815532
99400	-1574.794	-1541.601	-33.19341	740266.7	9.243506	0.998523	0.999622	1.00038	1.00148	7.02461
99500	-1560.7	-1530.565	-30.13435	490982.1	14.34812	0.998187	0.999536	1.00046	1.00181	6.845938
99600	-1570.807	-1539.448	-31.3591	271761.9	12.15469	0.997563	0.999376	1.00062	1.00244	7.058012
99700	-1561.608	-1532.218	-29.3907	906114.9	10.74941	0.998665	0.999659	1.00034	1.00134	6.852204
99800	-1558.961	-1529.338	-29.62229	782097.7	12.2505	0.998563	0.999633	1.00037	1.00144	6.913952
99900	-1566.823	-1537.58	-29.2438	662218	11.28987	0.998438	0.999601	1.0004	1.00156	6.870923
100000	-1561.177	-1530.132	-31.04501	844256.8	12.41879	0.998617	0.999646	1.00035	1.00138	7.025496
