Iteration	Posterior	Likelihood	Prior	alpha_morpho	br_len_lambda	rates_morpho[1]	rates_morpho[2]	rates_morpho[3]	rates_morpho[4]	tree_length
0	-2800.563	-2713.809	-86.75426	935519.2	5.694357	0.998686	0.999664	1.00034	1.00131	13.70213
100	-1600.824	-1562.902	-37.92233	280274.5	9.765406	0.9976	0.999386	1.00061	1.0024	7.600829
200	-1581.628	-1549.738	-31.88953	903496.2	12.8367	0.998663	0.999658	1.00034	1.00134	7.075214
300	-1561.842	-1526.866	-34.97604	779459.9	11.56213	0.998561	0.999632	1.00037	1.00144	7.37538
400	-1562.033	-1531.814	-30.2194	583597.5	11.36151	0.998337	0.999575	1.00042	1.00166	6.95953
500	-1567.649	-1530.853	-36.79613	558016.2	10.02866	0.998299	0.999565	1.00043	1.0017	7.509218
600	-1576.342	-1547.672	-28.66992	946193.9	11.28975	0.998694	0.999666	1.00033	1.00131	6.820086
700	-1554.657	-1530.945	-23.7113	319641.2	13.00295	0.997753	0.999425	1.00057	1.00225	6.437362
800	-1561.059	-1530.644	-30.41452	783980.2	10.68499	0.998565	0.999633	1.00037	1.00144	6.942722
900	-1579.329	-1549.338	-29.99094	458155.2	11.50119	0.998123	0.99952	1.00048	1.00188	6.943021
1000	-1555.754	-1534.571	-21.18317	408514	12.81512	0.998012	0.999491	1.00051	1.00199	6.240858
1100	-1576.749	-1543.751	-32.99797	599287.5	11.84266	0.998359	0.99958	1.00042	1.00164	7.200971
1200	-1553.083	-1520.743	-32.3398	783122.4	10.20658	0.998564	0.999633	1.00037	1.00144	7.084671
1300	-1561.429	-1531.245	-30.18466	581773.4	10.84798	0.998334	0.999574	1.00043	1.00167	6.932836
1400	-1555.592	-1532.159	-23.43276	754463.2	10.78348	0.998537	0.999626	1.00037	1.00146	6.302359
1500	-1560.45	-1533.696	-26.75442	761476.5	11.36586	0.998544	0.999628	1.00037	1.00146	6.654794
1600	-1561.337	-1531.119	-30.21814	314730.3	12.52519	0.997735	0.99942	1.00058	1.00227	6.955995
1700	-1576.789	-1547.402	-29.3871	453068.5	12.74602	0.998112	0.999517	1.00048	1.00189	6.883366
1800	-1554.432	-1528.568	-25.86444	422412.5	11.641	0.998045	0.9995	1.0005	1.00196	6.590979
1900	-1556.249	-1527.877	-28.37263	345018.8	11.92854	0.997837	0.999446	1.00055	1.00216	6.811421
2000	-1568.465	-1539.537	-28.92793	843596.4	13.51332	0.998616	0.999646	1.00035	1.00138	6.814885
2100	-1560.877	-1534.552	-26.32437	346329	11.4069	0.997841	0.999447	1.00055	1.00216	6.619288
2200	-1573.816	-1537.815	-36.00087	888860.6	11.10439	0.998652	0.999655	1.00034	1.00135	7.470734
2300	-1567.537	-1542.031	-25.50644	997173.8	13.79492	0.998727	0.999675	1.00032	1.00127	6.550744
2400	-1557.06	-1530.925	-26.13494	820386.1	11.38385	0.998597	0.999641	1.00036	1.0014	6.601352
2500	-1569.578	-1539.118	-30.46007	988731.9	13.65522	0.998722	0.999673	1.00033	1.00128	6.919214
2600	-1587.204	-1551.555	-35.64893	952488.8	10.60736	0.998698	0.999667	1.00033	1.0013	7.430034
2700	-1580.576	-1551.72	-28.85534	639365.6	14.08175	0.998411	0.999594	1.00041	1.00159	6.775277
2800	-1580.953	-1548.45	-32.50321	305037.9	11.28632	0.997699	0.999411	1.00059	1.0023	7.159572
2900	-1559.421	-1545.838	-13.58245	807077.8	14.98081	0.998585	0.999638	1.00036	1.00142	5.688327
3000	-1562.298	-1527.741	-34.55694	505182.5	9.831436	0.998212	0.999543	1.00046	1.00179	7.264389
3100	-1556.171	-1534.685	-21.48555	738439.8	14.35361	0.998521	0.999622	1.00038	1.00148	6.242956
3200	-1578.732	-1539.721	-39.01077	777477.1	12.59483	0.998559	0.999631	1.00037	1.00144	7.651961
3300	-1560.273	-1531.78	-28.49335	716509.9	12.55244	0.998499	0.999616	1.00038	1.0015	6.81777
3400	-1586.274	-1543.529	-42.7445	567223.9	12.23911	0.998313	0.999568	1.00043	1.00169	7.986266
3500	-1591.892	-1552.954	-38.9388	766944.7	10.08589	0.998549	0.999629	1.00037	1.00145	7.725873
3600	-1553.347	-1524.911	-28.4353	519508.1	14.17202	0.998237	0.999549	1.00045	1.00176	6.739534
3700	-1553.69	-1532.643	-21.04712	197619.5	12.24417	0.997142	0.999268	1.00073	1.00286	6.213695
3800	-1558.188	-1530.803	-27.38473	15888.72	13.99191	0.989934	0.997406	1.00256	1.0101	6.676079
3900	-1569.978	-1536.505	-33.47301	702217.3	11.3888	0.998484	0.999612	1.00039	1.00152	7.245964
4000	-1570.36	-1534.199	-36.16105	275909.7	11.97542	0.997581	0.999381	1.00062	1.00242	7.462181
4100	-1569.081	-1535.589	-33.49204	681661.1	13.15386	0.998461	0.999606	1.00039	1.00154	7.179343
4200	-1564.877	-1539.546	-25.33154	405233.9	11.47749	0.998004	0.999489	1.00051	1.002	6.536534
4300	-1570.835	-1536.533	-34.30202	755120.2	12.82511	0.998538	0.999626	1.00037	1.00146	7.263909
4400	-1568.512	-1537.238	-31.27368	921482.1	12.69984	0.998676	0.999661	1.00034	1.00132	7.033381
4500	-1561.776	-1534.987	-26.78918	626686.2	12.90364	0.998395	0.999589	1.00041	1.00161	6.676469
4600	-1572.811	-1541.76	-31.05067	507506.2	11.81799	0.998216	0.999544	1.00046	1.00178	7.036647
4700	-1565.727	-1539.317	-26.41022	535724.1	9.940583	0.998264	0.999556	1.00044	1.00174	6.457297
4800	-1562.48	-1530.846	-31.63395	994615.7	10.57718	0.998726	0.999674	1.00033	1.00127	7.049319
4900	-1573.588	-1539.883	-33.70558	723868.8	10.75408	0.998506	0.999618	1.00038	1.00149	7.253806
5000	-1555.599	-1527.587	-28.01272	652667.3	13.06948	0.998427	0.999598	1.0004	1.00157	6.765886
5100	-1580.592	-1548.63	-31.96159	71257.18	10.84759	0.995242	0.99878	1.00121	1.00477	7.09662
5200	-1568.253	-1540.3	-27.95367	378137.9	11.64949	0.997934	0.999471	1.00053	1.00207	6.77069
5300	-1562.623	-1537.32	-25.30265	646725.4	13.54152	0.99842	0.999596	1.0004	1.00158	6.545646
5400	-1566.554	-1535.539	-31.01542	786991.8	11.0119	0.998568	0.999634	1.00037	1.00143	7.017866
5500	-1564.742	-1538.036	-26.70586	605139.6	14.87558	0.998366	0.999582	1.00042	1.00163	6.571913
5600	-1556.289	-1525.017	-31.27168	387872.2	12.75354	0.99796	0.999478	1.00052	1.00204	7.030889
5700	-1581.397	-1539.221	-42.17638	233385.9	12.83982	0.99737	0.999327	1.00067	1.00263	7.876223
5800	-1574.141	-1543.359	-30.7824	415913.2	10.98293	0.99803	0.999496	1.0005	1.00197	6.995301
5900	-1571.212	-1539.295	-31.9176	643205.4	11.72868	0.998416	0.999595	1.0004	1.00159	7.110692
6000	-1563.841	-1533.312	-30.52923	133711.8	14.07502	0.996526	0.99911	1.00089	1.00348	6.894652
6100	-1576.164	-1535.317	-40.84636	322473.5	10.21403	0.997763	0.999427	1.00057	1.00224	7.918261
6200	-1571.228	-1538.647	-32.5811	525614.3	10.22678	0.998247	0.999552	1.00045	1.00175	7.11031
6300	-1561.729	-1534.969	-26.76033	256848.1	10.93546	0.997493	0.999358	1.00064	1.00251	6.625066
6400	-1568.849	-1537.205	-31.64432	92573.4	11.67087	0.995825	0.99893	1.00106	1.00418	7.087501
6500	-1554.153	-1529.712	-24.44183	206180.8	15.24077	0.997202	0.999284	1.00071	1.0028	6.396361
6600	-1577.319	-1536.647	-40.67225	245883	10.16029	0.997438	0.999344	1.00065	1.00256	7.899931
6700	-1565.406	-1532.072	-33.3335	327145	12.25756	0.997779	0.999432	1.00057	1.00222	7.216619
6800	-1572.239	-1537.051	-35.18809	161287	11.83698	0.996837	0.99919	1.00081	1.00317	7.386101
6900	-1580.437	-1540.581	-39.85688	330344	11.8243	0.997789	0.999434	1.00056	1.00221	7.781378
7000	-1557.974	-1527.862	-30.11219	649841.8	11.02737	0.998424	0.999597	1.0004	1.00158	6.936654
7100	-1555.364	-1525.489	-29.87512	143499.1	11.50199	0.996646	0.999141	1.00086	1.00336	6.932968
7200	-1556.279	-1533.401	-22.87804	840036.8	13.22539	0.998613	0.999645	1.00035	1.00139	6.371739
7300	-1561.941	-1528.26	-33.68185	367458.5	11.57457	0.997904	0.999464	1.00053	1.0021	7.263322
7400	-1570.658	-1539.982	-30.67643	539102.6	11.47703	0.998269	0.999557	1.00044	1.00173	7.00221
7500	-1567.835	-1537.396	-30.43867	329988.7	12.05092	0.997788	0.999434	1.00056	1.00221	6.983656
7600	-1555.495	-1524.846	-30.64838	530774.4	12.40119	0.998256	0.999554	1.00045	1.00175	6.994046
7700	-1577.742	-1544.069	-33.67298	888315.8	12.17922	0.998652	0.999655	1.00034	1.00135	7.24745
7800	-1560.056	-1535.635	-24.42039	837876	12.45599	0.998612	0.999645	1.00035	1.00139	6.492486
7900	-1566.999	-1530.526	-36.47285	601137.7	12.82358	0.998361	0.999581	1.00042	1.00164	7.433293
8000	-1544.644	-1522.385	-22.25877	377743	14.31287	0.997933	0.999471	1.00053	1.00207	6.298438
8100	-1580.355	-1542.904	-37.45084	232508.8	9.535639	0.997365	0.999325	1.00067	1.00264	7.527109
8200	-1555.262	-1533.119	-22.14311	963147.1	15.05012	0.998705	0.999669	1.00033	1.0013	6.256089
8300	-1564.619	-1532.944	-31.67485	952551.9	10.01982	0.998698	0.999667	1.00033	1.0013	6.997424
8400	-1557.535	-1524.035	-33.49951	385967.8	9.354297	0.997955	0.999477	1.00052	1.00205	7.080029
8500	-1568.991	-1531.609	-37.38158	805521.7	11.27288	0.998584	0.999638	1.00036	1.00142	7.592115
8600	-1568.689	-1544.944	-23.74419	304369.6	12.52309	0.997697	0.999411	1.00059	1.0023	6.439096
8700	-1569.932	-1537.936	-31.99659	756103	12.74631	0.998539	0.999626	1.00037	1.00146	7.088082
8800	-1567.024	-1534.678	-32.34627	158871.8	10.78688	0.996813	0.999184	1.00081	1.00319	7.129123
8900	-1570.27	-1540.989	-29.28165	885481	12.24476	0.99865	0.999655	1.00034	1.00135	6.886214
9000	-1566.568	-1533.791	-32.77719	235290	10.82189	0.997381	0.999329	1.00067	1.00262	7.170683
9100	-1570.72	-1537.152	-33.5673	378535.6	11.27088	0.997935	0.999472	1.00053	1.00207	7.25374
9200	-1571.538	-1544.495	-27.04265	682298.6	10.98441	0.998462	0.999607	1.00039	1.00154	6.654916
9300	-1572.071	-1536.642	-35.42844	819847	11.95615	0.998597	0.999641	1.00036	1.0014	7.401807
9400	-1571.284	-1532.38	-38.90475	117986.8	13.49973	0.996302	0.999052	1.00094	1.0037	7.55465
9500	-1564.356	-1538.193	-26.16276	596477.7	12.65478	0.998355	0.999579	1.00042	1.00165	6.63139
9600	-1570.941	-1537.544	-33.39694	803315.7	9.029361	0.998582	0.999637	1.00036	1.00142	6.997838
9700	-1575.891	-1538.697	-37.19439	630941.5	10.5293	0.9984	0.999591	1.00041	1.0016	7.573751
9800	-1566.932	-1537.32	-29.61191	669677.5	10.81671	0.998447	0.999603	1.0004	1.00155	6.877822
9900	-1565.567	-1540.224	-25.34266	465629.7	11.09897	0.998138	0.999524	1.00048	1.00186	6.510452
10000	-1573.656	-1536.025	-37.63021	985317.7	10.15625	0.99872	0.999673	1.00033	1.00128	7.6003
10100	-1559.229	-1530.332	-28.89751	231875	11.42008	0.997362	0.999325	1.00067	1.00264	6.845331
10200	-1548.7	-1524.232	-24.46761	864862.8	11.66318	0.998634	0.999651	1.00035	1.00137	6.472172
10300	-1567.48	-1545.276	-22.20415	608634.8	12.71898	0.998371	0.999583	1.00042	1.00163	6.31949
10400	-1562.098	-1538.959	-23.13823	882711.9	12.00871	0.998647	0.999654	1.00035	1.00135	6.376142
10500	-1564.709	-1530.339	-34.37038	687136.4	10.88581	0.998467	0.999608	1.00039	1.00153	7.319743
10600	-1572.065	-1546.155	-25.9094	856457.9	14.54735	0.998627	0.999649	1.00035	1.00137	6.539589
10700	-1577.824	-1541.199	-36.62555	59282.76	10.04917	0.994784	0.998662	1.00133	1.00523	7.49379
10800	-1566.818	-1538.768	-28.05027	511009.6	13.1272	0.998222	0.999545	1.00045	1.00178	6.766651
10900	-1563.945	-1539.683	-24.26232	92541.81	12.02402	0.995825	0.99893	1.00106	1.00418	6.470261
11000	-1560.559	-1539.927	-20.63195	600927.9	13.18351	0.998361	0.999581	1.00042	1.00164	6.201795
11100	-1565.984	-1530.474	-35.50985	555890.9	10.86492	0.998296	0.999564	1.00043	1.00171	7.42405
11200	-1552.26	-1521.109	-31.15003	687359.6	12.42829	0.998467	0.999608	1.00039	1.00153	7.033653
11300	-1564.297	-1531.66	-32.6373	33608.65	10.55819	0.993075	0.998221	1.00176	1.00694	7.142922
11400	-1565.782	-1533.156	-32.62543	110562.6	14.57006	0.99618	0.999021	1.00097	1.00383	6.999131
11500	-1558.016	-1528.472	-29.5447	74971.7	10.82729	0.995362	0.99881	1.00118	1.00465	6.872373
11600	-1564.827	-1526.029	-38.79883	896396.1	12.45804	0.998658	0.999657	1.00034	1.00134	7.646657
11700	-1573.953	-1531.058	-42.89514	647922	9.853772	0.998421	0.999596	1.0004	1.00158	8.113239
11800	-1564.701	-1535.791	-28.9101	436391.7	10.80188	0.998076	0.999508	1.00049	1.00192	6.811772
11900	-1568.069	-1540.991	-27.07732	601165.2	13.84491	0.998361	0.999581	1.00042	1.00164	6.66204
12000	-1570.756	-1533.114	-37.64219	359755.3	11.50718	0.997882	0.999458	1.00054	1.00212	7.60806
12100	-1559.489	-1529.622	-29.8678	918943.4	9.376874	0.998674	0.999661	1.00034	1.00133	6.697049
12200	-1585.8	-1553.392	-32.40791	581702.1	11.87515	0.998334	0.999574	1.00043	1.00167	7.150643
12300	-1568.62	-1535.423	-33.19668	340514.9	11.50831	0.997823	0.999443	1.00056	1.00218	7.221731
12400	-1558.802	-1523.833	-34.96883	92764.77	10.82497	0.99583	0.998931	1.00106	1.00418	7.373282
12500	-1565.715	-1539.504	-26.21052	147450.4	14.94508	0.996692	0.999153	1.00084	1.00331	6.533789
12600	-1579.644	-1543.263	-36.38128	836112.4	10.46649	0.99861	0.999645	1.00035	1.00139	7.494124
12700	-1572.415	-1536.62	-35.79465	514436.8	11.87162	0.998228	0.999547	1.00045	1.00177	7.435981
12800	-1567.567	-1532.773	-34.79375	630882.5	11.38431	0.9984	0.999591	1.00041	1.0016	7.361971
12900	-1565.002	-1531.793	-33.20931	237582	10.73033	0.997393	0.999333	1.00066	1.00261	7.206541
13000	-1568.144	-1536.067	-32.07693	253998.8	10.78839	0.997479	0.999355	1.00064	1.00252	7.104234
13100	-1568.927	-1537.459	-31.46728	181279.1	10.77468	0.997016	0.999236	1.00076	1.00299	7.046915
13200	-1554.312	-1528.124	-26.18877	412655.4	16.00303	0.998022	0.999494	1.0005	1.00198	6.450547
13300	-1556.591	-1533.599	-22.99158	118324.9	12.52108	0.996307	0.999054	1.00094	1.0037	6.378965
13400	-1558.327	-1530.21	-28.11694	883899	13.09495	0.998648	0.999654	1.00034	1.00135	6.772933
13500	-1566.299	-1543.122	-23.17714	572632.7	15.23619	0.998321	0.99957	1.00043	1.00168	6.313662
13600	-1567.728	-1541.302	-26.42623	495042.6	11.36498	0.998194	0.999538	1.00046	1.00181	6.625869
13700	-1572.376	-1532.685	-39.69134	790114.2	11.54028	0.99857	0.999634	1.00036	1.00143	7.784386
13800	-1565.915	-1539.999	-25.91614	656306.8	13.30318	0.998431	0.999599	1.0004	1.00157	6.599157
13900	-1580.017	-1546.253	-33.76355	123456	10.29516	0.996385	0.999074	1.00092	1.00362	7.231632
14000	-1569.6	-1543.158	-26.44241	483138.6	12.93015	0.998172	0.999532	1.00047	1.00183	6.649044
14100	-1572.768	-1546.672	-26.09606	380394.6	12.19575	0.99794	0.999473	1.00053	1.00206	6.625534
14200	-1565.659	-1537.938	-27.72162	751147.1	11.86293	0.998534	0.999625	1.00037	1.00147	6.755802
14300	-1572.766	-1539.462	-33.3037	874176	12.67499	0.998641	0.999652	1.00035	1.00136	7.194587
14400	-1576.879	-1547.238	-29.64067	114832.7	10.46634	0.996251	0.999039	1.00096	1.00375	6.850091
14500	-1561.677	-1540.295	-21.38276	853665.4	12.02319	0.998625	0.999648	1.00035	1.00138	6.230734
14600	-1558.93	-1534.535	-24.39491	777508.5	14.27403	0.998559	0.999631	1.00037	1.00144	6.449591
14700	-1572.377	-1536.27	-36.10777	581106.1	12.78134	0.998333	0.999574	1.00043	1.00167	7.408014
14800	-1564.276	-1531.322	-32.95389	336951.5	9.773613	0.997811	0.99944	1.00056	1.00219	7.093232
14900	-1565.611	-1537.171	-28.43989	968737.1	11.5417	0.998709	0.99967	1.00033	1.00129	6.809457
15000	-1569.938	-1532.549	-37.38877	198623.4	10.5083	0.997149	0.99927	1.00073	1.00285	7.591635
15100	-1577.853	-1542.034	-35.81913	882770.2	11.41067	0.998647	0.999654	1.00035	1.00135	7.451592
15200	-1562.936	-1530.683	-32.25255	855414.6	13.555	0.998626	0.999649	1.00035	1.00137	7.057895
15300	-1560.088	-1529.881	-30.20663	408641.9	10.67679	0.998012	0.999491	1.00051	1.00199	6.922625
15400	-1575.254	-1541.585	-33.66851	751264.7	12.98488	0.998534	0.999625	1.00037	1.00147	7.204327
15500	-1582.605	-1546.75	-35.85568	398725.4	9.24589	0.997988	0.999485	1.00051	1.00201	7.313058
15600	-1567.046	-1534.938	-32.10859	834660.2	11.27853	0.998609	0.999644	1.00036	1.00139	7.124463
15700	-1570.067	-1535.654	-34.41286	981758.9	11.85361	0.998717	0.999672	1.00033	1.00128	7.320124
15800	-1572.638	-1542.046	-30.59213	713732.4	14.15484	0.998496	0.999615	1.00038	1.0015	6.893047
15900	-1548.834	-1522.007	-26.82628	245779.8	11.50432	0.997437	0.999344	1.00065	1.00257	6.668003
16000	-1570.708	-1538.852	-31.85517	270041.3	14.18097	0.997555	0.999374	1.00062	1.00245	6.980098
16100	-1568.015	-1531.605	-36.41018	576009.4	9.607511	0.998326	0.999572	1.00043	1.00168	7.42742
16200	-1565.061	-1537.609	-27.45167	564308.7	11.72221	0.998308	0.999567	1.00043	1.00169	6.729745
16300	-1579.468	-1542.468	-36.99958	894581.9	14.32408	0.998656	0.999656	1.00034	1.00134	7.327091
16400	-1563.375	-1530.508	-32.86651	863004.1	12.01868	0.998632	0.99965	1.00035	1.00137	7.185985
16500	-1567.172	-1540.458	-26.71368	216882	12.42962	0.997272	0.999302	1.0007	1.00273	6.676693
16600	-1576.401	-1543.389	-33.01266	685408.1	10.90509	0.998465	0.999607	1.00039	1.00154	7.195738
16700	-1582.159	-1541.326	-40.83268	681093.7	10.23186	0.99846	0.999606	1.00039	1.00154	7.917266
16800	-1578.406	-1548.987	-29.41933	72365.08	12.65197	0.995279	0.998789	1.0012	1.00473	6.888812
16900	-1571.519	-1544.811	-26.70777	670964.6	11.23761	0.998449	0.999603	1.0004	1.00155	6.643039
17000	-1570.857	-1543.149	-27.70762	781218.9	12.37896	0.998562	0.999632	1.00037	1.00144	6.757085
17100	-1564.94	-1534.518	-30.42186	447824.4	12.53345	0.998101	0.999514	1.00048	1.0019	6.972004
17200	-1564.55	-1536.776	-27.77429	804627.9	11.21894	0.998583	0.999638	1.00036	1.00142	6.736893
17300	-1574.392	-1543.219	-31.17349	414748.3	11.05961	0.998027	0.999495	1.0005	1.00197	7.034249
17400	-1566.341	-1536.393	-29.94778	908517.8	11.70483	0.998667	0.999659	1.00034	1.00133	6.942515
17500	-1575.938	-1543.086	-32.85257	814103.8	13.02147	0.998592	0.99964	1.00036	1.00141	7.139228
17600	-1569.978	-1541.749	-28.2291	47890.73	10.76289	0.994198	0.99851	1.00148	1.00581	6.745342
17700	-1566.042	-1536.021	-30.02092	940908.7	13.72486	0.99869	0.999665	1.00033	1.00131	6.882598
17800	-1580.308	-1548.692	-31.61578	294676	11.27726	0.997659	0.999401	1.0006	1.00234	7.08074
17900	-1571.682	-1533.678	-38.00429	873610.2	13.18921	0.99864	0.999652	1.00035	1.00136	7.518978
18000	-1566.172	-1531.047	-35.1252	66472.8	12.86996	0.995074	0.998736	1.00125	1.00493	7.324915
18100	-1565.379	-1539.83	-25.54914	608651.5	10.58764	0.998371	0.999583	1.00042	1.00163	6.475384
18200	-1562.826	-1537.867	-24.95941	500868.7	12.13272	0.998205	0.999541	1.00046	1.0018	6.531007
18300	-1576.26	-1540.092	-36.16772	923908.6	13.11632	0.998678	0.999662	1.00034	1.00132	7.385938
18400	-1572.477	-1540.825	-31.65196	466951.6	12.38242	0.99814	0.999524	1.00047	1.00186	7.075603
18500	-1558.035	-1533.024	-25.0111	399370.4	11.9951	0.997989	0.999486	1.00051	1.00201	6.531704
18600	-1553.124	-1526.396	-26.72816	385190.7	12.83541	0.997953	0.999476	1.00052	1.00205	6.67316
18700	-1564.704	-1536.181	-28.52216	766803.9	11.06797	0.998549	0.999629	1.00037	1.00145	6.795037
18800	-1570.165	-1534.829	-35.33515	272452	11.26196	0.997566	0.999377	1.00062	1.00244	7.410644
18900	-1565.86	-1539.867	-25.99345	104927	11.36306	0.996079	0.998995	1.001	1.00393	6.587671
19000	-1563.78	-1538.425	-25.35489	54666.69	11.64617	0.994569	0.998606	1.00138	1.00544	6.547452
19100	-1555.373	-1536.343	-19.02995	981649.7	15.21739	0.998717	0.999672	1.00033	1.00128	6.042283
19200	-1563.17	-1531.185	-31.98511	920726.1	10.26911	0.998676	0.999661	1.00034	1.00133	7.05633
19300	-1564.186	-1537.302	-26.88348	734701.4	13.99057	0.998517	0.999621	1.00038	1.00148	6.640328
19400	-1562.116	-1531.414	-30.70149	395212.8	13.14168	0.997979	0.999483	1.00052	1.00202	6.967847
19500	-1569.436	-1537.041	-32.39435	657732.8	10.10444	0.998433	0.999599	1.0004	1.00157	7.0791
19600	-1572.078	-1536.833	-35.24487	717244	8.944255	0.9985	0.999616	1.00038	1.0015	7.182934
19700	-1584.57	-1546.129	-38.44179	870499.3	10.60231	0.998638	0.999652	1.00035	1.00136	7.693271
19800	-1573.006	-1538.49	-34.51642	423225	10.27531	0.998047	0.9995	1.0005	1.00195	7.303293
19900	-1550.237	-1524.52	-25.71764	978973.8	12.0426	0.998716	0.999672	1.00033	1.00128	6.591717
20000	-1573.8	-1540.698	-33.10275	450998.2	11.64103	0.998108	0.999516	1.00048	1.00189	7.212773
20100	-1569.057	-1539.347	-29.71085	3575.738	9.737398	0.978824	0.994491	1.00535	1.02134	6.754901
20200	-1566.673	-1531.555	-35.11806	120738.4	12.67651	0.996344	0.999063	1.00093	1.00366	7.337632
20300	-1573.267	-1551.095	-22.17211	87527.3	15.34467	0.995707	0.998899	1.00109	1.0043	6.241416
20400	-1565.115	-1529.277	-35.83787	829741.9	12.56474	0.998605	0.999643	1.00036	1.0014	7.40206
20500	-1569.479	-1535.574	-33.90541	633999.3	10.48079	0.998404	0.999592	1.00041	1.0016	7.25847
20600	-1570.019	-1531.455	-38.56346	566.6078	10.29659	0.947116	0.985861	1.01313	1.05389	7.697911
20700	-1579.164	-1549.409	-29.75473	13442.58	11.88493	0.989058	0.997179	1.00278	1.01098	6.927243
20800	-1565.255	-1534.356	-30.89919	762560.7	11.13896	0.998545	0.999628	1.00037	1.00146	7.012644
20900	-1555.91	-1527.635	-28.27496	903530	10.30707	0.998663	0.999658	1.00034	1.00134	6.700072
21000	-1576.922	-1550.923	-25.9984	756204.6	12.58112	0.998539	0.999626	1.00037	1.00146	6.618882
21100	-1585.085	-1553.307	-31.77748	252034.2	11.34035	0.997469	0.999352	1.00065	1.00253	7.096309
21200	-1571.729	-1540.258	-31.47173	639779.6	9.76636	0.998411	0.999594	1.00041	1.00159	6.940425
21300	-1571.297	-1538.396	-32.90097	980054.1	13.02322	0.998716	0.999672	1.00033	1.00128	7.142835
21400	-1565.024	-1536.436	-28.58873	214327.2	12.13748	0.997256	0.999297	1.0007	1.00275	6.830131
21500	-1579.492	-1546.021	-33.47119	613642.8	12.07668	0.998378	0.999585	1.00041	1.00162	7.234467
21600	-1585.293	-1542.261	-43.0324	839948.5	10.1096	0.998613	0.999645	1.00035	1.00139	8.131949
21700	-1590.51	-1546.331	-44.17914	546257.8	8.343109	0.998281	0.99956	1.00044	1.00172	8.076914
21800	-1581.426	-1544.856	-36.56998	936752.5	13.86971	0.998687	0.999664	1.00034	1.00131	7.345154
21900	-1577.513	-1539.981	-37.53146	383039.8	10.70413	0.997947	0.999475	1.00052	1.00205	7.60904
22000	-1564.422	-1535.789	-28.63266	840355.2	13.0088	0.998614	0.999646	1.00035	1.00139	6.815627
22100	-1558.93	-1531.129	-27.80054	348913.6	11.93303	0.997849	0.99945	1.00055	1.00215	6.763521
22200	-1569.565	-1530.706	-38.85915	435238.9	10.75611	0.998074	0.999507	1.00049	1.00193	7.73302
22300	-1587.386	-1547.297	-40.08894	736259.7	12.05854	0.998519	0.999621	1.00038	1.00148	7.783857
22400	-1584.646	-1547.286	-37.3599	595530.8	10.74623	0.998353	0.999579	1.00042	1.00165	7.593531
22500	-1559.611	-1536.333	-23.27877	146874.3	12.03004	0.996685	0.999151	1.00085	1.00332	6.388703
22600	-1592.808	-1545.655	-47.15294	940971.4	8.488393	0.99869	0.999665	1.00033	1.00131	8.458461
22700	-1559.356	-1530.839	-28.51669	557649.5	13.19449	0.998298	0.999565	1.00043	1.0017	6.799409
22800	-1557.939	-1525.095	-32.84411	237321.5	10.63874	0.997392	0.999332	1.00067	1.00261	7.167488
22900	-1559.205	-1530.847	-28.35871	450576.6	11.64727	0.998107	0.999516	1.00048	1.00189	6.805403
23000	-1572.985	-1544.341	-28.64398	518008.5	10.91415	0.998234	0.999548	1.00045	1.00177	6.795789
23100	-1568.165	-1537.041	-31.12493	393536.9	13.33433	0.997974	0.999482	1.00052	1.00203	6.988812
23200	-1569.548	-1541.231	-28.31708	574830.8	13.45769	0.998324	0.999571	1.00043	1.00168	6.772436
23300	-1562.853	-1534.865	-27.98877	65791.11	14.21671	0.995049	0.99873	1.00126	1.00496	6.705136
23400	-1560.41	-1527.561	-32.84906	248049.6	13.63799	0.997449	0.999347	1.00065	1.00255	7.095511
23500	-1570.848	-1543.745	-27.10322	950138.6	11.78954	0.998696	0.999667	1.00033	1.0013	6.701907
23600	-1557.598	-1526.957	-30.64044	615409.3	12.30558	0.99838	0.999586	1.00041	1.00162	6.995836
23700	-1580.644	-1544.978	-35.66673	769622.2	10.52178	0.998551	0.99963	1.00037	1.00145	7.428344
23800	-1572.744	-1536.201	-36.54287	998551	10.56006	0.998728	0.999675	1.00032	1.00127	7.512891
23900	-1557.248	-1532.415	-24.83346	99294.16	13.11859	0.995969	0.998967	1.00103	1.00404	6.521762
24000	-1577.101	-1548.076	-29.02499	871215.9	12.31413	0.998639	0.999652	1.00035	1.00136	6.864447
24100	-1582.63	-1549.877	-32.75279	190911.2	11.95136	0.997092	0.999255	1.00074	1.00291	7.178125
24200	-1558.299	-1528.946	-29.35229	784911.6	12.6125	0.998566	0.999633	1.00037	1.00144	6.884623
24300	-1570.845	-1542.763	-28.08247	456273.9	13.84959	0.998119	0.999519	1.00048	1.00188	6.734372
24400	-1567.074	-1535.206	-31.86809	880461.4	10.93766	0.998646	0.999654	1.00035	1.00135	7.092246
24500	-1567.83	-1540.604	-27.2258	686247.3	12.02129	0.998466	0.999608	1.00039	1.00153	6.71669
24600	-1573.383	-1544.168	-29.21537	450807.8	12.05793	0.998107	0.999516	1.00048	1.00189	6.882127
24700	-1566.439	-1537.691	-28.74713	366540.8	11.53971	0.997901	0.999463	1.00054	1.0021	6.83602
24800	-1576.9	-1545.724	-31.17605	18750.53	11.22935	0.990733	0.997614	1.00236	1.0093	7.040417
24900	-1551.895	-1529.905	-21.99033	717646.2	11.98415	0.9985	0.999616	1.00038	1.0015	6.279313
25000	-1567.814	-1535.139	-32.67449	592403.5	14.26279	0.998349	0.999578	1.00042	1.00165	7.030639
25100	-1558.374	-1534.458	-23.91641	34740.86	13.08411	0.993189	0.99825	1.00173	1.00683	6.45229
25200	-1570.71	-1532.08	-38.62989	651214.5	10.37485	0.998425	0.999597	1.0004	1.00158	7.706773
25300	-1565.692	-1531.143	-34.54946	408886	10.58207	0.998013	0.999492	1.00051	1.00199	7.325197
25400	-1556.812	-1529.181	-27.63108	699291.6	13.9558	0.99848	0.999611	1.00039	1.00152	6.695783
25500	-1574.037	-1543.4	-30.63754	189796.2	14.57595	0.997084	0.999253	1.00074	1.00292	6.862198
25600	-1566.38	-1533.734	-32.64604	393470.5	11.32197	0.997974	0.999482	1.00052	1.00203	7.17269
25700	-1589.007	-1553.71	-35.29757	512868.4	12.9404	0.998226	0.999546	1.00045	1.00178	7.333128
25800	-1574.664	-1546.147	-28.51684	545188.1	12.24908	0.998279	0.99956	1.00044	1.00172	6.823725
25900	-1564.215	-1538.048	-26.16639	443600.3	12.05098	0.998092	0.999512	1.00049	1.00191	6.629138
26000	-1570.778	-1539.396	-31.38136	554248.3	11.54899	0.998293	0.999563	1.00044	1.00171	7.064375
26100	-1570.078	-1546.513	-23.56491	172876.7	13.73294	0.996945	0.999218	1.00078	1.00306	6.411963
26200	-1561.639	-1526.109	-35.52995	958235.9	11.03447	0.998702	0.999668	1.00033	1.0013	7.428006
26300	-1567.282	-1536.048	-31.23448	717836.2	14.24092	0.9985	0.999616	1.00038	1.0015	6.931467
26400	-1567.847	-1539.46	-28.38641	341947.8	14.30729	0.997827	0.999444	1.00055	1.00217	6.726944
26500	-1579.825	-1537.855	-41.97008	922026.8	11.26206	0.998677	0.999662	1.00034	1.00132	7.999783
26600	-1567.984	-1538.18	-29.8036	83500.55	12.22506	0.995605	0.998873	1.00112	1.0044	6.929133
26700	-1565.381	-1534.102	-31.27927	835774.4	11.52161	0.99861	0.999645	1.00035	1.00139	7.055266
26800	-1575.844	-1546.315	-29.52878	423365.1	13.02693	0.998047	0.9995	1.0005	1.00195	6.883739
26900	-1563.36	-1544.649	-18.71082	173443.9	14.56362	0.99695	0.999219	1.00078	1.00305	6.044298
27000	-1572.479	-1538.493	-33.98658	424148.7	11.87958	0.998049	0.999501	1.0005	1.00195	7.28346
27100	-1573.458	-1541.807	-31.65051	208713	10.98346	0.997219	0.999288	1.00071	1.00278	7.074367
27200	-1582.182	-1546.658	-35.52433	79639.04	12.33813	0.995499	0.998846	1.00115	1.00451	7.390888
27300	-1570.477	-1536.901	-33.57625	52779.94	11.29709	0.994473	0.998581	1.00141	1.00554	7.254716
27400	-1560.156	-1533.856	-26.3004	752227.3	13.34892	0.998535	0.999625	1.00037	1.00147	6.626502
27500	-1575.51	-1547.182	-28.32768	137647.4	10.76097	0.996576	0.999123	1.00087	1.00343	6.754333
27600	-1573.623	-1531.344	-42.27905	34053.45	10.04406	0.99312	0.998232	1.00175	1.0069	8.05627
27700	-1566.508	-1540.779	-25.72843	243368.5	11.59897	0.997425	0.999341	1.00066	1.00258	6.577354
27800	-1579.423	-1543.295	-36.12827	797237.5	10.63409	0.998577	0.999636	1.00036	1.00142	7.476048
27900	-1565.536	-1540.684	-24.85192	542006.1	12.40367	0.998274	0.999558	1.00044	1.00173	6.526661
28000	-1564.626	-1529.719	-34.90613	943475.7	11.97094	0.998692	0.999665	1.00033	1.00131	7.357561
28100	-1579.391	-1554.981	-24.4105	446086.4	13.55795	0.998097	0.999513	1.00049	1.0019	6.479271
28200	-1572.96	-1538.287	-34.67311	87883.47	13.11252	0.995716	0.998902	1.00109	1.00429	7.272274
28300	-1566.8	-1531.227	-35.57354	386746.7	13.17156	0.997957	0.999477	1.00052	1.00204	7.336134
28400	-1578.428	-1540.395	-38.03284	12838.76	15.04675	0.988804	0.997112	1.00284	1.01124	7.312294
28500	-1571.629	-1538.861	-32.76814	86368.31	12.54619	0.995678	0.998892	1.0011	1.00433	7.158616
28600	-1566.469	-1538.305	-28.16362	873661.2	10.89997	0.99864	0.999652	1.00035	1.00136	6.750682
28700	-1575.748	-1542.115	-33.63294	40847.48	10.77291	0.993718	0.998387	1.0016	1.0063	7.247838
28800	-1565.313	-1540.862	-24.451	643089.3	12.44703	0.998415	0.999595	1.0004	1.00159	6.494848
28900	-1579.386	-1546.355	-33.03055	10266.42	11.99988	0.987483	0.996768	1.00318	1.01257	7.200138
29000	-1591.052	-1551.545	-39.50694	77498.07	10.61199	0.995438	0.99883	1.00116	1.00457	7.793753
29100	-1573.483	-1541.337	-32.14595	7159.267	12.45378	0.985017	0.996123	1.0038	1.01506	7.112801
29200	-1572.698	-1537.821	-34.87784	343361.8	11.97987	0.997832	0.999445	1.00055	1.00217	7.354857
29300	-1573.772	-1534.687	-39.08539	312074.2	12.30284	0.997726	0.999418	1.00058	1.00228	7.682323
29400	-1571.751	-1537.504	-34.24635	831282.4	13.05777	0.998606	0.999644	1.00036	1.00139	7.243686
29500	-1563.411	-1534.423	-28.98799	189037.1	14.40826	0.997078	0.999252	1.00075	1.00293	6.761641
29600	-1562.549	-1532.456	-30.09282	763510.5	12.46426	0.998546	0.999628	1.00037	1.00146	6.947667
29700	-1575.546	-1539.32	-36.22669	312288.3	13.37468	0.997726	0.999418	1.00058	1.00228	7.367776
29800	-1577.633	-1545.75	-31.88239	108215.9	10.2074	0.996139	0.99901	1.00098	1.00387	7.039944
29900	-1563.7	-1533.29	-30.41005	468031.8	10.92626	0.998143	0.999525	1.00047	1.00186	6.958298
30000	-1559.463	-1534.665	-24.79843	274634	14.10989	0.997576	0.999379	1.00062	1.00243	6.485871
30100	-1573.311	-1534.019	-39.29189	986660.2	10.36595	0.998721	0.999673	1.00033	1.00128	7.770388
30200	-1568.232	-1544.071	-24.16035	642627.2	12.36484	0.998415	0.999595	1.0004	1.00159	6.470301
30300	-1565.803	-1532.803	-33.00021	596698.6	13.84956	0.998355	0.999579	1.00042	1.00165	7.089457
30400	-1562.546	-1531.458	-31.0875	277382.1	11.79185	0.997588	0.999383	1.00062	1.00241	7.039851
30500	-1559.011	-1531.586	-27.42471	865237.8	13.88101	0.998634	0.999651	1.00035	1.00137	6.685166
30600	-1561.175	-1533.157	-28.01813	156575.7	11.77295	0.99679	0.999178	1.00082	1.00321	6.779178
30700	-1570.401	-1535.336	-35.06455	221070	10.87149	0.997298	0.999308	1.00069	1.0027	7.383208
30800	-1567.925	-1536.939	-30.98543	211079.4	11.88484	0.997235	0.999292	1.00071	1.00277	7.030795
30900	-1571.509	-1537.239	-34.27007	174006	13.31292	0.996954	0.99922	1.00078	1.00305	7.226361
31000	-1577.337	-1545.039	-32.29795	809257.9	12.28205	0.998587	0.999639	1.00036	1.00141	7.131329
31100	-1570.708	-1533.05	-37.65803	480271.3	10.41753	0.998166	0.999531	1.00047	1.00183	7.614586
31200	-1575.963	-1543.666	-32.29697	225831.2	9.915397	0.997326	0.999316	1.00068	1.00268	7.046157
31300	-1567.734	-1533.132	-34.60258	998168.1	11.68577	0.998728	0.999675	1.00032	1.00127	7.340641
31400	-1551.229	-1522.092	-29.13668	426984	11.77554	0.998055	0.999502	1.0005	1.00195	6.874221
31500	-1572.739	-1543.96	-28.77862	984977.1	11.47495	0.99872	0.999673	1.00033	1.00128	6.836786
31600	-1568.955	-1540.428	-28.52732	733126.8	11.79749	0.998516	0.99962	1.00038	1.00148	6.822824
31700	-1555.871	-1523.68	-32.19106	128011.8	12.49958	0.99645	0.99909	1.00091	1.00355	7.114577
31800	-1554.843	-1525.198	-29.64488	754203.8	13.98266	0.998537	0.999626	1.00037	1.00146	6.838247
31900	-1572.821	-1540.061	-32.7599	748523.3	10.73689	0.998531	0.999624	1.00037	1.00147	7.164998
32000	-1558.425	-1528.652	-29.77311	773621.2	15.04051	0.998555	0.999631	1.00037	1.00145	6.763902
32100	-1568.091	-1533.87	-34.22098	904646.9	12.31855	0.998664	0.999658	1.00034	1.00134	7.286191
32200	-1594.983	-1546.04	-48.94341	541395.7	9.818098	0.998273	0.999558	1.00044	1.00173	8.728078
32300	-1584.877	-1548.8	-36.07702	722190.6	9.715053	0.998505	0.999618	1.00038	1.0015	7.406087
32400	-1567.769	-1537.392	-30.37734	100776.5	11.46409	0.995999	0.998974	1.00102	1.00401	6.975886
32500	-1565.928	-1538.301	-27.62659	249207.8	10.93555	0.997455	0.999348	1.00065	1.00255	6.70429
32600	-1563.355	-1534.497	-28.85778	721451	13.02366	0.998504	0.999617	1.00038	1.0015	6.832358
32700	-1579.344	-1547.722	-31.62177	217961.7	12.05258	0.997279	0.999303	1.00069	1.00272	7.081799
32800	-1582.282	-1547.248	-35.03371	350887.7	10.93897	0.997855	0.999451	1.00055	1.00215	7.381692
32900	-1556.47	-1527.074	-29.39591	86998.92	12.05786	0.995694	0.998896	1.0011	1.00431	6.8971
33000	-1561.245	-1536.181	-25.06455	737363.8	11.35693	0.99852	0.999622	1.00038	1.00148	6.505504
33100	-1577.824	-1547.002	-30.82255	84541.72	11.91026	0.995632	0.99888	1.00111	1.00438	7.016935
33200	-1576.32	-1547.223	-29.09664	313837	11.24104	0.997732	0.99942	1.00058	1.00227	6.855771
33300	-1575.237	-1540.829	-34.40819	286724.2	12.68841	0.997627	0.999393	1.00061	1.00237	7.280902
33400	-1560.194	-1530.17	-30.02402	867465.2	10.32067	0.998636	0.999651	1.00035	1.00137	6.871311
33500	-1580.216	-1544.354	-35.86236	123586.4	11.60202	0.996387	0.999074	1.00092	1.00362	7.450961
33600	-1576.077	-1542.414	-33.66292	738009.5	14.28286	0.998521	0.999622	1.00038	1.00148	7.098051
33700	-1563.176	-1535.85	-27.32557	968854.9	11.80528	0.998709	0.99967	1.00033	1.00129	6.721145
33800	-1581.824	-1549.167	-32.65711	442882.1	9.246738	0.998091	0.999512	1.00049	1.00191	6.967299
33900	-1573.929	-1542.295	-31.63421	650353.4	10.98982	0.998424	0.999597	1.0004	1.00158	7.073151
34000	-1563.813	-1537.63	-26.18218	478649	12.60294	0.998163	0.99953	1.00047	1.00184	6.633346
34100	-1572.364	-1538.813	-33.55148	790205.6	11.37174	0.99857	0.999634	1.00036	1.00143	7.252831
34200	-1563.219	-1530.225	-32.99312	871207.9	13.15101	0.998639	0.999652	1.00035	1.00136	7.141604
34300	-1554.521	-1526.721	-27.80067	463345.5	11.74892	0.998133	0.999522	1.00048	1.00187	6.760162
34400	-1557.557	-1531.463	-26.0932	752344.3	12.98336	0.998535	0.999625	1.00037	1.00147	6.620964
34500	-1550.473	-1523.522	-26.95103	279896.4	11.86191	0.997598	0.999385	1.00061	1.0024	6.69082
34600	-1559.858	-1529.292	-30.56591	156764.2	13.43774	0.996791	0.999178	1.00082	1.00321	6.940756
34700	-1567.916	-1534.485	-33.43052	348761.4	10.93942	0.997848	0.999449	1.00055	1.00215	7.235148
34800	-1565.692	-1537.887	-27.80501	223871.9	13.09549	0.997315	0.999313	1.00068	1.00269	6.749094
34900	-1557.499	-1533.499	-24.00026	195162.8	13.7975	0.997124	0.999264	1.00073	1.00288	6.441471
35000	-1582.441	-1554.332	-28.10883	196648.1	9.44312	0.997135	0.999266	1.00073	1.00287	6.525762
35100	-1569.66	-1536.457	-33.20304	388925.5	10.52744	0.997963	0.999479	1.00052	1.00204	7.19456
35200	-1577.749	-1550.543	-27.20632	476236.9	14.46492	0.998159	0.999529	1.00047	1.00184	6.634263
35300	-1561.785	-1534.069	-27.716	77171.21	11.48692	0.995428	0.998828	1.00116	1.00458	6.744661
35400	-1585.045	-1553.739	-31.30551	902008	12.11694	0.998662	0.999658	1.00034	1.00134	7.05438
35500	-1591.371	-1553.171	-38.20025	403071.2	12.34936	0.997999	0.999488	1.00051	1.002	7.606932
35600	-1569.257	-1536.013	-33.24327	581416.3	11.43493	0.998333	0.999574	1.00043	1.00167	7.225883
35700	-1563.638	-1528.927	-34.71118	270264.6	11.96946	0.997556	0.999374	1.00062	1.00245	7.34133
35800	-1560.666	-1528.166	-32.50048	643607.6	13.44242	0.998416	0.999595	1.0004	1.00158	7.084387
35900	-1572.942	-1537.753	-35.18977	566500.3	9.213077	0.998312	0.999568	1.00043	1.00169	7.234737
36000	-1582.428	-1545.528	-36.89974	671310.1	10.33854	0.998449	0.999603	1.0004	1.00155	7.538368
36100	-1574.984	-1535.87	-39.11402	619259.7	10.8064	0.998385	0.999587	1.00041	1.00162	7.756378
36200	-1572.397	-1540.414	-31.98282	575351.2	10.24251	0.998325	0.999571	1.00043	1.00168	7.053426
36300	-1555.025	-1527.163	-27.8626	441530.9	12.23952	0.998088	0.999511	1.00049	1.00191	6.770335
36400	-1575.23	-1540.772	-34.45822	934023.2	9.756182	0.998685	0.999664	1.00034	1.00132	7.244903
36500	-1577.085	-1538.598	-38.48728	899461.1	10.01787	0.99866	0.999657	1.00034	1.00134	7.677201
36600	-1574.883	-1541.952	-32.93005	468293	10.95952	0.998143	0.999525	1.00047	1.00186	7.190084
36700	-1578.608	-1548.417	-30.19129	409762.4	12.00484	0.998015	0.999492	1.00051	1.00199	6.963497
36800	-1560.729	-1529.638	-31.09109	153572.5	9.128597	0.996758	0.99917	1.00083	1.00325	6.768773
36900	-1573.952	-1535.806	-38.14644	822285.1	8.885598	0.998599	0.999642	1.00036	1.0014	7.495278
37000	-1569.11	-1536.657	-32.45226	40679.7	12.01538	0.993705	0.998383	1.0016	1.00631	7.151595
37100	-1564.917	-1532.101	-32.81628	964112.3	11.41608	0.998706	0.999669	1.00033	1.00129	7.188458
37200	-1582.371	-1544.368	-38.00279	970413.6	9.860742	0.99871	0.99967	1.00033	1.00129	7.617314
37300	-1567.252	-1544.138	-23.11454	252362.3	13.26954	0.997471	0.999353	1.00065	1.00253	6.389045
37400	-1551.775	-1532.458	-19.31646	689657.5	12.36307	0.99847	0.999609	1.00039	1.00153	6.078468
37500	-1583.473	-1545.995	-37.47854	370104.6	9.52673	0.997911	0.999466	1.00053	1.00209	7.528904
37600	-1571.132	-1543.385	-27.74751	651361.8	11.36513	0.998425	0.999597	1.0004	1.00158	6.742134
37700	-1563.135	-1533.772	-29.36338	274221.8	11.89285	0.997574	0.999379	1.00062	1.00243	6.894352
37800	-1576.663	-1539.204	-37.45871	32766.35	14.26772	0.992987	0.998198	1.00178	1.00703	7.365518
37900	-1556.166	-1523.539	-32.62666	618788.4	11.67063	0.998385	0.999587	1.00041	1.00162	7.171674
38000	-1569.162	-1540.764	-28.39801	872804.3	13.71198	0.99864	0.999652	1.00035	1.00136	6.765074
38100	-1561.373	-1538.014	-23.35878	668303.1	11.48335	0.998446	0.999602	1.0004	1.00156	6.365081
38200	-1562.604	-1524.722	-37.88203	691290.8	12.01456	0.998472	0.999609	1.00039	1.00153	7.603546
38300	-1580.773	-1541.816	-38.95696	311806.3	8.840804	0.997725	0.999418	1.00058	1.00228	7.577356
38400	-1549.148	-1522.958	-26.19049	548427.2	13.33121	0.998284	0.999561	1.00044	1.00172	6.618861
38500	-1566.066	-1535.863	-30.20214	640678.3	11.53029	0.998412	0.999594	1.00041	1.00159	6.961939
38600	-1559.448	-1528.765	-30.6831	699545.6	11.40932	0.998481	0.999611	1.00039	1.00152	7.001455
38700	-1574.278	-1533.358	-40.91957	88961.2	11.1652	0.995742	0.998908	1.00109	1.00426	7.91107
38800	-1552.351	-1528.422	-23.92914	793850.3	10.78051	0.998574	0.999635	1.00036	1.00143	6.348023
38900	-1574.688	-1541.065	-33.62382	869535	10.71421	0.998637	0.999652	1.00035	1.00136	7.244445
39000	-1568.287	-1537.793	-30.49385	213356.8	11.43714	0.997249	0.999296	1.0007	1.00275	6.985491
39100	-1569.246	-1536.142	-33.1046	772265.4	11.64407	0.998554	0.99963	1.00037	1.00145	7.212903
39200	-1573.481	-1541.012	-32.4691	191468.4	10.23291	0.997097	0.999257	1.00074	1.00291	7.099964
39300	-1551.817	-1525.108	-26.70838	331282.1	13.65155	0.997792	0.999435	1.00056	1.00221	6.644636
39400	-1567.798	-1534.854	-32.94437	430918.6	10.1224	0.998064	0.999505	1.00049	1.00194	7.135434
39500	-1557.188	-1529.336	-27.85196	124309.3	10.10221	0.996397	0.999077	1.00092	1.00361	6.629206
39600	-1563.162	-1534.162	-29.00001	545525.4	10.33429	0.99828	0.99956	1.00044	1.00172	6.77375
39700	-1566.288	-1529.063	-37.22512	168183.2	8.107577	0.996902	0.999207	1.00079	1.0031	7.159418
39800	-1562.556	-1530.317	-32.23976	199268.9	10.99293	0.997154	0.999271	1.00073	1.00285	7.128366
39900	-1563.14	-1530.212	-32.92769	691764.3	11.93472	0.998472	0.999609	1.00039	1.00153	7.193143
40000	-1572.247	-1549.326	-22.92111	566711	13.58601	0.998312	0.999568	1.00043	1.00169	6.368784
40100	-1578.174	-1547.844	-30.33002	735103.5	10.05615	0.998518	0.999621	1.00038	1.00148	6.868282
40200	-1576.685	-1543.194	-33.49056	22280.93	11.94422	0.991497	0.997812	1.00216	1.00853	7.24005
40300	-1567.983	-1538.963	-29.0199	867310.6	11.77545	0.998635	0.999651	1.00035	1.00137	6.864302
40400	-1589.687	-1553.32	-36.36704	40351.55	10.70258	0.993679	0.998377	1.00161	1.00633	7.500223
40500	-1573.555	-1539.639	-33.91607	898000.5	10.07579	0.998659	0.999657	1.00034	1.00134	7.226871
40600	-1559.111	-1531.095	-28.01527	520893.8	14.25853	0.998239	0.99955	1.00045	1.00176	6.704252
40700	-1565.104	-1535.771	-29.33334	324111.9	11.42852	0.997768	0.999429	1.00057	1.00223	6.883758
40800	-1570.096	-1537.377	-32.71912	577896.4	11.78654	0.998328	0.999572	1.00043	1.00167	7.178295
40900	-1568.803	-1544.88	-23.92338	500137.3	12.15226	0.998203	0.99954	1.00046	1.0018	6.446185
41000	-1578.408	-1547.687	-30.72082	193691	14.85098	0.997113	0.999261	1.00074	1.00289	6.844008
41100	-1565.075	-1539.397	-25.6784	121363.7	13.42339	0.996354	0.999066	1.00093	1.00365	6.57752
41200	-1558.311	-1533.935	-24.37595	391938.6	14.29612	0.99797	0.999481	1.00052	1.00203	6.447185
41300	-1562.217	-1541.675	-20.5414	902608.7	11.98613	0.998662	0.999658	1.00034	1.00134	6.15853
41400	-1576.066	-1539.638	-36.42866	667652.6	13.06502	0.998445	0.999602	1.0004	1.00156	7.410202
41500	-1577.744	-1546.032	-31.71201	533368.3	9.956028	0.99826	0.999555	1.00044	1.00174	6.992745
41600	-1572.292	-1533.772	-38.52032	703618	9.427912	0.998485	0.999613	1.00039	1.00152	7.626407
41700	-1568.603	-1537.148	-31.45571	244343	12.215	0.99743	0.999342	1.00066	1.00257	7.064528
41800	-1568.814	-1535.435	-33.3784	552322.5	9.511662	0.99829	0.999563	1.00044	1.00171	7.095938
41900	-1575.861	-1550.677	-25.18373	70141.18	10.63479	0.995205	0.99877	1.00122	1.0048	6.446943
42000	-1572.874	-1540.759	-32.11476	518779.6	15.62551	0.998236	0.999549	1.00045	1.00177	6.860613
42100	-1564.157	-1529.301	-34.85662	923277.2	9.176395	0.998677	0.999662	1.00034	1.00132	7.191198
42200	-1578.972	-1544.627	-34.34501	272114.5	12.21294	0.997564	0.999377	1.00062	1.00244	7.301156
42300	-1552.328	-1529.171	-23.15757	635967.9	13.23709	0.998407	0.999592	1.00041	1.00159	6.392726
42400	-1595.309	-1555.476	-39.83324	868785.8	9.53724	0.998637	0.999651	1.00035	1.00136	7.777109
42500	-1589.388	-1551.745	-37.64295	241706.8	9.855561	0.997416	0.999338	1.00066	1.00259	7.580379
42600	-1561.255	-1530.093	-31.16205	718022.2	9.951848	0.9985	0.999616	1.00038	1.0015	6.936916
42700	-1566.976	-1534.944	-32.03187	655669.1	12.26855	0.998431	0.999599	1.0004	1.00157	7.11009
42800	-1546.614	-1526.44	-20.17388	541872.5	13.78501	0.998274	0.999558	1.00044	1.00173	6.164328
42900	-1573.574	-1546.298	-27.27575	288653.6	13.27374	0.997635	0.999395	1.0006	1.00237	6.702478
43000	-1557.167	-1529.104	-28.06306	861891.9	12.07521	0.998631	0.99965	1.00035	1.00137	6.786645
43100	-1560.522	-1531.903	-28.6195	709269	10.141	0.998491	0.999614	1.00039	1.00151	6.710893
43200	-1566.796	-1535.825	-30.97168	156091.2	11.80317	0.996785	0.999176	1.00082	1.00322	7.030005
43300	-1580.516	-1540.804	-39.71288	657403.8	10.48519	0.998433	0.999599	1.0004	1.00157	7.812617
43400	-1564.943	-1533.466	-31.47786	335409.7	10.47969	0.997806	0.999439	1.00056	1.0022	7.026758
43500	-1562.922	-1538.464	-24.45809	199941.3	11.51437	0.997159	0.999272	1.00072	1.00284	6.462782
43600	-1564.891	-1542.746	-22.14411	549517.4	14.64647	0.998286	0.999562	1.00044	1.00172	6.276309
43700	-1566.343	-1533.672	-32.67118	22340.11	10.99442	0.991509	0.997815	1.00216	1.00852	7.167661
43800	-1579.37	-1547.806	-31.56382	359330.2	12.75795	0.99788	0.999458	1.00054	1.00212	7.053593
43900	-1558.256	-1535.952	-22.30337	341219.8	12.82787	0.997825	0.999443	1.00055	1.00218	6.32837
44000	-1580.338	-1548.669	-31.66887	1176.115	12.95867	0.963183	0.990292	1.00922	1.0373	7.05174
44100	-1566.544	-1524.047	-42.49662	11.8777	9.382813	0.659005	0.883371	1.06878	1.38885	8.044371
44200	-1569.816	-1544.465	-25.35035	15.30116	11.52942	0.696315	0.89943	1.06338	1.34088	6.541105
44300	-1559.172	-1533.441	-25.73113	70841.28	13.50246	0.995228	0.998776	1.00122	1.00478	6.578709
44400	-1575.105	-1554.123	-20.9818	488223.2	12.1384	0.998181	0.999535	1.00046	1.00182	6.203447
44500	-1563.36	-1542.12	-21.24006	537742.5	11.83953	0.998267	0.999557	1.00044	1.00173	6.207923
44600	-1570.581	-1535.054	-35.52671	957244.1	12.42657	0.998701	0.999668	1.00033	1.0013	7.385911
44700	-1569.299	-1537.216	-32.08285	131254	11.7737	0.996494	0.999102	1.00089	1.00351	7.124431
44800	-1559.891	-1529.696	-30.19503	847193.1	13.16442	0.998619	0.999647	1.00035	1.00138	6.928157
44900	-1558.728	-1533.386	-25.34287	570760.2	10.7458	0.998318	0.99957	1.00043	1.00168	6.475226
45000	-1573.68	-1535.628	-38.05216	428036.9	10.75267	0.998058	0.999503	1.0005	1.00194	7.65798
45100	-1577.653	-1540.473	-37.18032	780827.9	12.04981	0.998562	0.999632	1.00037	1.00144	7.54315
45200	-1566.508	-1535.751	-30.75708	496089.5	10.81585	0.998196	0.999538	1.00046	1.00181	6.983639
45300	-1575.251	-1538.027	-37.22408	29744.5	10.35777	0.992639	0.998108	1.00187	1.00738	7.570565
45400	-1563.317	-1537.565	-25.75149	359474.4	13.44107	0.997881	0.999458	1.00054	1.00212	6.582367
45500	-1567.014	-1539.778	-27.23512	349757.7	12.3803	0.997852	0.99945	1.00055	1.00215	6.718909
45600	-1565.596	-1534.291	-31.30421	155304.8	11.99533	0.996776	0.999174	1.00082	1.00323	7.05634
45700	-1556.687	-1522.602	-34.08493	524033.6	9.337631	0.998245	0.999551	1.00045	1.00176	7.139485
45800	-1566.649	-1533.42	-33.22901	210230.2	12.22924	0.997229	0.999291	1.00071	1.00277	7.209172
45900	-1583.145	-1546.523	-36.62203	771768.1	11.77254	0.998553	0.99963	1.00037	1.00145	7.510015
46000	-1562.613	-1531.2	-31.4128	777457.3	11.8753	0.998559	0.999631	1.00037	1.00144	7.066844
46100	-1558.017	-1531.442	-26.57555	223689.3	11.21702	0.997314	0.999312	1.00069	1.00269	6.629915
46200	-1587.104	-1550	-37.10372	965555.1	10.59093	0.998707	0.999669	1.00033	1.00129	7.566792
46300	-1565.512	-1529.912	-35.60024	823997.6	12.31107	0.9986	0.999642	1.00036	1.0014	7.39858
46400	-1557.975	-1524.169	-33.80586	283926	11.20935	0.997616	0.99939	1.00061	1.00239	7.274427
46500	-1581.19	-1544.118	-37.07158	945460.6	13.55238	0.998693	0.999666	1.00033	1.00131	7.413671
46600	-1564.482	-1530.096	-34.38558	756964	11.92576	0.998539	0.999626	1.00037	1.00146	7.315592
46700	-1559.114	-1528.939	-30.17546	280432.5	11.39664	0.997601	0.999386	1.00061	1.0024	6.956631
46800	-1574.176	-1546.39	-27.78614	451912.7	12.60073	0.99811	0.999516	1.00048	1.00189	6.760652
46900	-1557.499	-1529.323	-28.17688	961790.8	14.27381	0.998704	0.999669	1.00033	1.0013	6.714561
47000	-1570.928	-1548.234	-22.69326	201214.4	12.17005	0.997168	0.999275	1.00072	1.00284	6.34561
47100	-1583.779	-1550.813	-32.9657	361359	11.53194	0.997886	0.999459	1.00054	1.00212	7.201612
47200	-1567.203	-1530.365	-36.83801	421061.7	11.7976	0.998042	0.999499	1.0005	1.00196	7.527265
47300	-1583.891	-1555.485	-28.40657	413448.4	13.48784	0.998024	0.999494	1.0005	1.00198	6.777589
47400	-1563.105	-1528.72	-34.38567	385730.6	13.27326	0.997954	0.999477	1.00052	1.00205	7.238154
47500	-1565.884	-1532.536	-33.34731	251158.1	10.90725	0.997465	0.999351	1.00065	1.00254	7.226497
47600	-1563.327	-1537.414	-25.91366	291339.6	13.54056	0.997646	0.999398	1.0006	1.00236	6.590804
47700	-1573.759	-1532.315	-41.4444	545959.4	10.49186	0.99828	0.99956	1.00044	1.00172	7.97771
47800	-1573.827	-1536.649	-37.17765	151453.9	12.24811	0.996736	0.999164	1.00083	1.00327	7.530846
47900	-1565.879	-1536.116	-29.76295	65350.55	10.94123	0.995032	0.998726	1.00127	1.00498	6.899997
48000	-1575.544	-1544.748	-30.79631	910591.5	13.10476	0.998668	0.999659	1.00034	1.00133	6.977028
48100	-1587.127	-1553.966	-33.16007	543581.8	10.7185	0.998276	0.999559	1.00044	1.00172	7.201375
48200	-1569.743	-1539.652	-30.09019	282876.5	11.88918	0.997611	0.999389	1.00061	1.00239	6.955467
48300	-1559.106	-1530.456	-28.65043	163206	10.9224	0.996855	0.999195	1.0008	1.00315	6.796976
48400	-1582.305	-1551.948	-30.35647	150473.5	10.69168	0.996725	0.999161	1.00084	1.00328	6.9378
48500	-1569.154	-1542.239	-26.91533	480168.1	13.29193	0.998166	0.999531	1.00047	1.00183	6.674674
48600	-1563.505	-1538.249	-25.25566	871418	14.96486	0.998639	0.999652	1.00035	1.00136	6.468594
48700	-1561.077	-1531.782	-29.29525	213720.5	13.9025	0.997252	0.999296	1.0007	1.00275	6.818529
48800	-1583.039	-1552.274	-30.7649	658974	13.2484	0.998435	0.9996	1.0004	1.00157	6.966785
48900	-1562.557	-1529.535	-33.0215	762403	12.20843	0.998545	0.999628	1.00037	1.00146	7.192947
49000	-1566.963	-1534.239	-32.72384	168780.6	10.44578	0.996908	0.999208	1.00079	1.0031	7.143127
49100	-1550.231	-1525.659	-24.57222	638470	11.39532	0.99841	0.999593	1.00041	1.00159	6.464881
49200	-1572.304	-1536.495	-35.80842	949208.4	12.25714	0.998696	0.999666	1.00033	1.0013	7.418552
49300	-1574.268	-1543.666	-30.60153	645210.2	12.44372	0.998418	0.999595	1.0004	1.00158	6.98908
49400	-1567.023	-1536.545	-30.47837	890276	13.03508	0.998653	0.999656	1.00034	1.00135	6.956238
49500	-1586.576	-1554.131	-32.44521	226637.7	13.0325	0.997331	0.999317	1.00068	1.00267	7.107281
49600	-1569.865	-1543.433	-26.43188	735339.3	13.79031	0.998518	0.999621	1.00038	1.00148	6.618049
49700	-1587.523	-1550.84	-36.68371	414542.6	10.80895	0.998026	0.999495	1.0005	1.00197	7.531514
49800	-1562.007	-1531.775	-30.23218	489333	10.58643	0.998183	0.999535	1.00046	1.00182	6.917592
49900	-1566.036	-1534.064	-31.97168	450255.5	11.75645	0.998106	0.999516	1.00048	1.00189	7.115121
50000	-1570.432	-1537.647	-32.78446	13289.03	10.89683	0.988995	0.997162	1.00279	1.01105	7.174491
50100	-1580.347	-1546.341	-34.00634	124747.2	14.80888	0.996403	0.999078	1.00092	1.0036	7.0696
50200	-1563.861	-1536.53	-27.33052	346212.4	13.76267	0.997841	0.999447	1.00055	1.00216	6.684647
50300	-1564.329	-1535.428	-28.90024	300833.2	12.33345	0.997683	0.999407	1.00059	1.00232	6.854071
50400	-1576.305	-1548.93	-27.37436	615583	13.10105	0.99838	0.999586	1.00041	1.00162	6.716027
50500	-1567.747	-1533.409	-34.33763	331000.7	11.47575	0.997791	0.999435	1.00056	1.00221	7.321226
50600	-1559.924	-1530.375	-29.54882	743750.7	12.47042	0.998526	0.999623	1.00038	1.00147	6.903881
50700	-1569.797	-1539.264	-30.53355	629854.2	11.31555	0.998399	0.99959	1.00041	1.0016	6.985923
50800	-1565.716	-1532.396	-33.31965	546373.4	15.76223	0.998281	0.99956	1.00044	1.00172	6.92279
50900	-1575.41	-1536.51	-38.90001	882217.2	9.832703	0.998647	0.999654	1.00035	1.00135	7.706239
51000	-1570.045	-1539.375	-30.6696	265957.6	10.46401	0.997536	0.999369	1.00063	1.00247	6.948182
51100	-1565.145	-1533.198	-31.94773	670312.5	11.07429	0.998448	0.999603	1.0004	1.00155	7.104754
51200	-1565.101	-1538.468	-26.63217	651023.9	13.32342	0.998425	0.999597	1.0004	1.00158	6.652269
51300	-1567.475	-1539.338	-28.13788	441800	12.03941	0.998088	0.999511	1.00049	1.00191	6.792672
51400	-1572.53	-1536.602	-35.92754	262589.8	10.65457	0.997521	0.999365	1.00063	1.00248	7.457804
51500	-1566.878	-1541.595	-25.28346	894021.7	15.34486	0.998656	0.999656	1.00034	1.00134	6.444167
51600	-1580.218	-1546.637	-33.58097	495288.6	12.14826	0.998194	0.999538	1.00046	1.00181	7.241048
51700	-1564.287	-1529.837	-34.44956	527010.7	11.5815	0.99825	0.999552	1.00045	1.00175	7.329537
51800	-1550.157	-1521.541	-28.61616	805677.4	13.03213	0.998584	0.999638	1.00036	1.00142	6.813488
51900	-1569.133	-1547.746	-21.38701	275507.3	13.64964	0.997579	0.99938	1.00062	1.00242	6.254869
52000	-1584.177	-1539.619	-44.55745	594130.8	9.326618	0.998351	0.999578	1.00042	1.00165	8.26026
52100	-1588.871	-1549.959	-38.91141	385025.5	10.42383	0.997952	0.999476	1.00052	1.00205	7.735035
52200	-1566.106	-1544.885	-21.22169	691255	12.81899	0.998472	0.999609	1.00039	1.00153	6.24392
52300	-1564.414	-1540.288	-24.12654	678798.2	13.41581	0.998458	0.999606	1.00039	1.00154	6.462097
52400	-1579.634	-1539.318	-40.31598	392941.1	14.54166	0.997973	0.999481	1.00052	1.00203	7.530649
52500	-1567.418	-1532.848	-34.57038	386176.4	9.622974	0.997955	0.999477	1.00052	1.00205	7.23818
52600	-1578.284	-1545.668	-32.61635	347913	10.83372	0.997846	0.999449	1.00055	1.00216	7.156361
52700	-1570.837	-1540.268	-30.56946	266527	11.27633	0.997539	0.99937	1.00063	1.00246	6.987929
52800	-1556.016	-1528.935	-27.08083	662155	10.23236	0.998438	0.999601	1.0004	1.00156	6.573319
52900	-1578.754	-1546.267	-32.4874	857941.8	12.21886	0.998628	0.999649	1.00035	1.00137	7.148866
53000	-1587.282	-1546.361	-40.92114	681257.5	8.712621	0.99846	0.999606	1.00039	1.00154	7.774733
53100	-1583.424	-1543.965	-39.45949	935724	10.97632	0.998686	0.999664	1.00034	1.00131	7.785501
53200	-1577.751	-1538.651	-39.09991	918675.8	10.60094	0.998674	0.999661	1.00034	1.00133	7.755337
53300	-1568.308	-1539.422	-28.88604	455753.2	11.73316	0.998118	0.999518	1.00048	1.00188	6.852292
53400	-1569.46	-1538.609	-30.85119	161205.4	13.63404	0.996836	0.99919	1.00081	1.00317	6.949283
53500	-1564.528	-1540.749	-23.77903	191801.9	12.27533	0.997099	0.999257	1.00074	1.0029	6.437566
53600	-1572.162	-1535.43	-36.73201	724344.2	10.77391	0.998507	0.999618	1.00038	1.00149	7.535525
53700	-1557.016	-1528.003	-29.01338	258927	12.84793	0.997503	0.999361	1.00064	1.0025	6.850779
53800	-1559.67	-1531.356	-28.31426	536411.5	12.27476	0.998265	0.999556	1.00044	1.00174	6.807029
53900	-1574.741	-1542.869	-31.87251	550303.2	13.02107	0.998287	0.999562	1.00044	1.00171	7.063986
54000	-1567.051	-1536.17	-30.8815	558722.4	11.95353	0.9983	0.999565	1.00043	1.0017	7.02153
54100	-1574.418	-1545.94	-28.47836	529415.1	10.59304	0.998254	0.999553	1.00045	1.00175	6.752595
54200	-1561.983	-1539.627	-22.35525	852245.6	12.56198	0.998623	0.999648	1.00035	1.00138	6.328956
54300	-1563.049	-1536.42	-26.62915	80583.47	13.35371	0.995526	0.998853	1.00114	1.00448	6.650955
54400	-1565.339	-1533.367	-31.97247	667823.3	11.7901	0.998445	0.999602	1.0004	1.00156	7.114916
54500	-1573.442	-1541.969	-31.473	985989.8	13.71487	0.99872	0.999673	1.00033	1.00128	6.98912
54600	-1556.243	-1528.881	-27.36206	314542.2	11.7568	0.997734	0.99942	1.00058	1.00227	6.723038
54700	-1580.463	-1540.045	-40.4178	173861.6	9.84004	0.996953	0.99922	1.00078	1.00305	7.861033
54800	-1571.566	-1536.609	-34.95695	97668.28	12.78257	0.995936	0.998958	1.00104	1.00407	7.317891
54900	-1579.09	-1542.9	-36.19026	775475.2	10.79051	0.998557	0.999631	1.00037	1.00144	7.485546
55000	-1569.97	-1540.314	-29.65685	56860.57	11.22583	0.994674	0.998633	1.00136	1.00534	6.904983
55100	-1578.423	-1542.257	-36.16561	996322.4	8.057521	0.998727	0.999674	1.00032	1.00127	7.008311
55200	-1560.72	-1527.509	-33.21107	872910.5	11.1013	0.99864	0.999652	1.00035	1.00136	7.219434
55300	-1581.33	-1539.597	-41.73302	770170.3	13.87426	0.998552	0.99963	1.00037	1.00145	7.716821
55400	-1578.312	-1548.98	-29.33248	945316.8	10.80457	0.998693	0.999666	1.00033	1.00131	6.851078
55500	-1568.016	-1536.105	-31.9107	614224.6	11.60162	0.998379	0.999585	1.00041	1.00162	7.110359
55600	-1568.138	-1538.076	-30.06267	146015.2	11.30174	0.996675	0.999148	1.00085	1.00333	6.943855
55700	-1556.806	-1533.366	-23.43996	158484.1	13.97195	0.996809	0.999183	1.00081	1.00319	6.394883
55800	-1576.557	-1547.329	-29.22787	75931.33	11.49377	0.995391	0.998818	1.00117	1.00462	6.876469
55900	-1591.672	-1555.494	-36.17752	258185.8	12.18503	0.9975	0.99936	1.00064	1.0025	7.452769
56000	-1560.088	-1535.466	-24.62129	970450.3	11.66966	0.99871	0.99967	1.00033	1.00129	6.485683
56100	-1577.123	-1540.989	-36.13385	910200.3	9.172492	0.998668	0.999659	1.00034	1.00133	7.329647
56200	-1581.398	-1541.964	-39.43334	504037.9	10.0664	0.99821	0.999542	1.00046	1.00179	7.774014
56300	-1566.805	-1538.353	-28.45217	881502.4	14.21835	0.998646	0.999654	1.00035	1.00135	6.73762
56400	-1575.951	-1546.065	-29.88623	576904.1	12.00945	0.998327	0.999572	1.00043	1.00167	6.938063
56500	-1564.008	-1537.374	-26.63395	868651.8	14.52182	0.998637	0.999651	1.00035	1.00136	6.59105
56600	-1567.756	-1537.403	-30.35286	922377.9	12.01076	0.998677	0.999662	1.00034	1.00132	6.976907
56700	-1568.144	-1536.411	-31.73289	282759.3	13.33505	0.997611	0.999388	1.00061	1.00239	7.034359
56800	-1560.832	-1530.421	-30.41041	179607.7	11.03448	0.997002	0.999232	1.00076	1.003	6.964047
56900	-1563.703	-1536.91	-26.79269	534781.3	12.58309	0.998262	0.999556	1.00044	1.00174	6.681995
57000	-1560.573	-1530.755	-29.81783	725818.7	10.77452	0.998508	0.999619	1.00038	1.00149	6.893818
57100	-1563.392	-1528.493	-34.89911	953043.6	10.65085	0.998698	0.999667	1.00033	1.0013	7.361133
57200	-1588.201	-1549.04	-39.16023	572492.7	10.19646	0.998321	0.99957	1.00043	1.00168	7.752533
57300	-1565.474	-1533.827	-31.64698	956780.9	12.992	0.998701	0.999668	1.00033	1.0013	7.048258
57400	-1581.66	-1552.436	-29.22421	739710.1	11.95829	0.998522	0.999622	1.00038	1.00148	6.882895
57500	-1578.466	-1544.22	-34.24598	68879.2	10.93908	0.995161	0.998759	1.00123	1.00485	7.309684
57600	-1570.297	-1535.702	-34.59466	429266	11.18784	0.998061	0.999504	1.00049	1.00194	7.34471
57700	-1562.142	-1527.266	-34.87615	711545	12.62159	0.998494	0.999615	1.00038	1.00151	7.322024
57800	-1602.392	-1557.51	-44.88225	934653.9	11.20786	0.998686	0.999664	1.00034	1.00132	8.262683
57900	-1579.748	-1540.218	-39.5301	251905.3	12.34136	0.997469	0.999352	1.00065	1.00253	7.715285
58000	-1567.745	-1539.236	-28.50958	347292.1	10.50091	0.997844	0.999448	1.00055	1.00216	6.74586
58100	-1581.582	-1547.774	-33.80768	361378	11.46469	0.997886	0.999459	1.00054	1.00212	7.275108
58200	-1559.955	-1528.761	-31.19358	243041.7	12.21536	0.997423	0.99934	1.00066	1.00258	7.04306
58300	-1570.783	-1545.443	-25.33995	258373.5	11.56025	0.9975	0.99936	1.00064	1.0025	6.541863
58400	-1568.78	-1534.002	-34.77847	451349.8	11.16753	0.998109	0.999516	1.00048	1.00189	7.36106
58500	-1562.382	-1533.664	-28.71774	756559.3	13.02927	0.998539	0.999626	1.00037	1.00146	6.821391
58600	-1555.32	-1527.092	-28.22849	826852	10.68502	0.998602	0.999643	1.00036	1.0014	6.738137
58700	-1564.555	-1531.39	-33.16499	739946.1	10.58403	0.998523	0.999622	1.00038	1.00148	7.194483
58800	-1565.276	-1536.188	-29.08795	156925.1	13.78215	0.996793	0.999179	1.00082	1.00321	6.811154
58900	-1569.346	-1536.159	-33.18734	804577.9	12.06626	0.998583	0.999638	1.00036	1.00142	7.211282
59000	-1577.493	-1545.516	-31.97639	96865.55	11.10839	0.995919	0.998954	1.00104	1.00409	7.108436
59100	-1579.134	-1537.355	-41.77814	273953.9	9.061631	0.997573	0.999379	1.00062	1.00243	7.930581
59200	-1561.967	-1536.416	-25.55157	225747.6	13.25179	0.997326	0.999315	1.00068	1.00268	6.573187
59300	-1559.388	-1527.661	-31.72693	959791.2	11.20591	0.998703	0.999668	1.00033	1.0013	7.088872
59400	-1555.951	-1525.419	-30.53233	750341.3	14.31664	0.998533	0.999625	1.00037	1.00147	6.876189
59500	-1566.84	-1539.569	-27.27099	121244.4	10.91543	0.996352	0.999065	1.00093	1.00365	6.670098
59600	-1574.951	-1543.009	-31.94185	900846.8	15.20698	0.998661	0.999658	1.00034	1.00134	6.891808
59700	-1569.692	-1535.245	-34.44758	565094	10.32521	0.99831	0.999568	1.00043	1.00169	7.300246
59800	-1566.604	-1539.645	-26.95883	520723.2	11.5808	0.998239	0.99955	1.00045	1.00176	6.682725
59900	-1573.7	-1545.087	-28.61327	173397.3	12.96767	0.996949	0.999219	1.00078	1.00305	6.815626
60000	-1579.188	-1543.401	-35.78674	146199.8	10.58253	0.996678	0.999149	1.00085	1.00333	7.442136
60100	-1585.545	-1545.05	-40.49589	402317.2	11.4768	0.997997	0.999487	1.00051	1.002	7.857798
60200	-1560.041	-1531.934	-28.10693	160491.3	13.32023	0.996829	0.999188	1.00081	1.00317	6.763099
60300	-1551.995	-1525.673	-26.32219	819107.1	11.5491	0.998596	0.999641	1.00036	1.0014	6.626318
60400	-1562.919	-1527.222	-35.69724	373180.2	12.01565	0.99792	0.999468	1.00053	1.00208	7.421651
60500	-1587.297	-1554.791	-32.50646	404881.1	10.22697	0.998003	0.999489	1.00051	1.002	7.103031
60600	-1578.238	-1546.132	-32.10655	932812.2	11.68468	0.998684	0.999664	1.00034	1.00132	7.12705
60700	-1573.97	-1544.473	-29.49685	386784.6	11.42435	0.997957	0.999477	1.00052	1.00204	6.89794
60800	-1552.981	-1527.586	-25.39531	895033.1	11.82955	0.998657	0.999657	1.00034	1.00134	6.55853
60900	-1561.266	-1538.218	-23.04813	71981.98	12.35813	0.995266	0.998786	1.00121	1.00474	6.38019
61000	-1568.09	-1539.288	-28.80208	772207.7	13.34864	0.998554	0.99963	1.00037	1.00145	6.813922
61100	-1556.85	-1532.559	-24.29117	871664.4	11.21649	0.998639	0.999652	1.00035	1.00136	6.426217
61200	-1575.706	-1544.272	-31.43406	260700.2	9.685229	0.997512	0.999363	1.00063	1.00249	6.923139
61300	-1557.622	-1533.467	-24.15584	251416.2	12.53873	0.997466	0.999351	1.00065	1.00254	6.472106
61400	-1569.312	-1537.243	-32.06902	267763.9	14.10569	0.997545	0.999372	1.00063	1.00246	7.001504
61500	-1563.91	-1540.61	-23.29959	412573.4	12.98808	0.998022	0.999494	1.0005	1.00198	6.405773
61600	-1557.13	-1533.713	-23.41742	256054.8	14.40507	0.997489	0.999357	1.00064	1.00251	6.375168
61700	-1578.545	-1540.588	-37.95679	294611.2	10.16797	0.997659	0.999401	1.0006	1.00234	7.633069
61800	-1592.024	-1554.547	-37.47617	555440	13.44938	0.998295	0.999564	1.00044	1.00171	7.453846
61900	-1568.871	-1537.535	-31.33606	416359.4	9.573238	0.998031	0.999496	1.0005	1.00197	6.892965
62000	-1568.27	-1535.489	-32.7811	809340.9	10.97847	0.998587	0.999639	1.00036	1.00141	7.177136
62100	-1581.244	-1543.693	-37.55074	826369.6	10.92296	0.998602	0.999643	1.00036	1.0014	7.611842
62200	-1576.472	-1544.999	-31.47292	861853.6	14.32524	0.998631	0.99965	1.00035	1.00137	6.941163
62300	-1560.96	-1531.307	-29.6534	828169	10.9926	0.998604	0.999643	1.00036	1.0014	6.893072
62400	-1561.956	-1535.524	-26.43146	168553.4	12.14417	0.996906	0.999208	1.00079	1.0031	6.652477
62500	-1559.286	-1526.808	-32.47797	563203.4	10.54396	0.998307	0.999567	1.00043	1.00169	7.126849
62600	-1559.896	-1531.804	-28.09146	928479.2	14.29671	0.998681	0.999663	1.00034	1.00132	6.707041
62700	-1566.608	-1535.723	-30.88557	229004.4	10.7881	0.997345	0.99932	1.00068	1.00266	6.993787
62800	-1566.058	-1534.122	-31.93596	602798.3	9.694969	0.998363	0.999581	1.00042	1.00164	6.976564
62900	-1561.991	-1533.952	-28.03946	608626.7	14.52948	0.998371	0.999583	1.00042	1.00163	6.68729
63000	-1563.701	-1531.6	-32.10108	256385.7	11.93324	0.997491	0.999358	1.00064	1.00251	7.123907
63100	-1565.953	-1532.754	-33.19964	414706.4	13.00432	0.998027	0.999495	1.0005	1.00197	7.166981
63200	-1574.448	-1543.76	-30.6874	524351.9	10.19065	0.998245	0.999551	1.00045	1.00176	6.920882
63300	-1576.988	-1536.822	-40.16665	615093.8	10.84227	0.99838	0.999586	1.00041	1.00162	7.85312
63400	-1558.463	-1538.461	-20.00123	929894.2	13.23659	0.998682	0.999663	1.00034	1.00132	6.154277
63500	-1568.576	-1534.945	-33.63086	337743	12.86114	0.997814	0.999441	1.00056	1.00219	7.209354
63600	-1560.026	-1536.415	-23.61083	629218	15.0475	0.998398	0.99959	1.00041	1.0016	6.35377
63700	-1552.989	-1519.977	-33.01213	769375.9	12.5839	0.998551	0.999629	1.00037	1.00145	7.176226
63800	-1571.987	-1541.198	-30.78929	334767.4	14.58258	0.997804	0.999438	1.00056	1.0022	6.872044
63900	-1563.604	-1534.907	-28.6972	925704.4	12.95656	0.998679	0.999662	1.00034	1.00132	6.822496
64000	-1570.229	-1533.686	-36.54238	463782.8	9.951291	0.998134	0.999523	1.00048	1.00187	7.477504
64100	-1569.096	-1537.989	-31.10773	827873.8	13.71797	0.998603	0.999643	1.00036	1.0014	6.96227
64200	-1574.056	-1535.23	-38.82613	394983	13.03565	0.997978	0.999483	1.00052	1.00202	7.596589
64300	-1569.569	-1531.892	-37.67647	521667.6	12.38366	0.998241	0.99955	1.00045	1.00176	7.562051
64400	-1560.805	-1540.915	-19.89008	223348.8	12.37448	0.997312	0.999312	1.00069	1.00269	6.12537
64500	-1569.437	-1535.839	-33.59801	828280.5	10.60769	0.998604	0.999643	1.00036	1.0014	7.236704
64600	-1577.608	-1539.814	-37.79467	440606	13.48401	0.998086	0.99951	1.00049	1.00192	7.474021
64700	-1554.805	-1527.261	-27.54461	858613.8	11.86488	0.998629	0.999649	1.00035	1.00137	6.740917
64800	-1569.415	-1539.862	-29.55381	855489.9	13.52036	0.998626	0.999649	1.00035	1.00137	6.860798
64900	-1580.738	-1546.604	-34.13395	927640.4	13.00755	0.998681	0.999663	1.00034	1.00132	7.238604
65000	-1557.577	-1527.865	-29.71149	611103.3	13.61144	0.998374	0.999584	1.00041	1.00163	6.867063
65100	-1574.562	-1542.583	-31.97867	192273.8	13.94367	0.997103	0.999258	1.00074	1.0029	7.008278
65200	-1562.426	-1532.459	-29.96709	838747.3	9.957046	0.998612	0.999645	1.00035	1.00139	6.817637
65300	-1557.431	-1530.567	-26.86429	645248.9	11.85848	0.998418	0.999595	1.0004	1.00158	6.683426
65400	-1562.8	-1527.996	-34.80358	302247.8	11.40393	0.997689	0.999409	1.00059	1.00231	7.362658
65500	-1569.911	-1542.958	-26.95314	885299	13.29036	0.998649	0.999655	1.00034	1.00135	6.677576
65600	-1579.276	-1536.937	-42.33852	176951.3	9.575228	0.99698	0.999227	1.00077	1.00302	8.04239
65700	-1566.789	-1540.666	-26.12274	134092.9	13.66127	0.996531	0.999111	1.00088	1.00347	6.601326
65800	-1561.734	-1531.369	-30.36459	402412	11.42021	0.997997	0.999487	1.00051	1.002	6.973798
65900	-1578.575	-1544.008	-34.56727	812520.1	10.72582	0.99859	0.999639	1.00036	1.00141	7.332931
66000	-1566.548	-1532.276	-34.27259	840429.9	11.30485	0.998614	0.999646	1.00035	1.00139	7.316358
66100	-1560.544	-1530.7	-29.84397	581032.1	11.42271	0.998333	0.999574	1.00043	1.00167	6.92828
66200	-1560.205	-1531.348	-28.85695	199612.9	14.31193	0.997156	0.999272	1.00073	1.00285	6.759501
66300	-1563.807	-1536.129	-27.67743	156605.7	13.04461	0.99679	0.999178	1.00082	1.00321	6.741052
66400	-1563.661	-1537.102	-26.55909	957009.2	10.59546	0.998701	0.999668	1.00033	1.0013	6.571699
66500	-1578.673	-1540.991	-37.68173	868666.5	10.9089	0.998637	0.999651	1.00035	1.00136	7.623882
66600	-1557.484	-1527.452	-30.0321	945408.1	11.39777	0.998693	0.999666	1.00033	1.00131	6.944082
66700	-1561.807	-1538.843	-22.96423	975534.6	11.78177	0.998713	0.999671	1.00033	1.00129	6.350398
66800	-1571.871	-1534.615	-37.25537	261968.3	11.10863	0.997518	0.999365	1.00063	1.00248	7.583657
66900	-1569.342	-1536.285	-33.05671	7758.424	10.03336	0.985606	0.996277	1.00365	1.01447	7.136879
67000	-1562.646	-1529.682	-32.9639	844479.2	9.749244	0.998617	0.999646	1.00035	1.00138	7.090723
67100	-1560.58	-1530.312	-30.26728	718222.1	14.86816	0.998501	0.999617	1.00038	1.0015	6.811975
67200	-1576.853	-1549.329	-27.52375	399527.6	13.27328	0.99799	0.999486	1.00051	1.00201	6.72118
67300	-1571.109	-1539.587	-31.5218	488918.7	11.58971	0.998183	0.999535	1.00046	1.00182	7.076783
67400	-1569.931	-1539.67	-30.26183	831789.4	11.77608	0.998607	0.999644	1.00036	1.00139	6.969772
67500	-1572.059	-1541.504	-30.55518	213680.4	12.11273	0.997252	0.999296	1.0007	1.00275	6.992518
67600	-1565.698	-1540.18	-25.51767	99703.74	11.83971	0.995977	0.998969	1.00103	1.00403	6.569229
67700	-1582.804	-1547.606	-35.19817	863940.7	9.592669	0.998633	0.99965	1.00035	1.00137	7.299175
67800	-1582.695	-1552.798	-29.89782	213372.4	12.02494	0.99725	0.999296	1.0007	1.00275	6.938944
67900	-1590.529	-1557.593	-32.93595	796122.5	11.54071	0.998576	0.999636	1.00036	1.00142	7.19901
68000	-1567.204	-1533.835	-33.36934	781985.8	10.49577	0.998563	0.999632	1.00037	1.00144	7.208317
68100	-1565.236	-1530.689	-34.54653	21872.06	11.5545	0.991418	0.997792	1.00218	1.00861	7.338353
68200	-1567.034	-1532.929	-34.10554	746625.3	13.74095	0.998529	0.999624	1.00038	1.00147	7.178811
68300	-1563.115	-1535.377	-27.73736	929780.5	13.44339	0.998682	0.999663	1.00034	1.00132	6.730008
68400	-1566.12	-1537.071	-29.04909	401151.3	10.83934	0.997994	0.999487	1.00051	1.00201	6.82751
68500	-1565.737	-1531.328	-34.40844	522896.1	10.20625	0.998243	0.99955	1.00045	1.00176	7.287321
68600	-1569.257	-1539.03	-30.22712	649115.7	10.74801	0.998423	0.999597	1.0004	1.00158	6.929914
68700	-1566.577	-1540.189	-26.38846	193731.3	12.258	0.997114	0.999261	1.00074	1.00289	6.65003
68800	-1570.407	-1536.107	-34.30044	727431.1	11.57353	0.99851	0.999619	1.00038	1.00149	7.316782
68900	-1570.089	-1534.714	-35.3759	194415.8	11.03793	0.997119	0.999262	1.00073	1.00288	7.414072
69000	-1566.087	-1538.928	-27.15845	188639	12.68772	0.997075	0.999251	1.00075	1.00293	6.709546
69100	-1570.005	-1538.058	-31.94669	955816.3	10.86637	0.9987	0.999668	1.00033	1.0013	7.096169
69200	-1577.471	-1539.77	-37.7006	470605.6	10.55586	0.998148	0.999526	1.00047	1.00185	7.622433
69300	-1571.277	-1537.551	-33.72679	27006.06	9.46554	0.992276	0.998014	1.00197	1.00775	7.124644
69400	-1563.126	-1532.763	-30.36295	890408.2	18.00538	0.998653	0.999656	1.00034	1.00135	6.499328
69500	-1561.847	-1532.872	-28.97503	499407.7	13.66076	0.998202	0.99954	1.00046	1.0018	6.810142
69600	-1576.755	-1539.898	-36.85685	126241.1	10.48965	0.996425	0.999084	1.00091	1.00358	7.540384
69700	-1567.871	-1539.552	-28.31976	3971.046	13.22271	0.979902	0.994776	1.00508	1.02024	6.783312
69800	-1569.465	-1539.559	-29.90585	800786.8	11.97232	0.99858	0.999637	1.00036	1.00142	6.939855
69900	-1567.09	-1527.839	-39.25043	740235.9	9.144002	0.998523	0.999622	1.00038	1.00148	7.665022
70000	-1564.079	-1530.803	-33.27542	86337.2	13.45421	0.995677	0.998892	1.0011	1.00433	7.141141
70100	-1575.894	-1543.452	-32.44271	929039.7	11.25784	0.998682	0.999663	1.00034	1.00132	7.15374
70200	-1573.348	-1544.276	-29.07269	308520.1	12.9879	0.997712	0.999415	1.00058	1.00229	6.850273
70300	-1577.102	-1546.596	-30.50567	799709.5	10.93794	0.998579	0.999637	1.00036	1.00142	6.967698
70400	-1556.119	-1532.217	-23.90153	102634.9	12.71819	0.996035	0.998984	1.00101	1.00397	6.45294
70500	-1564.848	-1535.058	-29.79011	582647	12.28605	0.998335	0.999574	1.00042	1.00167	6.927075
70600	-1572.141	-1546.982	-25.15989	692391.5	14.32513	0.998473	0.999609	1.00039	1.00153	6.500477
70700	-1561.603	-1534.74	-26.86302	686197.5	13.20722	0.998466	0.999608	1.00039	1.00153	6.67366
70800	-1552.675	-1528.367	-24.30851	96039.9	13.88821	0.995901	0.998949	1.00104	1.0041	6.460393
70900	-1570.455	-1534.554	-35.90172	685723.1	10.71849	0.998465	0.999608	1.00039	1.00154	7.45716
71000	-1568.346	-1540.638	-27.70774	876684.3	11.44981	0.998643	0.999653	1.00035	1.00136	6.742427
71100	-1586.997	-1547.214	-39.78301	82267.47	9.405959	0.995572	0.998865	1.00113	1.00444	7.757849
71200	-1559.649	-1527.748	-31.90157	527869.1	11.67741	0.998251	0.999553	1.00045	1.00175	7.109528
71300	-1559.835	-1532.931	-26.90415	456462	11.18619	0.998119	0.999519	1.00048	1.00188	6.657201
71400	-1554.125	-1535.234	-18.89117	520742.2	14.40541	0.998239	0.99955	1.00045	1.00176	6.060947
71500	-1557.022	-1533.239	-23.78323	688535.3	12.24551	0.998469	0.999608	1.00039	1.00153	6.43719
71600	-1560.647	-1532.065	-28.58169	244410.5	11.14457	0.99743	0.999342	1.00066	1.00257	6.804904
71700	-1584.567	-1544.106	-40.46107	939765.8	10.50805	0.998689	0.999665	1.00033	1.00131	7.884003
71800	-1572.583	-1539.971	-32.61157	674931.9	11.65851	0.998453	0.999604	1.00039	1.00155	7.170467
71900	-1571.45	-1536.685	-34.76483	809031.1	12.00375	0.998587	0.999639	1.00036	1.00141	7.344514
72000	-1567.074	-1537.939	-29.13507	588676.9	12.54189	0.998344	0.999576	1.00042	1.00166	6.869141
72100	-1588.323	-1556.112	-32.21066	74806.1	11.56971	0.995356	0.998809	1.00118	1.00465	7.136213
72200	-1583.91	-1544.933	-38.97706	492951.7	10.54163	0.99819	0.999537	1.00046	1.00181	7.743202
72300	-1561.328	-1532.407	-28.92161	210933.9	13.09939	0.997234	0.999292	1.00071	1.00277	6.834198
72400	-1569.141	-1536.235	-32.90585	394517.9	13.79886	0.997977	0.999482	1.00052	1.00202	7.086809
72500	-1557.513	-1518.078	-39.43492	251239.3	8.943252	0.997465	0.999351	1.00065	1.00254	7.651211
72600	-1568.956	-1543.505	-25.45103	270441.6	11.07219	0.997557	0.999375	1.00062	1.00245	6.517925
72700	-1559.694	-1534.073	-25.62022	727902.4	14.61077	0.998511	0.999619	1.00038	1.00149	6.515849
72800	-1553.134	-1529.458	-23.67589	323123.7	11.778	0.997765	0.999428	1.00057	1.00224	6.410607
72900	-1584.245	-1544.947	-39.29794	749929.7	11.86309	0.998533	0.999625	1.00037	1.00147	7.731631
73000	-1559.018	-1528.844	-30.17341	99614.97	10.7287	0.995976	0.998968	1.00103	1.00403	6.923493
73100	-1568.911	-1542.091	-26.81979	392268.4	15.38663	0.997971	0.999481	1.00052	1.00203	6.540995
73200	-1576.257	-1540.97	-35.28698	869402.3	9.490527	0.998637	0.999651	1.00035	1.00136	7.293366
73300	-1593.729	-1552.913	-40.81613	376778.3	12.38096	0.99793	0.99947	1.00053	1.00207	7.815834
73400	-1559.733	-1537.168	-22.56481	988046.7	13.00686	0.998722	0.999673	1.00033	1.00128	6.349187
73500	-1582.467	-1549.823	-32.64378	750273.5	11.0923	0.998533	0.999625	1.00037	1.00147	7.168096
73600	-1543.502	-1521.178	-22.32391	450051.8	14.64519	0.998106	0.999515	1.00048	1.0019	6.288644
73700	-1556.978	-1529.283	-27.69521	334199.5	12.35018	0.997802	0.999438	1.00056	1.0022	6.756273
73800	-1570.65	-1535.438	-35.21195	480445.2	10.79503	0.998167	0.999531	1.00047	1.00183	7.395
73900	-1562.982	-1531.496	-31.48565	190032.9	12.72455	0.997086	0.999254	1.00074	1.00292	7.048977
74000	-1568.556	-1535.402	-33.15433	35229.42	11.10782	0.993236	0.998262	1.00172	1.00678	7.214464
74100	-1581.913	-1544.913	-37.00061	718924.6	10.27264	0.998501	0.999617	1.00038	1.0015	7.544919
74200	-1586.99	-1548.736	-38.25441	375904.2	10.49821	0.997928	0.99947	1.00053	1.00207	7.673801
74300	-1558.086	-1529.077	-29.00937	18331.41	10.8648	0.990627	0.997587	1.00238	1.0094	6.825741
74400	-1559.317	-1529.788	-29.52849	878472	13.94264	0.998644	0.999653	1.00035	1.00136	6.832628
74500	-1559.628	-1533.021	-26.60729	75749.16	10.9012	0.995385	0.998817	1.00118	1.00462	6.60801
74600	-1566.273	-1531.193	-35.07997	209193.9	13.59152	0.997222	0.999289	1.00071	1.00278	7.263248
74700	-1556.48	-1528.789	-27.69129	556963.1	11.52824	0.998297	0.999564	1.00043	1.0017	6.744101
74800	-1553.749	-1528.421	-25.32785	432937.1	12.42479	0.998069	0.999506	1.00049	1.00193	6.56517
74900	-1594.568	-1564.077	-30.49097	734717.4	9.829708	0.998517	0.999621	1.00038	1.00148	6.850542
75000	-1574.814	-1537.922	-36.892	824052.8	9.133389	0.9986	0.999642	1.00036	1.0014	7.405133
75100	-1553.548	-1532.571	-20.97731	708220.3	12.67603	0.99849	0.999614	1.00039	1.00151	6.222113
75200	-1556.605	-1529.637	-26.9679	770981.8	12.86467	0.998553	0.99963	1.00037	1.00145	6.691208
75300	-1570.557	-1545.186	-25.37111	293726.2	10.54099	0.997656	0.9994	1.0006	1.00235	6.452429
75400	-1573.5	-1543.308	-30.1926	227125.3	10.68328	0.997334	0.999318	1.00068	1.00267	6.92182
75500	-1563.924	-1531.888	-32.03576	957535.8	13.32304	0.998701	0.999668	1.00033	1.0013	7.057865
75600	-1575.668	-1546.998	-28.67033	149822.8	10.74605	0.996718	0.999159	1.00084	1.00329	6.7849
75700	-1568.63	-1538.106	-30.52477	652220	13.70454	0.998427	0.999598	1.0004	1.00157	6.920676
75800	-1578.7	-1539.661	-39.03848	667354.8	11.07713	0.998444	0.999602	1.0004	1.00156	7.744974
75900	-1566.26	-1538.637	-27.6229	360358.9	10.51588	0.997883	0.999458	1.00054	1.00212	6.663169
76000	-1576.64	-1536.051	-40.58869	800257.6	9.798053	0.998579	0.999637	1.00036	1.00142	7.875922
76100	-1565.135	-1536.95	-28.18464	115232.9	11.71553	0.996258	0.999041	1.00095	1.00375	6.792124
76200	-1566.457	-1533.925	-32.53184	39728.77	10.54035	0.99363	0.998364	1.00162	1.00638	7.131707
76300	-1564.696	-1543.727	-20.96899	820665.4	12.8274	0.998597	0.999641	1.00036	1.0014	6.224341
76400	-1575.907	-1541.505	-34.40117	987375.6	9.47282	0.998721	0.999673	1.00033	1.00128	7.197105
76500	-1576.169	-1548.427	-27.74197	987558.3	11.3413	0.998721	0.999673	1.00033	1.00128	6.740501
76600	-1581.167	-1544.25	-36.91763	87107.54	9.770267	0.995696	0.998897	1.0011	1.00431	7.498444
76700	-1572.995	-1535.506	-37.4886	416620.8	10.88354	0.998031	0.999496	1.0005	1.00197	7.60619
76800	-1554.858	-1531.772	-23.08666	352497	13.64978	0.99786	0.999452	1.00055	1.00214	6.379385
76900	-1559.902	-1531.28	-28.62212	555729.8	12.76864	0.998295	0.999564	1.00043	1.00171	6.82271
77000	-1572.183	-1539.36	-32.82382	447675.3	12.47115	0.998101	0.999514	1.00048	1.0019	7.16647
77100	-1570.496	-1547.571	-22.92412	521246.6	13.90086	0.99824	0.99955	1.00045	1.00176	6.360309
77200	-1573.75	-1539.094	-34.65546	436602.3	12.34684	0.998077	0.999508	1.00049	1.00192	7.320019
77300	-1569.539	-1534.021	-35.51835	961817.4	12.07659	0.998704	0.999669	1.00033	1.0013	7.403985
77400	-1573.132	-1537.037	-36.09544	351334.4	11.40882	0.997856	0.999451	1.00055	1.00215	7.475844
77500	-1581.916	-1546.894	-35.02232	228271.6	9.590508	0.997341	0.999319	1.00068	1.00266	7.280533
77600	-1563.521	-1533.659	-29.86234	240927.3	13.98656	0.997412	0.999337	1.00066	1.00259	6.853527
77700	-1568.104	-1538.278	-29.82644	264279	10.91953	0.997529	0.999367	1.00063	1.00247	6.904468
77800	-1563.49	-1539.758	-23.73238	39773.05	13.21974	0.993634	0.998365	1.00162	1.00638	6.436427
77900	-1560.82	-1532.826	-27.99459	250719.4	12.7935	0.997463	0.99935	1.00065	1.00254	6.772936
78000	-1573.457	-1549.234	-24.22307	390021.6	11.37877	0.997965	0.999479	1.00052	1.00204	6.433034
78100	-1571.605	-1540.328	-31.27731	394965.2	11.3271	0.997978	0.999483	1.00052	1.00202	7.051914
78200	-1561.672	-1537.059	-24.61335	740417.5	10.53448	0.998523	0.999622	1.00038	1.00148	6.379624
78300	-1569.041	-1538.101	-30.94009	332057.5	12.8345	0.997795	0.999436	1.00056	1.00221	7.001351
78400	-1572.848	-1539.12	-33.72828	763467	12.13802	0.998546	0.999628	1.00037	1.00146	7.253556
78500	-1583.551	-1542.237	-41.31436	302807.6	11.49691	0.997691	0.999409	1.00059	1.00231	7.927837
78600	-1570.017	-1528.926	-41.09083	962268.1	14.34212	0.998705	0.999669	1.00033	1.0013	7.610344
78700	-1587.437	-1554.664	-32.77214	793765.4	10.81718	0.998574	0.999635	1.00036	1.00143	7.170005
78800	-1556.945	-1525.073	-31.87193	705975.9	10.91167	0.998488	0.999613	1.00039	1.00151	7.091435
78900	-1551.427	-1525.549	-25.87781	863582.1	11.80374	0.998633	0.99965	1.00035	1.00137	6.598456
79000	-1571.366	-1543.007	-28.35983	642469.6	11.93102	0.998415	0.999595	1.0004	1.00159	6.810371
79100	-1564.777	-1533.056	-31.72091	883936.2	11.64064	0.998648	0.999654	1.00034	1.00135	7.094068
79200	-1572.363	-1541.165	-31.19851	937008.7	12.39945	0.998687	0.999664	1.00034	1.00131	7.038462
79300	-1557.105	-1532.116	-24.98915	794402.2	13.99025	0.998574	0.999635	1.00036	1.00143	6.504942
79400	-1565.411	-1533.173	-32.23827	133946.1	9.788269	0.996529	0.999111	1.00088	1.00348	7.022214
79500	-1570.646	-1545.062	-25.58358	110222.4	11.78493	0.996174	0.99902	1.00098	1.00383	6.572838
79600	-1581.443	-1547.216	-34.22747	942299.5	11.76564	0.998691	0.999665	1.00033	1.00131	7.30678
79700	-1581.899	-1544.806	-37.09371	713301	10.51202	0.998495	0.999615	1.00038	1.00151	7.563671
79800	-1560.273	-1532.26	-28.01226	280000.9	10.5105	0.997599	0.999385	1.00061	1.0024	6.699588
79900	-1580.427	-1545.919	-34.50852	620256.8	10.62837	0.998386	0.999587	1.00041	1.00161	7.323478
80000	-1565.861	-1538.701	-27.15962	676011.8	14.74369	0.998454	0.999605	1.00039	1.00155	6.611925
80100	-1563.749	-1536.098	-27.65056	694993.4	11.33994	0.998476	0.99961	1.00039	1.00153	6.732373
80200	-1570.553	-1540.456	-30.0973	253396.1	10.40086	0.997476	0.999354	1.00064	1.00253	6.88709
80300	-1573.895	-1539.258	-34.63781	351844.7	10.99592	0.997858	0.999452	1.00055	1.00214	7.346561
80400	-1570.154	-1534.626	-35.52863	109570.2	9.771745	0.996163	0.999017	1.00098	1.00384	7.356451
80500	-1573.107	-1540.863	-32.24421	218188.6	10.62156	0.99728	0.999304	1.00069	1.00272	7.109992
80600	-1572.169	-1543.673	-28.49527	747419.5	10.98802	0.99853	0.999624	1.00038	1.00147	6.787406
80700	-1567.628	-1535.753	-31.87525	596971.9	9.67487	0.998355	0.999579	1.00042	1.00165	6.966965
80800	-1571.663	-1540.272	-31.39052	440520.7	12.5007	0.998086	0.99951	1.00049	1.00192	7.050492
80900	-1561.75	-1535.375	-26.37537	798849.1	11.12054	0.998578	0.999636	1.00036	1.00142	6.605142
81000	-1563.115	-1534.304	-28.81035	79388.1	11.28075	0.995492	0.998844	1.00115	1.00451	6.832127
81100	-1574.729	-1544.547	-30.18216	803170.4	13.6909	0.998582	0.999637	1.00036	1.00142	6.896563
81200	-1559.761	-1537.296	-22.46583	684934.5	14.08474	0.998465	0.999607	1.00039	1.00154	6.32143
81300	-1576.503	-1547.785	-28.71799	743530.7	12.79797	0.998526	0.999623	1.00038	1.00147	6.829345
81400	-1569.044	-1546.114	-22.92977	209899.8	13.9281	0.997227	0.99929	1.00071	1.00278	6.359831
81500	-1569.961	-1542.671	-27.29019	90221.18	11.49661	0.995771	0.998916	1.00108	1.00423	6.708004
81600	-1576.267	-1540.811	-35.45627	840980.7	9.268922	0.998614	0.999646	1.00035	1.00139	7.274114
81700	-1583.851	-1547.192	-36.65923	508576.2	9.872501	0.998218	0.999544	1.00045	1.00178	7.482173
81800	-1565.891	-1537.792	-28.09888	280283.1	10.81415	0.9976	0.999386	1.00061	1.0024	6.737725
81900	-1562.807	-1530.647	-32.16048	767514.5	12.85312	0.998549	0.999629	1.00037	1.00145	7.095454
82000	-1562.922	-1536.388	-26.53408	164602.9	11.19224	0.996869	0.999198	1.0008	1.00313	6.624536
82100	-1586.969	-1549.791	-37.17862	540080.8	9.405061	0.998271	0.999558	1.00044	1.00173	7.480833
82200	-1579.286	-1544.356	-34.92912	339368.9	10.87644	0.997819	0.999442	1.00056	1.00218	7.370863
82300	-1583.491	-1549.803	-33.68847	117502.5	11.29257	0.996294	0.99905	1.00094	1.00371	7.264625
82400	-1579.227	-1542.824	-36.40261	884651.6	11.7421	0.998649	0.999654	1.00034	1.00135	7.492574
82500	-1562.705	-1529.445	-33.25977	316676.1	11.05175	0.997742	0.999422	1.00058	1.00226	7.222699
82600	-1557.987	-1528.861	-29.1257	211980.9	11.80422	0.997241	0.999293	1.0007	1.00276	6.87362
82700	-1573.044	-1539.895	-33.14821	316272.2	11.96317	0.997741	0.999422	1.00058	1.00226	7.210912
82800	-1582.269	-1547.589	-34.67988	891369.5	12.06148	0.998654	0.999656	1.00034	1.00135	7.335171
82900	-1556.152	-1533.246	-22.90636	714350.3	13.77006	0.998496	0.999615	1.00038	1.0015	6.362977
83000	-1571.558	-1535.671	-35.88668	68354.53	10.19748	0.995142	0.998754	1.00124	1.00487	7.431556
83100	-1557.887	-1530.649	-27.23765	875651.5	12.81169	0.998642	0.999653	1.00035	1.00136	6.713381
83200	-1563.015	-1536.151	-26.86416	704409	13.15065	0.998486	0.999613	1.00039	1.00151	6.67557
83300	-1558.65	-1529.356	-29.29361	846772.5	11.41654	0.998619	0.999647	1.00035	1.00138	6.879902
83400	-1572.416	-1539.298	-33.11836	437853.3	10.92599	0.99808	0.999509	1.00049	1.00192	7.20616
83500	-1589.567	-1548.108	-41.45899	785801.8	9.463952	0.998566	0.999633	1.00037	1.00143	7.941382
83600	-1579.52	-1549.801	-29.71899	762803.2	13.20356	0.998545	0.999628	1.00037	1.00146	6.890084
83700	-1569.214	-1536.478	-32.73571	83744.13	9.610779	0.995611	0.998875	1.00112	1.0044	7.045506
83800	-1574.097	-1544.834	-29.26313	745094	12.02427	0.998528	0.999623	1.00038	1.00147	6.886163
83900	-1588.813	-1555.093	-33.72011	15104.69	11.00464	0.989676	0.997339	1.00262	1.01036	7.263312
84000	-1584.948	-1545.931	-39.01698	347741.1	10.63832	0.997845	0.999449	1.00055	1.00216	7.747712
84100	-1584.502	-1541.934	-42.56775	612627.3	10.77374	0.998376	0.999585	1.00041	1.00162	8.077186
84200	-1565.261	-1540.739	-24.52186	158200.3	15.08148	0.996806	0.999182	1.00081	1.0032	6.412124
84300	-1581.383	-1541.83	-39.55248	148296.7	10.64935	0.996701	0.999155	1.00084	1.0033	7.798037
84400	-1579.925	-1545.933	-33.99249	348964.9	9.76345	0.997849	0.99945	1.00055	1.00215	7.198142
84500	-1568.222	-1533.014	-35.20804	102574.5	10.92657	0.996034	0.998984	1.00101	1.00397	7.397428
84600	-1566.48	-1535.686	-30.79399	956650.5	11.82336	0.998701	0.999668	1.00033	1.0013	7.014917
84700	-1580.205	-1542.169	-38.0366	262379.4	10.30514	0.99752	0.999365	1.00063	1.00248	7.647079
84800	-1580.203	-1538.371	-41.8328	293966.7	10.89747	0.997657	0.9994	1.0006	1.00235	8.004832
84900	-1573.633	-1538.052	-35.58019	365854.3	10.79698	0.997899	0.999462	1.00054	1.0021	7.429156
85000	-1569.969	-1538.955	-31.01409	703441.3	11.94604	0.998485	0.999613	1.00039	1.00152	7.032697
85100	-1583.372	-1547.569	-35.80321	580967.2	10.54707	0.998333	0.999574	1.00043	1.00167	7.442341
85200	-1582.891	-1545.86	-37.03083	112335	11.06855	0.99621	0.999029	1.00097	1.0038	7.563799
85300	-1559.172	-1528.816	-30.3556	164741	10.44405	0.99687	0.999198	1.0008	1.00313	6.91624
85400	-1574.531	-1542.916	-31.61577	868432.6	10.93717	0.998636	0.999651	1.00035	1.00136	7.069154
85500	-1591.861	-1548.845	-43.01568	859183.8	10.3072	0.998629	0.999649	1.00035	1.00137	8.130226
85600	-1562.788	-1534.341	-28.44699	618164	11.44642	0.998384	0.999587	1.00041	1.00162	6.806867
85700	-1571.376	-1541.83	-29.5456	868411.7	10.72074	0.998636	0.999651	1.00035	1.00136	6.864336
85800	-1570.906	-1543.107	-27.79874	951557.2	11.51438	0.998697	0.999667	1.00033	1.0013	6.752911
85900	-1561.376	-1524.972	-36.40413	226194.2	9.965897	0.997329	0.999316	1.00068	1.00267	7.464889
86000	-1555.124	-1531.599	-23.52457	316400.2	13.84256	0.997741	0.999422	1.00058	1.00226	6.405508
86100	-1584.171	-1552.539	-31.63226	173723.7	9.424922	0.996952	0.999219	1.00078	1.00305	6.895194
86200	-1569.62	-1541.591	-28.02905	734028.2	15.27146	0.998517	0.999621	1.00038	1.00148	6.629199
86300	-1554.528	-1527.845	-26.683	561278.4	12.62245	0.998304	0.999566	1.00043	1.0017	6.672877
86400	-1583.982	-1557.264	-26.7187	383684.3	12.04711	0.997949	0.999475	1.00052	1.00205	6.674911
86500	-1567.605	-1535.378	-32.22715	975671.7	9.702138	0.998713	0.999671	1.00033	1.00129	7.007751
86600	-1578.572	-1547.733	-30.83947	797934.4	12.1193	0.998577	0.999636	1.00036	1.00142	7.01588
86700	-1575.297	-1536.883	-38.41333	726506.4	11.79857	0.998509	0.999619	1.00038	1.00149	7.66074
86800	-1570.649	-1535.979	-34.66924	996450.4	11.72656	0.998727	0.999674	1.00032	1.00127	7.345353
86900	-1584.928	-1546.242	-38.68553	499168.8	11.04101	0.998201	0.99954	1.00046	1.0018	7.713854
87000	-1562.114	-1529.217	-32.8968	664379.2	11.80502	0.998441	0.999601	1.0004	1.00156	7.193077
87100	-1555.978	-1527.694	-28.28415	171128.3	13.01946	0.996929	0.999214	1.00078	1.00307	6.788461
87200	-1564.163	-1537.403	-26.76011	374080.7	11.54067	0.997923	0.999468	1.00053	1.00208	6.663873
87300	-1562.447	-1540.055	-22.39199	368072.4	13.16103	0.997906	0.999464	1.00053	1.0021	6.33544
87400	-1569.301	-1539.565	-29.73599	911555.2	14.01553	0.998669	0.99966	1.00034	1.00133	6.842481
87500	-1572.884	-1544.505	-28.37848	355939.5	13.29171	0.99787	0.999455	1.00054	1.00213	6.784762
87600	-1575.059	-1538.427	-36.63216	806001.8	11.56172	0.998585	0.999638	1.00036	1.00142	7.51863
87700	-1570.19	-1555.992	-14.19827	215616.7	12.84504	0.997264	0.999299	1.0007	1.00274	5.697504
87800	-1577.238	-1542.922	-34.31692	527218.2	10.04242	0.99825	0.999552	1.00045	1.00175	7.263387
87900	-1566.995	-1536.099	-30.89647	413385.5	11.49812	0.998024	0.999494	1.0005	1.00198	7.021709
88000	-1557.684	-1526.601	-31.08256	418241.4	11.14765	0.998035	0.999497	1.0005	1.00197	7.029417
88100	-1573.833	-1534.593	-39.23992	532456.4	11.5211	0.998259	0.999555	1.00044	1.00174	7.746223
88200	-1565.394	-1533.602	-31.79196	984622.8	14.51356	0.998719	0.999673	1.00033	1.00128	6.946975
88300	-1569.217	-1542.902	-26.31513	362683.3	14.78997	0.99789	0.99946	1.00054	1.00211	6.551523
88400	-1581.588	-1539.041	-42.54742	665734.1	12.11398	0.998443	0.999602	1.0004	1.00156	7.98245
88500	-1582.596	-1542.356	-40.24068	413906.8	12.23199	0.998025	0.999495	1.0005	1.00198	7.782293
88600	-1556.136	-1529.634	-26.50241	279255.5	13.18453	0.997596	0.999385	1.00061	1.00241	6.647053
88700	-1573.38	-1537.468	-35.91285	758609.8	12.24885	0.998541	0.999627	1.00037	1.00146	7.427539
88800	-1559.906	-1533.444	-26.46229	245401.5	11.82945	0.997435	0.999343	1.00065	1.00257	6.648723
88900	-1559.875	-1542.9	-16.97471	913814.2	15.11579	0.998671	0.99966	1.00034	1.00133	5.910604
89000	-1582.145	-1539.877	-42.26764	727211.6	11.03263	0.99851	0.999619	1.00038	1.00149	8.038698
89100	-1598.676	-1551.117	-47.55918	760003.9	9.543101	0.998542	0.999627	1.00037	1.00146	8.587264
89200	-1580.697	-1548.936	-31.76048	213298.5	10.89648	0.997249	0.999296	1.0007	1.00275	7.080504
89300	-1567.208	-1529.226	-37.98243	865702.4	9.957057	0.998634	0.999651	1.00035	1.00137	7.622629
89400	-1551.321	-1529.477	-21.84432	596297.7	15.55473	0.998354	0.999579	1.00042	1.00165	6.207655
89500	-1580.343	-1548.68	-31.66327	283665.3	11.46067	0.997614	0.999389	1.00061	1.00239	7.088019
89600	-1585.715	-1551.068	-34.64654	998454.5	12.01775	0.998728	0.999675	1.00032	1.00127	7.334127
89700	-1557.772	-1526.903	-30.8684	577917.1	10.23561	0.998328	0.999572	1.00043	1.00167	6.943844
89800	-1593.208	-1550.607	-42.60142	62821	9.678582	0.994933	0.9987	1.00129	1.00508	8.075824
89900	-1578.387	-1545.737	-32.65091	474057.3	13.16304	0.998154	0.999528	1.00047	1.00185	7.1148
90000	-1569.384	-1536.773	-32.61142	910239	14.00545	0.998668	0.999659	1.00034	1.00133	7.048492
90100	-1569.75	-1537.683	-32.06724	654635.5	14.61189	0.998429	0.999598	1.0004	1.00157	6.956999
90200	-1558.149	-1526.139	-32.00942	774483.5	12.77171	0.998556	0.999631	1.00037	1.00144	7.087841
90300	-1562.396	-1531.036	-31.35971	624459.3	13.11	0.998392	0.999589	1.00041	1.00161	7.019727
90400	-1566.968	-1539.703	-27.2648	252514.9	12.34854	0.997472	0.999353	1.00064	1.00253	6.721427
90500	-1556.828	-1527.511	-29.31649	761723.2	12.71834	0.998544	0.999628	1.00037	1.00146	6.878701
90600	-1580.402	-1544.468	-35.93448	601681.9	10.02812	0.998362	0.999581	1.00042	1.00164	7.423254
90700	-1555.912	-1529.54	-26.37131	12067.91	13.3134	0.988453	0.997021	1.00293	1.01159	6.633029
90800	-1572.491	-1537.513	-34.97851	295330.9	13.1524	0.997662	0.999402	1.0006	1.00234	7.292463
90900	-1586.68	-1548.28	-38.40051	314130.9	8.754862	0.997733	0.99942	1.00058	1.00227	7.495301
91000	-1561.731	-1533.356	-28.37407	383887.9	12.43873	0.997949	0.999475	1.00052	1.00205	6.810149
91100	-1569.169	-1534.704	-34.46545	924363.2	14.99158	0.998678	0.999662	1.00034	1.00132	7.081153
91200	-1593.074	-1550.086	-42.98771	202169.8	9.050589	0.997174	0.999277	1.00072	1.00283	8.062694
91300	-1575.488	-1538.618	-36.8697	741026	11.76613	0.998524	0.999622	1.00038	1.00148	7.53133
91400	-1552.355	-1519.187	-33.16798	670302.5	10.46561	0.998448	0.999603	1.0004	1.00155	7.187055
91500	-1569.036	-1540.42	-28.61607	39165.76	14.81189	0.993584	0.998352	1.00163	1.00643	6.705374
91600	-1564.28	-1534.943	-29.33712	453454.9	13.36811	0.998113	0.999517	1.00048	1.00189	6.852998
91700	-1566.182	-1530.67	-35.51246	201881.7	10.89458	0.997172	0.999276	1.00072	1.00283	7.424803
91800	-1566.702	-1537.092	-29.61017	242377.9	10.6523	0.997419	0.999339	1.00066	1.00258	6.864683
91900	-1571.713	-1539.309	-32.40398	666135.5	11.40669	0.998443	0.999602	1.0004	1.00156	7.152263
92000	-1567.203	-1534.904	-32.29933	576842.6	12.78281	0.998327	0.999572	1.00043	1.00167	7.109969
92100	-1573.446	-1543.773	-29.67264	793742.3	14.30752	0.998574	0.999635	1.00036	1.00143	6.816827
92200	-1570.445	-1532.46	-37.98433	456148.4	11.31671	0.998119	0.999519	1.00048	1.00188	7.644345
92300	-1563.106	-1534.438	-28.66869	161510.5	13.0181	0.996839	0.99919	1.00081	1.00316	6.818048
92400	-1585.154	-1550.101	-35.05266	475493.1	8.794293	0.998157	0.999529	1.00047	1.00184	7.123547
92500	-1582.989	-1552.908	-30.0811	568932	11.31586	0.998315	0.999569	1.00043	1.00169	6.945948
92600	-1572.499	-1539.834	-32.66501	36643.1	12.67297	0.993368	0.998296	1.00169	1.00665	7.1443
92700	-1576.975	-1541.524	-35.45037	515036.3	10.50966	0.998229	0.999547	1.00045	1.00177	7.407233
92800	-1580.225	-1552.929	-27.29609	333134.2	12.4535	0.997799	0.999437	1.00056	1.0022	6.723374
92900	-1572.27	-1541.504	-30.76631	533007.6	11.87295	0.998259	0.999555	1.00044	1.00174	7.012415
93000	-1558.684	-1529.387	-29.29697	862720.1	11.00963	0.998632	0.99965	1.00035	1.00137	6.861677
93100	-1571.792	-1535.737	-36.05543	159845.7	12.98988	0.996822	0.999186	1.00081	1.00318	7.387748
93200	-1566.15	-1534.454	-31.69612	409588.4	9.991558	0.998015	0.999492	1.00051	1.00199	6.995882
93300	-1589.155	-1543.629	-45.52581	348699.7	10.14434	0.997848	0.999449	1.00055	1.00215	8.377953
93400	-1579.321	-1545.171	-34.14927	347731.8	13.799	0.997845	0.999449	1.00055	1.00216	7.176908
93500	-1581.499	-1544.803	-36.6964	765852.8	9.518992	0.998548	0.999629	1.00037	1.00145	7.445764
93600	-1566.759	-1537.434	-29.32512	32954.93	11.05979	0.993007	0.998203	1.00178	1.00701	6.867131
93700	-1559.293	-1527.069	-32.22326	611878.5	11.3916	0.998375	0.999584	1.00041	1.00163	7.136261
93800	-1558.401	-1525.564	-32.83666	989731.6	13.69707	0.998723	0.999673	1.00033	1.00128	7.089963
93900	-1571.241	-1541.099	-30.14185	38069.11	11.16927	0.993493	0.998329	1.00166	1.00652	6.945945
94000	-1562.318	-1540.447	-21.87079	165828.7	12.81811	0.99688	0.999201	1.0008	1.00312	6.294546
94100	-1571.062	-1536.086	-34.97656	822929.1	11.00636	0.998599	0.999642	1.00036	1.0014	7.377509
94200	-1566.452	-1535.898	-30.5549	956456.4	10.78212	0.998701	0.999668	1.00033	1.0013	6.962737
94300	-1582.364	-1555.187	-27.1772	792799	12.20908	0.998573	0.999635	1.00036	1.00143	6.714239
94400	-1566.793	-1535.496	-31.29786	983806.8	9.348312	0.998719	0.999672	1.00033	1.00128	6.843358
94500	-1576.216	-1546.192	-30.02418	828990.6	11.34938	0.998604	0.999643	1.00036	1.0014	6.94198
94600	-1573.16	-1534.675	-38.48462	654308.6	9.032503	0.998429	0.999598	1.0004	1.00157	7.561872
94700	-1564.844	-1535.393	-29.45141	817956.5	11.78969	0.998595	0.999641	1.00036	1.00141	6.901084
94800	-1556.741	-1526.286	-30.45454	932740.8	12.63366	0.998684	0.999664	1.00034	1.00132	6.971282
94900	-1584.498	-1544.034	-40.46449	504015.3	12.11388	0.99821	0.999542	1.00046	1.00179	7.810514
95000	-1575.859	-1537.018	-38.84132	997015.3	13.51571	0.998727	0.999675	1.00032	1.00127	7.548228
95100	-1565.384	-1539.939	-25.44502	993623.5	14.77926	0.998725	0.999674	1.00033	1.00128	6.493375
95200	-1562.442	-1533.527	-28.91516	928499.8	12.32894	0.998681	0.999663	1.00034	1.00132	6.85534
95300	-1554.733	-1533.15	-21.58307	987731.2	15.46575	0.998721	0.999673	1.00033	1.00128	6.196097
95400	-1570.627	-1536.401	-34.2258	899109.9	13.1289	0.99866	0.999657	1.00034	1.00134	7.236964
95500	-1576.149	-1534.17	-41.97928	983809.4	9.521295	0.998719	0.999672	1.00033	1.00128	8.000923
95600	-1565.254	-1531.55	-33.70465	937451.7	11.25063	0.998687	0.999664	1.00034	1.00131	7.265778
95700	-1570.527	-1537.477	-33.04942	164778.6	10.62974	0.99687	0.999198	1.0008	1.00313	7.186273
95800	-1574.844	-1541.643	-33.20095	232915.3	10.41168	0.997367	0.999326	1.00067	1.00264	7.186306
95900	-1570.868	-1537.32	-33.54719	111391.7	10.86067	0.996194	0.999025	1.00097	1.00381	7.243258
96000	-1563.663	-1532.418	-31.24482	269853.1	13.10403	0.997554	0.999374	1.00062	1.00245	7.011294
96100	-1569.774	-1538.552	-31.22144	622273.9	11.39066	0.998389	0.999588	1.00041	1.00161	7.0483
96200	-1566.519	-1533.392	-33.12692	600886	9.458531	0.998361	0.999581	1.00042	1.00164	7.059994
96300	-1560.711	-1531.922	-28.78824	821446.7	14.23331	0.998598	0.999641	1.00036	1.0014	6.76022
96400	-1559.008	-1534.931	-24.07728	514003.9	10.9222	0.998228	0.999547	1.00045	1.00177	6.37826
96500	-1565.473	-1533.575	-31.89837	800646.4	12.23869	0.99858	0.999637	1.00036	1.00142	7.100092
96600	-1562	-1529.658	-32.34208	57270.79	14.80503	0.994694	0.998638	1.00135	1.00532	6.957586
96700	-1579.029	-1544.173	-34.85609	728521.3	12.10757	0.998511	0.999619	1.00038	1.00149	7.347817
96800	-1569.971	-1536.264	-33.70749	677248	11.89973	0.998456	0.999605	1.00039	1.00154	7.259441
96900	-1562.477	-1532.125	-30.35195	243729.9	11.51004	0.997426	0.999341	1.00066	1.00258	6.974574
97000	-1577.731	-1546.249	-31.48195	356319.8	10.98499	0.997871	0.999455	1.00054	1.00213	7.059086
97100	-1576.218	-1542.544	-33.67411	953071.6	11.14013	0.998698	0.999667	1.00033	1.0013	7.26178
97200	-1547.672	-1528.153	-19.51969	741897.3	15.00921	0.998525	0.999623	1.00038	1.00148	6.083484
97300	-1577.787	-1544.89	-32.89695	229676.5	10.65412	0.997349	0.999321	1.00068	1.00265	7.173337
97400	-1565.144	-1535.949	-29.19434	623201.7	12.80231	0.99839	0.999588	1.00041	1.00161	6.866422
97500	-1582.328	-1541.044	-41.28426	589326.6	9.221072	0.998345	0.999577	1.00042	1.00166	7.897218
97600	-1565.993	-1538.154	-27.83888	268710.4	12.30685	0.997549	0.999373	1.00063	1.00245	6.768163
97700	-1555.669	-1537.01	-18.65906	950144.4	13.27521	0.998696	0.999667	1.00033	1.0013	6.053342
97800	-1553.902	-1530.671	-23.23056	877319.1	14.02906	0.998643	0.999653	1.00035	1.00136	6.377824
97900	-1575.888	-1544.633	-31.25497	951711.7	15.39003	0.998697	0.999667	1.00033	1.0013	6.828911
98000	-1568.395	-1534.387	-34.00792	965945.4	11.8222	0.998707	0.999669	1.00033	1.00129	7.286775
98100	-1566.746	-1537.195	-29.55194	464769.6	12.89839	0.998136	0.999523	1.00048	1.00187	6.890781
98200	-1565.687	-1533.03	-32.65662	439437.8	9.954291	0.998083	0.99951	1.00049	1.00192	7.087404
98300	-1570.15	-1540.372	-29.77749	788214.3	11.84858	0.998569	0.999634	1.00037	1.00143	6.929055
98400	-1572.085	-1543.064	-29.02115	358907.7	16.09622	0.997879	0.999457	1.00054	1.00212	6.618671
98500	-1578.836	-1540.7	-38.13578	795437.6	11.27528	0.998575	0.999636	1.00036	1.00143	7.658951
98600	-1579.446	-1539.167	-40.27864	836190.3	10.21327	0.99861	0.999645	1.00035	1.00139	7.862659
98700	-1565.587	-1535.011	-30.57592	300480.1	14.79583	0.997682	0.999407	1.00059	1.00232	6.839097
98800	-1567.679	-1530.628	-37.05096	865524.8	10.87099	0.998634	0.999651	1.00035	1.00137	7.565924
98900	-1574.786	-1545.624	-29.162	518318.6	13.039	0.998235	0.999548	1.00045	1.00177	6.85509
99000	-1575.295	-1550.691	-24.60318	852983.5	11.21164	0.998624	0.999648	1.00035	1.00138	6.453634
99100	-1571.679	-1530.949	-40.7297	205758.5	8.939479	0.997199	0.999283	1.00071	1.0028	7.795351
99200	-1553.278	-1522.609	-30.66886	118302.7	12.49118	0.996307	0.999054	1.00094	1.0037	6.99306
99300	-1563.903	-1526.628	-37.2747	983174.4	9.570802	0.998718	0.999672	1.00033	1.00128	7.513006
99400	-1566.815	-1528.578	-38.23715	525658.6	10.24397	0.998247	0.999552	1.00045	1.00175	7.664113
99500	-1572.322	-1540.782	-31.54011	38778.09	11.72769	0.993553	0.998344	1.00164	1.00646	7.078509
99600	-1566.115	-1534.392	-31.72323	149916.3	11.3952	0.996719	0.99916	1.00084	1.00328	7.092419
99700	-1569	-1536.575	-32.42589	150888.6	11.07111	0.99673	0.999162	1.00083	1.00327	7.147837
99800	-1571.174	-1550.869	-20.30544	114524	12.89462	0.996246	0.999038	1.00096	1.00376	6.173845
99900	-1572.372	-1540.912	-31.46005	137675.4	10.55052	0.996576	0.999123	1.00087	1.00343	7.030823
100000	-1565.237	-1531.578	-33.6593	149235	10.42445	0.996712	0.999158	1.00084	1.00329	7.231221
