Iteration	Posterior	Likelihood	Prior	alpha_morpho	br_len_lambda	rates_morpho[1]	rates_morpho[2]	rates_morpho[3]	rates_morpho[4]	tree_length
0	-2915.342	-2630.998	-284.3432	724250.6	0.5389119	0.998507	0.999618	1.00038	1.00149	141.4743
100	-1678.637	-1620.727	-57.90986	313460.4	7.359424	0.997731	0.999419	1.00058	1.00227	9.599993
200	-1574.976	-1540.865	-34.11165	886608.8	10.85097	0.99865	0.999655	1.00034	1.00135	7.294932
300	-1584.432	-1547.95	-36.48281	697612.7	11.19924	0.998479	0.999611	1.00039	1.00152	7.513355
400	-1563.844	-1539.108	-24.7363	370428.2	10.51109	0.997912	0.999466	1.00053	1.00209	6.387987
500	-1565.544	-1532.236	-33.3074	506578.8	12.68515	0.998215	0.999543	1.00046	1.00179	7.194326
600	-1568.849	-1533.65	-35.19915	419179.9	10.72987	0.998037	0.999498	1.0005	1.00196	7.391967
700	-1561.961	-1529.837	-32.12403	331198.3	13.99931	0.997792	0.999435	1.00056	1.00221	7.014193
800	-1557.911	-1530.065	-27.84608	291905.3	11.1954	0.997648	0.999398	1.0006	1.00235	6.741944
900	-1573.165	-1548.202	-24.9634	472086.7	13.22658	0.998151	0.999527	1.00047	1.00185	6.529391
1000	-1575.721	-1545.296	-30.42539	301021.6	10.52074	0.997684	0.999407	1.00059	1.00232	6.930109
1100	-1568.931	-1531.651	-37.28	89456.78	9.611121	0.995753	0.998911	1.00108	1.00425	7.518379
1200	-1564.186	-1531.66	-32.52551	622581.6	10.8658	0.99839	0.999588	1.00041	1.00161	7.149411
1300	-1557.838	-1527.16	-30.67821	234302.7	12.20244	0.997375	0.999328	1.00067	1.00263	7.001123
1400	-1571.332	-1540.849	-30.48275	970029.8	12.60885	0.99871	0.99967	1.00033	1.00129	6.974379
1500	-1582.733	-1544.997	-37.73667	543738.9	10.05705	0.998277	0.999559	1.00044	1.00172	7.604869
1600	-1557.726	-1526.828	-30.89813	362043.3	11.16159	0.997888	0.99946	1.00054	1.00211	7.013381
1700	-1579.417	-1541.735	-37.68207	128444.9	11.13291	0.996456	0.999092	1.0009	1.00355	7.62168
1800	-1586.497	-1547.639	-38.85752	634861.8	9.859032	0.998405	0.999592	1.00041	1.0016	7.703869
1900	-1572.605	-1540.465	-32.14033	502147.5	13.74326	0.998207	0.999541	1.00046	1.00179	7.035616
2000	-1554.08	-1524.494	-29.58678	89120.48	11.33421	0.995745	0.998909	1.00108	1.00426	6.902918
2100	-1570.676	-1532.236	-38.43956	755620.4	11.30728	0.998538	0.999626	1.00037	1.00146	7.68488
2200	-1563.053	-1531.539	-31.51338	878873.1	12.71667	0.998644	0.999653	1.00035	1.00136	7.05151
2300	-1554.382	-1526.395	-27.98686	101384.4	14.37175	0.996011	0.998978	1.00102	1.00399	6.694662
2400	-1575.255	-1537.996	-37.25895	504801.1	10.02173	0.998212	0.999542	1.00046	1.00179	7.554868
2500	-1585.807	-1541.998	-43.80885	863823.7	9.534948	0.998633	0.99965	1.00035	1.00137	8.193835
2600	-1580.673	-1550.921	-29.75192	705248.9	11.72306	0.998487	0.999613	1.00039	1.00151	6.925984
2700	-1553.277	-1521.902	-31.3758	330802.4	11.19522	0.997791	0.999435	1.00056	1.00221	7.057222
2800	-1566.415	-1528.745	-37.66965	877462	11.51751	0.998643	0.999653	1.00035	1.00136	7.610063
2900	-1569.791	-1540.784	-29.00743	690448.6	10.68695	0.998471	0.999609	1.00039	1.00153	6.811207
3000	-1560.643	-1528.807	-31.83584	61101.56	11.19412	0.994862	0.998682	1.00131	1.00515	7.098285
3100	-1569.343	-1533.018	-36.32489	560584	10.46714	0.998303	0.999566	1.00043	1.0017	7.488763
3200	-1554.428	-1534.208	-20.21927	751386.6	11.84973	0.998534	0.999625	1.00037	1.00147	6.12244
3300	-1572.151	-1536.901	-35.25041	442859.5	9.966065	0.998091	0.999511	1.00049	1.00191	7.349139
3400	-1574.05	-1542.808	-31.24256	556910.6	11.98539	0.998297	0.999564	1.00043	1.0017	7.051335
3500	-1570.882	-1545.049	-25.8332	334258.3	11.537	0.997802	0.999438	1.00056	1.0022	6.58337
3600	-1565.135	-1533.371	-31.76348	924846.3	11.07411	0.998679	0.999662	1.00034	1.00132	7.08811
3700	-1575.044	-1542.462	-32.58187	381695.1	10.82816	0.997943	0.999474	1.00052	1.00206	7.152924
3800	-1562.6	-1535.564	-27.03517	657928.8	13.0357	0.998433	0.999599	1.0004	1.00157	6.692072
3900	-1568.976	-1540.945	-28.03118	220550.1	12.89049	0.997295	0.999307	1.00069	1.00271	6.773111
4000	-1566.841	-1534.625	-32.21529	195158.7	12.56956	0.997124	0.999264	1.00073	1.00288	7.113536
4100	-1556.251	-1529.803	-26.44806	603132.6	14.56767	0.998364	0.999581	1.00042	1.00164	6.575309
4200	-1585.835	-1542.155	-43.68064	889242.6	9.671094	0.998652	0.999655	1.00034	1.00135	8.187021
4300	-1557.947	-1527.651	-30.29603	616203.2	12.44516	0.998381	0.999586	1.00041	1.00162	6.964491
4400	-1568.83	-1535.205	-33.62527	631873.7	13.18353	0.998401	0.999591	1.00041	1.0016	7.187367
4500	-1571.717	-1537.749	-33.96844	173224.1	12.6491	0.996948	0.999218	1.00078	1.00306	7.248535
4600	-1573.679	-1544.493	-29.18625	678959.9	11.6054	0.998458	0.999606	1.00039	1.00154	6.875607
4700	-1568.375	-1532.349	-36.02599	989132.8	13.77533	0.998722	0.999673	1.00033	1.00128	7.315227
4800	-1571.197	-1536.331	-34.86553	766097.8	10.10963	0.998548	0.999629	1.00037	1.00145	7.324118
4900	-1579.715	-1539.992	-39.72336	472217.2	10.1911	0.998151	0.999527	1.00047	1.00185	7.807587
5000	-1582.383	-1545.059	-37.32374	212558.1	10.38365	0.997244	0.999294	1.0007	1.00276	7.581224
5100	-1588.346	-1546.549	-41.79792	441579.6	10.46946	0.998088	0.999511	1.00049	1.00191	8.01162
5200	-1577.602	-1546.047	-31.55564	942164.8	13.62991	0.998691	0.999665	1.00033	1.00131	7.001244
5300	-1571.334	-1534.878	-36.45594	723786	9.782054	0.998506	0.999618	1.00038	1.00149	7.452447
5400	-1556.136	-1522.79	-33.34561	237614.9	12.7193	0.997394	0.999333	1.00066	1.00261	7.195443
5500	-1573.205	-1538.244	-34.96094	952508	10.70729	0.998698	0.999667	1.00033	1.0013	7.369007
5600	-1580.146	-1544.95	-35.19538	197850.9	13.56577	0.997144	0.999269	1.00073	1.00286	7.27404
5700	-1575.194	-1540.136	-35.05837	857648.1	10.54441	0.998628	0.999649	1.00035	1.00137	7.371597
5800	-1561.767	-1532.317	-29.44992	615454.3	11.51271	0.99838	0.999586	1.00041	1.00162	6.896271
5900	-1552.727	-1529.634	-23.09264	791643.1	11.87979	0.998572	0.999635	1.00036	1.00143	6.36644
6000	-1548.918	-1523.437	-25.48075	119903.2	13.25396	0.996332	0.99906	1.00094	1.00367	6.567784
6100	-1569.246	-1540.013	-29.2324	5839.264	10.93753	0.983415	0.995703	1.0042	1.01668	6.851263
6200	-1560.08	-1538.994	-21.08608	6674.571	13.08393	0.984485	0.995983	1.00393	1.0156	6.235971
6300	-1560.428	-1531.76	-28.66791	143777.9	13.43409	0.99665	0.999142	1.00085	1.00335	6.799695
6400	-1566.317	-1532.929	-33.38842	900646.3	12.54189	0.998661	0.999658	1.00034	1.00134	7.208272
6500	-1566.821	-1533.903	-32.91802	37430.7	12.61744	0.993438	0.998314	1.00167	1.00658	7.16709
6600	-1570.087	-1544.98	-25.10635	177370	12.2558	0.996983	0.999227	1.00077	1.00302	6.545402
6700	-1566.631	-1537.318	-29.31256	899774.8	12.72584	0.99866	0.999657	1.00034	1.00134	6.878158
6800	-1558.89	-1525.365	-33.52482	589460	10.40285	0.998345	0.999577	1.00042	1.00166	7.216776
6900	-1559.202	-1533.864	-25.33848	139583.4	12.10769	0.9966	0.999129	1.00087	1.0034	6.561732
7000	-1585.5	-1546.7	-38.79997	113501	13.05317	0.99623	0.999034	1.00096	1.00378	7.592866
7100	-1564.1	-1533.729	-30.37132	351020.4	9.891822	0.997855	0.999451	1.00055	1.00215	6.8483
7200	-1565.7	-1537.623	-28.07725	861530.7	11.68405	0.998631	0.99965	1.00035	1.00137	6.782198
7300	-1577.249	-1545.46	-31.78819	458199.1	9.832738	0.998123	0.99952	1.00048	1.00188	6.982961
7400	-1558.252	-1531.633	-26.61825	739604.5	11.99422	0.998522	0.999622	1.00038	1.00148	6.665671
7500	-1571.981	-1536.549	-35.43204	170630.6	12.36287	0.996924	0.999212	1.00078	1.00308	7.382006
7600	-1554.564	-1524.079	-30.48486	677608	10.6872	0.998456	0.999605	1.00039	1.00154	6.949472
7700	-1563.792	-1538.688	-25.1037	936376	12.60353	0.998687	0.999664	1.00034	1.00131	6.547772
7800	-1558.943	-1531.11	-27.83354	729191.9	12.59396	0.998512	0.999619	1.00038	1.00149	6.76453
7900	-1559.079	-1534.991	-24.08709	660979.2	12.25122	0.998437	0.9996	1.0004	1.00156	6.462134
8000	-1583.734	-1550.467	-33.26712	5015.032	9.391962	0.982108	0.995359	1.00453	1.01801	7.062458
8100	-1568.329	-1540.291	-28.03831	732446.6	12.93829	0.998515	0.99962	1.00038	1.00149	6.772217
8200	-1550.879	-1535.744	-15.13465	393255.5	13.82872	0.997974	0.999482	1.00052	1.00203	5.799268
8300	-1576.208	-1537.89	-38.31785	355599.1	11.21897	0.997869	0.999455	1.00054	1.00213	7.676692
8400	-1577.089	-1538.131	-38.9586	448621	10.83063	0.998103	0.999515	1.00048	1.0019	7.741805
8500	-1563.925	-1538.48	-25.4445	747620.5	14.34227	0.99853	0.999624	1.00038	1.00147	6.5194
8600	-1580.709	-1555.034	-25.6751	296666.9	12.81233	0.997667	0.999403	1.0006	1.00233	6.59141
8700	-1570.584	-1537.522	-33.0616	313288.7	11.22601	0.99773	0.999419	1.00058	1.00227	7.208281
8800	-1551.131	-1524.739	-26.39227	571301.5	11.88946	0.998319	0.99957	1.00043	1.00168	6.644442
8900	-1571.749	-1540.437	-31.31199	80939.08	12.20356	0.995536	0.998855	1.00114	1.00447	7.053035
9000	-1572.802	-1543.489	-29.3127	839026.1	12.01174	0.998613	0.999645	1.00035	1.00139	6.890304
9100	-1561.142	-1534.962	-26.1802	599974.6	11.71075	0.998359	0.99958	1.00042	1.00164	6.620854
9200	-1560.812	-1530.731	-30.08054	651329.1	11.04967	0.998425	0.999597	1.0004	1.00158	6.934928
9300	-1567.463	-1531.766	-35.69705	86244.52	11.89725	0.995675	0.998891	1.0011	1.00433	7.426735
9400	-1581.928	-1541.101	-40.8265	485076.3	9.357781	0.998176	0.999533	1.00047	1.00183	7.863685
9500	-1569.615	-1536.454	-33.16113	625415.4	10.82378	0.998393	0.999589	1.00041	1.00161	7.20624
9600	-1570.059	-1547.641	-22.41834	665088.6	13.37687	0.998442	0.999601	1.0004	1.00156	6.335322
9700	-1563.873	-1538.43	-25.44231	915644.4	11.5059	0.998672	0.99966	1.00034	1.00133	6.547791
9800	-1570.184	-1539.953	-30.23095	842948.6	9.518706	0.998616	0.999646	1.00035	1.00138	6.76649
9900	-1576.401	-1539.039	-37.36115	527053.7	11.76789	0.99825	0.999552	1.00045	1.00175	7.573016
10000	-1565.559	-1538.043	-27.51601	765840.5	12.17497	0.998548	0.999629	1.00037	1.00145	6.741907
10100	-1586.134	-1554.701	-31.43312	191544.5	10.77489	0.997097	0.999257	1.00074	1.00291	7.043757
10200	-1568.837	-1540.991	-27.84685	388708.3	11.56004	0.997962	0.999479	1.00052	1.00204	6.758711
10300	-1577.858	-1543.954	-33.90448	591380.4	11.70356	0.998348	0.999577	1.00042	1.00165	7.280578
10400	-1564.339	-1528.545	-35.79387	368473.6	12.31505	0.997907	0.999464	1.00053	1.00209	7.414078
10500	-1569.374	-1541.382	-27.99164	627230.5	12.27957	0.998395	0.99959	1.00041	1.00161	6.780723
10600	-1564.033	-1539.069	-24.96495	576324.6	12.85968	0.998326	0.999572	1.00043	1.00167	6.535563
10700	-1582.154	-1550.104	-32.05009	356322.3	11.60068	0.997871	0.999455	1.00054	1.00213	7.122373
10800	-1552.561	-1533.368	-19.19283	190094.2	13.52842	0.997086	0.999254	1.00074	1.00292	6.094468
10900	-1553.68	-1520.835	-32.84503	695967.1	11.86806	0.998477	0.99961	1.00039	1.00152	7.187589
11000	-1566.087	-1533.509	-32.57808	850879.9	10.01391	0.998622	0.999648	1.00035	1.00138	7.086862
11100	-1562.948	-1535.084	-27.86317	971052.2	13.08677	0.99871	0.99967	1.00033	1.00129	6.753842
11200	-1554.363	-1530.558	-23.80534	674950	13.18249	0.998453	0.999604	1.00039	1.00155	6.442519
11300	-1567.015	-1535.786	-31.22872	17943.59	14.79505	0.990527	0.99756	1.00241	1.0095	6.883288
11400	-1590.245	-1551.28	-38.9648	252441.9	9.544408	0.997471	0.999353	1.00065	1.00253	7.686819
11500	-1566.625	-1534.923	-31.70194	241532	13.86711	0.997415	0.999338	1.00066	1.00259	6.994371
11600	-1577.21	-1541.909	-35.30152	396162.7	10.56062	0.997981	0.999483	1.00052	1.00202	7.395364
11700	-1561.597	-1534.909	-26.68766	214146.3	11.75665	0.997255	0.999297	1.0007	1.00275	6.66567
11800	-1573.528	-1540.724	-32.8041	192530.4	11.00811	0.997105	0.999259	1.00074	1.0029	7.180182
11900	-1582.582	-1545.314	-37.26824	471234.4	8.772797	0.998149	0.999526	1.00047	1.00185	7.370332
12000	-1563.824	-1525.207	-38.61693	453697.1	9.563216	0.998114	0.999517	1.00048	1.00189	7.65243
12100	-1571.173	-1539.388	-31.78526	914251.7	12.99763	0.998671	0.99966	1.00034	1.00133	7.05859
12200	-1575.168	-1537.327	-37.84126	330985.8	9.803708	0.997791	0.999435	1.00056	1.00221	7.596022
12300	-1579.648	-1550.952	-28.69562	970689.9	12.09926	0.99871	0.99967	1.00033	1.00129	6.839016
12400	-1566.44	-1537.014	-29.42629	596401.4	11.74928	0.998355	0.999579	1.00042	1.00165	6.898529
12500	-1575.328	-1541.147	-34.18146	816280.7	10.337	0.998593	0.99964	1.00036	1.00141	7.27533
12600	-1564.023	-1532.597	-31.42622	631316.6	10.36077	0.998401	0.999591	1.00041	1.0016	7.011093
12700	-1575.617	-1548.445	-27.17241	224156.3	12.6278	0.997317	0.999313	1.00068	1.00269	6.711575
12800	-1560	-1537.501	-22.49982	804256.4	11.94007	0.998583	0.999638	1.00036	1.00142	6.31967
12900	-1566.133	-1531.372	-34.761	162040.9	14.07257	0.996844	0.999192	1.0008	1.00316	7.195546
13000	-1559.784	-1531.815	-27.96915	4375.064	13.45735	0.980849	0.995026	1.00484	1.01928	6.746599
13100	-1559.615	-1532.664	-26.951	143361.1	13.28111	0.996645	0.999141	1.00086	1.00336	6.677749
13200	-1567.141	-1533.141	-34.00072	83470.71	10.16986	0.995604	0.998873	1.00112	1.0044	7.244168
13300	-1564.591	-1546.286	-18.30417	163593.1	15.03415	0.996859	0.999196	1.0008	1.00314	6.001597
13400	-1559.613	-1534.467	-25.14631	189338.8	13.17646	0.99708	0.999252	1.00074	1.00292	6.544378
13500	-1569.049	-1539.245	-29.80384	184840.3	12.09729	0.997045	0.999243	1.00075	1.00296	6.930628
13600	-1565.244	-1541.53	-23.71422	31877.3	14.07969	0.99289	0.998173	1.00181	1.00713	6.41027
13700	-1573.575	-1544.239	-29.33642	870650.3	11.98131	0.998638	0.999652	1.00035	1.00136	6.892296
13800	-1560.045	-1535.796	-24.24885	90817.91	12.8222	0.995785	0.99892	1.00107	1.00422	6.480054
13900	-1556.229	-1534.811	-21.41804	428417.8	13.06953	0.998059	0.999503	1.0005	1.00194	6.2613
14000	-1571.158	-1538.967	-32.19029	874557.3	11.15519	0.998641	0.999653	1.00035	1.00136	7.128984
14100	-1562.631	-1529.06	-33.57137	536499.4	11.53545	0.998265	0.999556	1.00044	1.00174	7.254108
14200	-1558.608	-1537.336	-21.27262	564478.3	11.85015	0.998309	0.999567	1.00043	1.00169	6.211359
14300	-1566.284	-1530.936	-35.34883	586225.1	13.87204	0.99834	0.999575	1.00042	1.00166	7.256887
14400	-1573.973	-1538.037	-35.93615	357213.6	10.05307	0.997874	0.999456	1.00054	1.00213	7.42551
14500	-1547.714	-1526.484	-21.22969	878943.4	12.33675	0.998645	0.999653	1.00035	1.00136	6.232263
14600	-1562.502	-1532.821	-29.68041	879679.4	11.61652	0.998645	0.999654	1.00035	1.00136	6.918381
14700	-1560.788	-1536.798	-23.99087	260536.2	12.36809	0.997511	0.999363	1.00063	1.00249	6.456651
14800	-1576.794	-1547.076	-29.71817	4104.369	14.68082	0.980229	0.994863	1.005	1.01991	6.790634
14900	-1574.052	-1539.361	-34.69079	399501.4	12.80576	0.99799	0.999486	1.00051	1.00201	7.295524
15000	-1577.194	-1543.439	-33.75511	2586.438	13.39767	0.975118	0.993506	1.00627	1.0251	7.181207
15100	-1576.67	-1543.653	-33.01707	674048.7	12.36571	0.998452	0.999604	1.0004	1.00155	7.186547
15200	-1565.874	-1535.894	-29.98024	123197.4	13.43467	0.996381	0.999073	1.00092	1.00362	6.897348
15300	-1556.903	-1537.538	-19.36489	506821.6	16.4447	0.998215	0.999543	1.00046	1.00179	5.997691
15400	-1575.124	-1541.55	-33.57404	222196.3	10.22152	0.997305	0.99931	1.00069	1.0027	7.206936
15500	-1565.254	-1531.883	-33.37157	201629.2	9.496874	0.997171	0.999276	1.00072	1.00283	7.092653
15600	-1565.743	-1532.069	-33.67397	640283.7	11.44505	0.998412	0.999594	1.00041	1.00159	7.263519
15700	-1575.449	-1534.907	-40.54193	723078.3	11.08348	0.998506	0.999618	1.00038	1.0015	7.880465
15800	-1566.559	-1533.65	-32.909	513552.2	10.36941	0.998227	0.999546	1.00045	1.00177	7.154913
15900	-1569.819	-1535.723	-34.09613	457254.5	12.28403	0.998121	0.999519	1.00048	1.00188	7.277647
16000	-1560.151	-1525.35	-34.80127	47784.92	10.50074	0.994191	0.998509	1.00148	1.00582	7.345008
16100	-1569.441	-1532.819	-36.62193	5952.731	13.68814	0.983573	0.995744	1.00416	1.01652	7.367205
16200	-1564.333	-1530.863	-33.47023	699220.3	10.97883	0.99848	0.999611	1.00039	1.00152	7.239917
16300	-1565.622	-1536.472	-29.15068	264841.5	10.95766	0.997531	0.999368	1.00063	1.00247	6.845115
16400	-1559.584	-1533.808	-25.77606	876069.2	11.70419	0.998642	0.999653	1.00035	1.00136	6.586078
16500	-1565.759	-1535.957	-29.80178	755065.9	12.76459	0.998538	0.999626	1.00037	1.00146	6.915243
16600	-1563.09	-1534.764	-28.3264	847924	12.44189	0.99862	0.999647	1.00035	1.00138	6.806272
16700	-1553.685	-1532.367	-21.31853	374775.3	13.44382	0.997924	0.999469	1.00053	1.00208	6.252533
16800	-1560.872	-1533.178	-27.69373	823724.3	11.88753	0.9986	0.999642	1.00036	1.0014	6.753873
16900	-1563.911	-1530.314	-33.59659	631586	11.52737	0.998401	0.999591	1.00041	1.0016	7.256354
17000	-1571.397	-1534.215	-37.18202	297573.7	12.15979	0.997671	0.999404	1.00059	1.00233	7.536768
17100	-1563.698	-1531.297	-32.40163	536520.3	11.35868	0.998265	0.999556	1.00044	1.00174	7.151569
17200	-1574.517	-1538.485	-36.03286	345220.8	12.57299	0.997837	0.999447	1.00055	1.00216	7.417018
17300	-1559.192	-1536.382	-22.81058	65790.35	15.25678	0.995049	0.99873	1.00126	1.00496	6.28837
17400	-1561.454	-1541.233	-20.22033	765900.6	12.6233	0.998548	0.999629	1.00037	1.00145	6.160904
17500	-1558.183	-1531.289	-26.89374	179952.1	12.14627	0.997005	0.999233	1.00076	1.003	6.690562
17600	-1565.667	-1534.804	-30.8625	937177.7	12.23662	0.998687	0.999664	1.00034	1.00131	7.015499
17700	-1570.419	-1539.021	-31.39799	87090.41	10.90832	0.995696	0.998897	1.0011	1.00431	7.047834
17800	-1574.432	-1540.055	-34.37693	179756.4	9.413328	0.997004	0.999233	1.00076	1.003	7.184391
17900	-1548.562	-1524.711	-23.85095	779724.4	11.50367	0.998561	0.999632	1.00037	1.00144	6.409332
18000	-1548.219	-1520.764	-27.45535	384960.8	13.27069	0.997952	0.999476	1.00052	1.00205	6.716127
18100	-1569.316	-1534.675	-34.64181	969384.7	9.918416	0.998709	0.99967	1.00033	1.00129	7.282973
18200	-1572.552	-1538.696	-33.85632	554780.1	12.1168	0.998294	0.999564	1.00044	1.00171	7.264902
18300	-1562.855	-1535.893	-26.96259	909967.5	13.63968	0.998668	0.999659	1.00034	1.00133	6.663809
18400	-1574.253	-1538.892	-35.36035	278080.9	9.904926	0.997591	0.999383	1.00061	1.00241	7.354028
18500	-1559.368	-1529.072	-30.29626	774403.3	12.21782	0.998556	0.999631	1.00037	1.00144	6.969559
18600	-1575.615	-1546.208	-29.40733	963462.3	11.25581	0.998705	0.999669	1.00033	1.0013	6.884031
18700	-1579.913	-1542.467	-37.44655	474749.4	10.76491	0.998156	0.999528	1.00047	1.00185	7.601771
18800	-1563.003	-1536.428	-26.57566	229907.5	11.40994	0.99735	0.999322	1.00068	1.00265	6.641481
18900	-1561.247	-1536.823	-24.42438	859341.5	10.98269	0.998629	0.999649	1.00035	1.00137	6.416377
19000	-1565.171	-1531.803	-33.3678	626466.2	11.23784	0.998395	0.999589	1.00041	1.00161	7.235697
19100	-1554.061	-1527.626	-26.43496	778413.4	13.45617	0.99856	0.999632	1.00037	1.00144	6.632641
19200	-1564.32	-1531.332	-32.98888	900021.3	13.28121	0.99866	0.999657	1.00034	1.00134	7.132363
19300	-1578.921	-1547.132	-31.78961	685147.1	11.30763	0.998465	0.999607	1.00039	1.00154	7.096774
19400	-1549.601	-1524.457	-25.14397	340206.6	13.73533	0.997822	0.999443	1.00056	1.00218	6.526853
19500	-1574.564	-1545.509	-29.05495	39499.43	10.12394	0.993612	0.998359	1.00163	1.0064	6.751415
19600	-1577.644	-1541.864	-35.78006	731888.2	9.560871	0.998515	0.99962	1.00038	1.00149	7.355459
19700	-1564.554	-1535.31	-29.24321	511074.8	11.06391	0.998223	0.999545	1.00045	1.00178	6.859958
19800	-1582.764	-1550.077	-32.68696	242549.5	10.64333	0.99742	0.99934	1.00066	1.00258	7.15299
19900	-1570.541	-1534.764	-35.77763	558041.5	10.21799	0.998299	0.999565	1.00043	1.0017	7.42228
20000	-1584.508	-1542.769	-41.73924	118557.9	12.08979	0.996311	0.999055	1.00094	1.00369	7.917921
20100	-1554.456	-1525.451	-29.00501	483518	12.66064	0.998173	0.999533	1.00047	1.00183	6.855831
20200	-1587.895	-1546.542	-41.35217	208034.1	8.651765	0.997215	0.999287	1.00071	1.00279	7.811782
20300	-1564.809	-1531.387	-33.42167	214497.9	11.71535	0.997257	0.999298	1.0007	1.00275	7.239144
20400	-1573.389	-1547.815	-25.5742	531837.5	11.1524	0.998258	0.999554	1.00044	1.00174	6.535668
20500	-1577.779	-1548.552	-29.22695	502865.9	10.84841	0.998208	0.999542	1.00046	1.00179	6.844583
20600	-1563.161	-1534.81	-28.35099	786508	11.24043	0.998567	0.999634	1.00037	1.00143	6.789408
20700	-1574.262	-1542.513	-31.74912	858269.7	11.41798	0.998628	0.999649	1.00035	1.00137	7.095005
20800	-1560.598	-1539.552	-21.04609	791295.8	14.94867	0.998571	0.999635	1.00036	1.00143	6.188059
20900	-1566.489	-1537.095	-29.39433	76943.81	12.11221	0.995421	0.998826	1.00117	1.00459	6.896684
21000	-1586.362	-1546.508	-39.85401	608033.2	10.42839	0.99837	0.999583	1.00042	1.00163	7.825517
21100	-1567.594	-1534.952	-32.6421	171802.8	14.89049	0.996935	0.999215	1.00078	1.00307	6.969511
21200	-1567.958	-1535.171	-32.78634	678844.6	11.63364	0.998458	0.999606	1.00039	1.00154	7.185643
21300	-1579.93	-1548.819	-31.1111	536891.4	10.99675	0.998266	0.999556	1.00044	1.00174	7.02587
21400	-1565.44	-1531.077	-34.36287	357012.6	9.755245	0.997873	0.999456	1.00054	1.00213	7.235006
21500	-1569.01	-1532.958	-36.05114	540977.4	11.26155	0.998272	0.999558	1.00044	1.00173	7.474224
21600	-1565.163	-1536.213	-28.94956	936522.3	10.8271	0.998687	0.999664	1.00034	1.00131	6.817392
21700	-1558.222	-1527.134	-31.08799	215872.2	11.52236	0.997266	0.9993	1.0007	1.00274	7.038674
21800	-1566.471	-1532.11	-34.36139	808512.8	10.96944	0.998587	0.999639	1.00036	1.00141	7.320896
21900	-1562.803	-1531.722	-31.0813	408201.9	11.67534	0.998011	0.999491	1.00051	1.00199	7.039276
22000	-1563.882	-1538.964	-24.91809	833338.6	12.59088	0.998608	0.999644	1.00036	1.00139	6.53303
22100	-1576.623	-1541.506	-35.11702	352058.3	10.33502	0.997859	0.999452	1.00055	1.00214	7.36571
22200	-1586.768	-1551.272	-35.49555	846480.5	11.19199	0.998619	0.999647	1.00035	1.00138	7.425223
22300	-1554.742	-1529.392	-25.35014	162445.8	13.57327	0.996848	0.999193	1.0008	1.00316	6.548032
22400	-1566.59	-1543.703	-22.88681	123688.3	13.26321	0.996388	0.999075	1.00092	1.00362	6.371962
22500	-1577.982	-1542.234	-35.74776	386082.8	13.27587	0.997955	0.999477	1.00052	1.00205	7.340549
22600	-1562.801	-1527.991	-34.80983	162854.8	10.9786	0.996852	0.999194	1.0008	1.00315	7.361931
22700	-1576.708	-1536.478	-40.22973	932400.3	11.34718	0.998684	0.999663	1.00034	1.00132	7.841304
22800	-1583.823	-1543.597	-40.22595	123488.4	9.338591	0.996385	0.999074	1.00092	1.00362	7.797262
22900	-1576.524	-1549.322	-27.20159	884009.1	12.64387	0.998648	0.999654	1.00034	1.00135	6.713647
23000	-1557.144	-1528.755	-28.38895	286751	13.82937	0.997627	0.999393	1.00061	1.00237	6.757692
23100	-1559.924	-1531.979	-27.94478	663124.4	12.12501	0.998439	0.999601	1.0004	1.00156	6.777046
23200	-1574.386	-1546.343	-28.04212	600488.9	15.01173	0.99836	0.999581	1.00042	1.00164	6.651098
23300	-1589.167	-1553.739	-35.42823	722216.9	11.33285	0.998505	0.999618	1.00038	1.0015	7.418314
23400	-1565.904	-1534.066	-31.8385	451103.1	13.36265	0.998108	0.999516	1.00048	1.00189	7.040473
23500	-1591.168	-1550.069	-41.09889	169060.7	13.00988	0.99691	0.999209	1.00079	1.00309	7.773799
23600	-1568.347	-1530.658	-37.68912	614528.4	10.98859	0.998379	0.999585	1.00041	1.00162	7.624116
23700	-1573.664	-1541.157	-32.50751	927939.7	12.47998	0.998681	0.999663	1.00034	1.00132	7.140734
23800	-1576.233	-1542.526	-33.70634	753888.2	10.81061	0.998536	0.999626	1.00037	1.00146	7.256122
23900	-1558.458	-1529.173	-29.2844	611407.5	12.49774	0.998375	0.999584	1.00041	1.00163	6.882078
24000	-1581.709	-1551.558	-30.15115	758033.3	11.61344	0.99854	0.999627	1.00037	1.00146	6.958862
24100	-1560.759	-1533.18	-27.57906	290300.8	13.37799	0.997642	0.999396	1.0006	1.00236	6.721068
24200	-1569.381	-1530.1	-39.28165	727564.5	13.19368	0.99851	0.999619	1.00038	1.00149	7.615361
24300	-1592.785	-1552.145	-40.63987	188590.4	12.12059	0.997075	0.999251	1.00075	1.00293	7.824433
24400	-1574.233	-1541.874	-32.35958	646812.2	10.07717	0.99842	0.999596	1.0004	1.00158	7.072552
24500	-1557.822	-1527.323	-30.49926	785114.1	12.71085	0.998566	0.999633	1.00037	1.00143	6.971985
24600	-1564.906	-1530.39	-34.51536	802139.5	10.35151	0.998581	0.999637	1.00036	1.00142	7.308627
24700	-1566.433	-1540.004	-26.42931	672426.7	11.80868	0.99845	0.999604	1.0004	1.00155	6.645327
24800	-1584.247	-1543.901	-40.34666	634938.8	9.901039	0.998405	0.999592	1.00041	1.0016	7.857239
24900	-1574.143	-1543.22	-30.92247	374929.8	12.52674	0.997925	0.999469	1.00053	1.00208	7.012175
25000	-1563.777	-1537.726	-26.05043	989933	14.07174	0.998723	0.999673	1.00033	1.00128	6.576615
25100	-1581.353	-1552.897	-28.45672	39959.61	11.22142	0.993648	0.998369	1.00162	1.00637	6.797849
25200	-1562.374	-1531.805	-30.56916	676769.8	11.97519	0.998455	0.999605	1.00039	1.00155	6.995236
25300	-1546.054	-1530.452	-15.60156	451124.2	13.56727	0.998108	0.999516	1.00048	1.00189	5.829709
25400	-1568.137	-1536.187	-31.95062	652741.9	11.24984	0.998427	0.999598	1.0004	1.00157	7.109856
25500	-1576.97	-1548.077	-28.89372	977282.1	12.96055	0.998714	0.999671	1.00033	1.00129	6.837516
25600	-1561.347	-1528.618	-32.72812	164823.4	11.13653	0.996871	0.999199	1.0008	1.00313	7.17678
25700	-1576.568	-1544.63	-31.93753	205857.7	10.53898	0.9972	0.999283	1.00071	1.0028	7.07522
25800	-1568.722	-1540.712	-28.00963	622889.8	11.67207	0.99839	0.999588	1.00041	1.00161	6.7761
25900	-1567.583	-1546.232	-21.3506	277626.2	13.35922	0.997589	0.999383	1.00062	1.00241	6.25563
26000	-1563.118	-1537.869	-25.24824	850192	13.03531	0.998622	0.999648	1.00035	1.00138	6.554999
26100	-1567.438	-1543.896	-23.54202	686711.6	12.14023	0.998467	0.999608	1.00039	1.00153	6.414424
26200	-1573.943	-1539.104	-34.83906	429857.2	10.60567	0.998062	0.999504	1.00049	1.00194	7.353611
26300	-1582.605	-1553.519	-29.08528	845661.7	9.74916	0.998618	0.999647	1.00035	1.00138	6.692869
26400	-1562.274	-1531.768	-30.50628	339667.1	10.29612	0.99782	0.999442	1.00056	1.00218	6.915349
26500	-1563.518	-1534.765	-28.7524	54319.17	11.3784	0.994551	0.998602	1.00139	1.00546	6.831071
26600	-1571.478	-1532.097	-39.38101	541946.1	11.33563	0.998274	0.999558	1.00044	1.00173	7.766988
26700	-1582.148	-1550.365	-31.78386	113145.8	10.23316	0.996224	0.999032	1.00096	1.00378	7.033026
26800	-1575.354	-1546.223	-29.13058	783269.7	12.36357	0.998564	0.999633	1.00037	1.00144	6.872285
26900	-1566.309	-1531.388	-34.92128	867052.1	9.716796	0.998635	0.999651	1.00035	1.00137	7.287349
27000	-1556.475	-1532.394	-24.08011	684687.4	12.75233	0.998464	0.999607	1.00039	1.00154	6.467002
27100	-1556.991	-1530.143	-26.84747	310055.6	16.19667	0.997718	0.999416	1.00058	1.00228	6.474826
27200	-1556.904	-1537.884	-19.01979	699017.2	13.4464	0.99848	0.999611	1.00039	1.00152	6.081552
27300	-1561.981	-1535.999	-25.9825	560236.7	13.73834	0.998302	0.999566	1.00043	1.0017	6.58777
27400	-1563.811	-1532.724	-31.08626	560845	14.55644	0.998303	0.999566	1.00043	1.0017	6.894669
27500	-1577.246	-1538.109	-39.13707	318991.6	9.835596	0.99775	0.999424	1.00057	1.00225	7.730558
27600	-1569.839	-1543.554	-26.28518	810968.8	11.97808	0.998589	0.999639	1.00036	1.00141	6.63756
27700	-1581.985	-1554.929	-27.056	277517.4	13.14015	0.997588	0.999383	1.00062	1.00241	6.690497
27800	-1559.99	-1528.22	-31.77015	160857.9	12.01232	0.996832	0.999189	1.00081	1.00317	7.094881
27900	-1569.991	-1541.652	-28.33947	244572.4	12.76516	0.997431	0.999342	1.00066	1.00257	6.800667
28000	-1563.268	-1529.202	-34.06618	554176	9.567689	0.998293	0.999563	1.00044	1.00171	7.177275
28100	-1572.574	-1538.97	-33.6037	356449	10.33561	0.997872	0.999455	1.00054	1.00213	7.219329
28200	-1557.58	-1530.566	-27.01373	425391.1	13.60325	0.998052	0.999502	1.0005	1.00195	6.669239
28300	-1574.74	-1544.623	-30.11741	896447.2	12.58041	0.998658	0.999657	1.00034	1.00134	6.9463
28400	-1559.285	-1528.885	-30.39963	937721.5	9.876286	0.998688	0.999664	1.00033	1.00131	6.848727
28500	-1547.578	-1517.203	-30.37491	475984.5	11.53822	0.998158	0.999529	1.00047	1.00184	6.977055
28600	-1556.42	-1523.912	-32.50884	860525.7	11.71652	0.99863	0.99965	1.00035	1.00137	7.161216
28700	-1561.118	-1530.567	-30.55118	587894	10.78604	0.998343	0.999576	1.00042	1.00166	6.962653
28800	-1567.059	-1531.159	-35.8992	422270.8	9.524526	0.998045	0.9995	1.0005	1.00196	7.362809
28900	-1569.389	-1536.381	-33.00855	464559.9	10.27029	0.998136	0.999523	1.00048	1.00187	7.156097
29000	-1566.062	-1534.997	-31.06513	611083.5	12.97614	0.998374	0.999584	1.00041	1.00163	7.004275
29100	-1568.294	-1544.467	-23.82693	161487.5	11.53404	0.996839	0.99919	1.00081	1.00316	6.409277
29200	-1573.627	-1537.733	-35.89369	252216	10.8792	0.99747	0.999352	1.00065	1.00253	7.459587
29300	-1570.32	-1533.026	-37.29433	412870.9	11.01074	0.998022	0.999494	1.0005	1.00198	7.588067
29400	-1567.629	-1535.771	-31.85809	286547.6	12.30636	0.997626	0.999392	1.00061	1.00238	7.094763
29500	-1569.011	-1534.686	-34.3255	144095.7	11.83586	0.996653	0.999143	1.00085	1.00335	7.313259
29600	-1548.833	-1524.56	-24.27254	759458.9	13.7978	0.998542	0.999627	1.00037	1.00146	6.461195
29700	-1558.094	-1529.596	-28.4977	908225.6	13.16752	0.998667	0.999659	1.00034	1.00133	6.799095
29800	-1574.337	-1536.825	-37.51206	449546.4	10.80905	0.998105	0.999515	1.00048	1.0019	7.60815
29900	-1570.991	-1544.593	-26.39785	590842.8	12.53869	0.998347	0.999577	1.00042	1.00165	6.650913
30000	-1574.32	-1547.088	-27.23181	582384.4	13.29316	0.998335	0.999574	1.00042	1.00167	6.698438
30100	-1559.398	-1527.752	-31.64533	404743.8	10.8657	0.998003	0.999489	1.00051	1.002	7.068402
30200	-1569.663	-1544.706	-24.95727	298719.5	13.30488	0.997675	0.999405	1.00059	1.00233	6.527035
30300	-1567.656	-1545.11	-22.54575	867142.9	16.10516	0.998635	0.999651	1.00035	1.00137	6.215747
30400	-1567.424	-1533.926	-33.49766	991284.1	11.96458	0.998724	0.999674	1.00033	1.00128	7.240083
30500	-1569.065	-1534.088	-34.9768	497901	10.34339	0.998199	0.999539	1.00046	1.0018	7.352684
30600	-1576.272	-1539.059	-37.21265	438175.6	10.07703	0.99808	0.999509	1.00049	1.00192	7.554134
30700	-1569.079	-1532.507	-36.57178	883224.1	10.77574	0.998648	0.999654	1.00035	1.00135	7.520681
30800	-1555.405	-1532.955	-22.44933	102464.4	12.36496	0.996032	0.998983	1.00101	1.00397	6.331926
30900	-1571.421	-1532.374	-39.04647	51818.92	8.288186	0.994422	0.998568	1.00142	1.00559	7.444751
31000	-1547.266	-1524.22	-23.04588	31720.4	13.77704	0.992872	0.998168	1.00181	1.00715	6.372905
31100	-1581.1	-1542.415	-38.68554	718959.9	12.85404	0.998501	0.999617	1.00038	1.0015	7.603032
31200	-1561.404	-1534.682	-26.72197	860269.8	11.66414	0.99863	0.99965	1.00035	1.00137	6.665496
31300	-1557.571	-1533.353	-24.21806	234143.8	13.68981	0.997374	0.999328	1.00067	1.00263	6.460974
31400	-1551.296	-1527.627	-23.66892	767393.9	13.73814	0.998549	0.999629	1.00037	1.00145	6.419373
31500	-1551.653	-1527.011	-24.64204	22199.06	13.8563	0.991482	0.997808	1.00217	1.00854	6.485692
31600	-1576.464	-1546.142	-30.32275	712809.9	10.74771	0.998495	0.999615	1.00038	1.00151	6.938789
31700	-1572.567	-1536.894	-35.67286	764862.4	8.771323	0.998547	0.999628	1.00037	1.00145	7.188089
31800	-1577.955	-1542.286	-35.66882	704661.6	12.80655	0.998486	0.999613	1.00039	1.00151	7.37184
31900	-1574.46	-1542.061	-32.39871	290905.8	12.85554	0.997644	0.999397	1.0006	1.00236	7.113857
32000	-1575.669	-1538.581	-37.08815	426706.7	11.51545	0.998055	0.999502	1.0005	1.00195	7.559642
32100	-1564.256	-1529.994	-34.26227	661142.7	10.42451	0.998437	0.9996	1.0004	1.00156	7.289068
32200	-1563.866	-1536.358	-27.50778	295055	11.55751	0.997661	0.999401	1.0006	1.00234	6.729287
32300	-1557.224	-1528.847	-28.37625	632341.1	15.35065	0.998402	0.999591	1.00041	1.0016	6.645226
32400	-1570.72	-1530.607	-40.11244	626596.4	11.96876	0.998395	0.999589	1.00041	1.00161	7.792635
32500	-1581.534	-1548.957	-32.57698	934917.5	11.59114	0.998686	0.999664	1.00034	1.00131	7.167823
32600	-1574.064	-1538.467	-35.59688	119146.2	12.35903	0.99632	0.999057	1.00094	1.00368	7.395562
32700	-1559.077	-1528.642	-30.4345	936794.3	12.79281	0.998687	0.999664	1.00034	1.00131	6.963679
32800	-1572.841	-1540.528	-32.31301	997402.1	10.10693	0.998728	0.999675	1.00032	1.00127	7.07133
32900	-1567.499	-1533.221	-34.27864	977447.8	11.06484	0.998715	0.999671	1.00033	1.00129	7.315094
33000	-1575.982	-1545.773	-30.2084	972850.1	12.64674	0.998712	0.999671	1.00033	1.00129	6.951357
33100	-1580.904	-1546.588	-34.31593	324083.6	11.08455	0.997768	0.999429	1.00057	1.00223	7.318743
33200	-1578.306	-1550.553	-27.75307	523699.1	14.58772	0.998244	0.999551	1.00045	1.00176	6.663471
33300	-1562.419	-1533.635	-28.78387	596052.3	11.9398	0.998354	0.999579	1.00042	1.00165	6.845968
33400	-1564.391	-1543.286	-21.1056	872976.3	17.32789	0.99864	0.999652	1.00035	1.00136	6.038877
33500	-1571.25	-1541.634	-29.61635	785696.1	11.18496	0.998566	0.999633	1.00037	1.00143	6.899606
33600	-1563.887	-1531.156	-32.73158	721169.6	11.83505	0.998504	0.999617	1.00038	1.0015	7.178604
33700	-1555.328	-1533.303	-22.02505	65804.4	11.27759	0.995049	0.99873	1.00126	1.00496	6.230323
33800	-1574.676	-1542.836	-31.84019	574903.3	10.98157	0.998324	0.999571	1.00043	1.00168	7.091559
33900	-1570.64	-1538.388	-32.25164	318026.5	11.16601	0.997747	0.999423	1.00057	1.00225	7.134756
34000	-1564.405	-1534.021	-30.38415	601170.9	11.2349	0.998361	0.999581	1.00042	1.00164	6.970093
34100	-1568.888	-1538.572	-30.31595	434951.2	12.20021	0.998073	0.999507	1.00049	1.00193	6.971472
34200	-1578.965	-1541.623	-37.34255	577736.9	14.11989	0.998328	0.999572	1.00043	1.00167	7.373801
34300	-1573.25	-1532.103	-41.14683	138192.9	11.04448	0.996583	0.999125	1.00087	1.00342	7.936639
34400	-1553.576	-1534.407	-19.16898	584244.9	15.00956	0.998338	0.999575	1.00042	1.00166	6.060104
34500	-1578.796	-1540.841	-37.95464	498054	11.51432	0.998199	0.999539	1.00046	1.0018	7.634933
34600	-1572.07	-1533.833	-38.23648	368606.2	9.980089	0.997907	0.999464	1.00053	1.00209	7.64971
34700	-1571.592	-1546.701	-24.89056	610033.6	12.34296	0.998373	0.999584	1.00042	1.00163	6.529088
34800	-1568.193	-1541.987	-26.20587	711964.5	11.50849	0.998494	0.999615	1.00038	1.00151	6.614283
34900	-1559.26	-1534.287	-24.97262	238068.4	11.86262	0.997396	0.999333	1.00066	1.00261	6.52406
35000	-1576.866	-1545.806	-31.06048	196095	10.73074	0.997131	0.999265	1.00073	1.00287	7.006311
35100	-1579.175	-1544.177	-34.99836	666786.7	10.32211	0.998444	0.999602	1.0004	1.00156	7.353384
35200	-1561.801	-1530.754	-31.04759	545969.9	11.15976	0.99828	0.99956	1.00044	1.00172	7.026708
35300	-1560.911	-1533.192	-27.71876	716525.1	11.75904	0.998499	0.999616	1.00038	1.0015	6.75343
35400	-1574.617	-1542.377	-32.23947	547300.7	11.10516	0.998282	0.999561	1.00044	1.00172	7.132025
35500	-1555.66	-1526.973	-28.68704	801554.4	13.14614	0.998581	0.999637	1.00036	1.00142	6.814374
35600	-1576.548	-1542.515	-34.03348	494368	11.21604	0.998193	0.999538	1.00046	1.00181	7.294785
35700	-1567.326	-1539.262	-28.06447	554925.1	13.00883	0.998294	0.999564	1.00044	1.00171	6.771948
35800	-1573.412	-1541.889	-31.52316	346439.4	13.96755	0.997841	0.999448	1.00055	1.00216	6.973756
35900	-1563.635	-1535.959	-27.67595	627777.8	12.53912	0.998396	0.99959	1.00041	1.0016	6.752839
36000	-1568.123	-1543.777	-24.34587	504047.8	13.57357	0.99821	0.999542	1.00046	1.00179	6.474034
36100	-1560.277	-1539.098	-21.17905	539000.3	12.18256	0.998269	0.999557	1.00044	1.00173	6.221763
36200	-1587.989	-1552.023	-35.96669	125826.3	10.43653	0.996419	0.999082	1.00091	1.00359	7.45314
36300	-1591.13	-1551.185	-39.94498	478258.4	11.15235	0.998163	0.99953	1.00047	1.00184	7.824251
36400	-1561.546	-1530.618	-30.92733	396482.5	11.89345	0.997982	0.999484	1.00051	1.00202	7.025851
36500	-1569.512	-1535.076	-34.43536	259925.1	11.68851	0.997508	0.999362	1.00064	1.00249	7.326272
36600	-1571.896	-1539.387	-32.5089	450518.5	15.76338	0.998107	0.999516	1.00048	1.00189	6.871232
36700	-1576.587	-1544.956	-31.63163	655609.3	11.08779	0.998431	0.999599	1.0004	1.00157	7.076691
36800	-1569.569	-1537.712	-31.85694	788886.9	11.30264	0.998569	0.999634	1.00037	1.00143	7.102633
36900	-1562.007	-1535.683	-26.32472	656913.3	12.52421	0.998432	0.999599	1.0004	1.00157	6.645152
37000	-1580.559	-1548.391	-32.16802	764313.7	11.54003	0.998546	0.999628	1.00037	1.00145	7.132466
37100	-1568.118	-1542.267	-25.85066	378640.2	12.51071	0.997935	0.999472	1.00053	1.00207	6.607319
37200	-1569.857	-1540.999	-28.85732	98564.43	11.17442	0.995954	0.998963	1.00103	1.00405	6.831205
37300	-1578.724	-1541.249	-37.47578	852792.6	11.32962	0.998624	0.999648	1.00035	1.00138	7.599073
37400	-1567.308	-1546.121	-21.18693	578436.8	14.68962	0.998329	0.999573	1.00043	1.00167	6.209147
37500	-1560.91	-1534.78	-26.13069	456352.1	12.66714	0.998119	0.999519	1.00048	1.00188	6.628744
37600	-1561.542	-1527.744	-33.7982	328464.1	11.04034	0.997783	0.999433	1.00057	1.00222	7.271188
37700	-1560.683	-1530.372	-30.31166	188161.5	11.9495	0.997071	0.99925	1.00075	1.00293	6.973879
37800	-1570.521	-1538.366	-32.15498	188252.3	12.93399	0.997072	0.99925	1.00075	1.00293	7.090633
37900	-1565.223	-1534.207	-31.01578	49258.82	13.73084	0.994279	0.998531	1.00146	1.00573	6.954664
38000	-1551.819	-1526.214	-25.60485	617.3473	12.53044	0.949315	0.986474	1.0126	1.05161	6.587673
38100	-1562.249	-1533.786	-28.46333	509647.2	11.17029	0.99822	0.999545	1.00045	1.00178	6.795721
38200	-1555.983	-1530.488	-25.49503	960163.4	12.02043	0.998703	0.999668	1.00033	1.0013	6.572694
38300	-1579.051	-1545.606	-33.44544	24467.3	9.527615	0.991885	0.997913	1.00206	1.00814	7.105708
38400	-1573.045	-1540.29	-32.75592	814377.5	11.22032	0.998592	0.99964	1.00036	1.00141	7.180954
38500	-1573.152	-1538.84	-34.31204	292429.1	11.18315	0.99765	0.999399	1.0006	1.00235	7.319415
38600	-1558.597	-1531.483	-27.11392	833839.6	13.39123	0.998608	0.999644	1.00036	1.00139	6.68577
38700	-1571.43	-1534.927	-36.50289	151239.9	9.837172	0.996733	0.999163	1.00083	1.00327	7.462894
38800	-1561.277	-1531.83	-29.44739	458991	12.70215	0.998124	0.99952	1.00048	1.00188	6.889505
38900	-1564.608	-1530.736	-33.87214	995996	12.42551	0.998727	0.999674	1.00033	1.00127	7.252815
39000	-1562.858	-1535.309	-27.54894	576732.1	13.04317	0.998327	0.999572	1.00043	1.00167	6.731247
39100	-1559.523	-1524.433	-35.08963	969835.6	8.792097	0.99871	0.99967	1.00033	1.00129	7.127166
39200	-1560.634	-1533.987	-26.64678	450814.1	11.59325	0.998107	0.999516	1.00048	1.00189	6.656295
39300	-1574.73	-1540.148	-34.58225	569.5305	11.41367	0.947251	0.985899	1.0131	1.05375	7.34317
39400	-1584.682	-1556.026	-28.6561	952163	12.20808	0.998698	0.999667	1.00033	1.0013	6.835377
39500	-1564.204	-1533.136	-31.06755	28803.42	12.89571	0.99252	0.998077	1.0019	1.0075	7.008413
39600	-1582.003	-1538.692	-43.31069	572892.3	10.77012	0.998321	0.999571	1.00043	1.00168	8.146298
39700	-1578.599	-1549.671	-28.9275	183343.5	10.18152	0.997033	0.99924	1.00076	1.00297	6.746932
39800	-1586.332	-1546.709	-39.62344	335329.5	11.46662	0.997806	0.999438	1.00056	1.0022	7.782288
39900	-1586.648	-1550.411	-36.23688	497928.1	10.71754	0.998199	0.999539	1.00046	1.0018	7.488408
40000	-1563.872	-1538.333	-25.53927	780966.3	11.86972	0.998562	0.999632	1.00037	1.00144	6.572062
40100	-1581.135	-1542.897	-38.23729	9768.89	10.33988	0.987169	0.996686	1.00326	1.01289	7.667789
40200	-1582.174	-1549.442	-32.73286	378911.8	12.46992	0.997936	0.999472	1.00053	1.00207	7.15923
40300	-1573.982	-1545.648	-28.33374	899554.2	12.41541	0.99866	0.999657	1.00034	1.00134	6.80722
40400	-1581.908	-1550.163	-31.74511	979543.8	11.21351	0.998716	0.999672	1.00033	1.00128	7.090693
40500	-1565.419	-1528.136	-37.28347	102227	9.850315	0.996027	0.998982	1.00101	1.00398	7.543434
40600	-1562.405	-1539.776	-22.62879	548335.6	13.43785	0.998284	0.999561	1.00044	1.00172	6.350095
40700	-1566.358	-1536.468	-29.89	743632.2	13.34269	0.998526	0.999623	1.00038	1.00147	6.895746
40800	-1592.537	-1559.793	-32.74371	273025.7	10.12243	0.997568	0.999378	1.00062	1.00243	7.115614
40900	-1583.914	-1551.616	-32.29838	352937.1	11.47527	0.997861	0.999453	1.00055	1.00214	7.143522
41000	-1575.515	-1537.345	-38.16995	856034.9	11.58388	0.998626	0.999649	1.00035	1.00137	7.650667
41100	-1571.188	-1543.876	-27.31266	674293.4	11.40893	0.998452	0.999604	1.00039	1.00155	6.706025
41200	-1580.375	-1542.874	-37.50177	180789.6	11.79823	0.997012	0.999235	1.00076	1.00299	7.583497
41300	-1549.124	-1518.448	-30.67671	977034.9	11.22741	0.998714	0.999671	1.00033	1.00129	6.995885
41400	-1574.063	-1541.697	-32.36597	46701.33	12.16787	0.994124	0.998492	1.0015	1.00589	7.14047
41500	-1556.054	-1534.047	-22.0075	515656.1	13.11695	0.99823	0.999547	1.00045	1.00177	6.306349
41600	-1566.115	-1541.037	-25.07797	189903.9	12.23776	0.997085	0.999253	1.00074	1.00292	6.542795
41700	-1558.275	-1531.141	-27.13434	121135.4	12.26831	0.99635	0.999065	1.00093	1.00365	6.710895
41800	-1570.856	-1538.958	-31.898	87639.35	13.52291	0.99571	0.9989	1.00109	1.0043	7.034002
41900	-1563.117	-1533.708	-29.4087	307830.5	11.59523	0.99771	0.999414	1.00058	1.00229	6.894571
42000	-1569.916	-1536.82	-33.096	191448.4	12.60893	0.997096	0.999257	1.00074	1.00291	7.181629
42100	-1553.565	-1533.796	-19.7695	628156.7	13.85514	0.998397	0.99959	1.00041	1.0016	6.13406
42200	-1561.577	-1532.53	-29.04676	876771.3	11.14143	0.998643	0.999653	1.00035	1.00136	6.846471
42300	-1574.531	-1542.38	-32.15048	199162.9	12.64257	0.997153	0.999271	1.00073	1.00285	7.105114
42400	-1584.017	-1543.786	-40.23105	908261.5	9.864905	0.998667	0.999659	1.00034	1.00133	7.843529
42500	-1562.388	-1534.59	-27.79794	809374	12.77243	0.998587	0.999639	1.00036	1.00141	6.758073
42600	-1583.443	-1552.99	-30.45252	392727.4	12.4252	0.997972	0.999481	1.00052	1.00203	6.977614
42700	-1565.2	-1534.724	-30.4757	883199.7	12.2864	0.998648	0.999654	1.00035	1.00135	6.98287
42800	-1570.258	-1535.167	-35.09093	495132.1	10.30291	0.998194	0.999538	1.00046	1.00181	7.361085
42900	-1568.164	-1533.448	-34.71562	468964.3	11.29346	0.998144	0.999525	1.00047	1.00186	7.355581
43000	-1565.839	-1533.31	-32.52846	169396.2	10.57569	0.996913	0.999209	1.00079	1.00309	7.13379
43100	-1569.653	-1539.68	-29.97248	917014.6	12.41757	0.998673	0.999661	1.00034	1.00133	6.939161
43200	-1555.149	-1524.365	-30.78313	549088.7	13.74956	0.998285	0.999561	1.00044	1.00172	6.936426
43300	-1568.557	-1529.463	-39.09424	176615	13.16199	0.996977	0.999226	1.00077	1.00303	7.604409
43400	-1575.687	-1532.156	-43.53052	445329.5	9.350756	0.998096	0.999513	1.00049	1.00191	8.152094
43500	-1555.697	-1528.507	-27.19009	766211.1	13.3934	0.998548	0.999629	1.00037	1.00145	6.69137
43600	-1564.481	-1529.988	-34.49269	974329.2	14.66246	0.998713	0.999671	1.00033	1.00129	7.117762
43700	-1577.303	-1540.889	-36.41394	727043.6	11.75801	0.99851	0.999619	1.00038	1.00149	7.492917
43800	-1564.597	-1542.814	-21.78237	705554	11.86545	0.998487	0.999613	1.00039	1.00151	6.255296
43900	-1570.045	-1534.031	-36.01356	681860.2	9.610314	0.998461	0.999606	1.00039	1.00154	7.386505
44000	-1568.052	-1534.772	-33.27935	434067.7	14.39422	0.998071	0.999507	1.00049	1.00193	7.060805
44100	-1571.798	-1542.421	-29.37656	164821.1	13.08777	0.996871	0.999199	1.0008	1.00313	6.86944
44200	-1565.83	-1539.444	-26.38635	906511.1	13.09068	0.998665	0.999659	1.00034	1.00134	6.64089
44300	-1563.588	-1533.512	-30.07549	165702.1	15.15333	0.996879	0.999201	1.0008	1.00312	6.773927
44400	-1558.275	-1526.297	-31.97851	202321.2	11.38269	0.997175	0.999277	1.00072	1.00283	7.114658
44500	-1565.767	-1531.321	-34.44575	882394.5	12.26727	0.998647	0.999654	1.00035	1.00135	7.306903
44600	-1574.547	-1538.474	-36.0732	14881.72	13.43315	0.9896	0.997319	1.00264	1.01044	7.351012
44700	-1566.363	-1545.696	-20.66633	408349	13.90389	0.998012	0.999491	1.00051	1.00199	6.197826
44800	-1576.899	-1535.025	-41.87395	151823.9	13.16129	0.99674	0.999165	1.00083	1.00326	7.815686
44900	-1553.025	-1525.672	-27.35304	922413.8	12.46447	0.998677	0.999662	1.00034	1.00132	6.727854
45000	-1583.409	-1539.475	-43.93357	516405.1	11.49902	0.998232	0.999548	1.00045	1.00177	8.15548
45100	-1556.404	-1531.787	-24.61754	987669.5	13.44365	0.998721	0.999673	1.00033	1.00128	6.49793
45200	-1559.972	-1536.91	-23.06184	212729.3	11.02735	0.997245	0.999295	1.0007	1.00276	6.297301
45300	-1569.64	-1538.265	-31.37433	609637.8	10.86231	0.998372	0.999584	1.00042	1.00163	7.043279
45400	-1571.467	-1539.467	-32.00097	962727.1	10.31387	0.998705	0.999669	1.00033	1.0013	7.062219
45500	-1565.726	-1537.582	-28.14419	701812.4	12.44935	0.998483	0.999612	1.00039	1.00152	6.791531
45600	-1600.568	-1556.047	-44.52087	516922.5	8.515506	0.998233	0.999548	1.00045	1.00177	8.153634
45700	-1554.33	-1527.191	-27.13859	478354.7	11.98881	0.998163	0.99953	1.00047	1.00184	6.708972
45800	-1559.786	-1530.934	-28.85291	507401.2	13.38627	0.998216	0.999544	1.00046	1.00179	6.815877
45900	-1558.991	-1532.822	-26.16888	943857.6	12.48364	0.998692	0.999666	1.00033	1.00131	6.632822
46000	-1582.571	-1551.082	-31.4897	864542.1	10.63912	0.998633	0.99965	1.00035	1.00137	7.040205
46100	-1567.089	-1534.352	-32.73707	160839.7	13.97532	0.996832	0.999189	1.00081	1.00317	7.060011
46200	-1563.958	-1536.606	-27.35165	286655.8	13.65957	0.997627	0.999393	1.00061	1.00238	6.691365
46300	-1570.667	-1534.842	-35.82499	154335	10.25812	0.996766	0.999172	1.00082	1.00324	7.429557
46400	-1565.236	-1531.004	-34.23216	521769.6	11.28638	0.998241	0.99955	1.00045	1.00176	7.312762
46500	-1565.105	-1534.81	-30.29468	723881.1	13.09442	0.998506	0.999618	1.00038	1.00149	6.939263
46600	-1562.74	-1536.923	-25.81723	525969.7	12.69106	0.998248	0.999552	1.00045	1.00175	6.603809
46700	-1551.505	-1531.125	-20.38037	244390.2	14.45148	0.99743	0.999342	1.00066	1.00257	6.162816
46800	-1559.192	-1526.583	-32.60946	755534.4	10.46468	0.998538	0.999626	1.00037	1.00146	7.133616
46900	-1562.007	-1529.272	-32.73581	796646.8	10.8147	0.998576	0.999636	1.00036	1.00142	7.166534
47000	-1563.74	-1534.458	-29.28171	105199.4	12.30541	0.996084	0.998996	1.001	1.00392	6.885423
47100	-1563.187	-1535.558	-27.62964	99562.72	13.09242	0.995974	0.998968	1.00103	1.00403	6.735806
47200	-1559.591	-1535.595	-23.99593	930398.8	13.08054	0.998683	0.999663	1.00034	1.00132	6.458411
47300	-1593.642	-1557.744	-35.89771	9665.167	11.50152	0.9871	0.996668	1.00327	1.01296	7.456592
47400	-1574.357	-1541.141	-33.21602	125329.7	12.29456	0.996412	0.999081	1.00091	1.00359	7.205581
47500	-1585.176	-1548.883	-36.29347	516801.1	13.58128	0.998232	0.999548	1.00045	1.00177	7.353509
47600	-1565.513	-1532.756	-32.75737	134660.8	11.77804	0.996538	0.999113	1.00088	1.00347	7.181661
47700	-1578.036	-1537.597	-40.43984	350354	10.86454	0.997853	0.999451	1.00055	1.00215	7.877812
47800	-1575.62	-1540.365	-35.25436	150247.2	12.89618	0.996723	0.999161	1.00084	1.00328	7.333046
47900	-1548.339	-1521.936	-26.40279	761185.1	11.10573	0.998543	0.999628	1.00037	1.00146	6.606486
48000	-1567.342	-1528.569	-38.77299	872880.6	9.468018	0.99864	0.999652	1.00035	1.00136	7.65805
48100	-1574.581	-1538.92	-35.66085	506737.5	8.350138	0.998215	0.999543	1.00046	1.00179	7.058382
48200	-1583.172	-1543.854	-39.31803	911769.6	12.17713	0.998669	0.99966	1.00034	1.00133	7.711109
48300	-1582.714	-1543.486	-39.22752	537879.1	11.90046	0.998267	0.999557	1.00044	1.00173	7.723271
48400	-1568.701	-1546.345	-22.35644	435265.7	14.41109	0.998074	0.999507	1.00049	1.00193	6.301262
48500	-1577.255	-1542.178	-35.07624	118035.8	11.59183	0.996303	0.999053	1.00094	1.0037	7.383427
48600	-1568.236	-1534.124	-34.11172	388121.1	12.55444	0.99796	0.999478	1.00052	1.00204	7.265251
48700	-1570.343	-1531.949	-38.39421	891027	10.09247	0.998654	0.999656	1.00034	1.00135	7.672238
48800	-1568.889	-1528.022	-40.86658	545738.9	9.57994	0.99828	0.99956	1.00044	1.00172	7.889054
48900	-1562.15	-1528.868	-33.28168	697727	11.20718	0.998479	0.999611	1.00039	1.00152	7.227634
49000	-1573.177	-1534.629	-38.54794	385429.5	11.83316	0.997953	0.999476	1.00052	1.00205	7.670166
49100	-1569.654	-1538.748	-30.9063	269386.2	10.96915	0.997552	0.999373	1.00062	1.00245	7.005908
49200	-1580.59	-1540.887	-39.7028	146866.8	10.59903	0.996685	0.999151	1.00085	1.00332	7.812207
49300	-1556.119	-1527.826	-28.29382	214192	12.80342	0.997255	0.999297	1.0007	1.00275	6.796051
49400	-1572.761	-1534.447	-38.31357	146888.3	12.27738	0.996685	0.999151	1.00085	1.00332	7.621461
49500	-1573.256	-1546.548	-26.70754	19334.58	12.38255	0.990873	0.99765	1.00232	1.00916	6.676293
49600	-1561.637	-1537.164	-24.47306	946803.2	11.87026	0.998694	0.999666	1.00033	1.00131	6.482258
49700	-1588.418	-1555.838	-32.57982	943656.4	9.698772	0.998692	0.999665	1.00033	1.00131	7.043573
49800	-1570.501	-1534.112	-36.38859	883511	10.90416	0.998648	0.999654	1.00035	1.00135	7.505304
49900	-1564.121	-1530.346	-33.77447	201382.7	13.71048	0.997169	0.999275	1.00072	1.00283	7.1573
50000	-1581.937	-1544.231	-37.70627	646132.5	9.971369	0.998419	0.999596	1.0004	1.00158	7.59595
50100	-1569.959	-1543.139	-26.8203	652049.3	14.1376	0.998426	0.999598	1.0004	1.00157	6.627575
50200	-1583.36	-1554.029	-29.33063	510513.6	13.43804	0.998222	0.999545	1.00045	1.00178	6.848814
50300	-1574.844	-1538.086	-36.75829	269449.7	11.73558	0.997552	0.999373	1.00062	1.00245	7.523133
50400	-1574.956	-1545.872	-29.0838	74598.08	14.07541	0.99535	0.998807	1.00118	1.00466	6.791931
50500	-1555.287	-1531.759	-23.5277	344738	11.3593	0.997836	0.999446	1.00055	1.00217	6.370373
50600	-1556.758	-1536.217	-20.54117	27790.22	11.40213	0.992385	0.998042	1.00194	1.00764	6.11182
50700	-1571.679	-1535.427	-36.25191	45007.96	9.736259	0.994015	0.998463	1.00152	1.006	7.426518
50800	-1556.094	-1531.895	-24.19922	838554.3	13.46483	0.998612	0.999645	1.00035	1.00139	6.466265
50900	-1561.357	-1536.436	-24.92109	539044.4	10.65364	0.998269	0.999557	1.00044	1.00173	6.42466
51000	-1549.9	-1525.079	-24.82083	38172.94	10.85918	0.993502	0.998331	1.00165	1.00651	6.439612
51100	-1564.597	-1528.118	-36.47894	386468.3	13.26286	0.997956	0.999477	1.00052	1.00205	7.396792
51200	-1555.293	-1536.497	-18.79674	942442.4	13.77483	0.998691	0.999665	1.00033	1.00131	6.064499
51300	-1558.683	-1535.165	-23.51771	848854.9	11.80328	0.998621	0.999647	1.00035	1.00138	6.398488
51400	-1566.174	-1532.393	-33.78095	272083.5	11.30706	0.997564	0.999377	1.00062	1.00244	7.272877
51500	-1557.153	-1531.304	-25.84876	548277.9	14.83367	0.998284	0.999561	1.00044	1.00172	6.517099
51600	-1565.101	-1528.988	-36.11264	890447.5	12.40718	0.998653	0.999656	1.00034	1.00135	7.434293
51700	-1565.906	-1532.37	-33.53569	718696.5	10.52037	0.998501	0.999617	1.00038	1.0015	7.225722
51800	-1567.095	-1529.105	-37.98918	65794.36	10.61765	0.995049	0.99873	1.00126	1.00496	7.650814
51900	-1556.371	-1527.576	-28.79488	513820.8	12.53726	0.998227	0.999547	1.00045	1.00177	6.842114
52000	-1575.55	-1546.813	-28.73691	835679.5	12.08296	0.99861	0.999645	1.00035	1.00139	6.842446
52100	-1565.748	-1535.762	-29.9865	177987.5	13.98063	0.996989	0.999229	1.00077	1.00301	6.862821
52200	-1572.187	-1539.678	-32.50916	385045.1	11.39489	0.997952	0.999476	1.00052	1.00205	7.161387
52300	-1579.908	-1543.978	-35.92962	175575.9	12.87686	0.996968	0.999224	1.00077	1.00304	7.386891
52400	-1562.529	-1535.608	-26.92052	276591.7	15.09521	0.997584	0.999382	1.00062	1.00242	6.570135
52500	-1571.891	-1544.565	-27.32625	585344.6	11.78676	0.998339	0.999575	1.00042	1.00166	6.720756
52600	-1569.946	-1542.686	-27.25969	484287.3	13.25867	0.998174	0.999533	1.00047	1.00183	6.70183
52700	-1563.909	-1533.4	-30.50896	37673.26	12.25298	0.993459	0.99832	1.00167	1.00656	6.98628
52800	-1589.132	-1556.834	-32.29804	532922.3	10.58986	0.998259	0.999555	1.00044	1.00174	7.112966
52900	-1590.048	-1554.034	-36.01384	880609.5	9.728521	0.998646	0.999654	1.00035	1.00135	7.401167
53000	-1563.467	-1528.473	-34.9937	571063.7	12.47649	0.998318	0.99957	1.00043	1.00168	7.340151
53100	-1567.904	-1539.605	-28.29866	738914.4	12.11946	0.998522	0.999622	1.00038	1.00148	6.80623
53200	-1560.566	-1534.928	-25.63807	462710.7	12.68755	0.998132	0.999522	1.00048	1.00187	6.589717
53300	-1561.777	-1534.131	-27.6457	669480.5	12.80799	0.998447	0.999603	1.0004	1.00155	6.745319
53400	-1568.322	-1537.256	-31.06676	463687.4	13.46208	0.998134	0.999523	1.00048	1.00187	6.976477
53500	-1581.541	-1548.085	-33.45623	824838.7	11.06647	0.998601	0.999642	1.00036	1.0014	7.240803
53600	-1571.514	-1540.776	-30.7383	473006.7	10.92905	0.998152	0.999527	1.00047	1.00185	6.988491
53700	-1563.994	-1529.689	-34.30541	974842.9	11.11444	0.998713	0.999671	1.00033	1.00129	7.318171
53800	-1558.051	-1531.55	-26.50111	426281.3	11.34778	0.998054	0.999502	1.0005	1.00195	6.631468
53900	-1595.359	-1552.824	-42.53452	397381	9.672395	0.997984	0.999484	1.00051	1.00202	8.068581
54000	-1569.926	-1533.018	-36.90765	978808.9	11.35637	0.998716	0.999672	1.00033	1.00129	7.548326
54100	-1573.654	-1546.691	-26.96307	946307.9	11.87084	0.998694	0.999666	1.00033	1.00131	6.692039
54200	-1571.792	-1537.354	-34.43883	300520.8	11.37255	0.997682	0.999407	1.00059	1.00232	7.330858
54300	-1564.415	-1534.511	-29.90427	152056.7	12.57902	0.996742	0.999166	1.00083	1.00326	6.929399
54400	-1596.354	-1549.378	-46.97572	606160.4	12.29472	0.998368	0.999583	1.00042	1.00163	8.32473
54500	-1574.231	-1541.642	-32.58937	348999.6	11.37807	0.997849	0.99945	1.00055	1.00215	7.168283
54600	-1564.168	-1527.939	-36.22909	4041.413	11.5911	0.980077	0.994823	1.00504	1.02006	7.482902
54700	-1571.88	-1538.909	-32.97045	4287.54	9.787936	0.980655	0.994975	1.00489	1.01948	7.096968
54800	-1564.928	-1532.915	-32.01257	682706.7	11.48149	0.998462	0.999607	1.00039	1.00154	7.118662
54900	-1583.829	-1544.332	-39.4971	371077.3	13.21867	0.997914	0.999466	1.00053	1.00209	7.629053
55000	-1568.404	-1540.618	-27.78608	198558	12.94192	0.997149	0.99927	1.00073	1.00285	6.752614
55100	-1573.397	-1532.156	-41.24101	408360.9	8.440585	0.998012	0.999491	1.00051	1.00199	7.750207
55200	-1564.839	-1532.451	-32.38799	840282.9	11.73823	0.998614	0.999645	1.00035	1.00139	7.15071
55300	-1559.978	-1524.079	-35.89911	378807	12.12587	0.997936	0.999472	1.00053	1.00207	7.433029
55400	-1571.096	-1541.074	-30.02213	311264.7	9.644182	0.997723	0.999417	1.00058	1.00228	6.769621
55500	-1559.37	-1534.089	-25.28083	490384.7	13.23327	0.998185	0.999536	1.00046	1.00182	6.553224
55600	-1559.279	-1530.224	-29.05442	563182.6	9.740269	0.998307	0.999567	1.00043	1.00169	6.68803
55700	-1568.928	-1540.33	-28.59857	970898.2	12.71162	0.99871	0.99967	1.00033	1.00129	6.822432
55800	-1558.981	-1535.323	-23.65825	548132.1	11.57988	0.998284	0.999561	1.00044	1.00172	6.397661
55900	-1559.874	-1534.946	-24.92859	160241	12.79225	0.996826	0.999187	1.00081	1.00318	6.533292
56000	-1571.024	-1538.968	-32.05678	91826.58	13.48028	0.995808	0.998925	1.00107	1.0042	7.048748
56100	-1575.551	-1546.061	-29.48981	59018.49	10.46867	0.994773	0.998659	1.00133	1.00524	6.835919
56200	-1559.374	-1531.769	-27.60532	930157.4	11.59206	0.998682	0.999663	1.00034	1.00132	6.738935
56300	-1565.491	-1542.098	-23.39344	843607.5	13.32847	0.998616	0.999646	1.00035	1.00138	6.409096
56400	-1576.785	-1543.813	-32.97255	999355.9	11.63772	0.998729	0.999675	1.00032	1.00127	7.201616
56500	-1566.161	-1533.761	-32.40026	201074.7	11.95146	0.997167	0.999275	1.00072	1.00284	7.148626
56600	-1553.851	-1523.922	-29.92893	260066.6	11.16086	0.997509	0.999362	1.00064	1.00249	6.926515
56700	-1566.676	-1531.524	-35.15206	94256.18	10.03849	0.995863	0.998939	1.00105	1.00414	7.346189
56800	-1572.3	-1535.912	-36.38784	973666.9	10.25947	0.998712	0.999671	1.00033	1.00129	7.484504
56900	-1570.274	-1546.34	-23.93399	528289	13.23505	0.998252	0.999553	1.00045	1.00175	6.451416
57000	-1562.407	-1528.535	-33.872	257501.1	12.58067	0.997496	0.999359	1.00064	1.00251	7.244733
57100	-1566.597	-1537.226	-29.37099	494298.6	13.80791	0.998193	0.999538	1.00046	1.00181	6.830067
57200	-1575.306	-1536.855	-38.45122	724333.3	9.396609	0.998507	0.999618	1.00038	1.00149	7.61504
57300	-1592.563	-1551.854	-40.70849	236142.4	9.837055	0.997385	0.999331	1.00067	1.00262	7.890408
57400	-1573.236	-1538.882	-34.35352	115820.1	11.00435	0.996267	0.999044	1.00095	1.00374	7.320865
57500	-1583.744	-1551.309	-32.43507	543242.4	14.00114	0.998276	0.999559	1.00044	1.00173	7.036258
57600	-1564.161	-1537.875	-26.28587	526866.6	12.28797	0.998249	0.999552	1.00045	1.00175	6.641865
57700	-1566.191	-1546.403	-19.78782	700291.2	12.58234	0.998481	0.999612	1.00039	1.00152	6.125281
57800	-1569.321	-1534.107	-35.21401	83654.23	10.36209	0.995609	0.998874	1.00112	1.0044	7.376763
57900	-1566.136	-1542.119	-24.01742	611571.6	11.19706	0.998375	0.999584	1.00041	1.00163	6.400106
58000	-1569.936	-1535.717	-34.21904	570811.1	11.84293	0.998318	0.99957	1.00043	1.00168	7.304071
58100	-1564.419	-1533.98	-30.43898	41678.77	12.25485	0.993781	0.998403	1.00158	1.00623	6.980532
58200	-1561.418	-1529.502	-31.91599	104601.6	10.56229	0.996073	0.998993	1.001	1.00393	7.074905
58300	-1580.852	-1550.785	-30.06679	322425.2	12.38906	0.997762	0.999427	1.00057	1.00224	6.947432
58400	-1565.257	-1537.803	-27.4536	883667.3	10.91622	0.998648	0.999654	1.00035	1.00135	6.686892
58500	-1567.103	-1542.221	-24.88154	678236.7	12.8833	0.998457	0.999605	1.00039	1.00154	6.528847
58600	-1561.006	-1536.203	-24.80301	820810.1	11.01253	0.998597	0.999641	1.00036	1.0014	6.453773
58700	-1561.065	-1533.013	-28.0513	505693.4	13.54506	0.998213	0.999543	1.00046	1.00179	6.74845
58800	-1577.823	-1543.103	-34.71996	586003.2	11.49884	0.99834	0.999575	1.00042	1.00166	7.354231
58900	-1570.806	-1543.967	-26.83922	3998.053	13.04045	0.979969	0.994794	1.00506	1.02017	6.676909
59000	-1577.991	-1541.858	-36.13306	312173.6	10.18549	0.997726	0.999418	1.00058	1.00228	7.454911
59100	-1573.566	-1540.413	-33.15331	862358.3	10.88543	0.998632	0.99965	1.00035	1.00137	7.207925
59200	-1563.386	-1536.021	-27.36456	356110.6	11.35421	0.997871	0.999455	1.00054	1.00213	6.707887
59300	-1568.962	-1535.185	-33.77725	118675.1	10.05644	0.996313	0.999055	1.00094	1.00369	7.211109
59400	-1558.018	-1529.582	-28.43554	370505.1	12.21653	0.997913	0.999466	1.00053	1.00209	6.81727
59500	-1570.472	-1541.873	-28.59896	286192.9	10.87055	0.997625	0.999392	1.00061	1.00238	6.788408
59600	-1566.701	-1534.418	-32.28337	902866.9	10.34468	0.998663	0.999658	1.00034	1.00134	7.092399
59700	-1577.058	-1546.657	-30.40053	455106	9.98865	0.998116	0.999518	1.00048	1.00188	6.865793
59800	-1568.418	-1541.695	-26.72299	928293.1	10.68469	0.998681	0.999663	1.00034	1.00132	6.597203
59900	-1565.674	-1532.535	-33.13888	326916.2	15.95369	0.997778	0.999431	1.00057	1.00222	6.890306
60000	-1584.592	-1556.794	-27.7984	423203.4	14.37574	0.998047	0.9995	1.0005	1.00195	6.681279
60100	-1547.268	-1526.382	-20.88594	277698.6	12.8194	0.997589	0.999383	1.00062	1.00241	6.217735
60200	-1563.008	-1530.173	-32.83424	846072.4	10.67324	0.998618	0.999647	1.00035	1.00138	7.168532
60300	-1588.993	-1553.6	-35.3926	929315.6	11.58489	0.998682	0.999663	1.00034	1.00132	7.410883
60400	-1587.834	-1550.179	-37.655	66728.72	11.90709	0.995084	0.998739	1.00125	1.00492	7.59077
60500	-1564.844	-1534.267	-30.57683	969610.1	10.96551	0.998709	0.99967	1.00033	1.00129	6.975681
60600	-1579.708	-1536.64	-43.06773	813419.4	9.252998	0.998591	0.99964	1.00036	1.00141	8.093775
60700	-1570.704	-1550.266	-20.43796	767581.1	14.2706	0.99855	0.999629	1.00037	1.00145	6.172478
60800	-1553.403	-1530.179	-23.22399	522370.6	13.32585	0.998242	0.99955	1.00045	1.00176	6.396426
60900	-1557.095	-1533.31	-23.78427	108270.1	12.06992	0.99614	0.999011	1.00098	1.00387	6.432121
61000	-1550.264	-1523.243	-27.02076	501032.5	13.01132	0.998205	0.999541	1.00046	1.0018	6.691649
61100	-1575.024	-1538.735	-36.28938	246056.6	10.31768	0.997439	0.999344	1.00065	1.00256	7.478218
61200	-1581.753	-1544.156	-37.59648	965351.9	10.90235	0.998707	0.999669	1.00033	1.00129	7.616081
61300	-1564.847	-1537.749	-27.09808	824515.7	14.52889	0.9986	0.999642	1.00036	1.0014	6.622538
61400	-1580.062	-1546.72	-33.34207	992959.8	10.28806	0.998725	0.999674	1.00033	1.00128	7.190093
61500	-1574.254	-1536.172	-38.08184	158513.8	11.24068	0.996809	0.999183	1.00081	1.00319	7.655102
61600	-1566.586	-1536.806	-29.7796	189921.6	13.42322	0.997085	0.999254	1.00074	1.00292	6.883056
61700	-1561.623	-1535.206	-26.41684	653908	12.06403	0.998429	0.999598	1.0004	1.00157	6.650136
61800	-1557.453	-1523.34	-34.11342	389968.4	10.67331	0.997965	0.999479	1.00052	1.00204	7.288385
61900	-1591.079	-1555.319	-35.75981	624531.7	13.15362	0.998392	0.999589	1.00041	1.00161	7.351766
62000	-1572.29	-1545.455	-26.83523	217915	11.45075	0.997278	0.999303	1.00069	1.00272	6.666268
62100	-1561.405	-1539.784	-21.62056	732555.5	12.15534	0.998515	0.99962	1.00038	1.00149	6.256824
62200	-1568.177	-1532.439	-35.73828	126005.3	12.95698	0.996421	0.999083	1.00091	1.00358	7.365901
62300	-1568.452	-1539.617	-28.83541	453426.4	13.47243	0.998113	0.999517	1.00048	1.00189	6.810188
62400	-1563.944	-1531.165	-32.77872	685972.8	10.97528	0.998466	0.999608	1.00039	1.00154	7.176813
62500	-1566.463	-1535.819	-30.64419	849947	11.20515	0.998622	0.999648	1.00035	1.00138	6.992224
62600	-1559.218	-1530.034	-29.18324	354674	10.12275	0.997866	0.999454	1.00054	1.00214	6.763918
62700	-1572.986	-1543.722	-29.26421	100636.2	11.97165	0.995996	0.998974	1.00102	1.00401	6.886261
62800	-1561.26	-1543.162	-18.09865	637058.5	12.06458	0.998408	0.999593	1.00041	1.00159	5.960673
62900	-1566.36	-1534.023	-32.33691	39570.38	14.65441	0.993617	0.998361	1.00162	1.0064	6.971488
63000	-1582.027	-1542.315	-39.71259	217301.3	10.22891	0.997275	0.999302	1.0007	1.00273	7.807708
63100	-1552.461	-1527.17	-25.29153	443239.8	13.53087	0.998091	0.999512	1.00049	1.00191	6.545191
63200	-1576.311	-1539.645	-36.66518	606837.4	11.42639	0.998369	0.999583	1.00042	1.00163	7.52535
63300	-1566.092	-1529.42	-36.67148	395388.2	13.08198	0.997979	0.999483	1.00052	1.00202	7.427325
63400	-1571.465	-1539.218	-32.24704	197957.5	10.17487	0.997145	0.999269	1.00073	1.00286	7.072263
63500	-1568.816	-1536.938	-31.87818	593897.8	11.71599	0.998351	0.999578	1.00042	1.00165	7.107391
63600	-1564.1	-1534.223	-29.87669	756939.2	10.93045	0.998539	0.999626	1.00037	1.00146	6.909739
63700	-1555.204	-1529.007	-26.19643	718381.7	15.36319	0.998501	0.999617	1.00038	1.0015	6.502271
63800	-1554.549	-1533.613	-20.93596	177472.2	13.51545	0.996984	0.999228	1.00077	1.00302	6.223449
63900	-1569.512	-1542.375	-27.13664	241436.8	11.28671	0.997414	0.999338	1.00066	1.00259	6.684101
64000	-1555.495	-1533.921	-21.57365	270320.9	14.97343	0.997556	0.999374	1.00062	1.00245	6.222124
64100	-1559.322	-1527.722	-31.60064	360332.3	10.53642	0.997883	0.999458	1.00054	1.00212	7.043054
64200	-1585.474	-1555.176	-30.29775	922810	10.85832	0.998677	0.999662	1.00034	1.00132	6.943918
64300	-1573.582	-1544.098	-29.48328	647217.8	12.10762	0.99842	0.999596	1.0004	1.00158	6.90406
64400	-1557.212	-1534.492	-22.72077	557408.9	14.67291	0.998298	0.999565	1.00043	1.0017	6.314388
64500	-1548.067	-1529.683	-18.38311	443300.6	13.80889	0.998092	0.999512	1.00049	1.00191	6.034294
64600	-1575.704	-1544.987	-30.71725	389487.3	15.29199	0.997964	0.999479	1.00052	1.00204	6.803289
64700	-1574.579	-1538.295	-36.28419	88429.13	11.59927	0.995729	0.998905	1.00109	1.00428	7.487404
64800	-1576.593	-1542.213	-34.38043	900097.1	11.62282	0.998661	0.999657	1.00034	1.00134	7.322866
64900	-1589.445	-1548.095	-41.35008	370887.3	11.20349	0.997914	0.999466	1.00053	1.00209	7.94775
65000	-1578.34	-1537.874	-40.46638	120779.1	12.86346	0.996345	0.999063	1.00093	1.00366	7.7406
65100	-1578.527	-1544.231	-34.29647	945987.7	12.25187	0.998693	0.999666	1.00033	1.00131	7.29544
65200	-1565.267	-1534.804	-30.46277	829697.5	11.35592	0.998605	0.999643	1.00036	1.0014	6.980802
65300	-1573.455	-1545.24	-28.2155	148856.3	14.60444	0.996707	0.999157	1.00084	1.0033	6.693943
65400	-1577.886	-1538.008	-39.87803	350960.4	9.22508	0.997855	0.999451	1.00055	1.00215	7.745268
65500	-1565.737	-1532.856	-32.88108	857347.2	10.9021	0.998628	0.999649	1.00035	1.00137	7.183559
65600	-1571.505	-1547.73	-23.77439	314661.4	14.43456	0.997735	0.99942	1.00058	1.00227	6.398507
65700	-1580.754	-1539.755	-40.99839	212087.1	11.50717	0.997241	0.999294	1.0007	1.00276	7.899721
65800	-1560.111	-1530.366	-29.74477	403658.5	11.99738	0.998	0.999488	1.00051	1.002	6.92633
65900	-1563.226	-1530.024	-33.202	616757.7	12.08019	0.998382	0.999586	1.00041	1.00162	7.212068
66000	-1559.022	-1528.684	-30.33848	656785	12.16276	0.998432	0.999599	1.0004	1.00157	6.973921
66100	-1561.441	-1528.385	-33.05577	297539.1	10.50809	0.997671	0.999404	1.00059	1.00233	7.17928
66200	-1568.243	-1534.235	-34.00737	346762.6	13.23557	0.997842	0.999448	1.00055	1.00216	7.212492
66300	-1565.616	-1535.756	-29.86	456413.5	11.28956	0.998119	0.999519	1.00048	1.00188	6.925492
66400	-1555.169	-1526.181	-28.98778	543076.5	10.76854	0.998276	0.999559	1.00044	1.00173	6.816294
66500	-1566.023	-1539.254	-26.76919	580311.6	13.2091	0.998332	0.999573	1.00043	1.00167	6.666494
66600	-1562.942	-1534.945	-27.99682	402429	11.98275	0.997997	0.999488	1.00051	1.002	6.780502
66700	-1580.362	-1545.649	-34.71313	243971.6	10.93	0.997428	0.999342	1.00066	1.00257	7.352205
66800	-1582.836	-1542.351	-40.48536	899949.4	11.95596	0.99866	0.999657	1.00034	1.00134	7.824776
66900	-1566.599	-1532.218	-34.38123	141652.8	9.444185	0.996625	0.999135	1.00086	1.00338	7.190174
67000	-1559.506	-1537.296	-22.20992	151755.2	12.83806	0.996739	0.999165	1.00083	1.00326	6.321167
67100	-1571.004	-1541.685	-29.31942	758502.5	11.9304	0.998541	0.999627	1.00037	1.00146	6.890798
67200	-1576.257	-1544.347	-31.91002	259072.9	13.40834	0.997504	0.999361	1.00064	1.0025	7.042773
67300	-1579.465	-1545.074	-34.39126	431712.4	12.79004	0.998066	0.999505	1.00049	1.00194	7.273154
67400	-1576.657	-1536.694	-39.96299	716073.7	10.64359	0.998498	0.999616	1.00038	1.0015	7.836612
67500	-1597.173	-1558.495	-38.67821	389294	11.56417	0.997963	0.999479	1.00052	1.00204	7.695482
67600	-1571.516	-1547.992	-23.52422	297341.6	14.77011	0.99767	0.999404	1.00059	1.00233	6.363912
67700	-1570.299	-1541.951	-28.34773	326365.6	12.47421	0.997776	0.999431	1.00057	1.00223	6.807508
67800	-1577.537	-1543.676	-33.86136	74092.68	11.083	0.995334	0.998803	1.00119	1.00467	7.277707
67900	-1574.238	-1540.668	-33.56972	812007.4	12.49164	0.99859	0.999639	1.00036	1.00141	7.225269
68000	-1572.421	-1538.959	-33.46226	420022.3	11.88091	0.998039	0.999498	1.0005	1.00196	7.239292
68100	-1558.653	-1537.124	-21.52853	723375.3	11.86982	0.998506	0.999618	1.00038	1.00149	6.234171
68200	-1575.963	-1536.596	-39.36713	351825	11.08954	0.997858	0.999452	1.00055	1.00214	7.774301
68300	-1590.338	-1546.69	-43.64755	900948	13.37854	0.998661	0.999658	1.00034	1.00134	7.922109
68400	-1577.485	-1543.234	-34.25142	222427.7	12.77533	0.997306	0.99931	1.00069	1.0027	7.263156
68500	-1580.961	-1541.23	-39.73051	778186.1	10.23959	0.998559	0.999632	1.00037	1.00144	7.809769
68600	-1568.886	-1536.264	-32.62203	624928.7	11.71661	0.998393	0.999589	1.00041	1.00161	7.170875
68700	-1575.509	-1538.306	-37.20328	507133.2	9.104897	0.998216	0.999544	1.00046	1.00179	7.433952
68800	-1572.753	-1533.168	-39.58476	815519.4	11.02166	0.998593	0.99964	1.00036	1.00141	7.795807
68900	-1558.045	-1531.991	-26.05454	794295.2	11.02381	0.998574	0.999635	1.00036	1.00143	6.568389
69000	-1575.746	-1535.369	-40.37692	712799.8	13.6696	0.998495	0.999615	1.00038	1.00151	7.643738
69100	-1574.945	-1544.646	-30.29932	677318.8	12.22986	0.998456	0.999605	1.00039	1.00154	6.969597
69200	-1561.635	-1527.124	-34.51078	640710.7	12.02192	0.998412	0.999594	1.00041	1.00159	7.322673
69300	-1545.031	-1521.023	-24.00862	887907.5	11.8459	0.998651	0.999655	1.00034	1.00135	6.442052
69400	-1574.992	-1541.591	-33.40093	313129.7	12.45285	0.997729	0.999419	1.00058	1.00227	7.213615
69500	-1564.341	-1534.102	-30.23873	294803.4	13.55447	0.99766	0.999401	1.0006	1.00234	6.909362
69600	-1570.664	-1537.888	-32.77635	269724.8	15.20178	0.997554	0.999374	1.00062	1.00245	6.947217
69700	-1573.966	-1544.075	-29.89099	796674	12.00118	0.998576	0.999636	1.00036	1.00142	6.9385
69800	-1553.114	-1530.161	-22.9529	762265.6	13.28545	0.998544	0.999628	1.00037	1.00146	6.376654
69900	-1568.303	-1528.256	-40.04646	174951.8	8.693076	0.996963	0.999222	1.00077	1.00304	7.670085
70000	-1548.056	-1526.352	-21.70364	875532.1	13.90645	0.998642	0.999653	1.00035	1.00136	6.272365
70100	-1575.264	-1541.718	-33.54565	664576.9	10.52666	0.998441	0.999601	1.0004	1.00156	7.227057
70200	-1553.838	-1530.655	-23.18288	864171.1	13.75524	0.998633	0.99965	1.00035	1.00137	6.383496
70300	-1558.951	-1535.398	-23.55227	614594.1	13.89879	0.998379	0.999585	1.00041	1.00162	6.40557
70400	-1574.463	-1535.739	-38.72326	580655	11.03629	0.998332	0.999573	1.00043	1.00167	7.717364
70500	-1563.19	-1529.868	-33.32154	666834	12.07819	0.998444	0.999602	1.0004	1.00156	7.222028
70600	-1581.316	-1540.596	-40.71969	914036.8	10.89632	0.998671	0.99966	1.00034	1.00133	7.90272
70700	-1559.707	-1534.351	-25.35606	73563.32	14.16842	0.995317	0.998799	1.00119	1.00469	6.522443
70800	-1559.899	-1532.842	-27.05712	232792.1	11.99417	0.997367	0.999326	1.00067	1.00264	6.70226
70900	-1557.298	-1527.969	-29.32973	593222.2	12.69794	0.99835	0.999578	1.00042	1.00165	6.88037
71000	-1575.184	-1546.525	-28.65939	245983.1	12.28961	0.997438	0.999344	1.00065	1.00256	6.835008
71100	-1581.855	-1551.234	-30.6204	484062.3	11.82006	0.998174	0.999533	1.00047	1.00183	7.000238
71200	-1577.1	-1547.841	-29.25915	222064.5	11.84367	0.997304	0.99931	1.00069	1.0027	6.885271
71300	-1590.867	-1550.153	-40.71428	832943.4	10.02694	0.998608	0.999644	1.00036	1.00139	7.899849
71400	-1569.077	-1538.359	-30.71824	483214.7	10.0202	0.998172	0.999532	1.00047	1.00183	6.902005
71500	-1572.731	-1539.816	-32.91491	249926.4	13.01364	0.997459	0.999349	1.00065	1.00254	7.144505
71600	-1569.155	-1536.166	-32.98933	959492.6	11.56927	0.998703	0.999668	1.00033	1.0013	7.203518
71700	-1570.513	-1534.155	-36.35764	921276.1	12.41948	0.998676	0.999661	1.00034	1.00132	7.453241
71800	-1556.84	-1522.568	-34.27244	924527.4	12.39623	0.998678	0.999662	1.00034	1.00132	7.286534
71900	-1568.912	-1531.191	-37.72139	176612.5	12.24812	0.996977	0.999226	1.00077	1.00303	7.575238
72000	-1573.156	-1537.992	-35.16407	777733.6	12.19229	0.998559	0.999631	1.00037	1.00144	7.369242
72100	-1572.731	-1541.211	-31.52036	319588.3	11.66784	0.997752	0.999425	1.00057	1.00225	7.076879
72200	-1580.973	-1541.458	-39.51584	237634	9.467532	0.997394	0.999333	1.00066	1.00261	7.736456
72300	-1567.973	-1534.97	-33.00257	591692.5	11.0004	0.998348	0.999577	1.00042	1.00165	7.197982
72400	-1562.996	-1532.547	-30.44851	347914	12.92212	0.997846	0.999449	1.00055	1.00216	6.959233
72500	-1565.664	-1535.526	-30.13842	886174	11.68264	0.99865	0.999655	1.00034	1.00135	6.958593
72600	-1554.815	-1526.286	-28.52918	702964.4	12.46364	0.998484	0.999612	1.00039	1.00152	6.822227
72700	-1582.408	-1549.44	-32.96882	666104.4	12.92282	0.998443	0.999602	1.0004	1.00156	7.154229
72800	-1554.009	-1527.067	-26.9424	93290.76	11.24087	0.995841	0.998934	1.00106	1.00416	6.66412
72900	-1562.811	-1533.764	-29.04707	905256	11.15686	0.998664	0.999658	1.00034	1.00134	6.847298
73000	-1568.604	-1536.501	-32.10281	45468.58	12.44845	0.994045	0.998471	1.00152	1.00597	7.109543
73100	-1573.295	-1536.84	-36.45504	738007.2	10.59305	0.998521	0.999622	1.00038	1.00148	7.505607
73200	-1569.707	-1534.407	-35.3002	667374.2	10.20578	0.998444	0.999602	1.0004	1.00156	7.37466
73300	-1557.166	-1530.466	-26.69983	121523.5	12.82175	0.996356	0.999066	1.00093	1.00365	6.671214
73400	-1576.991	-1538.401	-38.58988	128986.2	11.9546	0.996463	0.999094	1.0009	1.00354	7.666324
73500	-1563.483	-1529.236	-34.24614	709464.4	11.87026	0.998491	0.999614	1.00039	1.00151	7.305582
73600	-1565.033	-1533.885	-31.14777	192173.9	10.15748	0.997102	0.999258	1.00074	1.0029	6.962176
73700	-1568.485	-1540.932	-27.55311	964367.3	11.31328	0.998706	0.999669	1.00033	1.00129	6.722412
73800	-1567.296	-1537.574	-29.72153	686688.5	12.32827	0.998466	0.999608	1.00039	1.00153	6.920756
73900	-1566.589	-1540.54	-26.04893	722328.9	13.01832	0.998505	0.999618	1.00038	1.0015	6.616803
74000	-1581.793	-1547.878	-33.91431	568780.7	10.46167	0.998315	0.999569	1.00043	1.00169	7.258116
74100	-1572.899	-1545.525	-27.37402	461647.6	9.977161	0.99813	0.999522	1.00048	1.00187	6.560781
74200	-1563.616	-1536.324	-27.29251	27640.29	14.10475	0.992365	0.998037	1.00194	1.00766	6.662936
74300	-1556.367	-1524.776	-31.5909	5.749583	11.78098	0.530516	0.81996	1.08181	1.56771	7.082607
74400	-1555.999	-1527.987	-28.01118	185.6003	12.21341	0.9083	0.974654	1.02227	1.09478	6.78254
74500	-1580.123	-1540.73	-39.39304	57724.75	11.2541	0.994714	0.998644	1.00135	1.0053	7.771256
74600	-1568.588	-1537.641	-30.94637	739781.6	10.39311	0.998523	0.999622	1.00038	1.00148	6.967973
74700	-1573.209	-1538.01	-35.1985	383986.2	9.081924	0.997949	0.999475	1.00052	1.00205	7.208873
74800	-1563.467	-1533.217	-30.25036	956144.2	11.62951	0.9987	0.999668	1.00033	1.0013	6.967608
74900	-1572.19	-1537.667	-34.5233	363184.8	11.73354	0.997892	0.99946	1.00054	1.00211	7.332737
75000	-1562.952	-1537.458	-25.49451	247513.7	12.10199	0.997446	0.999346	1.00065	1.00256	6.574502
75100	-1562.617	-1537.79	-24.82656	75246.24	12.55565	0.99537	0.998813	1.00118	1.00464	6.525663
75200	-1566.525	-1536.459	-30.0665	270366.9	10.82252	0.997556	0.999375	1.00062	1.00245	6.920244
75300	-1563.284	-1535.805	-27.47812	804043.6	12.2556	0.998583	0.999638	1.00036	1.00142	6.738924
75400	-1574.269	-1539.16	-35.10846	180393.8	10.59308	0.997009	0.999234	1.00076	1.00299	7.37849
75500	-1578.982	-1543.809	-35.17356	864205.7	11.0679	0.998633	0.99965	1.00035	1.00137	7.395996
75600	-1559.207	-1526.43	-32.77678	355737.6	10.4754	0.99787	0.999455	1.00054	1.00213	7.150393
75700	-1555.923	-1528.436	-27.48689	595254.7	10.83638	0.998353	0.999579	1.00042	1.00165	6.683125
75800	-1564.797	-1533.48	-31.31715	356628	11.88099	0.997872	0.999456	1.00054	1.00213	7.058741
75900	-1576.06	-1535.877	-40.1837	103699.9	9.844694	0.996056	0.998989	1.00101	1.00395	7.837525
76000	-1563.307	-1538.601	-24.70617	970073.6	13.00176	0.99871	0.99967	1.00033	1.00129	6.513889
76100	-1582.587	-1551.805	-30.78198	463405.8	11.72675	0.998133	0.999522	1.00048	1.00187	7.013862
76200	-1553.313	-1523.522	-29.79078	668350.9	12.26297	0.998446	0.999602	1.0004	1.00156	6.92751
76300	-1555.404	-1529.073	-26.33165	115490.7	13.35843	0.996262	0.999042	1.00095	1.00374	6.628513
76400	-1564.656	-1536.972	-27.68351	433611	11.58647	0.99807	0.999506	1.00049	1.00193	6.745493
76500	-1568.619	-1541.529	-27.09039	297109.3	13.95242	0.997669	0.999403	1.00059	1.00233	6.657226
76600	-1558.482	-1529.28	-29.2014	423177.5	11.25536	0.998047	0.9995	1.0005	1.00195	6.865717
76700	-1573.108	-1531.589	-41.51868	373666.2	12.26424	0.997921	0.999468	1.00053	1.00208	7.883758
76800	-1575.445	-1548.101	-27.34398	742251.1	13.64038	0.998525	0.999623	1.00038	1.00148	6.691737
76900	-1570.992	-1535.628	-35.36372	370814.3	12.48925	0.997913	0.999466	1.00053	1.00209	7.369032
77000	-1578.802	-1547.226	-31.57634	581319.3	11.61088	0.998333	0.999574	1.00043	1.00167	7.081572
77100	-1563.978	-1541.973	-22.00487	475045.3	12.90058	0.998156	0.999528	1.00047	1.00184	6.305678
77200	-1552.789	-1532.317	-20.47117	156631.9	14.52245	0.99679	0.999178	1.00082	1.00321	6.166647
77300	-1584.278	-1546.29	-37.98789	706466.2	11.23471	0.998488	0.999613	1.00039	1.00151	7.646894
77400	-1571.7	-1536.933	-34.76677	717917.5	13.86956	0.9985	0.999616	1.00038	1.0015	7.215158
77500	-1570.491	-1537.145	-33.34541	524140.6	11.56281	0.998245	0.999551	1.00045	1.00176	7.234343
77600	-1566.819	-1534.7	-32.11889	323038.6	12.83076	0.997764	0.999428	1.00057	1.00224	7.093391
77700	-1579.178	-1541.508	-37.67026	167269.5	11.4718	0.996894	0.999204	1.00079	1.00311	7.611771
77800	-1552.183	-1531.263	-20.91959	54924.61	14.68719	0.994581	0.998609	1.00138	1.00543	6.191047
77900	-1565.202	-1537.89	-27.31233	607089.9	10.22181	0.998369	0.999583	1.00042	1.00163	6.59438
78000	-1557.502	-1524.089	-33.41282	548349	14.2787	0.998284	0.999561	1.00044	1.00172	7.080928
78100	-1573.71	-1535.829	-37.88161	129217.9	11.92122	0.996466	0.999095	1.0009	1.00354	7.609001
78200	-1542.469	-1521.017	-21.45259	619568	13.31262	0.998386	0.999587	1.00041	1.00162	6.263578
78300	-1559.723	-1524.99	-34.73329	195148.6	10.54423	0.997124	0.999264	1.00073	1.00288	7.340759
78400	-1559.07	-1527.632	-31.43842	980825.5	12.49431	0.998717	0.999672	1.00033	1.00128	7.054555
78500	-1566.135	-1534.455	-31.68006	35727.21	12.55232	0.993283	0.998274	1.00171	1.00673	7.071647
78600	-1561.453	-1532.655	-28.79814	925827.9	12.33824	0.998679	0.999662	1.00034	1.00132	6.845732
78700	-1576.428	-1547.311	-29.11714	129837.3	10.42923	0.996475	0.999097	1.0009	1.00353	6.79603
78800	-1578.677	-1541.271	-37.4058	43934.14	10.19628	0.993942	0.998445	1.00154	1.00607	7.580461
78900	-1563.182	-1531.838	-31.34415	156936.9	12.06347	0.996793	0.999179	1.00082	1.00321	7.058576
79000	-1559.541	-1535.444	-24.09696	541464.1	12.71432	0.998273	0.999558	1.00044	1.00173	6.468302
79100	-1560.776	-1529.045	-31.73078	983137.9	12.78606	0.998718	0.999672	1.00033	1.00128	7.065334
79200	-1583.638	-1547.256	-36.38169	140103.4	11.16808	0.996606	0.999131	1.00087	1.0034	7.504617
79300	-1565.691	-1533.762	-31.9289	882627.3	13.05994	0.998647	0.999654	1.00035	1.00135	7.066084
79400	-1559.408	-1533.806	-25.60187	486661.8	16.37211	0.998179	0.999534	1.00046	1.00182	6.383153
79500	-1572.445	-1543.396	-29.04925	656520.9	11.0266	0.998432	0.999599	1.0004	1.00157	6.840216
79600	-1589.114	-1545.169	-43.94509	108992.9	9.065396	0.996152	0.999014	1.00098	1.00385	8.170134
79700	-1569.371	-1534.924	-34.44691	163405.9	10.9684	0.996857	0.999195	1.0008	1.00315	7.328672
79800	-1550.483	-1520.656	-29.82608	91277.55	10.53086	0.995796	0.998922	1.00107	1.00421	6.874108
79900	-1581.49	-1540.885	-40.60431	97828	10.0616	0.995939	0.998959	1.00104	1.00407	7.890169
80000	-1568.575	-1533.481	-35.09311	8423.969	9.796393	0.986185	0.996429	1.0035	1.01388	7.31484
80100	-1563.947	-1530.423	-33.52368	838712.1	14.34162	0.998612	0.999645	1.00035	1.00139	7.082775
80200	-1553.375	-1532.358	-21.01663	401539.7	14.90452	0.997995	0.999487	1.00051	1.00201	6.188137
80300	-1551.007	-1528.194	-22.81309	290217.5	11.47021	0.997641	0.999396	1.0006	1.00236	6.316544
80400	-1588.444	-1551.135	-37.30942	177974.2	12.98185	0.996989	0.999229	1.00077	1.00301	7.484988
80500	-1573.936	-1538.699	-35.2368	890338.6	10.2077	0.998653	0.999656	1.00034	1.00135	7.368591
80600	-1558.328	-1529.833	-28.49498	356344.9	12.56646	0.997871	0.999455	1.00054	1.00213	6.817621
80700	-1584.266	-1549.623	-34.6431	286013.7	12.39114	0.997624	0.999392	1.00061	1.00238	7.316705
80800	-1567.951	-1531.96	-35.99146	382322.1	9.710865	0.997945	0.999474	1.00052	1.00206	7.396782
80900	-1564.363	-1538.674	-25.68822	867092.5	10.86481	0.998635	0.999651	1.00035	1.00137	6.520062
81000	-1568.498	-1536.479	-32.01932	239544.7	11.31629	0.997404	0.999335	1.00066	1.0026	7.117239
81100	-1553.393	-1523.787	-29.60591	430000.4	11.23021	0.998062	0.999504	1.00049	1.00194	6.900629
81200	-1567.129	-1533.204	-33.92519	702698.4	10.43359	0.998484	0.999612	1.00039	1.00152	7.257336
81300	-1575.214	-1532.94	-42.27434	868707.9	12.23472	0.998637	0.999651	1.00035	1.00136	7.948282
81400	-1564.865	-1535.829	-29.03609	992413	10.89748	0.998724	0.999674	1.00033	1.00128	6.830551
81500	-1560.232	-1524.068	-36.16404	313875.5	11.04497	0.997732	0.99942	1.00058	1.00227	7.485483
81600	-1557.793	-1535.588	-22.20417	753692.5	12.96848	0.998536	0.999626	1.00037	1.00146	6.321391
81700	-1561.125	-1535.74	-25.38463	802080	12.73872	0.998581	0.999637	1.00036	1.00142	6.569405
81800	-1564.403	-1536.582	-27.82174	634350.5	11.76897	0.998405	0.999592	1.00041	1.0016	6.76241
81900	-1564.097	-1532.446	-31.65097	231133.1	12.54062	0.997357	0.999323	1.00067	1.00265	7.069791
82000	-1560.511	-1532.79	-27.72086	601344.5	11.23547	0.998361	0.999581	1.00042	1.00164	6.73307
82100	-1554.155	-1536.685	-17.46979	114499.5	13.55548	0.996246	0.999038	1.00096	1.00376	5.967323
82200	-1558.095	-1530.27	-27.82539	393140.4	15.06559	0.997973	0.999481	1.00052	1.00203	6.632426
82300	-1563.511	-1534.795	-28.71636	206766.9	12.0266	0.997206	0.999285	1.00071	1.0028	6.840697
82400	-1573.789	-1545.716	-28.07347	822413.3	11.22224	0.998599	0.999642	1.00036	1.0014	6.76374
82500	-1584.777	-1542.848	-41.92953	673701.9	10.8183	0.998452	0.999604	1.0004	1.00155	8.016528
82600	-1552.469	-1522.42	-30.04894	734036.6	10.67199	0.998517	0.999621	1.00038	1.00148	6.907471
82700	-1577.152	-1544.522	-32.63082	377779.9	13.17733	0.997933	0.999471	1.00053	1.00207	7.112343
82800	-1551.753	-1525.52	-26.23307	950141.1	14.55397	0.998696	0.999667	1.00033	1.0013	6.56142
82900	-1574.248	-1536.09	-38.15871	768844.5	10.66564	0.998551	0.999629	1.00037	1.00145	7.667324
83000	-1573.01	-1534.723	-38.28699	753439.6	9.829585	0.998536	0.999626	1.00037	1.00146	7.643639
83100	-1568.586	-1541.41	-27.17547	657062.1	10.28549	0.998432	0.999599	1.0004	1.00157	6.590331
83200	-1570.172	-1538.565	-31.6063	396865.4	13.39524	0.997983	0.999484	1.00051	1.00202	7.02098
83300	-1563.446	-1536.646	-26.79973	113226.5	11.16538	0.996225	0.999033	1.00096	1.00378	6.646455
83400	-1561.669	-1529.219	-32.44954	717222.2	11.07428	0.998499	0.999616	1.00038	1.0015	7.150067
83500	-1557.419	-1530.421	-26.99882	365565.4	13.1395	0.997898	0.999462	1.00054	1.0021	6.686166
83600	-1560.553	-1534.088	-26.46468	108254.6	13.61265	0.996139	0.999011	1.00098	1.00387	6.628475
83700	-1589.643	-1548.972	-40.6709	585007.1	8.610319	0.998339	0.999575	1.00042	1.00166	7.72382
83800	-1593.166	-1549.977	-43.18875	115145	12.4892	0.996257	0.999041	1.00095	1.00375	7.995579
83900	-1579.258	-1539.224	-40.0341	472089.6	12.44225	0.998151	0.999527	1.00047	1.00185	7.74723
84000	-1583.35	-1545.064	-38.28608	368360.7	11.33836	0.997906	0.999464	1.00053	1.0021	7.670307
84100	-1562.456	-1537.575	-24.88171	702784.7	10.98306	0.998484	0.999612	1.00039	1.00152	6.458054
84200	-1563.21	-1539.075	-24.13544	179457.9	11.83288	0.997001	0.999232	1.00076	1.003	6.452178
84300	-1566.143	-1537.233	-28.91049	647131.1	13.69265	0.99842	0.999596	1.0004	1.00158	6.803577
84400	-1563.394	-1534.094	-29.29967	738722.2	12.0415	0.998521	0.999622	1.00038	1.00148	6.889166
84500	-1570.575	-1535.782	-34.79328	607502.3	10.95936	0.99837	0.999583	1.00042	1.00163	7.360091
84600	-1560.67	-1529.953	-30.71711	697835.6	11.18015	0.998479	0.999611	1.00039	1.00152	6.997847
84700	-1590.014	-1554.523	-35.49087	6460.453	12.72245	0.98423	0.995917	1.00399	1.01586	7.363887
84800	-1575.992	-1541.915	-34.0776	355288.8	10.16323	0.997868	0.999455	1.00054	1.00213	7.251134
84900	-1568.052	-1545.106	-22.94543	488459.7	16.79619	0.998182	0.999535	1.00046	1.00182	6.188197
85000	-1562.866	-1533.858	-29.00844	379601.2	11.116	0.997938	0.999472	1.00053	1.00206	6.84167
85100	-1575.493	-1536.442	-39.0505	271875.6	9.346381	0.997563	0.999376	1.00062	1.00244	7.672415
85200	-1573.152	-1542.75	-30.40177	818252.6	13.22181	0.998595	0.999641	1.00036	1.00141	6.940818
85300	-1564.353	-1534.803	-29.55044	15309.38	10.4698	0.989746	0.997357	1.00261	1.01029	6.841826
85400	-1564.736	-1535.587	-29.14956	623124.6	10.35227	0.99839	0.999588	1.00041	1.00161	6.790357
85500	-1553.302	-1527.037	-26.26438	742830.1	15.52328	0.998526	0.999623	1.00038	1.00148	6.494291
85600	-1566.704	-1536.599	-30.10584	208944.8	13.99765	0.997221	0.999288	1.00071	1.00278	6.870147
85700	-1561.463	-1535.219	-26.24385	458464.9	12.44865	0.998123	0.99952	1.00048	1.00188	6.638886
85800	-1574.749	-1536.513	-38.23555	62654.93	9.943415	0.994926	0.998698	1.00129	1.00508	7.647098
85900	-1564.56	-1536.633	-27.9269	85712.6	11.85273	0.995662	0.998888	1.00111	1.00435	6.772938
86000	-1560.199	-1535.503	-24.69552	700105.6	14.58867	0.998481	0.999612	1.00039	1.00152	6.453819
86100	-1551.254	-1525.84	-25.41345	703610	11.1511	0.998485	0.999613	1.00039	1.00152	6.521149
86200	-1564.714	-1536.088	-28.6251	2002.277	10.77387	0.971738	0.992602	1.00711	1.02855	6.783064
86300	-1575.374	-1541.17	-34.20414	857635.8	9.397199	0.998628	0.999649	1.00035	1.00137	7.163166
86400	-1561.842	-1533.705	-28.13735	448274.2	14.44387	0.998102	0.999514	1.00048	1.0019	6.700112
86500	-1560.692	-1529.585	-31.1074	151744	11.18574	0.996739	0.999165	1.00083	1.00326	7.03294
86600	-1584.388	-1549.096	-35.29236	670794.3	10.89766	0.998448	0.999603	1.0004	1.00155	7.404656
86700	-1571.339	-1542.394	-28.94548	860633.9	10.56	0.99863	0.99965	1.00035	1.00137	6.793438
86800	-1576.392	-1544.163	-32.22908	515697.8	11.37833	0.998231	0.999547	1.00045	1.00177	7.13662
86900	-1566.576	-1535.866	-30.70983	79488.98	10.23789	0.995495	0.998845	1.00115	1.00451	6.928613
87000	-1573.753	-1545.911	-27.8417	501426.4	13.05847	0.998206	0.999541	1.00046	1.0018	6.753176
87100	-1577.996	-1546.174	-31.82181	663645.2	11.30358	0.99844	0.999601	1.0004	1.00156	7.099543
87200	-1565.636	-1532.927	-32.70868	213636.2	13.18573	0.997251	0.999296	1.0007	1.00275	7.117697
87300	-1562.146	-1532.366	-29.77986	891509.5	11.48125	0.998654	0.999656	1.00034	1.00135	6.924195
87400	-1567.268	-1539.721	-27.54755	482961	11.51833	0.998172	0.999532	1.00047	1.00183	6.73125
87500	-1562.082	-1529.847	-32.23577	111295.3	11.43304	0.996192	0.999024	1.00097	1.00381	7.13776
87600	-1577.466	-1549.731	-27.73442	793555.8	12.67063	0.998573	0.999635	1.00036	1.00143	6.755281
87700	-1580.515	-1538.938	-41.577	858038	10.71658	0.998628	0.999649	1.00035	1.00137	7.986692
87800	-1567.627	-1532.697	-34.93044	683631.4	9.98021	0.998463	0.999607	1.00039	1.00154	7.318459
87900	-1575.023	-1534.957	-40.06667	93788.34	13.30388	0.995852	0.998937	1.00106	1.00415	7.662774
88000	-1557.512	-1532.44	-25.07282	343842.6	13.18328	0.997833	0.999445	1.00055	1.00217	6.538651
88100	-1560.774	-1529.841	-30.93341	848616	10.81489	0.998621	0.999647	1.00035	1.00138	6.999883
88200	-1571.482	-1540.813	-30.66915	866918.4	9.714614	0.998635	0.999651	1.00035	1.00137	6.849361
88300	-1567.668	-1533.974	-33.69312	749553.6	11.24575	0.998532	0.999625	1.00037	1.00147	7.264713
88400	-1573	-1548.815	-24.18439	812352.6	14.13607	0.99859	0.999639	1.00036	1.00141	6.441197
88500	-1559.458	-1524.476	-34.98137	755516.1	9.085341	0.998538	0.999626	1.00037	1.00146	7.185706
88600	-1563.712	-1533.092	-30.62053	371033.9	12.95369	0.997914	0.999466	1.00053	1.00209	6.971076
88700	-1566.663	-1533.964	-32.6995	323426	12.06559	0.997766	0.999428	1.00057	1.00224	7.170871
88800	-1573.659	-1543.908	-29.75045	53290.63	12.56667	0.994499	0.998588	1.0014	1.00551	6.917521
88900	-1594.131	-1556.979	-37.15173	401318.6	9.68367	0.997994	0.999487	1.00051	1.00201	7.513317
89000	-1559.181	-1537.31	-21.87148	191927.3	12.44299	0.9971	0.999257	1.00074	1.0029	6.287497
89100	-1578.853	-1549.011	-29.84139	247786.3	13.32987	0.997448	0.999347	1.00065	1.00255	6.892794
89200	-1547.426	-1517.1	-30.32662	594158.5	11.98739	0.998351	0.999578	1.00042	1.00165	6.974899
89300	-1571.336	-1539.284	-32.05271	401829.2	11.89181	0.997995	0.999487	1.00051	1.00201	7.120497
89400	-1573.717	-1537.815	-35.90232	498414.8	11.33106	0.9982	0.99954	1.00046	1.0018	7.460172
89500	-1577.22	-1540.815	-36.40574	594142.4	12.40794	0.998351	0.999578	1.00042	1.00165	7.457867
89600	-1568.66	-1541.174	-27.48581	712122.5	12.56928	0.998494	0.999615	1.00038	1.00151	6.737275
89700	-1569.082	-1542.952	-26.12999	34452.66	13.10784	0.99316	0.998243	1.00174	1.00686	6.620871
89800	-1574.97	-1534.788	-40.18235	820885.1	9.083602	0.998597	0.999641	1.00036	1.0014	7.757898
89900	-1560.853	-1532.441	-28.41186	450626.8	10.31086	0.998107	0.999516	1.00048	1.00189	6.713844
90000	-1575.208	-1539.195	-36.01248	467724.1	12.05087	0.998142	0.999525	1.00047	1.00186	7.44618
90100	-1552.932	-1525.479	-27.4534	978668.6	11.33724	0.998715	0.999672	1.00033	1.00129	6.714849
90200	-1577.769	-1544.988	-32.7811	425843.9	10.72377	0.998053	0.999502	1.0005	1.00195	7.166294
90300	-1565.431	-1538.02	-27.41097	323219.7	12.14633	0.997765	0.999428	1.00057	1.00224	6.733146
90400	-1563.753	-1538.692	-25.06099	37494.18	10.14777	0.993443	0.998316	1.00167	1.00657	6.361203
90500	-1566.397	-1530.392	-36.00511	604747.4	13.84901	0.998366	0.999582	1.00042	1.00164	7.306477
90600	-1560.543	-1527.347	-33.19585	932198.8	10.30386	0.998684	0.999663	1.00034	1.00132	7.17723
90700	-1562.405	-1537.602	-24.80351	347981	11.23193	0.997846	0.999449	1.00055	1.00216	6.473133
90800	-1560.464	-1532.192	-28.27137	10773.58	11.79374	0.98778	0.996846	1.0031	1.01227	6.801065
90900	-1574.136	-1547.457	-26.67875	40568.48	11.64983	0.993696	0.998381	1.0016	1.00632	6.661262
91000	-1571.988	-1541.409	-30.57838	712277.9	11.66409	0.998494	0.999615	1.00038	1.00151	6.996117
91100	-1563.302	-1534.49	-28.81168	962382.2	12.14336	0.998705	0.999669	1.00033	1.0013	6.848478
91200	-1558.245	-1528.154	-30.09147	121001	9.253489	0.996348	0.999064	1.00093	1.00366	6.691512
91300	-1593.896	-1548.747	-45.14909	839253.6	11.48645	0.998613	0.999645	1.00035	1.00139	8.262352
91400	-1582.426	-1541.588	-40.83871	369700.3	10.49499	0.99791	0.999465	1.00053	1.00209	7.919974
91500	-1551.353	-1521.727	-29.62543	199834.9	12.18209	0.997158	0.999272	1.00072	1.00284	6.915086
91600	-1587.352	-1544.449	-42.90234	193372.2	9.934596	0.997111	0.99926	1.00074	1.00289	8.116223
91700	-1579.498	-1545.542	-33.95583	109653.8	11.09146	0.996164	0.999017	1.00098	1.00384	7.286368
91800	-1567.451	-1538.616	-28.83515	12645	12.89989	0.988719	0.99709	1.00286	1.01133	6.835157
91900	-1562.579	-1532.573	-30.00635	847909.5	13.12021	0.99862	0.999647	1.00035	1.00138	6.916001
92000	-1563.812	-1530.906	-32.90541	17967.29	11.85983	0.990533	0.997562	1.00241	1.0095	7.192835
92100	-1577.501	-1541.063	-36.43782	219547.3	9.138245	0.997289	0.999306	1.00069	1.00271	7.356334
92200	-1562.456	-1534.837	-27.61935	894513.4	13.2601	0.998656	0.999656	1.00034	1.00134	6.728901
92300	-1576.374	-1541.633	-34.74142	229967.4	9.142907	0.997351	0.999322	1.00068	1.00265	7.17168
92400	-1564.194	-1533.27	-30.92417	267267.6	12.03711	0.997542	0.999371	1.00063	1.00246	7.024134
92500	-1574.291	-1541.115	-33.17635	789852.7	12.35573	0.99857	0.999634	1.00036	1.00143	7.19985
92600	-1584.877	-1548.598	-36.27861	615419.3	12.48686	0.99838	0.999586	1.00041	1.00162	7.442445
92700	-1578.59	-1551.471	-27.11845	976494.2	14.07007	0.998714	0.999671	1.00033	1.00129	6.652609
92800	-1576.235	-1539.748	-36.48772	370986.7	12.04289	0.997914	0.999466	1.00053	1.00209	7.486033
92900	-1579.735	-1552.933	-26.80211	504175.3	12.71286	0.99821	0.999542	1.00046	1.00179	6.681088
93000	-1561.121	-1529.493	-31.62769	348256.9	10.13884	0.997847	0.999449	1.00055	1.00215	7.007279
93100	-1570.064	-1538.968	-31.09578	606194	10.02744	0.998368	0.999583	1.00042	1.00163	6.94065
93200	-1554.848	-1532.123	-22.72546	383841.8	12.68379	0.997949	0.999475	1.00052	1.00205	6.360112
93300	-1557.295	-1527.833	-29.46206	840090.3	13.73699	0.998614	0.999645	1.00035	1.00139	6.841128
93400	-1576.152	-1545.646	-30.50596	652818.2	13.69246	0.998427	0.999598	1.0004	1.00157	6.92011
93500	-1559.281	-1530.189	-29.09146	858684.4	12.69636	0.998629	0.999649	1.00035	1.00137	6.861652
93600	-1565.344	-1536.577	-28.76708	644043.8	10.91193	0.998417	0.999595	1.0004	1.00158	6.80691
93700	-1561.726	-1535.886	-25.84027	936332.1	12.13136	0.998687	0.999664	1.00034	1.00131	6.603586
93800	-1552.069	-1527.42	-24.64953	730383.5	13.3173	0.998513	0.99962	1.00038	1.00149	6.503609
93900	-1557.349	-1530.38	-26.96864	516240.9	10.24641	0.998231	0.999548	1.00045	1.00177	6.564464
94000	-1562.818	-1537.525	-25.29231	255660.9	13.66267	0.997487	0.999357	1.00064	1.00252	6.540486
94100	-1568.126	-1539.431	-28.69477	507868.7	12.71299	0.998217	0.999544	1.00046	1.00178	6.829963
94200	-1585.753	-1553.075	-32.67777	723365.9	10.15205	0.998506	0.999618	1.00038	1.00149	7.112238
94300	-1582.127	-1543.194	-38.93336	572534.3	10.69618	0.998321	0.99957	1.00043	1.00168	7.740006
94400	-1571.037	-1540.177	-30.86091	311776.9	10.60813	0.997724	0.999418	1.00058	1.00228	6.978709
94500	-1562.001	-1529.853	-32.14774	465642.5	11.3048	0.998138	0.999524	1.00048	1.00186	7.128398
94600	-1583.2	-1549.254	-33.94612	642493.4	14.12542	0.998415	0.999595	1.0004	1.00159	7.132744
94700	-1563.793	-1527.775	-36.01821	785747.3	11.20805	0.998566	0.999633	1.00037	1.00143	7.471803
94800	-1559.856	-1535.546	-24.30956	789741.2	12.67795	0.99857	0.999634	1.00036	1.00143	6.484995
94900	-1557.63	-1533.495	-24.13475	308281.6	11.24418	0.997712	0.999414	1.00058	1.00229	6.414627
95000	-1563.702	-1536.205	-27.49685	290569.7	11.89667	0.997643	0.999397	1.0006	1.00236	6.737473
95100	-1559.747	-1531.648	-28.09971	977581.2	13.94681	0.998715	0.999671	1.00033	1.00129	6.729902
95200	-1565.133	-1537.247	-27.88656	597013.1	12.00255	0.998355	0.999579	1.00042	1.00165	6.771493
95300	-1581.856	-1541.329	-40.52765	521734.3	11.89374	0.998241	0.99955	1.00045	1.00176	7.833023
95400	-1575.622	-1541.792	-33.82926	844264.3	14.72223	0.998617	0.999646	1.00035	1.00138	7.066477
95500	-1571.822	-1538.583	-33.23898	791843.1	10.77017	0.998572	0.999635	1.00036	1.00143	7.211146
95600	-1569.617	-1533.829	-35.78818	480654.3	11.03473	0.998167	0.999531	1.00047	1.00183	7.451409
95700	-1588.126	-1548.258	-39.86866	368605.1	9.739029	0.997907	0.999464	1.00053	1.00209	7.798199
95800	-1556.856	-1525.954	-30.90172	129197.6	13.6067	0.996466	0.999095	1.0009	1.00354	6.954822
95900	-1563.3	-1530.513	-32.78711	738308.4	12.22423	0.998521	0.999622	1.00038	1.00148	7.17321
96000	-1574.937	-1537.986	-36.95095	364223.3	11.51442	0.997895	0.999461	1.00054	1.00211	7.54776
96100	-1561.201	-1533.483	-27.71755	365269.6	12.17944	0.997898	0.999462	1.00054	1.0021	6.758468
96200	-1560.66	-1527.39	-33.27007	645550.2	11.85793	0.998418	0.999595	1.0004	1.00158	7.223623
96300	-1568.247	-1537.886	-30.36091	478098.9	14.23036	0.998162	0.99953	1.00047	1.00184	6.870939
96400	-1561.003	-1534.276	-26.72663	673543	12.86954	0.998452	0.999604	1.0004	1.00155	6.672352
96500	-1575.905	-1541.855	-34.05013	918998.7	12.1361	0.998674	0.999661	1.00034	1.00133	7.280147
96600	-1573.351	-1545.765	-27.58638	803517.4	13.40724	0.998582	0.999637	1.00036	1.00142	6.720362
96700	-1559.222	-1532.436	-26.78632	106834	14.23272	0.996114	0.999004	1.00099	1.00389	6.619605
96800	-1573.257	-1537.903	-35.35335	939773.3	11.27448	0.998689	0.999665	1.00033	1.00131	7.412183
96900	-1566.895	-1536.533	-30.36118	886300.7	11.89213	0.99865	0.999655	1.00034	1.00135	6.978253
97000	-1567.761	-1532.712	-35.04902	648020	12.25697	0.998421	0.999596	1.0004	1.00158	7.356605
97100	-1569.852	-1546.154	-23.6985	25128.9	13.09221	0.991993	0.997941	1.00204	1.00803	6.435547
97200	-1581.373	-1541.502	-39.8709	116311.7	10.74182	0.996275	0.999046	1.00095	1.00373	7.827242
97300	-1577.776	-1540.971	-36.80539	314673.4	13.31306	0.997735	0.99942	1.00058	1.00227	7.416789
97400	-1561.722	-1531.012	-30.70974	6785.095	13.74267	0.984611	0.996017	1.0039	1.01547	6.931563
97500	-1562.092	-1540.978	-21.11399	516025.2	12.84659	0.998231	0.999547	1.00045	1.00177	6.235923
97600	-1576.127	-1550.213	-25.91393	71000.08	12.41222	0.995234	0.998778	1.00121	1.00477	6.612307
97700	-1562.348	-1534.126	-28.22189	261167.9	9.862282	0.997514	0.999364	1.00063	1.00249	6.625691
97800	-1565.616	-1530.332	-35.28424	263521.5	11.42257	0.997525	0.999366	1.00063	1.00248	7.40455
97900	-1575.243	-1544.285	-30.95804	703153.7	11.15837	0.998485	0.999612	1.00039	1.00152	7.018634
98000	-1571.73	-1539.559	-32.17136	836334.4	11.13995	0.99861	0.999645	1.00035	1.00139	7.126879
98100	-1571.846	-1535.241	-36.60443	857114.4	11.12079	0.998627	0.999649	1.00035	1.00137	7.524975
98200	-1565.091	-1534.185	-30.90638	725878.4	11.1708	0.998508	0.999619	1.00038	1.00149	7.014448
98300	-1571.545	-1538.15	-33.39493	418354	12.95655	0.998035	0.999497	1.0005	1.00197	7.185072
98400	-1554.455	-1522.562	-31.89281	743516.8	11.20225	0.998526	0.999623	1.00038	1.00147	7.103583
98500	-1561.999	-1536.669	-25.33021	900476.3	11.792	0.998661	0.999658	1.00034	1.00134	6.551614
98600	-1559.447	-1532.309	-27.13789	277044	11.32436	0.997586	0.999382	1.00062	1.00242	6.68632
98700	-1555.116	-1533.42	-21.69521	149682.3	13.00166	0.996716	0.999159	1.00084	1.00329	6.282308
98800	-1579.383	-1543.941	-35.44239	438189.1	10.32104	0.99808	0.999509	1.00049	1.00192	7.396336
98900	-1575.393	-1539.386	-36.00678	526189	10.21693	0.998248	0.999552	1.00045	1.00175	7.444636
99000	-1584.957	-1553.846	-31.11034	490266.4	12.7897	0.998185	0.999536	1.00046	1.00182	7.016647
99100	-1588.769	-1546.702	-42.06678	606886.4	8.843503	0.998369	0.999583	1.00042	1.00163	7.929566
99200	-1574.595	-1546.59	-28.00573	7897.977	11.58708	0.985734	0.996311	1.00362	1.01434	6.773322
99300	-1557.978	-1520.606	-37.37158	640157.7	9.087923	0.998412	0.999594	1.00041	1.00159	7.449276
99400	-1584.216	-1547.365	-36.85108	857018.9	10.22142	0.998627	0.999649	1.00035	1.00137	7.527533
99500	-1569.011	-1544.84	-24.1706	931926.1	11.4833	0.998684	0.999663	1.00034	1.00132	6.435773
99600	-1567.408	-1535.149	-32.25968	257763.3	12.55536	0.997497	0.999359	1.00064	1.0025	7.117691
99700	-1558.041	-1526.759	-31.28212	720477.9	10.9394	0.998503	0.999617	1.00038	1.0015	7.038757
99800	-1574.657	-1542.673	-31.98397	470063.6	12.33481	0.998147	0.999526	1.00047	1.00185	7.104055
99900	-1567.135	-1541.289	-25.8457	449968.6	11.72715	0.998106	0.999515	1.00048	1.0019	6.592935
100000	-1570.614	-1538.871	-31.74282	490757.4	10.13147	0.998186	0.999536	1.00046	1.00182	7.017785
