Iteration	Posterior	Likelihood	Prior	alpha_morpho	br_len_lambda	rates_morpho[1]	rates_morpho[2]	rates_morpho[3]	rates_morpho[4]	tree_length
0	-2933.85	-2872.465	-61.38533	183939.1	7.362199	0.997038	0.999241	1.00076	1.00297	10.07272
100	-1626.854	-1584.429	-42.42462	770498.9	9.596614	0.998552	0.99963	1.00037	1.00145	8.052755
200	-1570.705	-1540.858	-29.84768	734080.1	12.56157	0.998517	0.999621	1.00038	1.00148	6.925405
300	-1575.04	-1539.405	-35.63485	866066.6	11.80328	0.998634	0.999651	1.00035	1.00137	7.425079
400	-1574.154	-1538.123	-36.03042	287309.9	10.82483	0.99763	0.999393	1.0006	1.00237	7.471348
500	-1607.746	-1571.749	-35.99679	765162.4	10.17392	0.998547	0.999628	1.00037	1.00145	7.440726
600	-1570.108	-1539.316	-30.79176	65957.48	11.23324	0.995055	0.998732	1.00126	1.00495	7.006321
700	-1562.206	-1539.182	-23.02312	746047.2	12.41164	0.998529	0.999624	1.00038	1.00147	6.379395
800	-1566.787	-1529.014	-37.77243	293077.1	10.13548	0.997653	0.999399	1.0006	1.00235	7.613149
900	-1568.074	-1540.084	-27.98968	3295.448	10.29189	0.977945	0.994258	1.00557	1.02223	6.670358
1000	-1562.742	-1533.206	-29.53575	992140.1	13.39616	0.998724	0.999674	1.00033	1.00128	6.866357
1100	-1560.372	-1531.53	-28.84211	482717.5	13.49449	0.998171	0.999532	1.00047	1.00183	6.80953
1200	-1578.497	-1538.218	-40.27969	755624.5	11.07959	0.998538	0.999626	1.00037	1.00146	7.85694
1300	-1587.796	-1547.294	-40.50173	642285.4	10.69423	0.998414	0.999594	1.0004	1.00159	7.886661
1400	-1552.854	-1528.84	-24.01399	293736.1	12.53482	0.997656	0.9994	1.0006	1.00235	6.460756
1500	-1562.376	-1532.795	-29.58119	319589.5	12.09745	0.997752	0.999425	1.00057	1.00225	6.912222
1600	-1585.371	-1552.678	-32.69303	192308.4	12.51688	0.997103	0.999258	1.00074	1.0029	7.153963
1700	-1575.314	-1535.81	-39.5047	763277.4	9.822405	0.998545	0.999628	1.00037	1.00146	7.767022
1800	-1576.665	-1546.987	-29.67861	659134.9	10.45325	0.998435	0.9996	1.0004	1.00157	6.852372
1900	-1572.372	-1534.214	-38.15838	70638.39	9.308335	0.995221	0.998774	1.00122	1.00479	7.571504
2000	-1570.841	-1540.021	-30.81987	96992.62	11.78125	0.995922	0.998955	1.00104	1.00408	7.01716
2100	-1567.964	-1534.15	-33.81412	885495.8	11.13667	0.99865	0.999655	1.00034	1.00135	7.2743
2200	-1571.826	-1537.565	-34.26151	40807.61	11.37526	0.993715	0.998386	1.0016	1.0063	7.315255
2300	-1566.041	-1533.139	-32.90196	819098.6	11.90987	0.998596	0.999641	1.00036	1.0014	7.191533
2400	-1567.386	-1536.512	-30.87423	521696.4	11.90475	0.998241	0.99955	1.00045	1.00176	7.021313
2500	-1578.351	-1546.219	-32.13242	651859.1	11.96603	0.998426	0.999597	1.0004	1.00157	7.125949
2600	-1566.118	-1542.061	-24.05678	681891.9	14.1563	0.998461	0.999606	1.00039	1.00154	6.431278
2700	-1560.772	-1536.563	-24.20865	156802	14.55857	0.996792	0.999178	1.00082	1.00321	6.422075
2800	-1570.869	-1537.133	-33.736	115512.8	14.0452	0.996263	0.999042	1.00095	1.00374	7.125198
2900	-1565.267	-1532.605	-32.66176	333027.2	12.43826	0.997798	0.999437	1.00056	1.0022	7.154874
3000	-1586.664	-1542.643	-44.02119	457792	9.759787	0.998122	0.99952	1.00048	1.00188	8.225204
3100	-1573.037	-1540.832	-32.20498	297591.3	9.93251	0.997671	0.999404	1.00059	1.00233	7.039168
3200	-1568.041	-1541.484	-26.55704	963512.2	15.80138	0.998705	0.999669	1.00033	1.0013	6.490512
3300	-1564.467	-1537.441	-27.0261	463785.3	12.33484	0.998134	0.999523	1.00048	1.00187	6.702114
3400	-1580.294	-1542.692	-37.6016	949237.4	9.820782	0.998696	0.999666	1.00033	1.0013	7.573126
3500	-1571.532	-1537.08	-34.45175	856427.7	12.36245	0.998627	0.999649	1.00035	1.00137	7.302733
3600	-1577.402	-1539.421	-37.98066	180581.1	11.78361	0.99701	0.999234	1.00076	1.00299	7.62485
3700	-1569.188	-1541.902	-27.28527	883712.8	10.40429	0.998648	0.999654	1.00035	1.00135	6.617171
3800	-1562.084	-1526.809	-35.27577	433739.6	11.52313	0.998071	0.999506	1.00049	1.00193	7.402106
3900	-1563.593	-1529.6	-33.99243	794487.5	15.93611	0.998574	0.999635	1.00036	1.00143	6.945808
4000	-1575.27	-1541	-34.27038	794185	11.71666	0.998574	0.999635	1.00036	1.00143	7.31156
4100	-1567.226	-1534.813	-32.41274	14479.49	11.13598	0.989456	0.997282	1.00268	1.01058	7.148447
4200	-1560.022	-1541.531	-18.49133	366502.1	12.33757	0.997901	0.999463	1.00054	1.0021	6.01034
4300	-1565.764	-1536.672	-29.09233	291495.5	11.49567	0.997647	0.999398	1.0006	1.00236	6.864731
4400	-1560.393	-1531.532	-28.86135	43970.34	13.84749	0.993945	0.998445	1.00154	1.00607	6.79074
4500	-1555.706	-1523.922	-31.78428	460213.4	11.63407	0.998127	0.999521	1.00048	1.00187	7.099509
4600	-1566.975	-1536.832	-30.14334	832995	11.157	0.998608	0.999644	1.00036	1.00139	6.945563
4700	-1578.962	-1540.631	-38.3302	681533.3	12.27456	0.998461	0.999606	1.00039	1.00154	7.623022
4800	-1570.787	-1545.516	-25.27112	600849.1	14.48536	0.998361	0.999581	1.00042	1.00164	6.499309
4900	-1555.517	-1532.122	-23.39488	629941.2	12.74676	0.998399	0.99959	1.00041	1.0016	6.413245
5000	-1563.431	-1536.116	-27.3152	136747.9	11.37806	0.996565	0.99912	1.00088	1.00344	6.704744
5100	-1556.596	-1524.085	-32.51101	318419.8	12.47656	0.997748	0.999424	1.00057	1.00225	7.141159
5200	-1577.499	-1544.395	-33.10422	248957.6	14.02759	0.997454	0.999348	1.00065	1.00255	7.081753
5300	-1564.366	-1532.23	-32.13666	844270.3	11.94676	0.998617	0.999646	1.00035	1.00138	7.126654
5400	-1578.974	-1542.954	-36.02041	81104.16	11.12812	0.99554	0.998856	1.00114	1.00447	7.472438
5500	-1563.041	-1528.652	-34.38944	859167.7	10.97644	0.998629	0.999649	1.00035	1.00137	7.323595
5600	-1567.522	-1531.625	-35.89729	853008.7	9.454745	0.998624	0.999648	1.00035	1.00138	7.352316
5700	-1563.897	-1530.982	-32.91475	997708.2	10.28787	0.998728	0.999675	1.00032	1.00127	7.14854
5800	-1564.33	-1532.472	-31.85784	209161.8	12.43099	0.997222	0.999289	1.00071	1.00278	7.090506
5900	-1585.534	-1544.759	-40.77455	758127.7	8.688493	0.998541	0.999627	1.00037	1.00146	7.752876
6000	-1570.658	-1532.552	-38.10662	947254.7	12.77839	0.998694	0.999666	1.00033	1.00131	7.564659
6100	-1559.93	-1532.591	-27.33891	432883.7	13.42778	0.998069	0.999506	1.00049	1.00193	6.701036
6200	-1552.118	-1530.101	-22.01694	136137.8	12.76697	0.996557	0.999118	1.00088	1.00345	6.305394
6300	-1567.253	-1535.512	-31.74099	322418.2	15.04179	0.997762	0.999427	1.00057	1.00224	6.894617
6400	-1578.224	-1548.516	-29.70847	297631.3	10.92144	0.997671	0.999404	1.00059	1.00233	6.893785
6500	-1557.45	-1528.107	-29.34253	86167.69	11.07109	0.995673	0.998891	1.0011	1.00433	6.869331
6600	-1541.883	-1520.548	-21.33453	494537.7	13.35934	0.998193	0.999538	1.00046	1.00181	6.254426
6700	-1580.802	-1544.232	-36.56999	987928	11.44578	0.998721	0.999673	1.00033	1.00128	7.516537
6800	-1564.88	-1531.232	-33.64845	506298.1	12.04364	0.998214	0.999543	1.00046	1.00179	7.250246
6900	-1573.747	-1541.765	-31.98171	532514.8	10.74321	0.998259	0.999555	1.00044	1.00174	7.092885
7000	-1559.995	-1524.144	-35.85045	717308	11.18934	0.9985	0.999616	1.00038	1.0015	7.456947
7100	-1572.857	-1542.181	-30.67534	768740.1	11.73055	0.998551	0.999629	1.00037	1.00145	7.004781
7200	-1565.475	-1541.438	-24.03699	484424.4	13.24872	0.998174	0.999533	1.00047	1.00183	6.458951
7300	-1571.181	-1540.297	-30.88366	234621.8	12.41314	0.997377	0.999329	1.00067	1.00263	7.012671
7400	-1558.379	-1527.813	-30.56583	482079.2	11.79007	0.99817	0.999532	1.00047	1.00183	6.995609
7500	-1566.313	-1534.526	-31.78694	728615.6	11.84218	0.998511	0.999619	1.00038	1.00149	7.098715
7600	-1589.273	-1544.825	-44.44835	453167.7	10.06602	0.998112	0.999517	1.00048	1.00189	8.272208
7700	-1574.656	-1540.592	-34.06341	776436.7	10.62597	0.998558	0.999631	1.00037	1.00144	7.281482
7800	-1562.587	-1524.235	-38.35165	849108.5	11.21179	0.998621	0.999647	1.00035	1.00138	7.679898
7900	-1565.456	-1528.403	-37.053	994136.8	12.84399	0.998725	0.999674	1.00033	1.00128	7.476857
8000	-1569.746	-1545.262	-24.48355	927310.8	12.82592	0.99868	0.999663	1.00034	1.00132	6.498338
8100	-1572.337	-1548.789	-23.54793	78546.95	12.42007	0.995468	0.998838	1.00115	1.00454	6.42183
8200	-1563.695	-1532.991	-30.70368	773715.1	12.45304	0.998555	0.999631	1.00037	1.00145	6.997013
8300	-1559.775	-1531.94	-27.83479	909359.5	12.87024	0.998667	0.999659	1.00034	1.00133	6.75844
8400	-1566.698	-1539.64	-27.05867	525898.7	12.94928	0.998248	0.999552	1.00045	1.00175	6.69622
8500	-1568.643	-1543.266	-25.37682	490403	12.14074	0.998185	0.999536	1.00046	1.00182	6.565568
8600	-1567.709	-1538.292	-29.41644	561948.4	10.76342	0.998305	0.999566	1.00043	1.0017	6.855702
8700	-1562.115	-1534.555	-27.55991	532707.6	12.45032	0.998259	0.999555	1.00044	1.00174	6.744589
8800	-1569.593	-1528.369	-41.2246	462905.7	10.1009	0.998132	0.999522	1.00048	1.00187	7.952906
8900	-1573.935	-1537.788	-36.1469	926303.6	11.18123	0.99868	0.999662	1.00034	1.00132	7.483502
9000	-1565.355	-1534.902	-30.4535	249360.7	12.58697	0.997456	0.999349	1.00065	1.00255	6.972797
9100	-1549.013	-1528.792	-20.22034	376644	14.44436	0.99793	0.99947	1.00053	1.00207	6.151973
9200	-1558.814	-1526.02	-32.79461	289194.3	12.72952	0.997637	0.999395	1.0006	1.00236	7.151583
9300	-1561.352	-1536.801	-24.55057	894043.4	14.59841	0.998656	0.999656	1.00034	1.00134	6.443336
9400	-1560.797	-1528.426	-32.37084	763215.7	12.09346	0.998545	0.999628	1.00037	1.00146	7.142923
9500	-1564.333	-1540.706	-23.627	189413.9	12.54323	0.997081	0.999253	1.00074	1.00292	6.429982
9600	-1586.092	-1546.333	-39.75859	882933.8	9.648984	0.998648	0.999654	1.00035	1.00135	7.779603
9700	-1572.079	-1536.274	-35.80431	948119.4	11.7011	0.998695	0.999666	1.00033	1.00131	7.442987
9800	-1557.603	-1536.717	-20.88648	599655.6	13.70348	0.998359	0.99958	1.00042	1.00164	6.2174
9900	-1570.707	-1532.79	-37.91751	705467.4	10.76114	0.998487	0.999613	1.00039	1.00151	7.645502
10000	-1584.765	-1546.867	-37.89806	89276.17	12.00369	0.995749	0.99891	1.00108	1.00426	7.605539
10100	-1580.211	-1555.624	-24.58692	103777	13.00204	0.996057	0.998989	1.00101	1.00395	6.504714
10200	-1565.698	-1532.465	-33.23281	801908.7	10.62652	0.998581	0.999637	1.00036	1.00142	7.203345
10300	-1545.347	-1517.599	-27.74733	338958.9	12.44513	0.997818	0.999442	1.00056	1.00218	6.759697
10400	-1560.437	-1531.739	-28.69852	660498.6	9.54621	0.998436	0.9996	1.0004	1.00156	6.611581
10500	-1588.729	-1553.129	-35.59968	178710.6	10.13995	0.996995	0.99923	1.00077	1.00301	7.399125
10600	-1566.761	-1534.674	-32.08769	468702.4	10.9528	0.998144	0.999525	1.00047	1.00186	7.11295
10700	-1576.903	-1544.362	-32.54159	764659	11.68228	0.998547	0.999628	1.00037	1.00145	7.1643
10800	-1562.277	-1536.032	-26.24437	371373.6	16.28426	0.997915	0.999466	1.00053	1.00209	6.43004
10900	-1576.405	-1538.682	-37.72305	118807.5	11.66389	0.996315	0.999056	1.00094	1.00369	7.608661
11000	-1549.292	-1525.648	-23.64347	562307.8	12.16503	0.998305	0.999567	1.00043	1.0017	6.423538
11100	-1573.334	-1553.957	-19.37728	508088.2	15.33733	0.998217	0.999544	1.00045	1.00178	6.059624
11200	-1580.269	-1549.301	-30.96796	441964	11.87559	0.998089	0.999511	1.00049	1.00191	7.029383
11300	-1566.594	-1541.594	-24.99999	186323	11.33814	0.997057	0.999246	1.00075	1.00295	6.49851
11400	-1568.972	-1538.15	-30.82227	947231.1	15.94833	0.998694	0.999666	1.00033	1.00131	6.745641
11500	-1568.305	-1544.928	-23.37757	821874.2	13.00352	0.998598	0.999642	1.00036	1.0014	6.411693
11600	-1581.288	-1552.299	-28.98863	224730.8	10.35011	0.99732	0.999314	1.00068	1.00268	6.774553
11700	-1574.387	-1539.026	-35.36134	684447.7	11.39947	0.998464	0.999607	1.00039	1.00154	7.411628
11800	-1569.078	-1538.441	-30.63716	449864.4	13.77527	0.998105	0.999515	1.00048	1.0019	6.924037
11900	-1584.299	-1543.734	-40.56483	619362.4	9.303242	0.998385	0.999587	1.00041	1.00162	7.829426
12000	-1568.297	-1540.091	-28.20629	19870.58	13.9772	0.990997	0.997682	1.00229	1.00903	6.735697
12100	-1568.723	-1539.886	-28.83726	154251.3	12.22377	0.996765	0.999172	1.00082	1.00324	6.850098
12200	-1565.354	-1538.336	-27.01752	301249.7	13.53378	0.997685	0.999408	1.00059	1.00232	6.672623
12300	-1566.228	-1538.127	-28.10072	686575.1	13.7296	0.998466	0.999608	1.00039	1.00153	6.742433
12400	-1568.905	-1535.499	-33.40617	574209.5	14.43544	0.998323	0.999571	1.00043	1.00168	7.065696
12500	-1561.543	-1530.77	-30.77351	703776.3	12.7328	0.998485	0.999613	1.00039	1.00152	6.992678
12600	-1564.872	-1532.888	-31.9837	123132.8	11.76942	0.99638	0.999072	1.00092	1.00362	7.116044
12700	-1570.145	-1535.242	-34.90266	338932.8	11.43048	0.997817	0.999441	1.00056	1.00218	7.371052
12800	-1580.278	-1546.327	-33.95122	903896.1	13.62172	0.998663	0.999658	1.00034	1.00134	7.177688
12900	-1573.959	-1546.583	-27.37651	236635.1	12.44412	0.997388	0.999331	1.00067	1.00261	6.729908
13000	-1576.192	-1540.417	-35.77513	45923.7	11.87147	0.994075	0.998479	1.00151	1.00594	7.434343
13100	-1583.656	-1546.143	-37.51311	108310.7	12.98181	0.99614	0.999011	1.00098	1.00386	7.500682
13200	-1569.106	-1535.109	-33.99796	878942.4	12.88175	0.998645	0.999653	1.00035	1.00136	7.236563
13300	-1565.416	-1528.108	-37.30856	368465.2	9.708	0.997907	0.999464	1.00053	1.00209	7.532112
13400	-1578.852	-1540.865	-37.98686	686945.6	12.99454	0.998467	0.999608	1.00039	1.00153	7.536007
13500	-1564.691	-1528.093	-36.59803	66408.7	10.66442	0.995072	0.998736	1.00126	1.00494	7.520967
13600	-1572.946	-1543.271	-29.67579	468896.8	12.79756	0.998144	0.999525	1.00047	1.00186	6.904201
13700	-1564.346	-1534.856	-29.48954	658699	10.01842	0.998434	0.9996	1.0004	1.00157	6.779114
13800	-1558.892	-1534.653	-24.23948	415375.2	12.65031	0.998028	0.999496	1.0005	1.00197	6.479396
13900	-1569.245	-1535.53	-33.71516	942789.1	11.90337	0.998691	0.999665	1.00033	1.00131	7.259988
14000	-1557.332	-1526.879	-30.45303	224983.5	10.81593	0.997321	0.999314	1.00068	1.00268	6.955533
14100	-1560.589	-1531.545	-29.04358	304307.3	10.11155	0.997697	0.999411	1.00059	1.00231	6.748514
14200	-1566.116	-1535.781	-30.33562	598476.3	11.61328	0.998357	0.99958	1.00042	1.00164	6.974745
14300	-1555.444	-1533.385	-22.05864	574262.8	11.85017	0.998323	0.999571	1.00043	1.00168	6.27769
14400	-1554.566	-1526.957	-27.60912	883622.2	12.07141	0.998648	0.999654	1.00035	1.00135	6.749024
14500	-1582.686	-1550.859	-31.82682	944470.8	10.254	0.998692	0.999666	1.00033	1.00131	7.039379
14600	-1569.191	-1534.872	-34.31914	221749.8	11.5681	0.997302	0.999309	1.00069	1.0027	7.318478
14700	-1564.99	-1536.802	-28.18722	685944.2	11.36894	0.998466	0.999608	1.00039	1.00154	6.78099
14800	-1565.01	-1534.36	-30.65017	189139.2	12.06876	0.997079	0.999252	1.00074	1.00292	7.00098
14900	-1555.435	-1529.632	-25.80322	292932.3	11.53366	0.997652	0.999399	1.0006	1.00235	6.580602
15000	-1563.051	-1535.035	-28.01654	167573.2	12.01528	0.996897	0.999205	1.00079	1.00311	6.782424
15100	-1575.227	-1546.962	-28.26482	576383.9	12.56565	0.998326	0.999572	1.00043	1.00167	6.79932
15200	-1565.234	-1534.2	-31.03398	328221.5	11.03285	0.997782	0.999432	1.00057	1.00222	7.020487
15300	-1564.587	-1534.279	-30.30793	179109.3	11.83058	0.996998	0.999231	1.00077	1.00301	6.973815
15400	-1576.878	-1542.883	-33.99457	625197.3	12.72574	0.998393	0.999589	1.00041	1.00161	7.246078
15500	-1572.929	-1536.159	-36.77065	83284.39	10.14107	0.995599	0.998872	1.00112	1.00441	7.51468
15600	-1567.422	-1541.648	-25.77473	495703.4	10.88712	0.998195	0.999538	1.00046	1.00181	6.530253
15700	-1570.604	-1536.205	-34.39907	321285.2	11.64686	0.997758	0.999426	1.00057	1.00224	7.324019
15800	-1571.184	-1534.775	-36.40985	177463	13.8322	0.996984	0.999228	1.00077	1.00302	7.337397
15900	-1566.967	-1546.533	-20.43406	798731.5	15.14443	0.998578	0.999636	1.00036	1.00142	6.138096
16000	-1575.314	-1544.092	-31.22261	406935.8	12.57196	0.998008	0.99949	1.00051	1.00199	7.034471
16100	-1569.652	-1543.642	-26.00952	548281.2	11.34161	0.998284	0.999561	1.00044	1.00172	6.587765
16200	-1574.277	-1536.437	-37.8398	928278.1	11.56256	0.998681	0.999663	1.00034	1.00132	7.623047
16300	-1574.046	-1543.989	-30.05651	675550.8	12.08975	0.998454	0.999605	1.00039	1.00155	6.951591
16400	-1572.284	-1540.289	-31.99408	80170.42	10.61746	0.995514	0.99885	1.00114	1.00449	7.086166
16500	-1562.715	-1531.537	-31.17813	45040.05	12.89788	0.994017	0.998464	1.00152	1.006	7.016882
16600	-1573.46	-1534.062	-39.3981	771344.7	11.56334	0.998553	0.99963	1.00037	1.00145	7.757777
16700	-1569.487	-1538.919	-30.56885	117033.3	13.36139	0.996287	0.999049	1.00095	1.00372	6.945532
16800	-1586.234	-1547.878	-38.3561	561720.8	8.790392	0.998305	0.999566	1.00043	1.0017	7.498308
16900	-1582.355	-1540.11	-42.24431	521861.7	9.555805	0.998241	0.99955	1.00045	1.00176	8.031223
17000	-1568.752	-1538.694	-30.05749	205630.6	12.52316	0.997198	0.999283	1.00071	1.0028	6.943227
17100	-1578.916	-1545.609	-33.30681	21723.51	9.228372	0.991389	0.997784	1.00219	1.00864	7.033653
17200	-1566.358	-1539.425	-26.93355	412980.8	11.7984	0.998023	0.999494	1.0005	1.00198	6.687755
17300	-1564.444	-1524.95	-39.49343	551294.1	11.78218	0.998289	0.999562	1.00044	1.00171	7.753319
17400	-1561.601	-1538.254	-23.34743	156997.1	14.03594	0.996794	0.999179	1.00082	1.00321	6.385896
17500	-1572.57	-1534.941	-37.62846	515689.2	11.98297	0.99823	0.999547	1.00045	1.00177	7.584282
17600	-1571.971	-1542.201	-29.7696	283538.4	11.15696	0.997614	0.999389	1.00061	1.00239	6.912064
17700	-1585.936	-1553.264	-32.67257	785564.4	11.96489	0.998566	0.999633	1.00037	1.00143	7.171115
17800	-1582.358	-1542.735	-39.62296	49305.23	9.861591	0.994281	0.998532	1.00146	1.00573	7.781674
17900	-1585.215	-1536.724	-48.49109	352465.2	8.343994	0.99786	0.999452	1.00055	1.00214	8.59389
18000	-1560.65	-1531.692	-28.95783	940938.8	11.40015	0.99869	0.999665	1.00033	1.00131	6.849915
18100	-1562.349	-1533.262	-29.08722	85180.13	10.53086	0.995648	0.998884	1.00111	1.00436	6.803946
18200	-1563.571	-1538.049	-25.52267	841717.3	12.2748	0.998615	0.999646	1.00035	1.00139	6.579604
18300	-1566.874	-1534.534	-32.33985	299779.7	13.50342	0.997679	0.999406	1.00059	1.00232	7.068085
18400	-1562.608	-1537.18	-25.42775	222632	11.22801	0.997307	0.999311	1.00069	1.0027	6.528417
18500	-1578.398	-1542.464	-35.93466	96511.48	11.35823	0.995911	0.998952	1.00104	1.00409	7.462618
18600	-1576.13	-1543.211	-32.91908	624252.7	12.94997	0.998392	0.999589	1.00041	1.00161	7.148745
18700	-1563.914	-1535.579	-28.33542	879639	13.5508	0.998645	0.999654	1.00035	1.00136	6.769131
18800	-1567.03	-1533.882	-33.14789	678492.4	11.45718	0.998457	0.999605	1.00039	1.00154	7.217559
18900	-1553.589	-1527.174	-26.41498	643844.4	10.51081	0.998416	0.999595	1.0004	1.00158	6.547657
19000	-1580.743	-1545.896	-34.84616	198225	12.35732	0.997146	0.999269	1.00073	1.00286	7.33491
19100	-1574.801	-1548.287	-26.51368	123023	12.55424	0.996378	0.999072	1.00092	1.00363	6.660046
19200	-1564.693	-1530.386	-34.30751	768491.9	10.66194	0.99855	0.999629	1.00037	1.00145	7.306078
19300	-1581.033	-1541.239	-39.79402	912751.9	11.80456	0.99867	0.99966	1.00034	1.00133	7.777368
19400	-1578.561	-1551.079	-27.48282	658821.4	14.59345	0.998434	0.9996	1.0004	1.00157	6.644544
19500	-1575.508	-1542.422	-33.08539	941903.8	12.02421	0.998691	0.999665	1.00033	1.00131	7.204044
19600	-1578.311	-1550.259	-28.05166	449902.5	11.06202	0.998106	0.999515	1.00048	1.0019	6.752136
19700	-1559.193	-1535.392	-23.80169	550816.1	12.18615	0.998288	0.999562	1.00044	1.00171	6.437142
19800	-1572.283	-1541.497	-30.7859	229415	11.74456	0.997347	0.999321	1.00068	1.00266	7.01424
19900	-1585.693	-1542.717	-42.97609	148251.5	8.889747	0.996701	0.999155	1.00084	1.0033	8.039433
20000	-1569.667	-1535.24	-34.42667	796635.5	11.3927	0.998576	0.999636	1.00036	1.00142	7.329678
20100	-1557.576	-1531.818	-25.75756	51587.61	14.52263	0.994409	0.998565	1.00142	1.0056	6.530651
20200	-1567.598	-1531.812	-35.78589	167099	10.2022	0.996892	0.999204	1.00079	1.00311	7.422001
20300	-1579.463	-1546.348	-33.11473	329820.8	13.3178	0.997788	0.999434	1.00056	1.00221	7.139227
20400	-1570.126	-1540.446	-29.68006	231128.7	12.74528	0.997357	0.999323	1.00067	1.00265	6.906376
20500	-1559.023	-1533.746	-25.27677	22801.08	12.5851	0.991595	0.997837	1.00214	1.00843	6.561522
20600	-1554.362	-1533.406	-20.95634	137662.2	13.5756	0.996576	0.999123	1.00087	1.00343	6.224294
20700	-1582.807	-1546.11	-36.69786	91441.23	12.62389	0.9958	0.998923	1.00107	1.00421	7.466187
20800	-1565.826	-1537.765	-28.06095	390513.2	13.4033	0.997967	0.99948	1.00052	1.00203	6.755939
20900	-1572.582	-1542.39	-30.19132	664320.2	13.28902	0.998441	0.999601	1.0004	1.00156	6.921298
21000	-1570.308	-1541.469	-28.83946	557688.1	12.31412	0.998298	0.999565	1.00043	1.0017	6.849381
21100	-1577.635	-1545.15	-32.48429	535394.5	10.79126	0.998263	0.999556	1.00044	1.00174	7.142136
21200	-1580.92	-1544.816	-36.1041	767552.8	9.488839	0.99855	0.999629	1.00037	1.00145	7.379219
21300	-1562.763	-1535.98	-26.78303	513334.6	11.56475	0.998226	0.999546	1.00045	1.00177	6.666882
21400	-1572.224	-1544.243	-27.98103	356991.1	11.64648	0.997873	0.999456	1.00054	1.00213	6.772955
21500	-1570.219	-1539.78	-30.43869	73172.38	14.06584	0.995305	0.998796	1.0012	1.0047	6.888903
21600	-1583.872	-1542.388	-41.48321	968423.2	10.61891	0.998709	0.99967	1.00033	1.00129	7.97987
21700	-1576.043	-1538.501	-37.54258	444622.3	8.762207	0.998094	0.999512	1.00049	1.00191	7.399072
21800	-1554.321	-1526.535	-27.78586	277753.7	12.89276	0.997589	0.999383	1.00062	1.00241	6.754017
21900	-1582.485	-1544.994	-37.49059	879465.6	9.8705	0.998645	0.999653	1.00035	1.00136	7.566211
22000	-1575.882	-1544.71	-31.17229	295772.3	11.13546	0.997664	0.999402	1.0006	1.00234	7.037037
22100	-1562.415	-1532.253	-30.16277	323522.7	9.810427	0.997766	0.999428	1.00057	1.00224	6.813932
22200	-1567.032	-1533.636	-33.39645	187710.1	12.8795	0.997068	0.999249	1.00075	1.00294	7.190007
22300	-1595.764	-1554.678	-41.08599	266353.1	8.790406	0.997538	0.99937	1.00063	1.00246	7.808865
22400	-1575.852	-1546.861	-28.99081	771521.1	13.23311	0.998553	0.99963	1.00037	1.00145	6.833584
22500	-1560.872	-1541.125	-19.74706	823875.5	14.69072	0.9986	0.999642	1.00036	1.0014	6.111088
22600	-1565.485	-1534.509	-30.97635	189688.7	12.86104	0.997083	0.999253	1.00074	1.00292	7.002961
22700	-1574.816	-1542.289	-32.52707	495854.9	9.692547	0.998195	0.999538	1.00046	1.00181	7.037152
22800	-1559.581	-1533.825	-25.75645	390154.5	11.50545	0.997966	0.999479	1.00052	1.00204	6.57507
22900	-1557.432	-1525.841	-31.59125	70384.16	12.47328	0.995213	0.998772	1.00122	1.0048	7.067559
23000	-1553.032	-1525.164	-27.86706	282709.3	10.77584	0.99761	0.999388	1.00061	1.00239	6.712883
23100	-1572.142	-1539.975	-32.16637	698526.3	10.76741	0.99848	0.999611	1.00039	1.00152	7.111407
23200	-1573.82	-1538.74	-35.07934	473845.4	11.26506	0.998154	0.999528	1.00047	1.00185	7.387917
23300	-1572.149	-1538.945	-33.20394	113711.6	13.37735	0.996233	0.999035	1.00096	1.00377	7.141574
23400	-1570.553	-1541.173	-29.38062	524129.9	12.61744	0.998245	0.999551	1.00045	1.00176	6.886733
23500	-1573.197	-1537.377	-35.82068	655376.9	12.89053	0.99843	0.999599	1.0004	1.00157	7.377391
23600	-1568.445	-1537.554	-30.89127	394835.6	14.21882	0.997978	0.999483	1.00052	1.00202	6.909128
23700	-1572.045	-1534.438	-37.60651	421907.7	9.512609	0.998044	0.999499	1.0005	1.00196	7.540575
23800	-1570.693	-1539.36	-31.33268	289188.9	11.7547	0.997637	0.999395	1.0006	1.00236	7.060772
23900	-1591.845	-1557.053	-34.79154	999642.8	13.10937	0.998729	0.999675	1.00032	1.00127	7.281547
24000	-1569.094	-1549.465	-19.62924	951431.9	13.93651	0.998697	0.999667	1.00033	1.0013	6.122728
24100	-1571.161	-1544.17	-26.99143	4744.973	15.3275	0.981608	0.995227	1.00465	1.01851	6.556847
24200	-1588.161	-1550.155	-38.00593	776415.9	9.088522	0.998558	0.999631	1.00037	1.00144	7.519185
24300	-1572.484	-1541.849	-30.63498	212387.7	12.03068	0.997243	0.999294	1.0007	1.00276	7.000182
24400	-1579.424	-1547.733	-31.69057	155802.9	13.92678	0.996782	0.999176	1.00082	1.00322	6.988936
24500	-1582.893	-1543.597	-39.29633	598081.5	12.8902	0.998357	0.99958	1.00042	1.00164	7.647051
24600	-1576.861	-1544.506	-32.35462	348530	10.78042	0.997848	0.999449	1.00055	1.00215	7.129566
24700	-1567.931	-1543.691	-24.24031	808289.1	10.9594	0.998587	0.999639	1.00036	1.00141	6.397178
24800	-1562.008	-1534.435	-27.57302	85881.96	14.77672	0.995666	0.998889	1.0011	1.00434	6.637547
24900	-1562.408	-1532.49	-29.91788	784107.3	11.31516	0.998565	0.999633	1.00037	1.00144	6.931501
25000	-1570.368	-1539.303	-31.06532	27179.27	12.23661	0.9923	0.99802	1.00196	1.00772	7.032074
25100	-1566.575	-1537.787	-28.78718	947969.8	13.47743	0.998695	0.999666	1.00033	1.00131	6.806349
25200	-1571.98	-1538.015	-33.96444	439329.5	12.55599	0.998083	0.99951	1.00049	1.00192	7.253436
25300	-1568.38	-1536.48	-31.89945	367723.3	11.83626	0.997905	0.999464	1.00053	1.0021	7.10828
25400	-1569.212	-1534.293	-34.91925	912248.8	12.51823	0.998669	0.99966	1.00034	1.00133	7.33174
25500	-1583.564	-1541.993	-41.57132	878644.4	9.150665	0.998644	0.999653	1.00035	1.00136	7.919692
25600	-1567.526	-1538.517	-29.00958	335604.9	11.72707	0.997807	0.999439	1.00056	1.0022	6.862725
25700	-1575.399	-1539.953	-35.44618	436956.6	9.990089	0.998078	0.999508	1.00049	1.00192	7.371067
25800	-1573.736	-1540.914	-32.82286	83500.49	12.28187	0.995605	0.998873	1.00112	1.0044	7.174074
25900	-1578.105	-1547.673	-30.43283	998542.7	11.18619	0.998728	0.999675	1.00032	1.00127	6.97265
26000	-1575.687	-1547.047	-28.63971	868886.4	12.11294	0.998637	0.999651	1.00035	1.00136	6.834381
26100	-1554.543	-1530.869	-23.67329	427112.8	14.38895	0.998056	0.999503	1.0005	1.00195	6.393701
26200	-1571.061	-1540.531	-30.53032	970377.9	11.29752	0.99871	0.99967	1.00033	1.00129	6.985108
26300	-1572.785	-1542.592	-30.19317	339027.2	11.0775	0.997818	0.999442	1.00056	1.00218	6.946471
26400	-1566.711	-1537.463	-29.24757	270772.1	9.848684	0.997558	0.999375	1.00062	1.00244	6.727351
26500	-1579.198	-1537.984	-41.21463	973437.7	12.34101	0.998712	0.999671	1.00033	1.00129	7.851812
26600	-1568.531	-1542.386	-26.14526	300590.6	11.06924	0.997683	0.999407	1.00059	1.00232	6.580386
26700	-1561.612	-1538.782	-22.83021	382135.5	14.11824	0.997945	0.999474	1.00052	1.00206	6.346068
26800	-1572.663	-1534.324	-38.33844	876757.8	9.532487	0.998643	0.999653	1.00035	1.00136	7.61983
26900	-1568.494	-1530.714	-37.78038	926595.7	11.23645	0.99868	0.999662	1.00034	1.00132	7.628383
27000	-1551.816	-1524.875	-26.94063	203070.8	12.12345	0.997181	0.999278	1.00072	1.00282	6.694215
27100	-1557.813	-1533.737	-24.07626	840267.4	12.40642	0.998614	0.999645	1.00035	1.00139	6.464168
27200	-1575.352	-1539.549	-35.80265	210443.3	11.46567	0.997231	0.999291	1.00071	1.00277	7.449098
27300	-1571.088	-1544.229	-26.85923	176501	13.23596	0.996976	0.999226	1.00077	1.00303	6.672407
27400	-1559.574	-1532.32	-27.25459	492063.8	12.92448	0.998189	0.999537	1.00046	1.00181	6.712004
27500	-1578.361	-1543.797	-34.56356	780280.7	11.55934	0.998561	0.999632	1.00037	1.00144	7.33975
27600	-1576.933	-1541.554	-35.379	630346.5	9.998135	0.998399	0.999591	1.00041	1.0016	7.365099
27700	-1547.275	-1520.082	-27.1926	846249	13.07866	0.998619	0.999647	1.00035	1.00138	6.702853
27800	-1576.619	-1543.649	-32.97028	490569.2	11.64152	0.998186	0.999536	1.00046	1.00182	7.201389
27900	-1569.725	-1536.564	-33.16101	763731.5	9.543096	0.998546	0.999628	1.00037	1.00145	7.078513
28000	-1565.07	-1531.889	-33.1812	474461.5	13.21322	0.998155	0.999528	1.00047	1.00185	7.151632
28100	-1580.934	-1541.484	-39.4506	567623	10.2998	0.998313	0.999569	1.00043	1.00169	7.784154
28200	-1566.664	-1536.439	-30.2254	152419.3	11.34711	0.996746	0.999167	1.00083	1.00326	6.959644
28300	-1559.391	-1534.133	-25.25712	874346.6	12.07097	0.998641	0.999652	1.00035	1.00136	6.554172
28400	-1575.175	-1542.267	-32.90747	551613.4	11.89469	0.998289	0.999562	1.00044	1.00171	7.192315
28500	-1564.932	-1537.072	-27.85976	315149.9	13.63868	0.997737	0.999421	1.00058	1.00227	6.729637
28600	-1579.132	-1554.484	-24.64881	489829.5	12.6137	0.998184	0.999536	1.00046	1.00182	6.511704
28700	-1572.132	-1533.565	-38.56723	596965.4	11.37609	0.998355	0.999579	1.00042	1.00165	7.693741
28800	-1564.617	-1534.772	-29.84479	719000.6	12.90257	0.998501	0.999617	1.00038	1.0015	6.913316
28900	-1569.461	-1538.364	-31.09725	311418.5	12.41371	0.997723	0.999417	1.00058	1.00228	7.02986
29000	-1545.271	-1527.568	-17.70284	360249.5	14.13696	0.997883	0.999458	1.00054	1.00212	5.982675
29100	-1565.473	-1542.143	-23.33009	948854.3	11.61214	0.998695	0.999666	1.00033	1.00131	6.371436
29200	-1592.137	-1553.327	-38.81002	695421.8	10.84015	0.998476	0.99961	1.00039	1.00152	7.728013
29300	-1564.058	-1538.295	-25.76304	983392.7	11.99509	0.998718	0.999672	1.00033	1.00128	6.59439
29400	-1579.001	-1536.799	-42.202	702070.4	11.45893	0.998483	0.999612	1.00039	1.00152	8.007695
29500	-1564.6	-1538.694	-25.90577	53527.35	13.54333	0.994511	0.998591	1.0014	1.0055	6.590116
29600	-1550.674	-1522.499	-28.17443	590795.1	12.17298	0.998347	0.999577	1.00042	1.00165	6.795989
29700	-1568.785	-1537.167	-31.61794	661147.4	11.29005	0.998437	0.9996	1.0004	1.00156	7.081216
29800	-1569.334	-1536.828	-32.50546	76732.16	13.16926	0.995415	0.998824	1.00117	1.00459	7.10335
29900	-1578.749	-1540.983	-37.76605	377477	9.564105	0.997932	0.999471	1.00053	1.00207	7.56356
30000	-1577.747	-1546.486	-31.26071	357141	11.72583	0.997874	0.999456	1.00054	1.00213	7.054686
30100	-1577.725	-1538.256	-39.46946	329610.1	9.084356	0.997787	0.999434	1.00056	1.00221	7.679539
30200	-1562.982	-1543.659	-19.32355	600027.8	13.34125	0.99836	0.99958	1.00042	1.00164	6.103811
30300	-1579.958	-1540.363	-39.59468	518855.1	8.640391	0.998236	0.999549	1.00045	1.00177	7.605984
30400	-1569.309	-1537.908	-31.40105	220373.2	11.62453	0.997294	0.999307	1.00069	1.00271	7.066534
30500	-1591.853	-1555.864	-35.98873	232128.4	12.91593	0.997363	0.999325	1.00067	1.00264	7.388456
30600	-1560.405	-1527.109	-33.2956	610433.4	12.55268	0.998374	0.999584	1.00042	1.00163	7.200332
30700	-1570.253	-1533.551	-36.70252	294282.7	10.78129	0.997658	0.999401	1.0006	1.00234	7.532894
30800	-1570.095	-1537.364	-32.73037	269729.8	10.20016	0.997554	0.999374	1.00062	1.00245	7.122303
30900	-1589.746	-1559.404	-30.34169	518630.2	9.94025	0.998236	0.999549	1.00045	1.00177	6.852743
31000	-1571.143	-1536.804	-34.33921	287849.2	12.35253	0.997632	0.999394	1.0006	1.00237	7.294124
31100	-1565.413	-1538.481	-26.93155	390088.7	12.31468	0.997966	0.999479	1.00052	1.00204	6.694444
31200	-1565.463	-1537.666	-27.79661	345223.2	12.71932	0.997837	0.999447	1.00055	1.00216	6.759177
31300	-1574.207	-1533.827	-40.37966	634030.7	10.60882	0.998404	0.999592	1.00041	1.0016	7.876012
31400	-1562.071	-1540.966	-21.10507	383496.8	12.73415	0.997948	0.999475	1.00052	1.00205	6.23337
31500	-1575.4	-1544.417	-30.98256	897022	11.72101	0.998658	0.999657	1.00034	1.00134	7.030957
31600	-1569.385	-1537.755	-31.62975	715465	11.55489	0.998498	0.999616	1.00038	1.0015	7.085919
31700	-1574.173	-1544.227	-29.94645	316991.5	11.64226	0.997743	0.999422	1.00058	1.00226	6.941654
31800	-1566.504	-1536.058	-30.44513	258600.1	9.898314	0.997502	0.99936	1.00064	1.0025	6.856768
31900	-1590.143	-1549.354	-40.78847	591635	12.97089	0.998348	0.999577	1.00042	1.00165	7.754167
32000	-1577.924	-1542.862	-35.06207	928092.6	10.10321	0.998681	0.999663	1.00034	1.00132	7.343008
32100	-1569.019	-1537.908	-31.11104	947973.9	11.78927	0.998695	0.999666	1.00033	1.00131	7.041855
32200	-1567.453	-1541.019	-26.43431	945216	11.52347	0.998693	0.999666	1.00033	1.00131	6.634843
32300	-1568.111	-1542.158	-25.95356	65703.48	15.14124	0.995045	0.998729	1.00126	1.00496	6.502783
32400	-1561.432	-1529.832	-31.59917	264135.6	10.02082	0.997528	0.999367	1.00063	1.00247	6.99
32500	-1554.795	-1529.916	-24.87863	381982.8	14.57715	0.997944	0.999474	1.00052	1.00206	6.467032
32600	-1570.883	-1535.126	-35.75684	571030.5	9.225016	0.998318	0.99957	1.00043	1.00168	7.298518
32700	-1554.758	-1531.326	-23.43162	396217	13.24876	0.997981	0.999483	1.00052	1.00202	6.413258
32800	-1568.138	-1535.025	-33.11371	375425.6	11.60219	0.997926	0.999469	1.00053	1.00208	7.214048
32900	-1566.2	-1534.245	-31.9546	891824.6	13.30265	0.998654	0.999656	1.00034	1.00135	7.053102
33000	-1565.09	-1532.787	-32.30359	942242.1	10.18682	0.998691	0.999665	1.00033	1.00131	7.079077
33100	-1570.249	-1540.556	-29.69254	945310.7	16.37523	0.998693	0.999666	1.00033	1.00131	6.632697
33200	-1566.354	-1533.821	-32.53291	472517.1	12.86947	0.998151	0.999527	1.00047	1.00185	7.12352
33300	-1561.974	-1532.37	-29.60413	537491	11.98512	0.998267	0.999557	1.00044	1.00173	6.914633
33400	-1572.498	-1539.05	-33.44724	367428.9	11.24237	0.997904	0.999464	1.00053	1.0021	7.242814
33500	-1568.271	-1534.76	-33.51062	977727.6	9.281725	0.998715	0.999671	1.00033	1.00129	7.066823
33600	-1555.588	-1534.036	-21.55161	420839.4	12.6892	0.998041	0.999499	1.0005	1.00196	6.267663
33700	-1576.416	-1539.354	-37.06188	854273.1	11.08809	0.998625	0.999648	1.00035	1.00138	7.566439
33800	-1573.461	-1538.336	-35.12524	294275.9	13.20189	0.997658	0.999401	1.0006	1.00234	7.299672
33900	-1572.67	-1542.662	-30.00798	768240.3	13.62327	0.99855	0.999629	1.00037	1.00145	6.88811
34000	-1551.689	-1532.243	-19.44594	996010.2	12.52793	0.998727	0.999674	1.00033	1.00127	6.09606
34100	-1567.447	-1534.456	-32.99156	6344.445	10.80925	0.984087	0.995879	1.00403	1.016	7.189944
34200	-1562.129	-1530.716	-31.41299	959433.2	11.97323	0.998703	0.999668	1.00033	1.0013	7.065727
34300	-1588.46	-1557.119	-31.34112	92307.64	11.5334	0.995819	0.998928	1.00107	1.00419	7.06075
34400	-1561.716	-1531.75	-29.96597	487643.1	10.98743	0.99818	0.999534	1.00046	1.00182	6.921218
34500	-1564.806	-1531.029	-33.77726	119126.7	10.36772	0.99632	0.999057	1.00094	1.00369	7.238522
34600	-1564.925	-1531.66	-33.26492	869554.8	12.26633	0.998637	0.999652	1.00035	1.00136	7.210682
34700	-1572.037	-1543.512	-28.52447	759510.6	11.12524	0.998542	0.999627	1.00037	1.00146	6.798668
34800	-1560.783	-1538.194	-22.58935	411474.9	12.80304	0.998019	0.999493	1.00051	1.00198	6.350505
34900	-1570.808	-1540.167	-30.64111	923458.3	12.4909	0.998678	0.999662	1.00034	1.00132	6.990846
35000	-1567.271	-1534.179	-33.09272	353218.8	11.74163	0.997862	0.999453	1.00055	1.00214	7.210698
35100	-1580.104	-1532.269	-47.83436	691793.9	9.902817	0.998472	0.999609	1.00039	1.00153	8.613452
35200	-1576.328	-1540.028	-36.29961	25464.9	11.14278	0.992046	0.997954	1.00202	1.00798	7.497443
35300	-1567.529	-1536.196	-31.33261	498702.6	10.24768	0.998201	0.99954	1.00046	1.0018	6.990503
35400	-1601.979	-1566.706	-35.27306	881104.4	10.02238	0.998646	0.999654	1.00035	1.00135	7.35677
35500	-1545.674	-1520.044	-25.63041	800511.9	13.7582	0.99858	0.999637	1.00036	1.00142	6.561305
35600	-1570.26	-1544.091	-26.16876	240760.4	10.47654	0.997411	0.999337	1.00066	1.00259	6.519732
35700	-1563.395	-1535.162	-28.23328	107059.8	13.25001	0.996118	0.999005	1.00099	1.00389	6.775628
35800	-1577.888	-1545.189	-32.69858	101909.3	12.87127	0.996021	0.99898	1.00101	1.00398	7.136292
35900	-1573.521	-1537.805	-35.71652	596620.4	10.17413	0.998355	0.999579	1.00042	1.00165	7.413194
36000	-1569.871	-1537.102	-32.76865	717068.9	9.958364	0.998499	0.999616	1.00038	1.0015	7.099165
36100	-1579.841	-1549.438	-30.40257	533976.9	11.94896	0.998261	0.999555	1.00044	1.00174	6.98149
36200	-1560.399	-1523.933	-36.46657	731357.3	11.47956	0.998514	0.99962	1.00038	1.00149	7.506642
36300	-1563.987	-1525.528	-38.45932	256475	11.23451	0.997491	0.999358	1.00064	1.00251	7.688862
36400	-1580.533	-1541.832	-38.70088	208332.8	11.30407	0.997217	0.999287	1.00071	1.00279	7.708101
36500	-1569.718	-1535.337	-34.38078	446922	10.59738	0.998099	0.999514	1.00049	1.0019	7.310004
36600	-1571.697	-1532.875	-38.82232	493767.7	9.667884	0.998192	0.999537	1.00046	1.00181	7.684365
36700	-1536.391	-1513.141	-23.24909	364607	13.44271	0.997896	0.999462	1.00054	1.00211	6.396158
36800	-1559.028	-1522.282	-36.74641	572439	7.511933	0.99832	0.99957	1.00043	1.00168	6.815812
36900	-1560.109	-1530.527	-29.58278	693909.8	12.53486	0.998474	0.99961	1.00039	1.00153	6.905021
37000	-1585.351	-1550.679	-34.67193	4401.578	12.68236	0.980906	0.995042	1.00483	1.01922	7.302071
37100	-1571.287	-1541.95	-29.33683	367512.2	10.89748	0.997904	0.999464	1.00053	1.0021	6.858147
37200	-1574.051	-1541.371	-32.68005	148638.1	11.12347	0.996705	0.999156	1.00084	1.0033	7.172153
37300	-1578.589	-1546.773	-31.81521	596248.9	11.29153	0.998354	0.999579	1.00042	1.00165	7.098719
37400	-1564.632	-1535.894	-28.73817	537514.2	13.25361	0.998267	0.999557	1.00044	1.00173	6.81357
37500	-1568.509	-1536.385	-32.1237	904652.7	13.02305	0.998664	0.999658	1.00034	1.00134	7.083162
37600	-1577.132	-1539.128	-38.00399	742408.2	11.10623	0.998525	0.999623	1.00038	1.00148	7.651091
37700	-1570.916	-1534.514	-36.40206	533525.2	10.95256	0.99826	0.999555	1.00044	1.00174	7.506855
37800	-1566.058	-1531.039	-35.01936	775042.3	11.93353	0.998557	0.999631	1.00037	1.00144	7.368447
37900	-1586.801	-1547.212	-39.58978	39263.83	11.60739	0.993592	0.998354	1.00163	1.00642	7.771935
38000	-1560.825	-1532.743	-28.08273	588830.1	10.74575	0.998344	0.999576	1.00042	1.00166	6.730193
38100	-1575.739	-1548.529	-27.21087	477385	12.63864	0.998161	0.99953	1.00047	1.00184	6.71446
38200	-1598.463	-1558.143	-40.32022	683106.5	10.43304	0.998462	0.999607	1.00039	1.00154	7.870259
38300	-1557.701	-1534.931	-22.76987	994255.6	12.02156	0.998726	0.999674	1.00033	1.00128	6.346032
38400	-1562.969	-1529.456	-33.51352	937878.1	11.04012	0.998688	0.999664	1.00033	1.00131	7.245397
38500	-1564.738	-1530.811	-33.92659	549662.7	12.27363	0.998286	0.999562	1.00044	1.00172	7.264304
38600	-1588.999	-1553.602	-35.39657	677899.1	9.988578	0.998457	0.999605	1.00039	1.00154	7.365959
38700	-1561.6	-1533.182	-28.41782	981763.8	11.80743	0.998717	0.999672	1.00033	1.00128	6.813702
38800	-1585.592	-1547.66	-37.93226	686008.6	10.02079	0.998466	0.999608	1.00039	1.00154	7.621991
38900	-1564.039	-1540.32	-23.71891	415862.8	16.70864	0.99803	0.999496	1.0005	1.00197	6.241375
39000	-1581.497	-1550.887	-30.61087	608061.3	10.532	0.99837	0.999583	1.00042	1.00163	6.94873
39100	-1585	-1536.589	-48.41047	42863.15	11.3586	0.993867	0.998425	1.00156	1.00615	8.560971
39200	-1578.477	-1550.406	-28.07072	212445.5	11.63356	0.997244	0.999294	1.0007	1.00276	6.780298
39300	-1560.953	-1527.195	-33.75764	996274.4	10.44454	0.998727	0.999674	1.00032	1.00127	7.242012
39400	-1580.928	-1538.196	-42.73155	115701.8	9.318941	0.996266	0.999043	1.00095	1.00374	8.063784
39500	-1580.554	-1549.188	-31.36526	989826.3	13.28631	0.998723	0.999673	1.00033	1.00128	7.009803
39600	-1562.594	-1523.696	-38.89882	866303.6	9.880485	0.998635	0.999651	1.00035	1.00137	7.709587
39700	-1555.708	-1532.955	-22.75273	163674	11.65497	0.99686	0.999196	1.0008	1.00314	6.324599
39800	-1579.045	-1543.199	-35.8457	847432.3	11.49847	0.99862	0.999647	1.00035	1.00138	7.452139
39900	-1585.947	-1545.702	-40.24494	491321.5	12.37038	0.998187	0.999536	1.00046	1.00181	7.770641
40000	-1550.089	-1522.508	-27.58181	347468	11.14551	0.997844	0.999448	1.00055	1.00216	6.715245
40100	-1573.13	-1543.071	-30.05943	97002.76	13.38443	0.995922	0.998955	1.00104	1.00408	6.906112
40200	-1581.13	-1546.901	-34.2292	273149	11.81529	0.997569	0.999378	1.00062	1.00243	7.305675
40300	-1565.98	-1535.541	-30.43896	7271.254	14.78454	0.985133	0.996153	1.00377	1.01495	6.83082
40400	-1571.278	-1540.318	-30.95993	318010.3	11.03321	0.997747	0.999423	1.00057	1.00225	7.013791
40500	-1571.579	-1533.234	-38.34453	789398.2	11.67194	0.99857	0.999634	1.00037	1.00143	7.661545
40600	-1574.15	-1542.576	-31.57487	206180	11.4077	0.997202	0.999284	1.00071	1.0028	7.079592
40700	-1563.384	-1530.966	-32.41839	867510.4	11.4533	0.998636	0.999651	1.00035	1.00137	7.153865
40800	-1576.783	-1543.68	-33.10355	513877.6	12.95814	0.998227	0.999547	1.00045	1.00177	7.162485
40900	-1571.412	-1540.613	-30.79893	267126.7	12.4967	0.997542	0.999371	1.00063	1.00246	7.003296
41000	-1563.084	-1528.199	-34.88542	772249.7	14.2996	0.998554	0.99963	1.00037	1.00145	7.181963
41100	-1585.958	-1547.701	-38.25681	573764.5	9.864342	0.998322	0.999571	1.00043	1.00168	7.643358
41200	-1590.882	-1549.491	-41.39061	734991.7	9.840116	0.998518	0.999621	1.00038	1.00148	7.959899
41300	-1558.683	-1531.56	-27.12287	691703.5	13.2783	0.998472	0.999609	1.00039	1.00153	6.690793
41400	-1589.734	-1551.735	-37.999	656281	9.340184	0.998431	0.999599	1.0004	1.00157	7.559024
41500	-1569.336	-1537.838	-31.49823	439408.2	10.95305	0.998083	0.99951	1.00049	1.00192	7.059144
41600	-1558.882	-1528.584	-30.2979	628111	11.67651	0.998397	0.99959	1.00041	1.0016	6.972189
41700	-1564.096	-1537.86	-26.23627	167518.6	11.24485	0.996896	0.999205	1.00079	1.00311	6.601571
41800	-1563.877	-1530.191	-33.68596	91860.4	10.82945	0.995809	0.998926	1.00107	1.0042	7.254935
41900	-1568.126	-1533.814	-34.31194	103187.5	11.76361	0.996046	0.998987	1.00101	1.00396	7.314009
42000	-1573.875	-1537.368	-36.50688	856411.1	9.866717	0.998627	0.999649	1.00035	1.00137	7.466187
42100	-1577.628	-1540.87	-36.75851	517874.3	11.49973	0.998234	0.999548	1.00045	1.00177	7.531488
42200	-1578.185	-1538.002	-40.18363	122169.5	13.84536	0.996366	0.999069	1.00093	1.00364	7.608638
42300	-1562.259	-1530.556	-31.70274	243952.5	11.38207	0.997428	0.999342	1.00066	1.00257	7.090422
42400	-1567.048	-1537.104	-29.9445	226774.8	12.29039	0.997332	0.999317	1.00068	1.00267	6.939562
42500	-1578.762	-1537.838	-40.92405	990659.9	13.89965	0.998723	0.999674	1.00033	1.00128	7.655339
42600	-1564.297	-1540.214	-24.08288	356273.8	12.08723	0.997871	0.999455	1.00054	1.00213	6.457406
42700	-1571.56	-1537.753	-33.80684	302268.4	15.04084	0.997689	0.999409	1.00059	1.00231	7.032058
42800	-1572.555	-1543.806	-28.7493	15209.48	12.70515	0.989712	0.997349	1.00261	1.01033	6.834466
42900	-1581.31	-1551.513	-29.79759	749879.6	10.97269	0.998533	0.999625	1.00037	1.00147	6.90504
43000	-1574.955	-1540.128	-34.82733	887161.3	10.15024	0.998651	0.999655	1.00034	1.00135	7.323823
43100	-1575.303	-1534.923	-40.37997	524682.7	11.17769	0.998246	0.999551	1.00045	1.00176	7.862234
43200	-1575.328	-1540.56	-34.76815	268046.4	11.15415	0.997546	0.999372	1.00063	1.00246	7.360069
43300	-1567.209	-1542.325	-24.88445	991812.9	14.28977	0.998724	0.999674	1.00033	1.00128	6.483081
43400	-1564.203	-1536.476	-27.72732	511385.1	12.56857	0.998223	0.999545	1.00045	1.00178	6.7565
43500	-1586.788	-1549.17	-37.61779	50282.46	12.80082	0.994337	0.998546	1.00144	1.00567	7.524511
43600	-1578.821	-1543.007	-35.81487	966103.3	11.21303	0.998707	0.999669	1.00033	1.00129	7.453629
43700	-1571.418	-1542.694	-28.72395	756705.3	11.4963	0.998539	0.999626	1.00037	1.00146	6.832706
43800	-1576.051	-1544.428	-31.62265	772249	10.72782	0.998554	0.99963	1.00037	1.00145	7.058519
43900	-1576.958	-1541.747	-35.21085	162881.4	13.87531	0.996852	0.999194	1.0008	1.00315	7.246629
44000	-1560.61	-1528.729	-31.88014	874926.8	12.37037	0.998641	0.999653	1.00035	1.00136	7.094446
44100	-1576.405	-1542.866	-33.53913	924911.8	14.01572	0.998679	0.999662	1.00034	1.00132	7.113816
44200	-1560.285	-1529.365	-30.92022	258269.4	10.82549	0.9975	0.99936	1.00064	1.0025	6.999307
44300	-1553.441	-1518.654	-34.7864	122594.5	11.09432	0.996372	0.99907	1.00092	1.00363	7.361278
44400	-1557.14	-1530.302	-26.83773	891461.3	11.33842	0.998654	0.999656	1.00034	1.00135	6.66061
44500	-1561.861	-1534.076	-27.78444	762441.8	10.19866	0.998545	0.999628	1.00037	1.00146	6.637195
44600	-1561.761	-1536.757	-25.00354	134295.3	15.37572	0.996534	0.999112	1.00088	1.00347	6.423733
44700	-1562.234	-1527.52	-34.71378	510738.6	9.958077	0.998222	0.999545	1.00045	1.00178	7.294461
44800	-1568.016	-1536.95	-31.06568	392275.4	10.09187	0.997971	0.999481	1.00052	1.00203	6.946024
44900	-1569.449	-1532.277	-37.17224	860733.5	8.841798	0.99863	0.99965	1.00035	1.00137	7.375712
45000	-1581.985	-1543.527	-38.45798	917991.6	14.40479	0.998674	0.999661	1.00034	1.00133	7.419316
45100	-1575.983	-1545.326	-30.6576	902279.4	12.51768	0.998662	0.999658	1.00034	1.00134	6.991323
45200	-1559.659	-1537.504	-22.15536	816942.3	15.08968	0.998594	0.99964	1.00036	1.00141	6.254762
45300	-1554.13	-1532.702	-21.42782	512444.9	14.49005	0.998225	0.999546	1.00045	1.00178	6.233802
45400	-1571.409	-1538.026	-33.38307	195084.1	10.802	0.997124	0.999263	1.00073	1.00288	7.225869
45500	-1576.364	-1541.292	-35.07154	168312.7	11.93039	0.996903	0.999207	1.00079	1.0031	7.372938
45600	-1579.428	-1542.179	-37.24939	578882.2	12.22623	0.99833	0.999573	1.00043	1.00167	7.538117
45700	-1586.862	-1546.217	-40.64459	223321.6	12.88446	0.997312	0.999312	1.00069	1.00269	7.752251
45800	-1559.844	-1532.683	-27.16133	287260.8	12.54323	0.997629	0.999393	1.0006	1.00237	6.711755
45900	-1571.963	-1538.006	-33.95688	385332.6	10.29689	0.997953	0.999476	1.00052	1.00205	7.250545
46000	-1551.824	-1528.907	-22.91654	715697.1	12.92536	0.998498	0.999616	1.00038	1.0015	6.376359
46100	-1567.594	-1535.039	-32.55462	920198.2	11.24122	0.998675	0.999661	1.00034	1.00133	7.163396
46200	-1558.243	-1530.466	-27.77712	474385.7	10.93861	0.998155	0.999528	1.00047	1.00185	6.718294
46300	-1562.034	-1529.751	-32.28249	148891.7	11.08062	0.996708	0.999157	1.00084	1.0033	7.135176
46400	-1573.772	-1536.673	-37.09958	409061.8	9.274433	0.998013	0.999492	1.00051	1.00199	7.452307
46500	-1567.723	-1543.199	-24.52306	276619.2	13.29335	0.997584	0.999382	1.00062	1.00242	6.494663
46600	-1555.297	-1522.675	-32.62211	197409.5	11.6695	0.997141	0.999268	1.00073	1.00286	7.171293
46700	-1566.599	-1531.352	-35.24628	970452	10.1405	0.99871	0.99967	1.00033	1.00129	7.364316
46800	-1568.269	-1531.095	-37.17363	814380.4	10.41161	0.998592	0.99964	1.00036	1.00141	7.567863
46900	-1566.403	-1540.755	-25.64737	69928.15	11.71064	0.995197	0.998768	1.00122	1.00481	6.575351
47000	-1565.002	-1534.64	-30.36183	362984.6	13.18458	0.997891	0.99946	1.00054	1.00211	6.939773
47100	-1573.514	-1537.692	-35.82243	756974.4	11.41484	0.998539	0.999626	1.00037	1.00146	7.451807
47200	-1570.436	-1545.541	-24.89533	176224.9	14.54726	0.996974	0.999225	1.00077	1.00303	6.469885
47300	-1584.479	-1552.563	-31.91693	722574.2	12.10018	0.998505	0.999618	1.00038	1.0015	7.105236
47400	-1573.996	-1535.883	-38.11304	99171.97	15.86504	0.995967	0.998966	1.00103	1.00404	7.213601
47500	-1572.612	-1542.826	-29.78566	929732.5	11.12245	0.998682	0.999663	1.00034	1.00132	6.911898
47600	-1577.282	-1543.31	-33.97152	455434.3	9.965944	0.998117	0.999518	1.00048	1.00188	7.220801
47700	-1579.107	-1541.339	-37.768	692052.9	8.940909	0.998472	0.999609	1.00039	1.00153	7.46434
47800	-1585.768	-1545.357	-40.4106	798786.3	9.827247	0.998578	0.999636	1.00036	1.00142	7.859541
47900	-1584.79	-1556.292	-28.49765	898832.8	11.77919	0.99866	0.999657	1.00034	1.00134	6.820014
48000	-1573.473	-1544.023	-29.44947	462589.1	12.41247	0.998132	0.999522	1.00048	1.00187	6.897146
48100	-1571.849	-1546.247	-25.60246	127415.5	14.01378	0.996441	0.999088	1.00091	1.00356	6.547642
48200	-1574.621	-1535.994	-38.62664	81164.91	12.98357	0.995542	0.998857	1.00114	1.00447	7.58629
48300	-1581.9	-1554.582	-27.31811	986492.2	12.0286	0.998721	0.999673	1.00033	1.00128	6.724457
48400	-1561.348	-1536.795	-24.5534	271915.5	11.82331	0.997563	0.999376	1.00062	1.00244	6.487096
48500	-1558.45	-1534.629	-23.82093	193790.5	12.22925	0.997114	0.999261	1.00074	1.00289	6.439863
48600	-1567.886	-1543.344	-24.54188	954302.1	15.53161	0.998699	0.999667	1.00033	1.0013	6.382733
48700	-1575.19	-1549.154	-26.03644	623658.3	18.76368	0.998391	0.999588	1.00041	1.00161	6.184884
48800	-1575.009	-1542.603	-32.4068	504923	15.37009	0.998212	0.999543	1.00046	1.00179	6.905801
48900	-1569.322	-1543.24	-26.08271	625329.6	12.50582	0.998393	0.999589	1.00041	1.00161	6.625879
49000	-1553.958	-1528.626	-25.33282	430141.9	12.25908	0.998063	0.999504	1.00049	1.00194	6.563926
49100	-1559.315	-1530.027	-29.2873	931772.1	14.00373	0.998683	0.999663	1.00034	1.00132	6.811262
49200	-1576.473	-1552.13	-24.34314	849953.4	11.83445	0.998622	0.999648	1.00035	1.00138	6.469799
49300	-1574.225	-1539.106	-35.11986	805772.8	9.809216	0.998584	0.999638	1.00036	1.00142	7.319079
49400	-1559.615	-1534.912	-24.70385	192738.6	13.50056	0.997106	0.999259	1.00074	1.0029	6.502686
49500	-1558.084	-1525.891	-32.19343	802332.8	11.34204	0.998581	0.999637	1.00036	1.00142	7.133011
49600	-1560.266	-1526.385	-33.88078	913523.6	11.67731	0.99867	0.99966	1.00034	1.00133	7.27902
49700	-1553.218	-1524.554	-28.66429	32586.35	10.62989	0.992967	0.998193	1.00179	1.00705	6.773754
49800	-1567.087	-1536.448	-30.63938	709275.1	11.5301	0.998491	0.999614	1.00039	1.00151	6.999857
49900	-1554.251	-1534.746	-19.50564	895286.3	13.18787	0.998657	0.999657	1.00034	1.00134	6.116405
50000	-1556.339	-1523.408	-32.93115	506804.6	10.17629	0.998215	0.999543	1.00046	1.00179	7.139639
50100	-1560.425	-1536.677	-23.74793	508202.1	14.00269	0.998218	0.999544	1.00045	1.00178	6.415739
50200	-1566.469	-1539.119	-27.34962	891917.7	12.1785	0.998654	0.999656	1.00034	1.00135	6.728255
50300	-1561.767	-1526.785	-34.98135	249138.2	11.57933	0.997455	0.999348	1.00065	1.00255	7.375498
50400	-1565.539	-1542.937	-22.60238	492781.6	12.15947	0.99819	0.999537	1.00046	1.00181	6.337751
50500	-1558.345	-1526.882	-31.46231	302669.4	16.32174	0.99769	0.999409	1.00059	1.00231	6.74648
50600	-1560.997	-1531.127	-29.87031	894141.5	10.35445	0.998656	0.999656	1.00034	1.00134	6.860221
50700	-1580.679	-1547.861	-32.81852	339915	11.82059	0.997821	0.999442	1.00056	1.00218	7.186194
50800	-1567.699	-1536.311	-31.38846	268185.8	12.47259	0.997547	0.999372	1.00063	1.00246	7.051325
50900	-1559.489	-1530.246	-29.24299	224558.6	13.25014	0.997319	0.999314	1.00068	1.00268	6.851826
51000	-1555.3	-1538.461	-16.83854	367165.6	12.17734	0.997903	0.999463	1.00054	1.0021	5.865083
51100	-1557.979	-1536.006	-21.97291	467698.7	12.88448	0.998142	0.999525	1.00047	1.00186	6.303088
51200	-1575.821	-1548.562	-27.25884	165053.5	12.69445	0.996873	0.999199	1.0008	1.00313	6.717342
51300	-1569.289	-1542.87	-26.41965	926691.7	13.97163	0.99868	0.999662	1.00034	1.00132	6.608161
51400	-1572.469	-1540.92	-31.54898	287650.1	10.18955	0.997631	0.999394	1.0006	1.00237	7.005305
51500	-1578.229	-1543.402	-34.82693	604027.9	11.38037	0.998365	0.999582	1.00042	1.00164	7.364919
51600	-1567.354	-1534.097	-33.25742	49731.81	12.06296	0.994306	0.998538	1.00145	1.00571	7.217192
51700	-1568.355	-1543.481	-24.87397	708473.2	12.93781	0.99849	0.999614	1.00039	1.00151	6.527651
51800	-1560.967	-1530.607	-30.35964	135450	11.43992	0.996548	0.999116	1.00088	1.00346	6.973818
51900	-1552.181	-1522.722	-29.45988	565622.5	11.4732	0.99831	0.999568	1.00043	1.00169	6.896108
52000	-1562.464	-1535.745	-26.71888	599179.4	14.97432	0.998358	0.99958	1.00042	1.00164	6.565683
52100	-1576.495	-1541.457	-35.03846	4527.077	13.23335	0.981172	0.995112	1.00476	1.01895	7.290573
52200	-1564.49	-1536.726	-27.7641	348587.1	13.26358	0.997848	0.999449	1.00055	1.00215	6.739677
52300	-1568.612	-1538.785	-29.8276	488186.8	12.16523	0.998181	0.999535	1.00046	1.00182	6.931888
52400	-1585.192	-1557.404	-27.78847	903327.8	10.40891	0.998663	0.999658	1.00034	1.00134	6.666113
52500	-1568.755	-1544.841	-23.91471	568653.9	13.17612	0.998315	0.999569	1.00043	1.00169	6.450913
52600	-1573.636	-1541.257	-32.37831	706339.1	11.0855	0.998488	0.999613	1.00039	1.00151	7.143966
52700	-1576.683	-1540.325	-36.35808	371959	9.415999	0.997917	0.999467	1.00053	1.00208	7.39526
52800	-1563.857	-1537.684	-26.1724	856922.8	12.38538	0.998627	0.999649	1.00035	1.00137	6.633083
52900	-1578.701	-1539.268	-39.4325	650669.1	9.863646	0.998425	0.999597	1.0004	1.00158	7.762497
53000	-1565.925	-1534.917	-31.0078	664101.5	12.74925	0.998441	0.999601	1.0004	1.00156	7.010382
53100	-1553.177	-1520.863	-32.31488	967613.6	12.35359	0.998708	0.99967	1.00033	1.00129	7.130206
53200	-1564	-1536.884	-27.11585	969367.4	13.48083	0.998709	0.99967	1.00033	1.00129	6.682194
53300	-1559.007	-1532.906	-26.10149	53071.41	11.65919	0.994488	0.998585	1.0014	1.00552	6.612098
53400	-1569.582	-1535.698	-33.88346	322858.2	8.855491	0.997764	0.999428	1.00057	1.00224	7.007468
53500	-1575.241	-1537.926	-37.31481	690306.1	10.45842	0.998471	0.999609	1.00039	1.00153	7.583053
53600	-1576.708	-1540.324	-36.38367	23363.39	10.91083	0.991696	0.997864	1.00211	1.00833	7.504907
53700	-1579.007	-1543.733	-35.2738	846936.3	9.702964	0.998619	0.999647	1.00035	1.00138	7.321874
53800	-1564.206	-1536.916	-27.29036	26682.97	12.77171	0.992229	0.998002	1.00198	1.00779	6.718348
53900	-1563.324	-1535.315	-28.00893	231233.8	11.57455	0.997358	0.999324	1.00067	1.00264	6.773202
54000	-1557.658	-1528.139	-29.51984	81046.85	13.05578	0.995539	0.998856	1.00114	1.00447	6.881804
54100	-1561.818	-1528.564	-33.25465	199594.9	9.401651	0.997156	0.999272	1.00073	1.00285	7.06297
54200	-1562.411	-1536.924	-25.48751	971211.9	14.64649	0.99871	0.99967	1.00033	1.00129	6.50458
54300	-1577.431	-1542.764	-34.66675	121336	13.05396	0.996353	0.999066	1.00093	1.00365	7.276163
54400	-1573.977	-1536.466	-37.51055	288201.3	13.74235	0.997633	0.999394	1.0006	1.00237	7.426465
54500	-1557.116	-1532.488	-24.62877	560183.6	11.64962	0.998302	0.999566	1.00043	1.0017	6.485285
54600	-1559.805	-1529.987	-29.8187	755023.9	11.3526	0.998538	0.999626	1.00037	1.00146	6.923979
54700	-1561.922	-1538.54	-23.38191	152694.6	13.89442	0.996749	0.999167	1.00083	1.00325	6.393463
54800	-1559.553	-1536.294	-23.25847	531863.9	14.7772	0.998258	0.999554	1.00044	1.00174	6.345539
54900	-1551.858	-1529.445	-22.41341	13619.23	13.59309	0.989129	0.997197	1.00276	1.01091	6.331271
55000	-1572.156	-1544.073	-28.08228	699802.9	11.09093	0.998481	0.999611	1.00039	1.00152	6.756777
55100	-1565.357	-1535.467	-29.88919	162433.1	14.24244	0.996848	0.999193	1.0008	1.00316	6.836886
55200	-1592.08	-1554.164	-37.91614	492112.8	9.258669	0.998189	0.999537	1.00046	1.00181	7.537912
55300	-1570.878	-1535.545	-35.3326	597567.9	13.54871	0.998356	0.99958	1.00042	1.00164	7.285685
55400	-1563.074	-1530.064	-33.01023	660519.5	12.23276	0.998436	0.9996	1.0004	1.00156	7.191156
55500	-1567.722	-1534.171	-33.55105	365700.1	11.1218	0.997899	0.999462	1.00054	1.0021	7.250427
55600	-1565.167	-1539.643	-25.52389	714632.7	12.89237	0.998497	0.999616	1.00038	1.0015	6.578577
55700	-1567.687	-1530.678	-37.0088	877493.3	10.10429	0.998643	0.999653	1.00035	1.00136	7.535764
55800	-1559.895	-1529.489	-30.40618	257119.3	11.06101	0.997494	0.999359	1.00064	1.00251	6.964935
55900	-1568.634	-1537.477	-31.15761	622919.8	11.09784	0.99839	0.999588	1.00041	1.00161	7.034328
56000	-1571.694	-1537.13	-34.56408	405163.4	9.93395	0.998004	0.999489	1.00051	1.002	7.276838
56100	-1588.364	-1551.688	-36.67611	216183.3	11.80645	0.997267	0.9993	1.0007	1.00274	7.513159
56200	-1568.59	-1536.796	-31.79367	615063.7	12.30737	0.99838	0.999586	1.00041	1.00162	7.089497
56300	-1577.312	-1542.046	-35.26635	437076.8	10.62171	0.998078	0.999508	1.00049	1.00192	7.394527
56400	-1559.238	-1526.9	-32.33772	220961.5	12.3498	0.997297	0.999308	1.00069	1.00271	7.132193
56500	-1563.098	-1540.168	-22.92952	880669.8	14.13644	0.998646	0.999654	1.00035	1.00135	6.352412
56600	-1573.921	-1541.484	-32.43689	368929.6	11.36343	0.997908	0.999465	1.00053	1.00209	7.154727
56700	-1576.058	-1533.285	-42.77213	722783.5	9.000117	0.998505	0.999618	1.00038	1.0015	8.032263
56800	-1564.618	-1537.615	-27.00363	210399.5	11.0464	0.99723	0.999291	1.00071	1.00277	6.656217
56900	-1558.947	-1531.598	-27.34941	132435.8	11.92674	0.996509	0.999106	1.00089	1.00349	6.725612
57000	-1567.984	-1541.204	-26.78072	995084.4	13.08678	0.998726	0.999674	1.00033	1.00127	6.671128
57100	-1565.525	-1536.655	-28.86979	265836.4	10.18933	0.997536	0.999369	1.00063	1.00247	6.742339
57200	-1557.851	-1529.055	-28.79563	804232.9	12.8212	0.998583	0.999638	1.00036	1.00142	6.834688
57300	-1562.251	-1528.575	-33.67595	255167.8	12.52621	0.997485	0.999356	1.00064	1.00252	7.232011
57400	-1570.229	-1542.347	-27.88284	134826	12.5819	0.99654	0.999114	1.00088	1.00346	6.768652
57500	-1559.244	-1532.727	-26.51671	436578.3	11.88978	0.998077	0.999508	1.00049	1.00192	6.654916
57600	-1570.281	-1530.908	-39.37361	15009.21	11.36787	0.989644	0.997331	1.00263	1.01039	7.764979
57700	-1599.813	-1554.451	-45.36244	930943.9	9.269345	0.998683	0.999663	1.00034	1.00132	8.342894
57800	-1560.339	-1537.928	-22.41109	161762.3	10.39602	0.996841	0.999191	1.00081	1.00316	6.147242
57900	-1576.834	-1541.693	-35.14146	343038.2	12.04253	0.997831	0.999445	1.00055	1.00217	7.37426
58000	-1575.122	-1541.594	-33.52865	27990.12	12.52654	0.992413	0.998049	1.00193	1.00761	7.220235
58100	-1557.732	-1527.989	-29.7439	86442.83	10.30335	0.99568	0.998892	1.0011	1.00433	6.842153
58200	-1557.472	-1530.612	-26.86029	470593.7	13.47822	0.998148	0.999526	1.00047	1.00185	6.663345
58300	-1567.101	-1536.069	-31.03212	228731.1	11.5913	0.997343	0.99932	1.00068	1.00266	7.034545
58400	-1585.385	-1545.678	-39.70748	85340.91	9.833068	0.995652	0.998885	1.00111	1.00435	7.788384
58500	-1569.177	-1536.717	-32.45904	144031.1	10.4687	0.996653	0.999143	1.00085	1.00335	7.119551
58600	-1566.777	-1538.95	-27.82774	930013.4	11.52674	0.998682	0.999663	1.00034	1.00132	6.755883
58700	-1574.375	-1533.133	-41.24144	658868.2	10.12653	0.998434	0.9996	1.0004	1.00157	7.955205
58800	-1576.012	-1544.765	-31.24704	369351.5	11.25906	0.997909	0.999465	1.00053	1.00209	7.047564
58900	-1561.122	-1535.455	-25.6673	330253.9	12.30682	0.997789	0.999434	1.00056	1.00221	6.591711
59000	-1563.229	-1537.824	-25.40564	184092.6	13.66001	0.997039	0.999242	1.00076	1.00296	6.548884
59100	-1551.134	-1525.345	-25.78903	991930.3	12.31946	0.998724	0.999674	1.00033	1.00128	6.601706
59200	-1574.394	-1541.792	-32.60218	458364.9	10.87947	0.998123	0.99952	1.00048	1.00188	7.157047
59300	-1561.499	-1534.199	-27.30024	778558	12.41951	0.99856	0.999632	1.00037	1.00144	6.723951
59400	-1561.99	-1535.988	-26.00118	321071.9	13.6838	0.997758	0.999426	1.00057	1.00224	6.59148
59500	-1577.605	-1540.879	-36.72567	189245.7	11.55246	0.99708	0.999252	1.00074	1.00292	7.527016
59600	-1565.274	-1531.998	-33.2762	3482.099	12.79645	0.978542	0.994416	1.00542	1.02162	7.1856
59700	-1577.863	-1541.874	-35.98921	23158.57	10.51494	0.99166	0.997854	1.00212	1.00836	7.458719
59800	-1572.29	-1538.314	-33.97628	172204.5	11.09081	0.996939	0.999216	1.00078	1.00306	7.288202
59900	-1568.852	-1542.136	-26.71553	50844.16	11.43893	0.994368	0.998555	1.00143	1.00564	6.655226
60000	-1576.848	-1540.207	-36.64057	165166.4	13.09428	0.996874	0.999199	1.0008	1.00313	7.423901
60100	-1576.558	-1546.867	-29.69077	217755.1	12.23946	0.997277	0.999303	1.00069	1.00273	6.919703
60200	-1558.756	-1530.957	-27.79858	902999.6	10.62591	0.998663	0.999658	1.00034	1.00134	6.691898
60300	-1544.833	-1518.27	-26.56315	397055	13.40299	0.997983	0.999484	1.00051	1.00202	6.644202
60400	-1573.776	-1534.443	-39.33309	817442.4	9.650269	0.998594	0.999641	1.00036	1.00141	7.735622
60500	-1575.317	-1543.409	-31.90878	387160.6	11.1516	0.997958	0.999477	1.00052	1.00204	7.103646
60600	-1576.006	-1542.879	-33.12631	699007.4	11.87676	0.99848	0.999611	1.00039	1.00152	7.211105
60700	-1558.937	-1523.709	-35.22817	881762.3	12.02878	0.998647	0.999654	1.00035	1.00135	7.382054
60800	-1582.245	-1540.408	-41.83704	612700.3	10.93196	0.998377	0.999585	1.00041	1.00162	8.003903
60900	-1571.086	-1542.115	-28.97063	440759.7	11.8593	0.998086	0.99951	1.00049	1.00192	6.861056
61000	-1573.706	-1539.957	-33.74823	512771.6	12.66556	0.998225	0.999546	1.00045	1.00178	7.230196
61100	-1579.306	-1537.543	-41.7623	160602.1	11.41556	0.99683	0.999188	1.00081	1.00317	7.972125
61200	-1564.768	-1538.26	-26.50799	22788.34	13.72882	0.991592	0.997837	1.00214	1.00843	6.626462
61300	-1589.962	-1553.673	-36.28863	383604.5	10.12475	0.997948	0.999475	1.00052	1.00205	7.465985
61400	-1564.489	-1542.405	-22.08413	147653.5	12.75236	0.996694	0.999153	1.00084	1.00331	6.310483
61500	-1559.329	-1527.912	-31.41631	25474.88	12.2644	0.992047	0.997955	1.00202	1.00798	7.060027
61600	-1565.44	-1541.601	-23.83914	253644.4	12.38443	0.997477	0.999354	1.00064	1.00253	6.444678
61700	-1567.326	-1536.957	-30.36927	24117.18	9.899907	0.991827	0.997898	1.00208	1.0082	6.849352
61800	-1573.976	-1539.344	-34.63149	829713.7	9.202805	0.998605	0.999643	1.00036	1.0014	7.172067
61900	-1571.688	-1541.047	-30.64087	840495.6	14.01441	0.998614	0.999646	1.00035	1.00139	6.907127
62000	-1565.265	-1528.873	-36.39238	380531.3	12.48076	0.99794	0.999473	1.00053	1.00206	7.451969
62100	-1574.796	-1548.447	-26.34934	445845.6	14.3373	0.998097	0.999513	1.00049	1.0019	6.582786
62200	-1554.482	-1534.574	-19.90833	656894.2	14.80807	0.998432	0.999599	1.0004	1.00157	6.117635
62300	-1560.329	-1531.224	-29.10525	404472.5	13.08455	0.998002	0.999489	1.00051	1.002	6.848847
62400	-1566.524	-1536.775	-29.74856	292439.9	13.74892	0.99765	0.999399	1.0006	1.00235	6.861223
62500	-1580.413	-1544.309	-36.10392	826304.9	15.0967	0.998602	0.999642	1.00036	1.0014	7.178328
62600	-1587.884	-1551.019	-36.86497	542395.3	10.14436	0.998275	0.999559	1.00044	1.00173	7.524193
62700	-1563.536	-1533.225	-30.31049	634170.2	12.90041	0.998404	0.999592	1.00041	1.0016	6.949503
62800	-1567.221	-1535.741	-31.4797	137565.1	12.27979	0.996575	0.999123	1.00087	1.00343	7.064771
62900	-1576.608	-1542.325	-34.28346	191256.8	11.66886	0.997095	0.999256	1.00074	1.00291	7.313672
63000	-1570.829	-1538.751	-32.07844	738479	11.47534	0.998521	0.999622	1.00038	1.00148	7.124356
63100	-1564.711	-1537.275	-27.4361	756290.2	14.11081	0.998539	0.999626	1.00037	1.00146	6.672753
63200	-1570.879	-1537.2	-33.67832	331875.9	12.03147	0.997794	0.999436	1.00056	1.00221	7.253122
63300	-1578.539	-1546.613	-31.92612	178306.2	14.06364	0.996991	0.99923	1.00077	1.00301	6.994831
63400	-1553.391	-1531.861	-21.52974	141362.9	13.86716	0.996621	0.999134	1.00086	1.00338	6.260821
63500	-1567.912	-1532.891	-35.02038	47215.19	12.54611	0.994156	0.9985	1.00149	1.00586	7.338136
63600	-1548.628	-1525.313	-23.31477	891084.5	14.4614	0.998654	0.999656	1.00034	1.00135	6.365397
63700	-1569.542	-1543.856	-25.68593	487128.7	9.597557	0.998179	0.999534	1.00046	1.00182	6.308757
63800	-1573.349	-1537.804	-35.54496	187759.9	12.01126	0.997068	0.999249	1.00075	1.00293	7.409173
63900	-1586.453	-1544.716	-41.73708	711162.1	11.78836	0.998493	0.999615	1.00038	1.00151	7.943258
64000	-1560.821	-1535.369	-25.45175	76149.95	9.76996	0.995398	0.99882	1.00117	1.00461	6.324828
64100	-1582.568	-1540.524	-42.04446	818254.6	11.48458	0.998595	0.999641	1.00036	1.00141	7.992195
64200	-1554.767	-1525.512	-29.25431	535329	12.52617	0.998263	0.999556	1.00044	1.00174	6.879021
64300	-1574.367	-1540.379	-33.98787	650392.2	12.63986	0.998424	0.999597	1.0004	1.00158	7.250603
64400	-1579.294	-1550.396	-28.89813	127691.5	12.37727	0.996445	0.999089	1.00091	1.00356	6.853282
64500	-1566.244	-1531.694	-34.54975	335043.9	10.69245	0.997805	0.999438	1.00056	1.0022	7.33003
64600	-1555.368	-1532.533	-22.83482	185903.1	12.75656	0.997053	0.999245	1.00075	1.00295	6.369381
64700	-1553.583	-1522.663	-30.91962	182125.9	10.98972	0.997023	0.999238	1.00076	1.00298	7.008123
64800	-1595.316	-1552.531	-42.78569	779735.3	12.25965	0.998561	0.999632	1.00037	1.00144	7.987537
64900	-1555.961	-1528.736	-27.22543	807011.9	11.57182	0.998585	0.999638	1.00036	1.00142	6.705406
65000	-1561.291	-1528.544	-32.74684	368669.3	11.55572	0.997907	0.999465	1.00053	1.00209	7.182594
65100	-1569.163	-1537.653	-31.5098	606478.2	11.47667	0.998368	0.999583	1.00042	1.00163	7.074818
65200	-1565.845	-1533.343	-32.50184	818943.5	11.4181	0.998596	0.999641	1.00036	1.0014	7.16093
65300	-1547.986	-1523.913	-24.07233	764085	12.32316	0.998546	0.999628	1.00037	1.00145	6.462429
65400	-1556.251	-1526.728	-29.52249	502640.3	13.62442	0.998208	0.999541	1.00046	1.00179	6.852404
65500	-1573.582	-1541.798	-31.78402	438078.7	12.33811	0.99808	0.999509	1.00049	1.00192	7.087738
65600	-1568.896	-1547.275	-21.62036	324677.7	13.99682	0.99777	0.999429	1.00057	1.00223	6.263963
65700	-1566.736	-1529.017	-37.71829	117938.4	9.978247	0.996301	0.999052	1.00094	1.0037	7.597655
65800	-1570.018	-1536.999	-33.01879	956994.9	14.17059	0.998701	0.999668	1.00033	1.0013	7.06308
65900	-1572.156	-1541.715	-30.44092	932236.7	10.22925	0.998684	0.999663	1.00034	1.00132	6.901331
66000	-1561.744	-1533.119	-28.62535	152054.9	12.97047	0.996742	0.999166	1.00083	1.00326	6.816457
66100	-1575.458	-1542.414	-33.04392	934666.9	11.73681	0.998686	0.999664	1.00034	1.00132	7.206611
66200	-1580.722	-1542.175	-38.54716	762580.8	10.57136	0.998545	0.999628	1.00037	1.00146	7.702842
66300	-1563.837	-1535.652	-28.18515	120707	11.53592	0.996344	0.999063	1.00093	1.00366	6.787197
66400	-1578.929	-1549.209	-29.71961	204926.6	9.830763	0.997193	0.999281	1.00072	1.00281	6.772248
66500	-1569.196	-1536.29	-32.90638	367169.7	11.7979	0.997903	0.999463	1.00054	1.0021	7.194004
66600	-1573.85	-1544.495	-29.35582	901375.2	14.21407	0.998661	0.999658	1.00034	1.00134	6.801483
66700	-1564.678	-1542.363	-22.31516	262467.3	13.67037	0.99752	0.999365	1.00063	1.00248	6.322412
66800	-1563.973	-1530.889	-33.08424	38746.12	11.1853	0.99355	0.998343	1.00164	1.00646	7.209661
66900	-1563.885	-1534.41	-29.47534	576288.8	14.87754	0.998326	0.999572	1.00043	1.00167	6.757926
67000	-1556.853	-1537.828	-19.02449	782328.4	16.32768	0.998563	0.999633	1.00037	1.00144	5.984085
67100	-1583.625	-1550.414	-33.21093	595540.8	11.85377	0.998353	0.999579	1.00042	1.00165	7.218723
67200	-1557.006	-1532.137	-24.86885	253156.6	11.29217	0.997475	0.999354	1.00064	1.00253	6.483584
67300	-1560.633	-1532.423	-28.20995	550804.4	14.43607	0.998288	0.999562	1.00044	1.00171	6.705688
67400	-1556.278	-1531.071	-25.20657	154881.7	12.00305	0.996772	0.999173	1.00082	1.00323	6.548222
67500	-1572.934	-1542.515	-30.41857	252968.4	14.21854	0.997474	0.999353	1.00064	1.00253	6.875906
67600	-1569.469	-1543.117	-26.35179	196189.2	12.62451	0.997132	0.999266	1.00073	1.00287	6.646619
67700	-1574.774	-1540.866	-33.90823	584253.3	11.82707	0.998338	0.999575	1.00042	1.00166	7.278223
67800	-1560.791	-1528.707	-32.08363	584972.8	9.820569	0.998339	0.999575	1.00042	1.00166	7.011227
67900	-1567.644	-1537.519	-30.12461	176979.5	12.8221	0.99698	0.999227	1.00077	1.00302	6.938307
68000	-1574.354	-1549.55	-24.80395	141155.5	14.43793	0.996619	0.999134	1.00086	1.00339	6.469651
68100	-1562.5	-1528.308	-34.19197	19133.57	11.19417	0.990826	0.997638	1.00233	1.0092	7.308765
68200	-1550.998	-1524.896	-26.10216	60013.22	13.13979	0.994816	0.99867	1.00132	1.00519	6.617916
68300	-1570.147	-1541.699	-28.44727	967834.2	11.65851	0.998708	0.99967	1.00033	1.00129	6.813278
68400	-1570.895	-1546.311	-24.58418	596413.9	12.16606	0.998355	0.999579	1.00042	1.00165	6.500891
68500	-1572.351	-1544.695	-27.65665	245721.7	9.817584	0.997437	0.999344	1.00065	1.00257	6.559865
68600	-1570.268	-1539.586	-30.68122	782264.1	11.49039	0.998563	0.999633	1.00037	1.00144	7.002859
68700	-1576.728	-1547.126	-29.60178	829737.1	11.18955	0.998605	0.999643	1.00036	1.0014	6.898509
68800	-1579.257	-1547.971	-31.2857	376415.7	9.236102	0.997929	0.99947	1.00053	1.00207	6.816477
68900	-1561.257	-1537.102	-24.15525	337317.9	12.43359	0.997812	0.99944	1.00056	1.00219	6.470913
69000	-1587.525	-1545.714	-41.81135	46600.59	11.4418	0.994118	0.99849	1.0015	1.00589	7.974727
69100	-1560.573	-1536.156	-24.41756	131773.5	11.77782	0.996501	0.999103	1.00089	1.0035	6.47357
69200	-1580.649	-1540.426	-40.22315	379695.4	11.67194	0.997938	0.999472	1.00053	1.00206	7.822497
69300	-1575.625	-1541.491	-34.13463	122438	10.6773	0.99637	0.99907	1.00093	1.00363	7.290548
69400	-1574.813	-1544.53	-30.28219	335864.4	13.07973	0.997808	0.999439	1.00056	1.00219	6.939032
69500	-1566.74	-1529.228	-37.51189	919573.1	12.67619	0.998675	0.999661	1.00034	1.00133	7.526498
69600	-1580.167	-1532.143	-48.02356	448911.9	10.10298	0.998103	0.999515	1.00048	1.0019	8.625926
69700	-1567.288	-1530.667	-36.62092	624374.6	9.548562	0.998392	0.999589	1.00041	1.00161	7.441792
69800	-1572.845	-1533.149	-39.69635	856752.7	9.112597	0.998627	0.999649	1.00035	1.00137	7.70897
69900	-1569.508	-1535.702	-33.80676	889239.8	12.42219	0.998652	0.999655	1.00034	1.00135	7.247716
70000	-1559.301	-1538.231	-21.06958	556814.9	13.85008	0.998297	0.999564	1.00043	1.0017	6.228001
70100	-1567.277	-1541.672	-25.60489	18095.71	13.44715	0.990567	0.997571	1.0024	1.00946	6.571257
70200	-1568.527	-1545.039	-23.4876	666528.1	13.39811	0.998443	0.999602	1.0004	1.00156	6.414833
70300	-1569.891	-1541.361	-28.53061	910065.9	13.81535	0.998668	0.999659	1.00034	1.00133	6.768766
70400	-1570.912	-1535.288	-35.6236	230229.1	9.88537	0.997352	0.999322	1.00068	1.00265	7.378609
70500	-1582.648	-1543.302	-39.34575	965168.4	10.36501	0.998706	0.999669	1.00033	1.00129	7.775563
70600	-1577.223	-1538.195	-39.02795	491894.6	8.386494	0.998188	0.999537	1.00046	1.00181	7.472441
70700	-1563.853	-1531.132	-32.72119	926962	10.39906	0.99868	0.999662	1.00034	1.00132	7.139222
70800	-1556.693	-1526.393	-30.30019	220593.7	13.31729	0.997295	0.999307	1.00069	1.00271	6.927919
70900	-1586.526	-1549.267	-37.2599	312925.3	11.10132	0.997729	0.999419	1.00058	1.00227	7.584151
71000	-1563.377	-1532.842	-30.53499	430840.7	10.7818	0.998064	0.999505	1.00049	1.00194	6.960869
71100	-1568.873	-1534.072	-34.80188	980120.4	12.15944	0.998716	0.999672	1.00033	1.00128	7.341045
71200	-1556.404	-1526.166	-30.23823	427398.7	13.04434	0.998056	0.999503	1.0005	1.00194	6.937376
71300	-1571.952	-1533.524	-38.42796	342823.7	11.3038	0.99783	0.999445	1.00055	1.00217	7.683967
71400	-1574.353	-1544.139	-30.21418	76559.38	9.524218	0.99541	0.998823	1.00117	1.0046	6.765863
71500	-1564.979	-1530.42	-34.55992	874055.9	14.13864	0.998641	0.999652	1.00035	1.00136	7.174925
71600	-1569.611	-1532.211	-37.39967	405333.4	9.278006	0.998004	0.999489	1.00051	1.002	7.485233
71700	-1562.173	-1529.01	-33.16373	177312.1	10.36125	0.996983	0.999227	1.00077	1.00302	7.178832
71800	-1572.383	-1543.099	-29.28328	886334.3	13.74658	0.99865	0.999655	1.00034	1.00135	6.827526
71900	-1563.92	-1533.739	-30.18184	205993.8	11.33301	0.997201	0.999283	1.00071	1.0028	6.955383
72000	-1570.246	-1546.973	-23.27342	110622.5	11.68919	0.996181	0.999021	1.00097	1.00382	6.371362
72100	-1568.85	-1533.663	-35.18687	928520.3	10.88186	0.998681	0.999663	1.00034	1.00132	7.39467
72200	-1573.339	-1538.981	-34.35763	907236.4	14.21559	0.998666	0.999659	1.00034	1.00133	7.153228
72300	-1561.216	-1531.107	-30.10857	589166.6	11.27002	0.998344	0.999577	1.00042	1.00166	6.946837
72400	-1570.788	-1546.064	-24.72442	598296.7	11.13634	0.998357	0.99958	1.00042	1.00164	6.458075
72500	-1575.263	-1538.096	-37.16657	233691.8	11.34845	0.997372	0.999327	1.00067	1.00263	7.571323
72600	-1580.998	-1543.479	-37.51943	655279.3	12.23002	0.99843	0.999598	1.0004	1.00157	7.559953
72700	-1564.609	-1534.832	-29.77716	713850.4	13.02911	0.998496	0.999615	1.00038	1.0015	6.902709
72800	-1572.852	-1534.338	-38.51459	355624.4	12.19734	0.997869	0.999455	1.00054	1.00213	7.643687
72900	-1558.918	-1526.818	-32.1005	394184.7	11.74834	0.997976	0.999482	1.00052	1.00203	7.126144
73000	-1563.109	-1536.541	-26.56824	782959.4	11.26651	0.998564	0.999633	1.00037	1.00144	6.632479
73100	-1565.164	-1533.713	-31.45095	909802.7	13.62214	0.998668	0.999659	1.00034	1.00133	6.994108
73200	-1557.762	-1525.296	-32.4664	990638.5	11.49243	0.998723	0.999674	1.00033	1.00128	7.158229
73300	-1582.214	-1548.782	-33.43141	323467.6	11.64073	0.997766	0.999428	1.00057	1.00224	7.241009
73400	-1571.739	-1537.163	-34.57648	166167.2	10.84211	0.996883	0.999202	1.00079	1.00312	7.337526
73500	-1557.133	-1528.704	-28.42872	943473.9	12.43791	0.998692	0.999665	1.00033	1.00131	6.814555
73600	-1578.525	-1543.311	-35.21437	893025.6	12.16571	0.998655	0.999656	1.00034	1.00135	7.374666
73700	-1573.505	-1547	-26.50502	687667.5	14.71115	0.998468	0.999608	1.00039	1.00153	6.56973
73800	-1574.331	-1534.442	-39.88873	520470	10.39598	0.998239	0.999549	1.00045	1.00176	7.828427
73900	-1555.578	-1523.723	-31.8557	814934.5	12.22831	0.998592	0.99964	1.00036	1.00141	7.096901
74000	-1600.68	-1562.136	-38.54346	390073.5	10.21695	0.997966	0.999479	1.00052	1.00204	7.692919
74100	-1566.577	-1539.671	-26.90524	273034.9	17.06233	0.997568	0.999378	1.00062	1.00243	6.398949
74200	-1573.812	-1545.18	-28.63144	395149.1	10.74668	0.997979	0.999483	1.00052	1.00202	6.781336
74300	-1570.327	-1537.515	-32.8125	235434.1	9.949316	0.997382	0.99933	1.00067	1.00262	7.102444
74400	-1578.807	-1540.108	-38.69889	512734.4	13.04572	0.998225	0.999546	1.00045	1.00178	7.585849
74500	-1573.127	-1539.062	-34.06508	394109.6	11.8389	0.997976	0.999482	1.00052	1.00203	7.291177
74600	-1573.375	-1545.772	-27.6027	425629.7	11.14089	0.998052	0.999502	1.0005	1.00195	6.716825
74700	-1563.989	-1532.845	-31.14416	486574.2	12.09037	0.998178	0.999534	1.00046	1.00182	7.041545
74800	-1567.446	-1535.923	-31.52281	890125.6	12.91433	0.998653	0.999656	1.00034	1.00135	7.042769
74900	-1578.147	-1542.204	-35.94329	365457.1	11.32405	0.997898	0.999462	1.00054	1.0021	7.463887
75000	-1568.243	-1534.468	-33.77493	53582.02	11.37019	0.994514	0.998592	1.0014	1.0055	7.272479
75100	-1565.204	-1535.164	-30.0396	493567.9	9.85466	0.998191	0.999537	1.00046	1.00181	6.808753
75200	-1572.384	-1547.959	-24.42488	390522	13.34005	0.997967	0.99948	1.00052	1.00203	6.486212
75300	-1571.033	-1530.517	-40.51582	343079.2	11.11007	0.997831	0.999445	1.00055	1.00217	7.877108
75400	-1564.053	-1534.831	-29.22247	948527	10.81254	0.998695	0.999666	1.00033	1.00131	6.841503
75500	-1560.804	-1532.984	-27.82001	449452.7	11.49195	0.998105	0.999515	1.00048	1.0019	6.75391
75600	-1573.322	-1544.151	-29.1717	206071.6	15.5145	0.997201	0.999283	1.00071	1.0028	6.682373
75700	-1572.207	-1546.515	-25.69209	799759.6	13.01592	0.998579	0.999637	1.00036	1.00142	6.589441
75800	-1578.909	-1550.503	-28.40595	904282	10.26055	0.998664	0.999658	1.00034	1.00134	6.706648
75900	-1568.801	-1539.258	-29.54287	348532.3	10.2913	0.997848	0.999449	1.00055	1.00215	6.8212
76000	-1577.078	-1549.428	-27.64983	159077.5	10.64343	0.996815	0.999184	1.00081	1.00319	6.679735
76100	-1565.309	-1533.449	-31.8595	91973.19	11.43782	0.995812	0.998926	1.00107	1.00419	7.104903
76200	-1563.285	-1533.984	-29.3005	428696.5	9.974252	0.998059	0.999503	1.0005	1.00194	6.753413
76300	-1570.03	-1531.639	-38.39077	816803.6	10.81231	0.998594	0.99964	1.00036	1.00141	7.689435
76400	-1565.542	-1531.522	-34.0194	13287.59	12.69807	0.988995	0.997162	1.00279	1.01105	7.249688
76500	-1551.98	-1529.883	-22.09637	867366.2	16.30704	0.998635	0.999651	1.00035	1.00137	6.173696
76600	-1567.323	-1543.205	-24.11783	61195.22	11.66802	0.994866	0.998683	1.00131	1.00514	6.442449
76700	-1579.599	-1544.83	-34.76877	197733.6	11.85521	0.997143	0.999268	1.00073	1.00286	7.350099
76800	-1585.828	-1549.542	-36.28524	389327.5	13.29735	0.997964	0.999479	1.00052	1.00204	7.379123
76900	-1565.17	-1534.814	-30.35661	472349.6	12.50915	0.998151	0.999527	1.00047	1.00185	6.967533
77000	-1574.247	-1545.701	-28.54599	631542.4	14.8334	0.998401	0.999591	1.00041	1.0016	6.698952
77100	-1566.21	-1535.968	-30.24202	552713.8	12.55593	0.998291	0.999563	1.00044	1.00171	6.956971
77200	-1563.538	-1533.444	-30.09445	150578.3	11.17995	0.996726	0.999161	1.00083	1.00328	6.942145
77300	-1561.391	-1535.151	-26.23982	423648	13.19867	0.998048	0.999501	1.0005	1.00195	6.626725
77400	-1575.904	-1540.418	-35.48566	59077.1	9.788729	0.994775	0.998659	1.00133	1.00523	7.35403
77500	-1565.205	-1534.492	-30.71335	427938.2	12.10471	0.998058	0.999503	1.0005	1.00194	7.0057
77600	-1568.58	-1537.405	-31.17501	155534.8	12.99011	0.996779	0.999175	1.00082	1.00322	7.012027
77700	-1562.538	-1534.399	-28.13809	190900.9	11.97237	0.997092	0.999255	1.00074	1.00291	6.792202
77800	-1571.977	-1542.21	-29.76736	842924.4	11.42376	0.998616	0.999646	1.00035	1.00138	6.921602
77900	-1586.133	-1545.253	-40.87987	79218.89	11.28053	0.995487	0.998843	1.00115	1.00452	7.90206
78000	-1564.103	-1533.705	-30.39848	495050.2	11.57612	0.998194	0.999538	1.00046	1.00181	6.979673
78100	-1573.761	-1535.173	-38.58798	203190.6	10.35136	0.997182	0.999278	1.00072	1.00282	7.702054
78200	-1571.498	-1537.47	-34.02821	176587.8	10.81373	0.996977	0.999226	1.00077	1.00303	7.286005
78300	-1573.012	-1542.851	-30.16049	124558.7	12.39524	0.996401	0.999078	1.00092	1.0036	6.954848
78400	-1562.364	-1542.472	-19.89214	614771.8	15.01901	0.998379	0.999585	1.00041	1.00162	6.107877
78500	-1583.872	-1551.214	-32.65842	497894.1	12.0673	0.998199	0.999539	1.00046	1.0018	7.16742
78600	-1571.74	-1533.882	-37.85866	909552.6	9.760855	0.998668	0.999659	1.00034	1.00133	7.593884
78700	-1558.891	-1527.95	-30.94021	664935.7	10.26156	0.998442	0.999601	1.0004	1.00156	6.95375
78800	-1561.193	-1540.765	-20.42881	539965.9	13.60876	0.998271	0.999558	1.00044	1.00173	6.185114
78900	-1580.581	-1557.946	-22.63562	435834.6	12.31552	0.998075	0.999508	1.00049	1.00193	6.345623
79000	-1561.011	-1533.045	-27.96561	963264.6	11.93031	0.998705	0.999669	1.00033	1.0013	6.777321
79100	-1553.369	-1535.235	-18.13461	444724.9	13.66761	0.998095	0.999513	1.00049	1.00191	6.0166
79200	-1556.996	-1531.162	-25.83426	732516.4	13.5233	0.998515	0.99962	1.00038	1.00149	6.585582
79300	-1579.073	-1543.597	-35.4762	935020.4	11.31371	0.998686	0.999664	1.00034	1.00131	7.422743
79400	-1564.621	-1531.805	-32.81627	915982.1	9.174275	0.998672	0.99966	1.00034	1.00133	6.968366
79500	-1570.261	-1540.063	-30.198	822576.4	11.51742	0.998599	0.999642	1.00036	1.0014	6.96134
79600	-1558.822	-1531.05	-27.772	170685	13.62488	0.996925	0.999212	1.00078	1.00308	6.7239
79700	-1563.914	-1535.136	-28.7777	412355.1	14.65803	0.998021	0.999494	1.0005	1.00198	6.728333
79800	-1580.445	-1542.483	-37.96205	285846.8	9.795793	0.997624	0.999392	1.00061	1.00238	7.607643
79900	-1562.301	-1537.064	-25.23673	85438.82	12.99364	0.995655	0.998886	1.00111	1.00435	6.554831
80000	-1568.261	-1536.239	-32.02169	512685.1	13.71256	0.998225	0.999546	1.00045	1.00178	7.029302
80100	-1583.044	-1551.845	-31.19895	25961.82	11.43268	0.992122	0.997974	1.002	1.0079	7.047068
80200	-1559.59	-1535.587	-24.00291	574761.5	13.9793	0.998324	0.999571	1.00043	1.00168	6.434883
80300	-1574.384	-1539.751	-34.63287	574069.7	12.51024	0.998323	0.999571	1.00043	1.00168	7.309321
80400	-1569.153	-1538.541	-30.61205	232638.5	11.13135	0.997366	0.999326	1.00067	1.00264	6.98656
80500	-1563.502	-1541.494	-22.00791	696262.8	12.05317	0.998477	0.999611	1.00039	1.00152	6.284167
80600	-1586.492	-1550.193	-36.29812	196195.3	10.05913	0.997132	0.999266	1.00073	1.00287	7.461993
80700	-1568.183	-1533.257	-34.92653	948247.3	11.81621	0.998695	0.999666	1.00033	1.00131	7.364666
80800	-1566.038	-1534.845	-31.19332	809392.3	12.28556	0.998587	0.999639	1.00036	1.00141	7.041299
80900	-1568.767	-1544.855	-23.91209	309897.4	13.06351	0.997718	0.999416	1.00058	1.00228	6.452197
81000	-1573.825	-1543.095	-30.73005	666889.2	11.76323	0.998444	0.999602	1.0004	1.00156	7.009519
81100	-1563.876	-1531.473	-32.40286	208991	11.19955	0.997221	0.999288	1.00071	1.00278	7.149056
81200	-1574.037	-1541.875	-32.16221	742426.7	10.00343	0.998525	0.999623	1.00038	1.00148	7.044025
81300	-1571.044	-1543.458	-27.58574	670370.5	14.74276	0.998448	0.999603	1.0004	1.00155	6.640895
81400	-1571.423	-1536.677	-34.7466	812136.5	14.5182	0.99859	0.999639	1.00036	1.00141	7.150076
81500	-1563.067	-1536.972	-26.09544	63124.21	12.93629	0.994945	0.998703	1.00129	1.00506	6.622091
81600	-1552.048	-1527.825	-24.22293	640685.6	13.1391	0.998412	0.999594	1.00041	1.00159	6.474909
81700	-1564.589	-1537.255	-27.33448	963211.9	13.20163	0.998705	0.999669	1.00033	1.0013	6.709556
81800	-1567.541	-1534.647	-32.89363	333023.5	13.96809	0.997798	0.999437	1.00056	1.0022	7.071828
81900	-1565.66	-1539.905	-25.75487	31086.77	13.65114	0.9928	0.998149	1.00183	1.00722	6.574807
82000	-1548.574	-1523.787	-24.78724	314002.2	13.09458	0.997733	0.99942	1.00058	1.00227	6.518666
82100	-1563.259	-1539.043	-24.21564	638185.8	13.52943	0.998409	0.999593	1.00041	1.00159	6.465718
82200	-1561.029	-1534.827	-26.2018	30855.73	12.75701	0.992773	0.998142	1.00184	1.00725	6.633317
82300	-1590.492	-1554.207	-36.28444	315732.7	9.06502	0.997739	0.999421	1.00058	1.00226	7.325014
82400	-1576.844	-1543.255	-33.58937	300108.8	12.49967	0.997681	0.999406	1.00059	1.00232	7.226442
82500	-1551.008	-1532.048	-18.96078	728011.2	13.68098	0.998511	0.999619	1.00038	1.00149	6.076988
82600	-1564.06	-1535.055	-29.00518	488993.3	11.4795	0.998183	0.999535	1.00046	1.00182	6.856669
82700	-1569.635	-1536.205	-33.42966	125380.4	11.8287	0.996413	0.999081	1.00091	1.00359	7.237725
82800	-1560.174	-1530.836	-29.33778	650182.8	12.20216	0.998424	0.999597	1.0004	1.00158	6.891277
82900	-1566.756	-1534.639	-32.11647	954445.7	12.01562	0.998699	0.999667	1.00033	1.0013	7.123643
83000	-1566.628	-1531.223	-35.40522	703788.8	10.81688	0.998485	0.999613	1.00039	1.00152	7.413415
83100	-1579.29	-1541.947	-37.34238	802430.8	10.92434	0.998581	0.999637	1.00036	1.00142	7.592765
83200	-1564.852	-1537.935	-26.91713	323246.2	11.24139	0.997765	0.999428	1.00057	1.00224	6.661905
83300	-1551.101	-1528.661	-22.43983	944631.8	11.09903	0.998692	0.999666	1.00033	1.00131	6.248918
83400	-1562.825	-1537.009	-25.81611	461170.6	11.72904	0.998129	0.999521	1.00048	1.00187	6.590486
83500	-1569.602	-1537.91	-31.69164	667427.9	12.60321	0.998445	0.999602	1.0004	1.00156	7.070491
83600	-1561.229	-1530.812	-30.41635	289776.6	11.31808	0.99764	0.999396	1.0006	1.00236	6.975641
83700	-1568.18	-1539.142	-29.03808	855074.2	12.54394	0.998626	0.999649	1.00035	1.00137	6.861361
83800	-1567.668	-1544.052	-23.61523	370454.2	17.23175	0.997912	0.999466	1.00053	1.00209	6.191881
83900	-1575.099	-1541.93	-33.16938	686980.4	10.76423	0.998467	0.999608	1.00039	1.00153	7.204414
84000	-1576.363	-1552.201	-24.16213	53573.38	14.59313	0.994514	0.998592	1.0014	1.0055	6.417015
84100	-1576.97	-1540.474	-36.4951	756383.7	9.547362	0.998539	0.999626	1.00037	1.00146	7.428455
84200	-1574.607	-1538.429	-36.17788	83654.33	12.88703	0.995609	0.998874	1.00112	1.0044	7.405376
84300	-1579.205	-1550.684	-28.521	58383.3	10.96301	0.994744	0.998651	1.00134	1.00527	6.788025
84400	-1585.048	-1552.738	-32.31081	706159.3	12.77332	0.998488	0.999613	1.00039	1.00151	7.111356
84500	-1567.523	-1539.202	-28.32162	609904.3	12.15675	0.998373	0.999584	1.00042	1.00163	6.808108
84600	-1568.689	-1530.408	-38.28157	344572.1	10.99062	0.997835	0.999446	1.00055	1.00217	7.678005
84700	-1573.816	-1540.072	-33.74391	165279.7	10.301	0.996875	0.9992	1.0008	1.00313	7.230191
84800	-1574.205	-1543.413	-30.79238	115014.6	12.58221	0.996254	0.99904	1.00095	1.00375	6.999889
84900	-1559.926	-1532.283	-27.64345	514770.6	11.16291	0.998229	0.999547	1.00045	1.00177	6.721866
85000	-1579.398	-1542.173	-37.22482	250319.2	10.29023	0.997461	0.99935	1.00065	1.00254	7.5676
85100	-1569.791	-1537.343	-32.44867	762543.8	10.63456	0.998545	0.999628	1.00037	1.00146	7.130059
85200	-1581.137	-1547.461	-33.67566	335423.5	13.87156	0.997806	0.999439	1.00056	1.0022	7.136315
85300	-1552.168	-1525.842	-26.32667	754750.5	10.88425	0.998537	0.999626	1.00037	1.00146	6.580678
85400	-1565.451	-1536.885	-28.5664	632946.4	12.47996	0.998403	0.999591	1.00041	1.0016	6.824939
85500	-1588.136	-1558.514	-29.62153	744914.8	14.95992	0.998528	0.999623	1.00038	1.00147	6.760758
85600	-1584.721	-1547.398	-37.32365	537322.3	13.66262	0.998266	0.999557	1.00044	1.00173	7.42109
85700	-1570.561	-1544.485	-26.07598	658268.5	12.60933	0.998434	0.999599	1.0004	1.00157	6.624877
85800	-1586.787	-1547.027	-39.76048	434568.6	10.3148	0.998072	0.999507	1.00049	1.00193	7.814577
85900	-1592.754	-1551.172	-41.58183	574058.8	8.638551	0.998323	0.999571	1.00043	1.00168	7.835584
86000	-1567.923	-1535.612	-32.31139	910917.6	9.145915	0.998669	0.99966	1.00034	1.00133	6.906617
86100	-1573.791	-1537.656	-36.13468	936715.4	11.54463	0.998687	0.999664	1.00034	1.00131	7.476072
86200	-1576.022	-1545.69	-30.33245	785494.3	12.94512	0.998566	0.999633	1.00037	1.00143	6.949224
86300	-1567.275	-1536.056	-31.21886	916680.7	12.78868	0.998673	0.999661	1.00034	1.00133	7.025179
86400	-1557.804	-1530.118	-27.6858	368727	12.92119	0.997907	0.999465	1.00053	1.00209	6.745462
86500	-1548.762	-1522.278	-26.4832	594663.2	11.58917	0.998352	0.999579	1.00042	1.00165	6.642012
86600	-1547.008	-1521.722	-25.28584	647206.2	13.94963	0.99842	0.999596	1.0004	1.00158	6.528017
86700	-1576.425	-1540.092	-36.33287	497813	12.90949	0.998199	0.999539	1.00046	1.0018	7.415615
86800	-1558.534	-1532.768	-25.76637	607332.8	12.08712	0.998369	0.999583	1.00042	1.00163	6.596682
86900	-1568.281	-1545.161	-23.1201	300601.1	12.43047	0.997683	0.999407	1.00059	1.00232	6.387596
87000	-1568.999	-1540.133	-28.86546	267977	11.87766	0.997546	0.999372	1.00063	1.00246	6.852358
87100	-1578.447	-1549.606	-28.84138	119563.3	12.97978	0.996326	0.999059	1.00094	1.00368	6.832767
87200	-1561.703	-1530.218	-31.48476	44338.17	12.65029	0.99397	0.998452	1.00154	1.00604	7.052133
87300	-1572.325	-1543.052	-29.27265	969394	11.90678	0.998709	0.99967	1.00033	1.00129	6.886789
87400	-1556.519	-1536.415	-20.10393	674892.9	12.12957	0.998453	0.999604	1.00039	1.00155	6.130634
87500	-1564.664	-1530.955	-33.70898	606852.6	11.50178	0.998369	0.999583	1.00042	1.00163	7.266291
87600	-1579.166	-1546.619	-32.54658	639337.8	11.23442	0.998411	0.999594	1.00041	1.00159	7.162559
87700	-1565.816	-1540.459	-25.35771	413920.9	13.0192	0.998025	0.999495	1.0005	1.00198	6.563692
87800	-1566.407	-1535.728	-30.67851	621045.8	13.46496	0.998388	0.999588	1.00041	1.00161	6.947458
87900	-1565.043	-1534.326	-30.71778	709073.7	11.19183	0.998491	0.999614	1.00039	1.00151	6.998325
88000	-1576.061	-1542.96	-33.10117	677664.3	10.18202	0.998456	0.999605	1.00039	1.00154	7.156906
88100	-1548.778	-1526.399	-22.37915	3283.51	14.66638	0.977905	0.994247	1.00558	1.02227	6.291415
88200	-1575.116	-1541.051	-34.0653	946773.2	12.62664	0.998694	0.999666	1.00033	1.00131	7.257491
88300	-1570.561	-1538.892	-31.66974	387715.8	11.32853	0.997959	0.999478	1.00052	1.00204	7.086586
88400	-1569.836	-1541.055	-28.78094	182425.8	12.69467	0.997026	0.999238	1.00076	1.00298	6.837239
88500	-1569.078	-1539.906	-29.17156	763062.3	14.75288	0.998545	0.999628	1.00037	1.00146	6.747649
88600	-1564.112	-1533.752	-30.36056	23089.52	11.44052	0.991647	0.997851	1.00212	1.00838	6.973912
88700	-1567.469	-1536.477	-30.9918	270829.6	10.36123	0.997559	0.999375	1.00062	1.00244	6.969211
88800	-1565.163	-1534.548	-30.61537	971836.7	11.16437	0.998711	0.99967	1.00033	1.00129	6.988154
88900	-1567.389	-1534.526	-32.86333	476860.5	11.39022	0.99816	0.999529	1.00047	1.00184	7.19244
89000	-1583.134	-1555.314	-27.81983	155146.3	14.66411	0.996775	0.999174	1.00082	1.00323	6.662543
89100	-1577.371	-1540.788	-36.58296	939628.4	11.12978	0.998689	0.999665	1.00033	1.00131	7.522978
89200	-1587.039	-1548.212	-38.82749	867367.5	11.87286	0.998635	0.999651	1.00035	1.00137	7.691374
89300	-1561.082	-1530.127	-30.95563	380045	11.51059	0.997939	0.999473	1.00053	1.00206	7.02703
89400	-1562.428	-1534.938	-27.49021	148784	11.66118	0.996707	0.999156	1.00084	1.0033	6.731269
89500	-1567.24	-1535.482	-31.75816	360018.4	11.047	0.997882	0.999458	1.00054	1.00212	7.086654
89600	-1571.353	-1543.649	-27.70409	618132	12.51063	0.998384	0.999587	1.00041	1.00162	6.755467
89700	-1561.525	-1541.897	-19.62762	947521	12.6259	0.998694	0.999666	1.00033	1.00131	6.114037
89800	-1564.83	-1533.861	-30.96878	580178.5	10.56434	0.998332	0.999573	1.00043	1.00167	6.985394
89900	-1565	-1531.105	-33.89516	741698.8	8.913221	0.998524	0.999623	1.00038	1.00148	7.024066
90000	-1571.222	-1539.418	-31.80456	735438.4	12.40872	0.998518	0.999621	1.00038	1.00148	7.087014
90100	-1565.03	-1544.271	-20.75887	109414.8	13.2382	0.99616	0.999016	1.00098	1.00385	6.211516
90200	-1578.057	-1540.84	-37.21666	839556.2	11.91964	0.998613	0.999645	1.00035	1.00139	7.553305
90300	-1581.067	-1540.167	-40.90028	873259.7	12.9238	0.99864	0.999652	1.00035	1.00136	7.767879
90400	-1577.877	-1544.085	-33.79215	353951.7	11.12718	0.997864	0.999453	1.00054	1.00214	7.272187
90500	-1574.614	-1535.012	-39.60251	153658.5	9.5572	0.996759	0.99917	1.00083	1.00324	7.7549
90600	-1561.123	-1537.683	-23.43989	983695	12.86125	0.998719	0.999672	1.00033	1.00128	6.416969
90700	-1577.485	-1548.569	-28.91646	459909.2	12.53454	0.998126	0.999521	1.00048	1.00187	6.85187
90800	-1556.786	-1526.234	-30.55189	16002.22	12.00739	0.98997	0.997416	1.00255	1.01007	6.99351
90900	-1562.878	-1528.012	-34.86574	774685	11.22687	0.998556	0.999631	1.00037	1.00144	7.368992
91000	-1586.527	-1560.126	-26.4014	315410.1	13.86437	0.997738	0.999421	1.00058	1.00226	6.612268
91100	-1580.322	-1544.504	-35.81812	856847.6	9.715952	0.998627	0.999649	1.00035	1.00137	7.379545
91200	-1564.212	-1537.483	-26.72885	987246.7	13.52705	0.998721	0.999673	1.00033	1.00128	6.651577
91300	-1577.127	-1543.671	-33.45644	64266.96	10.80588	0.99499	0.998715	1.00128	1.00502	7.232817
91400	-1571.52	-1535.898	-35.62175	754669.8	12.95502	0.998537	0.999626	1.00037	1.00146	7.357058
91500	-1557.502	-1531.619	-25.88357	450407.3	15.50944	0.998107	0.999516	1.00048	1.00189	6.470823
91600	-1581.408	-1542.815	-38.59236	38620.22	12.63777	0.993539	0.998341	1.00164	1.00648	7.615066
91700	-1565.216	-1536.729	-28.48782	330047.8	12.93184	0.997788	0.999434	1.00056	1.00221	6.807177
91800	-1574.767	-1541.979	-32.78793	482517	14.00967	0.998171	0.999532	1.00047	1.00183	7.060735
91900	-1565.115	-1545.14	-19.97534	829592.9	13.61785	0.998605	0.999643	1.00036	1.0014	6.15172
92000	-1565.261	-1535.188	-30.07252	922113.8	12.20904	0.998677	0.999662	1.00034	1.00132	6.951384
92100	-1575.246	-1538.729	-36.51678	373428.4	12.08754	0.997921	0.999468	1.00053	1.00208	7.486069
92200	-1564.468	-1540.039	-24.42913	465870.3	15.78613	0.998138	0.999524	1.00048	1.00186	6.35698
92300	-1572.868	-1538.202	-34.66644	568069	10.90053	0.998314	0.999569	1.00043	1.00169	7.347286
92400	-1579.339	-1543.227	-36.11183	599490.4	11.72577	0.998359	0.99958	1.00042	1.00164	7.4684
92500	-1581.249	-1545.951	-35.29764	275447	12.79714	0.997579	0.99938	1.00062	1.00242	7.343521
92600	-1576.905	-1534.822	-42.08334	263091.1	10.23484	0.997523	0.999366	1.00063	1.00248	8.039517
92700	-1575.844	-1543.677	-32.16678	266434.8	9.625178	0.997539	0.99937	1.00063	1.00246	6.98878
92800	-1555.908	-1529.253	-26.65456	823867.7	11.48288	0.9986	0.999642	1.00036	1.0014	6.652064
92900	-1568.592	-1536.327	-32.26504	301711.9	13.21517	0.997687	0.999408	1.00059	1.00232	7.082169
93000	-1557.565	-1528.459	-29.10596	493171.2	14.30702	0.998191	0.999537	1.00046	1.00181	6.777256
93100	-1566.45	-1534.665	-31.78447	225244.9	15.15461	0.997323	0.999315	1.00068	1.00268	6.886581
93200	-1570.475	-1531.672	-38.80331	154037.6	10.0106	0.996763	0.999171	1.00083	1.00324	7.708327
93300	-1567.595	-1535.325	-32.27031	596187.6	11.07564	0.998354	0.999579	1.00042	1.00165	7.133924
93400	-1565.544	-1538.48	-27.06406	753019.5	10.68316	0.998536	0.999625	1.00037	1.00147	6.628963
93500	-1574.222	-1545.116	-29.10626	168383.1	10.31461	0.996904	0.999207	1.00079	1.0031	6.781648
93600	-1579.574	-1539.594	-39.98014	723160.6	10.80177	0.998506	0.999618	1.00038	1.0015	7.836599
93700	-1574.949	-1546.022	-28.92751	823796.9	10.41459	0.9986	0.999642	1.00036	1.0014	6.776191
93800	-1564.649	-1533.155	-31.49419	351174.8	14.63865	0.997856	0.999451	1.00055	1.00215	6.915393
93900	-1561.841	-1539.587	-22.25463	248880.6	12.31975	0.997453	0.999348	1.00065	1.00255	6.31482
94000	-1560.798	-1531.023	-29.77583	532947.1	13.30486	0.998259	0.999555	1.00044	1.00174	6.889202
94100	-1571.768	-1536.598	-35.17024	567892	11.29179	0.998314	0.999569	1.00043	1.00169	7.395846
94200	-1572.449	-1534.012	-38.43631	176145.2	10.99919	0.996973	0.999225	1.00077	1.00303	7.691959
94300	-1569.875	-1534.136	-35.73843	983681.7	10.99048	0.998719	0.999672	1.00033	1.00128	7.446612
94400	-1559.233	-1531.55	-27.68284	713716.9	13.52542	0.998496	0.999615	1.00038	1.0015	6.722179
94500	-1564.084	-1530.723	-33.36151	364943.5	11.18351	0.997897	0.999462	1.00054	1.0021	7.234423
94600	-1564.526	-1538.686	-25.83993	167027.8	11.59318	0.996892	0.999204	1.00079	1.00311	6.586695
94700	-1581.375	-1543.673	-37.7022	707313	10.81074	0.998489	0.999614	1.00039	1.00151	7.625747
94800	-1574.356	-1532.275	-42.08135	95267.04	9.739512	0.995885	0.998945	1.00105	1.00412	8.025422
94900	-1595.492	-1559.587	-35.9046	97887.96	13.23554	0.99594	0.998959	1.00103	1.00407	7.355837
95000	-1561.947	-1534.795	-27.15168	388010.7	11.33667	0.99796	0.999478	1.00052	1.00204	6.688205
95100	-1566.205	-1531.333	-34.87267	299758.6	11.9468	0.997679	0.999406	1.00059	1.00232	7.355669
95200	-1568.573	-1539.64	-28.93319	427816.6	11.85474	0.998057	0.999503	1.0005	1.00194	6.857857
95300	-1568.716	-1538.026	-30.68987	624736.4	13.56267	0.998392	0.999589	1.00041	1.00161	6.942117
95400	-1574.029	-1543.012	-31.01696	522292.9	12.57536	0.998242	0.99955	1.00045	1.00176	7.017989
95500	-1574.409	-1541.07	-33.33933	716000.3	10.94964	0.998498	0.999616	1.00038	1.0015	7.22713
95600	-1558.532	-1533.134	-25.3984	426714.7	12.5481	0.998055	0.999502	1.0005	1.00195	6.571208
95700	-1576.598	-1537.68	-38.9183	62841.36	11.91271	0.994934	0.9987	1.00129	1.00508	7.696507
95800	-1572.342	-1537.158	-35.1839	118212.7	11.63937	0.996305	0.999053	1.00094	1.0037	7.391591
95900	-1584.529	-1548.821	-35.70784	620840.8	11.41472	0.998387	0.999587	1.00041	1.00161	7.44177
96000	-1575.873	-1547.391	-28.48199	170590.6	11.89735	0.996924	0.999212	1.00078	1.00308	6.820288
96100	-1575.22	-1539.965	-35.25461	325923.8	10.38494	0.997774	0.99943	1.00057	1.00223	7.382031
96200	-1570.469	-1542.927	-27.54228	365708.6	12.53123	0.997899	0.999462	1.00054	1.0021	6.742281
96300	-1570.902	-1547.813	-23.08857	646543.5	14.09848	0.99842	0.999596	1.0004	1.00158	6.365124
96400	-1579.175	-1545.359	-33.81571	996255.1	10.97093	0.998727	0.999674	1.00032	1.00127	7.271188
96500	-1548.694	-1528.183	-20.51096	547916.3	13.17978	0.998283	0.999561	1.00044	1.00172	6.192602
96600	-1549.912	-1526.055	-23.8568	146220.4	12.04137	0.996678	0.999149	1.00085	1.00333	6.437152
96700	-1565.454	-1532.954	-32.49965	351480.3	9.993517	0.997857	0.999452	1.00055	1.00214	7.076543
96800	-1573.529	-1549.8	-23.72902	183096	12.51891	0.997031	0.99924	1.00076	1.00297	6.437835
96900	-1568.543	-1537.47	-31.07352	814200.9	12.68335	0.998592	0.99964	1.00036	1.00141	7.018297
97000	-1569	-1541.299	-27.70111	145473.6	12.21306	0.996669	0.999147	1.00085	1.00333	6.757152
97100	-1579.582	-1543.791	-35.79121	305479.1	11.05003	0.997701	0.999412	1.00059	1.0023	7.451747
97200	-1558.045	-1529.975	-28.07079	140194	11.78628	0.996607	0.999131	1.00087	1.0034	6.783914
97300	-1580.614	-1550.085	-30.52918	797051.4	13.25125	0.998577	0.999636	1.00036	1.00142	6.948835
97400	-1585.816	-1540.647	-45.16883	321900	10.91098	0.997761	0.999427	1.00057	1.00224	8.310075
97500	-1570.724	-1538.289	-32.43517	358958.1	9.280592	0.997879	0.999457	1.00054	1.00212	6.950711
97600	-1570.303	-1538.983	-31.32018	628345.7	14.84459	0.998397	0.99959	1.00041	1.0016	6.884952
97700	-1555.484	-1520.207	-35.27723	742692.2	10.31036	0.998525	0.999623	1.00038	1.00148	7.37965
97800	-1556.105	-1530.007	-26.09879	525771.6	12.29416	0.998248	0.999552	1.00045	1.00175	6.626686
97900	-1582.148	-1545.868	-36.27982	611734	12.8418	0.998375	0.999584	1.00041	1.00163	7.416829
98000	-1556.277	-1529.759	-26.51842	52973.51	12.59787	0.994483	0.998584	1.00141	1.00553	6.660071
98100	-1575.699	-1544.831	-30.8686	74211.83	12.10599	0.995338	0.998804	1.00119	1.00467	7.018504
98200	-1548.171	-1521.051	-27.12015	843656.7	14.28904	0.998616	0.999646	1.00035	1.00138	6.639581
98300	-1563.802	-1536.721	-27.08063	644963.8	10.23843	0.998418	0.999595	1.0004	1.00158	6.574207
98400	-1569.693	-1535.944	-33.74852	283936.7	12.04874	0.997616	0.99939	1.00061	1.00239	7.258384
98500	-1562.715	-1539.042	-23.6728	868414.1	11.60803	0.998636	0.999651	1.00035	1.00136	6.400694
98600	-1547.239	-1526.196	-21.04354	882569.1	14.13819	0.998647	0.999654	1.00035	1.00135	6.218948
98700	-1582.149	-1548.653	-33.49653	916334.9	10.06528	0.998672	0.999661	1.00034	1.00133	7.184131
98800	-1575.843	-1546.419	-29.42381	439205	11.67609	0.998083	0.999509	1.00049	1.00192	6.897323
98900	-1585.411	-1544.809	-40.60192	747406.4	9.08822	0.99853	0.999624	1.00038	1.00147	7.804774
99000	-1565.901	-1538.963	-26.93856	176253.9	12.06764	0.996974	0.999225	1.00077	1.00303	6.693427
99100	-1574.783	-1545.479	-29.30422	599930.2	12.86967	0.998359	0.99958	1.00042	1.00164	6.872633
99200	-1578.262	-1545.969	-32.29348	476811.4	10.85423	0.99816	0.999529	1.00047	1.00184	7.127526
99300	-1558.836	-1537.308	-21.52788	388412.2	12.82053	0.997961	0.999478	1.00052	1.00204	6.267825
99400	-1566.421	-1531.672	-34.74902	114868.9	10.9415	0.996252	0.99904	1.00096	1.00375	7.355717
99500	-1559.494	-1525.339	-34.15485	79722.45	9.363588	0.995502	0.998847	1.00115	1.00451	7.151806
99600	-1565.315	-1532.108	-33.20665	671149.2	10.88632	0.998449	0.999603	1.0004	1.00155	7.212859
99700	-1571.013	-1544.174	-26.83869	993907.3	14.26734	0.998725	0.999674	1.00033	1.00128	6.621201
99800	-1580.386	-1542.217	-38.16869	708328.8	10.73521	0.99849	0.999614	1.00039	1.00151	7.668748
99900	-1582.608	-1546.053	-36.55494	299508.7	12.11679	0.997678	0.999406	1.00059	1.00232	7.48762
100000	-1557.75	-1533.286	-24.46406	877551.8	10.89261	0.998643	0.999653	1.00035	1.00136	6.410468
